<?xml version="1.0" encoding="UTF-8" ?>
<testsuites disabled="0" errors="0" failures="1" tests="30" time="42.64">
 <testsuite name="login page element existences" timestamp="2018-09-05T10:48:10" hostname="localhost" time="4.8" errors="0" tests="6" skipped="0" disabled="0" failures="0">
  <testcase classname="login page element existences" name="should have a username input box" time="0.009" />
  <testcase classname="login page element existences" name="should have a password input box" time="0.001" />
  <testcase classname="login page element existences" name="should have a login button" time="0.001" />
  <testcase classname="login page element existences" name="should display proper placeholder: Username" time="0.034" />
  <testcase classname="login page element existences" name="should display proper placeholder: Password" time="0.032" />
  <testcase classname="login page element existences" name="should display proper value for button" time="0.044" />
 </testsuite>
 <testsuite name="Confirm login failures" timestamp="2018-09-05T10:48:15" hostname="localhost" time="1.769" errors="0" tests="2" skipped="0" disabled="0" failures="0">
  <testcase classname="Confirm login failures" name="should fail to log in when nothing is entered" time="0.109" />
  <testcase classname="Confirm login failures" name="should fail to login when incorrect credentials are entered" time="0.397" />
 </testsuite>
 <testsuite name="Login in  with proper credentials" timestamp="2018-09-05T10:48:17" hostname="localhost" time="7.387" errors="0" tests="4" skipped="0" disabled="0" failures="0">
  <testcase classname="Login in  with proper credentials" name="should be able to login in with admin credentials and reach the admin page" time="0.986" />
  <testcase classname="Login in  with proper credentials" name="should be able to login in with associate credentials and reach the associate page" time="2.538" />
  <testcase classname="Login in  with proper credentials" name="should be able to login in with Manager credentials and reach the Admin page" time="1.269" />
  <testcase classname="Login in  with proper credentials" name="should be able to login in with Sales Team credentials and reach the Admin page" time="1.344" />
 </testsuite>
 <testsuite name="The admin navbar is functional" timestamp="2018-09-05T10:48:24" hostname="localhost" time="9.949" errors="0" tests="8" skipped="0" disabled="0" failures="0">
  <testcase classname="The admin navbar is functional" name="should navigate to home page" time="0.527" />
  <testcase classname="The admin navbar is functional" name="should navigate to client list page" time="2.504" />
  <testcase classname="The admin navbar is functional" name="should navigate to batch list page" time="1.127" />
  <testcase classname="The admin navbar is functional" name="should navigate to associate lising" time="2.383" />
  <testcase classname="The admin navbar is functional" name="should navigate to predictions" time="1.354" />
  <testcase classname="The admin navbar is functional" name="should navigate to create user" time="0.157" />
  <testcase classname="The admin navbar is functional" name="should navigate to salesforce" time="0.073" />
  <testcase classname="The admin navbar is functional" name="should be able to logout" time="0.074" />
 </testsuite>
 <testsuite name="The Asscoiate navbar is functional" timestamp="2018-09-05T10:48:34" hostname="localhost" time="8.94" errors="0" tests="3" skipped="0" disabled="0" failures="1">
  <testcase classname="The Asscoiate navbar is functional" name="should navigate to home page" time="2.338" />
  <testcase classname="The Asscoiate navbar is functional" name="should navigate to My Interviews" time="4.687">
   <failure type="toEqual" message="Expected &apos;http://localhost:4200/#/associate-view&apos; to equal &apos;http://localhost:4200/#/myinterview-view&apos;."><![CDATA[Error: Failed expectation
    at UserContext.<anonymous> (/Users/jacobgolding/Desktop/project_3/trackforce/NGTrackForce/e2e/navbar/navbar.e2e-spec.ts:82:40)
    at /usr/local/lib/node_modules/protractor/node_modules/jasminewd2/index.js:112:25
    at new ManagedPromise (/usr/local/lib/node_modules/protractor/node_modules/selenium-webdriver/lib/promise.js:1077:7)
    at ControlFlow.promise (/usr/local/lib/node_modules/protractor/node_modules/selenium-webdriver/lib/promise.js:2505:12)
    at schedulerExecute (/usr/local/lib/node_modules/protractor/node_modules/jasminewd2/index.js:95:18)
    at TaskQueue.execute_ (/usr/local/lib/node_modules/protractor/node_modules/selenium-webdriver/lib/promise.js:3084:14)
    at TaskQueue.executeNext_ (/usr/local/lib/node_modules/protractor/node_modules/selenium-webdriver/lib/promise.js:3067:27)
    at asyncRun (/usr/local/lib/node_modules/protractor/node_modules/selenium-webdriver/lib/promise.js:2974:25)
    at /usr/local/lib/node_modules/protractor/node_modules/selenium-webdriver/lib/promise.js:668:7]]>
   </failure>
  </testcase>
  <testcase classname="The Asscoiate navbar is functional" name="should be able to logout" time="0.072" />
 </testsuite>
 <testsuite name="The Staging Manager navbar is functional" timestamp="2018-09-05T10:48:43" hostname="localhost" time="9.795" errors="0" tests="7" skipped="0" disabled="0" failures="0">
  <testcase classname="The Staging Manager navbar is functional" name="should navigate to home page" time="0.609" />
  <testcase classname="The Staging Manager navbar is functional" name="should navigate to client list page" time="2.14" />
  <testcase classname="The Staging Manager navbar is functional" name="should navigate to batch list page" time="1.218" />
  <testcase classname="The Staging Manager navbar is functional" name="should navigate to associate lising" time="2.275" />
  <testcase classname="The Staging Manager navbar is functional" name="should navigate to predictions" time="1.481" />
  <testcase classname="The Staging Manager navbar is functional" name="should navigate to create user" time="0.145" />
  <testcase classname="The Staging Manager navbar is functional" name="should be able to logout" time="0.078" />
 </testsuite>
</testsuites>