<?xml version="1.0" encoding="UTF-8" ?>
<testsuites disabled="0" errors="0" failures="0" tests="7" time="10.945">
 <testsuite name="the bactch-list tab" timestamp="2018-09-11T10:07:07" hostname="localhost" time="10.945" errors="0" tests="7" skipped="0" disabled="0" failures="0">
  <testcase classname="the bactch-list tab" name="should have a batch list table" time="6.956" />
  <testcase classname="the bactch-list tab" name="should have a start calander" time="0.869" />
  <testcase classname="the bactch-list tab" name="should have a end calander" time="0.035" />
  <testcase classname="the bactch-list tab" name="should have a submit button" time="0.029" />
  <testcase classname="the bactch-list tab" name="should have a reset button" time="0.03" />
  <testcase classname="the bactch-list tab" name="should have a pie cart" time="0.032" />
  <testcase classname="the bactch-list tab" name="should not have a pie cart after the reset button is clicked" time="0.222" />
 </testsuite>
</testsuites>