<?xml version="1.0" encoding="UTF-8" ?>
<testsuites disabled="3" errors="0" failures="33" tests="161" time="312.176">
 <testsuite name="A new user should able to register" timestamp="2019-02-05T11:55:20" hostname="localhost" time="16.58" errors="0" tests="9" skipped="0" disabled="0" failures="1">
  <testcase classname="A new user should able to register" name="should navigate to the login page" time="0.131" />
  <testcase classname="A new user should able to register" name="allow user to click the register button" time="0.191" />
  <testcase classname="A new user should able to register" name="allow associate to enter a username" time="0.079" />
  <testcase classname="A new user should able to register" name="allow associate to enter a valid password" time="0.078" />
  <testcase classname="A new user should able to register" name="allow associate to re-enter a valid password" time="0.073" />
  <testcase classname="A new user should able to register" name="should allow associate to enter first name" time="0.065" />
  <testcase classname="A new user should able to register" name="should allow associate to enter last name" time="0.062" />
  <testcase classname="A new user should able to register" name="show allow associate to pick a role" time="0.057" />
  <testcase classname="A new user should able to register" name="should allow the user to register as an associate" time="0.321">
   <failure type="toContain" message="Expected &apos;Error: New Associate is not created!&apos; to contain &apos;Associate account creation successful.&apos;."><![CDATA[Error: Failed expectation
    at UserContext.<anonymous> (C:\Users\scott\Desktop\git repo\trackforce\NGTrackForce\e2e\register-associate\register-associate.e2e-spec.ts:71:63)
    at C:\Users\scott\Desktop\git repo\trackforce\NGTrackForce\node_modules\jasminewd2\index.js:112:25
    at new ManagedPromise (C:\Users\scott\Desktop\git repo\trackforce\NGTrackForce\node_modules\selenium-webdriver\lib\promise.js:1077:7)
    at ControlFlow.promise (C:\Users\scott\Desktop\git repo\trackforce\NGTrackForce\node_modules\selenium-webdriver\lib\promise.js:2505:12)
    at schedulerExecute (C:\Users\scott\Desktop\git repo\trackforce\NGTrackForce\node_modules\jasminewd2\index.js:95:18)
    at TaskQueue.execute_ (C:\Users\scott\Desktop\git repo\trackforce\NGTrackForce\node_modules\selenium-webdriver\lib\promise.js:3084:14)
    at TaskQueue.executeNext_ (C:\Users\scott\Desktop\git repo\trackforce\NGTrackForce\node_modules\selenium-webdriver\lib\promise.js:3067:27)
    at asyncRun (C:\Users\scott\Desktop\git repo\trackforce\NGTrackForce\node_modules\selenium-webdriver\lib\promise.js:2974:25)
    at C:\Users\scott\Desktop\git repo\trackforce\NGTrackForce\node_modules\selenium-webdriver\lib\promise.js:668:7]]>
   </failure>
  </testcase>
 </testsuite>
 <testsuite name="A new user should not be able to register with a short username" timestamp="2019-02-05T11:55:37" hostname="localhost" time="0.925" errors="0" tests="2" skipped="0" disabled="0" failures="0">
  <testcase classname="A new user should not be able to register with a short username" name="allow associate to enter an invalid username" time="0.059" />
  <testcase classname="A new user should not be able to register with a short username" name="should not allow the user to register with an invalid username" time="0.084" />
 </testsuite>
 <testsuite name="A new user should not be able to register with a weak password" timestamp="2019-02-05T11:55:38" hostname="localhost" time="0.928" errors="0" tests="3" skipped="0" disabled="0" failures="0">
  <testcase classname="A new user should not be able to register with a weak password" name="allow associate to enter an invalid password" time="0.064" />
  <testcase classname="A new user should not be able to register with a weak password" name="allow associate to re-enter an invalid password" time="0.069" />
  <testcase classname="A new user should not be able to register with a weak password" name="should not allow the user to register with an invalid password" time="0.109" />
 </testsuite>
 <testsuite name="A new user should not be able to register with a mismatched paswords" timestamp="2019-02-05T11:55:39" hostname="localhost" time="0.898" errors="0" tests="2" skipped="0" disabled="0" failures="0">
  <testcase classname="A new user should not be able to register with a mismatched paswords" name="allow associate to enter an different password" time="0.072" />
  <testcase classname="A new user should not be able to register with a mismatched paswords" name="should not allow the user to register with an invalid username" time="0.066" />
 </testsuite>
 <testsuite name="A new user should not be able to register with a mismatched paswords" timestamp="2019-02-05T11:55:40" hostname="localhost" time="0.918" errors="0" tests="1" skipped="0" disabled="0" failures="0">
  <testcase classname="A new user should not be able to register with a mismatched paswords" name="should not allow the user to register without selecting a role " time="0.074" />
 </testsuite>
 <testsuite name="login page element existences" timestamp="2019-02-05T11:55:41" hostname="localhost" time="0.34" errors="0" tests="6" skipped="0" disabled="0" failures="0">
  <testcase classname="login page element existences" name="should have a username input box" time="0.001" />
  <testcase classname="login page element existences" name="should have a password input box" time="0" />
  <testcase classname="login page element existences" name="should have a login button" time="0.001" />
  <testcase classname="login page element existences" name="should display proper placeholder: Username" time="0.151" />
  <testcase classname="login page element existences" name="should display proper placeholder: Password" time="0.02" />
  <testcase classname="login page element existences" name="should display proper value for button" time="0.029" />
 </testsuite>
 <testsuite name="Confirm login failures" timestamp="2019-02-05T11:55:41" hostname="localhost" time="0.701" errors="0" tests="2" skipped="0" disabled="0" failures="0">
  <testcase classname="Confirm login failures" name="should fail to log in when nothing is entered" time="0.112" />
  <testcase classname="Confirm login failures" name="should fail to login when incorrect credentials are entered" time="0.347" />
 </testsuite>
 <testsuite name="Login in with proper credentials" timestamp="2019-02-05T11:55:42" hostname="localhost" time="6.717" errors="0" tests="5" skipped="0" disabled="0" failures="0">
  <testcase classname="Login in with proper credentials" name="should be able to login in with admin credentials and reach the admin page" time="1.676" />
  <testcase classname="Login in with proper credentials" name="should be able to login in with associate credentials and reach the associate page" time="0.879" />
  <testcase classname="Login in with proper credentials" name="should be able to login in with Manager credentials and reach the Admin page" time="1.546" />
  <testcase classname="Login in with proper credentials" name="should be able to login in with Trainer credentials and reach the Trainer page" time="0.82" />
  <testcase classname="Login in with proper credentials" name="should be able to login in with Sales Team credentials and reach the Admin page" time="1.579" />
 </testsuite>
 <testsuite name="The admin navbar is functional" timestamp="2019-02-05T11:55:48" hostname="localhost" time="9.068" errors="0" tests="7" skipped="0" disabled="0" failures="0">
  <testcase classname="The admin navbar is functional" name="should navigate to home page" time="1.243" />
  <testcase classname="The admin navbar is functional" name="should navigate to client list page" time="1.41" />
  <testcase classname="The admin navbar is functional" name="should navigate to batch list page" time="1.511" />
  <testcase classname="The admin navbar is functional" name="should navigate to associate lising" time="0.701" />
  <testcase classname="The admin navbar is functional" name="should navigate to predictions" time="3.342" />
  <testcase classname="The admin navbar is functional" name="should navigate to create user" time="0.225" />
  <testcase classname="The admin navbar is functional" name="should be able to logout" time="0.234" />
 </testsuite>
 <testsuite name="The Asscoiate navbar is functional" timestamp="2019-02-05T11:55:58" hostname="localhost" time="0.003" errors="0" tests="3" skipped="0" disabled="3" failures="0">
  <testcase classname="The Asscoiate navbar is functional" name="should navigate to home page" time="0.001">
   <skipped />
  </testcase>
  <testcase classname="The Asscoiate navbar is functional" name="should navigate to My Interviews" time="0">
   <skipped />
  </testcase>
  <testcase classname="The Asscoiate navbar is functional" name="should be able to logout" time="0">
   <skipped />
  </testcase>
 </testsuite>
 <testsuite name="The Staging Manager navbar is functional" timestamp="2019-02-05T11:55:58" hostname="localhost" time="9.079" errors="0" tests="7" skipped="0" disabled="0" failures="0">
  <testcase classname="The Staging Manager navbar is functional" name="should navigate to home page" time="1.374" />
  <testcase classname="The Staging Manager navbar is functional" name="should navigate to client list page" time="1.283" />
  <testcase classname="The Staging Manager navbar is functional" name="should navigate to batch list page" time="1.706" />
  <testcase classname="The Staging Manager navbar is functional" name="should navigate to associate lising" time="0.46" />
  <testcase classname="The Staging Manager navbar is functional" name="should navigate to predictions" time="3.506" />
  <testcase classname="The Staging Manager navbar is functional" name="should navigate to create user" time="0.123" />
  <testcase classname="The Staging Manager navbar is functional" name="should be able to logout" time="0.212" />
 </testsuite>
 <testsuite name="The Trainer navbar is functional" timestamp="2019-02-05T11:56:07" hostname="localhost" time="2.964" errors="0" tests="4" skipped="0" disabled="0" failures="0">
  <testcase classname="The Trainer navbar is functional" name="should navigate to home page" time="0.414" />
  <testcase classname="The Trainer navbar is functional" name="should navigate to batch list page" time="1.456" />
  <testcase classname="The Trainer navbar is functional" name="should navigate to associate lising" time="0.404" />
  <testcase classname="The Trainer navbar is functional" name="should be able to logout" time="0.281" />
 </testsuite>
 <testsuite name="The Delivery/Sales navbar is functional" timestamp="2019-02-05T11:56:10" hostname="localhost" time="9.162" errors="0" tests="7" skipped="0" disabled="0" failures="0">
  <testcase classname="The Delivery/Sales navbar is functional" name="should navigate to home page" time="1.369" />
  <testcase classname="The Delivery/Sales navbar is functional" name="should navigate to client list page" time="1.283" />
  <testcase classname="The Delivery/Sales navbar is functional" name="should navigate to batch list page" time="1.501" />
  <testcase classname="The Delivery/Sales navbar is functional" name="should navigate to associate lising" time="0.55" />
  <testcase classname="The Delivery/Sales navbar is functional" name="should navigate to predictions" time="3.741" />
  <testcase classname="The Delivery/Sales navbar is functional" name="should navigate to create user" time="0.117" />
  <testcase classname="The Delivery/Sales navbar is functional" name="should be able to logout" time="0.223" />
 </testsuite>
 <testsuite name="The create-user page " timestamp="2019-02-05T11:56:19" hostname="localhost" time="10.701" errors="0" tests="8" skipped="0" disabled="0" failures="0">
  <testcase classname="The create-user page " name="should accept username input" time="0.067" />
  <testcase classname="The create-user page " name="should accept password input" time="0.197" />
  <testcase classname="The create-user page " name="should accept password confirmation input" time="0.088" />
  <testcase classname="The create-user page " name="should select admin radio button" time="0.064" />
  <testcase classname="The create-user page " name="should select trainer radio button" time="2.086" />
  <testcase classname="The create-user page " name="should select associate radio button" time="2.067" />
  <testcase classname="The create-user page " name="should select staging manager radio button" time="2.11" />
  <testcase classname="The create-user page " name="should select delivery radio button" time="2.094" />
 </testsuite>
 <testsuite name="An Admin" timestamp="2019-02-05T11:56:29" hostname="localhost" time="24.811" errors="0" tests="5" skipped="0" disabled="0" failures="3">
  <testcase classname="An Admin" name="should be able to create an admin" time="2.105" />
  <testcase classname="An Admin" name="should be able to create a trainer" time="6.591">
   <failure type="exception" message="Failed: No element found using locator: By(css selector, body &gt; app-component &gt; div &gt; app-create-user &gt; form &gt; fieldset:nth-child(2) &gt; div)"><![CDATA[NoSuchElementError: No element found using locator: By(css selector, body > app-component > div > app-create-user > form > fieldset:nth-child(2) > div)
    at elementArrayFinder.getWebElements.then (C:\Users\scott\Desktop\git repo\trackforce\NGTrackForce\node_modules\protractor\built\element.js:814:27)
    at ManagedPromise.invokeCallback_ (C:\Users\scott\Desktop\git repo\trackforce\NGTrackForce\node_modules\selenium-webdriver\lib\promise.js:1376:14)
    at TaskQueue.execute_ (C:\Users\scott\Desktop\git repo\trackforce\NGTrackForce\node_modules\selenium-webdriver\lib\promise.js:3084:14)
    at TaskQueue.executeNext_ (C:\Users\scott\Desktop\git repo\trackforce\NGTrackForce\node_modules\selenium-webdriver\lib\promise.js:3067:27)
    at asyncRun (C:\Users\scott\Desktop\git repo\trackforce\NGTrackForce\node_modules\selenium-webdriver\lib\promise.js:2927:27)
    at C:\Users\scott\Desktop\git repo\trackforce\NGTrackForce\node_modules\selenium-webdriver\lib\promise.js:668:7
    at process._tickCallback (internal/process/next_tick.js:68:7)Error
    at ElementArrayFinder.applyAction_ (C:\Users\scott\Desktop\git repo\trackforce\NGTrackForce\node_modules\protractor\built\element.js:459:27)
    at ElementArrayFinder.(anonymous function).args [as getText] (C:\Users\scott\Desktop\git repo\trackforce\NGTrackForce\node_modules\protractor\built\element.js:91:29)
    at ElementFinder.(anonymous function).args [as getText] (C:\Users\scott\Desktop\git repo\trackforce\NGTrackForce\node_modules\protractor\built\element.js:831:22)
    at UserContext.<anonymous> (C:\Users\scott\Desktop\git repo\trackforce\NGTrackForce\e2e\create-user\create-user.e2e-spec.ts:111:38)
    at C:\Users\scott\Desktop\git repo\trackforce\NGTrackForce\node_modules\jasminewd2\index.js:112:25
    at new ManagedPromise (C:\Users\scott\Desktop\git repo\trackforce\NGTrackForce\node_modules\selenium-webdriver\lib\promise.js:1077:7)
    at ControlFlow.promise (C:\Users\scott\Desktop\git repo\trackforce\NGTrackForce\node_modules\selenium-webdriver\lib\promise.js:2505:12)
    at schedulerExecute (C:\Users\scott\Desktop\git repo\trackforce\NGTrackForce\node_modules\jasminewd2\index.js:95:18)
    at TaskQueue.execute_ (C:\Users\scott\Desktop\git repo\trackforce\NGTrackForce\node_modules\selenium-webdriver\lib\promise.js:3084:14)
    at TaskQueue.executeNext_ (C:\Users\scott\Desktop\git repo\trackforce\NGTrackForce\node_modules\selenium-webdriver\lib\promise.js:3067:27)
From: Task: Run it("should be able to create a trainer") in control flow
    at UserContext.<anonymous> (C:\Users\scott\Desktop\git repo\trackforce\NGTrackForce\node_modules\jasminewd2\index.js:94:19)
    at attempt (C:\Users\scott\Desktop\git repo\trackforce\NGTrackForce\node_modules\jasmine\node_modules\jasmine-core\lib\jasmine-core\jasmine.js:4297:26)
    at QueueRunner.run (C:\Users\scott\Desktop\git repo\trackforce\NGTrackForce\node_modules\jasmine\node_modules\jasmine-core\lib\jasmine-core\jasmine.js:4217:20)
    at runNext (C:\Users\scott\Desktop\git repo\trackforce\NGTrackForce\node_modules\jasmine\node_modules\jasmine-core\lib\jasmine-core\jasmine.js:4257:20)
    at C:\Users\scott\Desktop\git repo\trackforce\NGTrackForce\node_modules\jasmine\node_modules\jasmine-core\lib\jasmine-core\jasmine.js:4264:13
    at C:\Users\scott\Desktop\git repo\trackforce\NGTrackForce\node_modules\jasmine\node_modules\jasmine-core\lib\jasmine-core\jasmine.js:4172:9
    at C:\Users\scott\Desktop\git repo\trackforce\NGTrackForce\node_modules\jasminewd2\index.js:64:48
    at ControlFlow.emit (C:\Users\scott\Desktop\git repo\trackforce\NGTrackForce\node_modules\selenium-webdriver\lib\events.js:62:21)
    at ControlFlow.shutdown_ (C:\Users\scott\Desktop\git repo\trackforce\NGTrackForce\node_modules\selenium-webdriver\lib\promise.js:2674:10)
    at shutdownTask_.MicroTask (C:\Users\scott\Desktop\git repo\trackforce\NGTrackForce\node_modules\selenium-webdriver\lib\promise.js:2599:53)
From asynchronous test: 
Error
    at Suite.<anonymous> (C:\Users\scott\Desktop\git repo\trackforce\NGTrackForce\e2e\create-user\create-user.e2e-spec.ts:108:5)
    at addSpecsToSuite (C:\Users\scott\Desktop\git repo\trackforce\NGTrackForce\node_modules\jasmine\node_modules\jasmine-core\lib\jasmine-core\jasmine.js:1107:25)
    at Env.describe (C:\Users\scott\Desktop\git repo\trackforce\NGTrackForce\node_modules\jasmine\node_modules\jasmine-core\lib\jasmine-core\jasmine.js:1074:7)
    at describe (C:\Users\scott\Desktop\git repo\trackforce\NGTrackForce\node_modules\jasmine\node_modules\jasmine-core\lib\jasmine-core\jasmine.js:4399:18)
    at Object.<anonymous> (C:\Users\scott\Desktop\git repo\trackforce\NGTrackForce\e2e\create-user\create-user.e2e-spec.ts:79:1)
    at Module._compile (internal/modules/cjs/loader.js:689:30)
    at Module.m._compile (C:\Users\scott\Desktop\git repo\trackforce\NGTrackForce\node_modules\ts-node\src\index.ts:413:23)
    at Module._extensions..js (internal/modules/cjs/loader.js:700:10)
    at Object.require.extensions.(anonymous function) [as .ts] (C:\Users\scott\Desktop\git repo\trackforce\NGTrackForce\node_modules\ts-node\src\index.ts:416:12)]]>
   </failure>
  </testcase>
  <testcase classname="An Admin" name="should be able to create a associate" time="1.979" />
  <testcase classname="An Admin" name="should be able to create a staging manager" time="6.576">
   <failure type="exception" message="Failed: No element found using locator: By(css selector, body &gt; app-component &gt; div &gt; app-create-user &gt; form &gt; fieldset:nth-child(2) &gt; div)"><![CDATA[NoSuchElementError: No element found using locator: By(css selector, body > app-component > div > app-create-user > form > fieldset:nth-child(2) > div)
    at elementArrayFinder.getWebElements.then (C:\Users\scott\Desktop\git repo\trackforce\NGTrackForce\node_modules\protractor\built\element.js:814:27)
    at ManagedPromise.invokeCallback_ (C:\Users\scott\Desktop\git repo\trackforce\NGTrackForce\node_modules\selenium-webdriver\lib\promise.js:1376:14)
    at TaskQueue.execute_ (C:\Users\scott\Desktop\git repo\trackforce\NGTrackForce\node_modules\selenium-webdriver\lib\promise.js:3084:14)
    at TaskQueue.executeNext_ (C:\Users\scott\Desktop\git repo\trackforce\NGTrackForce\node_modules\selenium-webdriver\lib\promise.js:3067:27)
    at asyncRun (C:\Users\scott\Desktop\git repo\trackforce\NGTrackForce\node_modules\selenium-webdriver\lib\promise.js:2927:27)
    at C:\Users\scott\Desktop\git repo\trackforce\NGTrackForce\node_modules\selenium-webdriver\lib\promise.js:668:7
    at process._tickCallback (internal/process/next_tick.js:68:7)Error
    at ElementArrayFinder.applyAction_ (C:\Users\scott\Desktop\git repo\trackforce\NGTrackForce\node_modules\protractor\built\element.js:459:27)
    at ElementArrayFinder.(anonymous function).args [as getText] (C:\Users\scott\Desktop\git repo\trackforce\NGTrackForce\node_modules\protractor\built\element.js:91:29)
    at ElementFinder.(anonymous function).args [as getText] (C:\Users\scott\Desktop\git repo\trackforce\NGTrackForce\node_modules\protractor\built\element.js:831:22)
    at UserContext.<anonymous> (C:\Users\scott\Desktop\git repo\trackforce\NGTrackForce\e2e\create-user\create-user.e2e-spec.ts:125:38)
    at C:\Users\scott\Desktop\git repo\trackforce\NGTrackForce\node_modules\jasminewd2\index.js:112:25
    at new ManagedPromise (C:\Users\scott\Desktop\git repo\trackforce\NGTrackForce\node_modules\selenium-webdriver\lib\promise.js:1077:7)
    at ControlFlow.promise (C:\Users\scott\Desktop\git repo\trackforce\NGTrackForce\node_modules\selenium-webdriver\lib\promise.js:2505:12)
    at schedulerExecute (C:\Users\scott\Desktop\git repo\trackforce\NGTrackForce\node_modules\jasminewd2\index.js:95:18)
    at TaskQueue.execute_ (C:\Users\scott\Desktop\git repo\trackforce\NGTrackForce\node_modules\selenium-webdriver\lib\promise.js:3084:14)
    at TaskQueue.executeNext_ (C:\Users\scott\Desktop\git repo\trackforce\NGTrackForce\node_modules\selenium-webdriver\lib\promise.js:3067:27)
From: Task: Run it("should be able to create a staging manager") in control flow
    at UserContext.<anonymous> (C:\Users\scott\Desktop\git repo\trackforce\NGTrackForce\node_modules\jasminewd2\index.js:94:19)
    at attempt (C:\Users\scott\Desktop\git repo\trackforce\NGTrackForce\node_modules\jasmine\node_modules\jasmine-core\lib\jasmine-core\jasmine.js:4297:26)
    at QueueRunner.run (C:\Users\scott\Desktop\git repo\trackforce\NGTrackForce\node_modules\jasmine\node_modules\jasmine-core\lib\jasmine-core\jasmine.js:4217:20)
    at runNext (C:\Users\scott\Desktop\git repo\trackforce\NGTrackForce\node_modules\jasmine\node_modules\jasmine-core\lib\jasmine-core\jasmine.js:4257:20)
    at C:\Users\scott\Desktop\git repo\trackforce\NGTrackForce\node_modules\jasmine\node_modules\jasmine-core\lib\jasmine-core\jasmine.js:4264:13
    at C:\Users\scott\Desktop\git repo\trackforce\NGTrackForce\node_modules\jasmine\node_modules\jasmine-core\lib\jasmine-core\jasmine.js:4172:9
    at C:\Users\scott\Desktop\git repo\trackforce\NGTrackForce\node_modules\jasminewd2\index.js:64:48
    at ControlFlow.emit (C:\Users\scott\Desktop\git repo\trackforce\NGTrackForce\node_modules\selenium-webdriver\lib\events.js:62:21)
    at ControlFlow.shutdown_ (C:\Users\scott\Desktop\git repo\trackforce\NGTrackForce\node_modules\selenium-webdriver\lib\promise.js:2674:10)
    at shutdownTask_.MicroTask (C:\Users\scott\Desktop\git repo\trackforce\NGTrackForce\node_modules\selenium-webdriver\lib\promise.js:2599:53)
From asynchronous test: 
Error
    at Suite.<anonymous> (C:\Users\scott\Desktop\git repo\trackforce\NGTrackForce\e2e\create-user\create-user.e2e-spec.ts:122:5)
    at addSpecsToSuite (C:\Users\scott\Desktop\git repo\trackforce\NGTrackForce\node_modules\jasmine\node_modules\jasmine-core\lib\jasmine-core\jasmine.js:1107:25)
    at Env.describe (C:\Users\scott\Desktop\git repo\trackforce\NGTrackForce\node_modules\jasmine\node_modules\jasmine-core\lib\jasmine-core\jasmine.js:1074:7)
    at describe (C:\Users\scott\Desktop\git repo\trackforce\NGTrackForce\node_modules\jasmine\node_modules\jasmine-core\lib\jasmine-core\jasmine.js:4399:18)
    at Object.<anonymous> (C:\Users\scott\Desktop\git repo\trackforce\NGTrackForce\e2e\create-user\create-user.e2e-spec.ts:79:1)
    at Module._compile (internal/modules/cjs/loader.js:689:30)
    at Module.m._compile (C:\Users\scott\Desktop\git repo\trackforce\NGTrackForce\node_modules\ts-node\src\index.ts:413:23)
    at Module._extensions..js (internal/modules/cjs/loader.js:700:10)
    at Object.require.extensions.(anonymous function) [as .ts] (C:\Users\scott\Desktop\git repo\trackforce\NGTrackForce\node_modules\ts-node\src\index.ts:416:12)]]>
   </failure>
  </testcase>
  <testcase classname="An Admin" name="should be able to create a delivery " time="6.789">
   <failure type="exception" message="Failed: No element found using locator: By(css selector, body &gt; app-component &gt; div &gt; app-create-user &gt; form &gt; fieldset:nth-child(2) &gt; div)"><![CDATA[NoSuchElementError: No element found using locator: By(css selector, body > app-component > div > app-create-user > form > fieldset:nth-child(2) > div)
    at elementArrayFinder.getWebElements.then (C:\Users\scott\Desktop\git repo\trackforce\NGTrackForce\node_modules\protractor\built\element.js:814:27)
    at ManagedPromise.invokeCallback_ (C:\Users\scott\Desktop\git repo\trackforce\NGTrackForce\node_modules\selenium-webdriver\lib\promise.js:1376:14)
    at TaskQueue.execute_ (C:\Users\scott\Desktop\git repo\trackforce\NGTrackForce\node_modules\selenium-webdriver\lib\promise.js:3084:14)
    at TaskQueue.executeNext_ (C:\Users\scott\Desktop\git repo\trackforce\NGTrackForce\node_modules\selenium-webdriver\lib\promise.js:3067:27)
    at asyncRun (C:\Users\scott\Desktop\git repo\trackforce\NGTrackForce\node_modules\selenium-webdriver\lib\promise.js:2927:27)
    at C:\Users\scott\Desktop\git repo\trackforce\NGTrackForce\node_modules\selenium-webdriver\lib\promise.js:668:7
    at process._tickCallback (internal/process/next_tick.js:68:7)Error
    at ElementArrayFinder.applyAction_ (C:\Users\scott\Desktop\git repo\trackforce\NGTrackForce\node_modules\protractor\built\element.js:459:27)
    at ElementArrayFinder.(anonymous function).args [as getText] (C:\Users\scott\Desktop\git repo\trackforce\NGTrackForce\node_modules\protractor\built\element.js:91:29)
    at ElementFinder.(anonymous function).args [as getText] (C:\Users\scott\Desktop\git repo\trackforce\NGTrackForce\node_modules\protractor\built\element.js:831:22)
    at UserContext.<anonymous> (C:\Users\scott\Desktop\git repo\trackforce\NGTrackForce\e2e\create-user\create-user.e2e-spec.ts:132:38)
    at C:\Users\scott\Desktop\git repo\trackforce\NGTrackForce\node_modules\jasminewd2\index.js:112:25
    at new ManagedPromise (C:\Users\scott\Desktop\git repo\trackforce\NGTrackForce\node_modules\selenium-webdriver\lib\promise.js:1077:7)
    at ControlFlow.promise (C:\Users\scott\Desktop\git repo\trackforce\NGTrackForce\node_modules\selenium-webdriver\lib\promise.js:2505:12)
    at schedulerExecute (C:\Users\scott\Desktop\git repo\trackforce\NGTrackForce\node_modules\jasminewd2\index.js:95:18)
    at TaskQueue.execute_ (C:\Users\scott\Desktop\git repo\trackforce\NGTrackForce\node_modules\selenium-webdriver\lib\promise.js:3084:14)
    at TaskQueue.executeNext_ (C:\Users\scott\Desktop\git repo\trackforce\NGTrackForce\node_modules\selenium-webdriver\lib\promise.js:3067:27)
From: Task: Run it("should be able to create a delivery ") in control flow
    at UserContext.<anonymous> (C:\Users\scott\Desktop\git repo\trackforce\NGTrackForce\node_modules\jasminewd2\index.js:94:19)
    at attempt (C:\Users\scott\Desktop\git repo\trackforce\NGTrackForce\node_modules\jasmine\node_modules\jasmine-core\lib\jasmine-core\jasmine.js:4297:26)
    at QueueRunner.run (C:\Users\scott\Desktop\git repo\trackforce\NGTrackForce\node_modules\jasmine\node_modules\jasmine-core\lib\jasmine-core\jasmine.js:4217:20)
    at runNext (C:\Users\scott\Desktop\git repo\trackforce\NGTrackForce\node_modules\jasmine\node_modules\jasmine-core\lib\jasmine-core\jasmine.js:4257:20)
    at C:\Users\scott\Desktop\git repo\trackforce\NGTrackForce\node_modules\jasmine\node_modules\jasmine-core\lib\jasmine-core\jasmine.js:4264:13
    at C:\Users\scott\Desktop\git repo\trackforce\NGTrackForce\node_modules\jasmine\node_modules\jasmine-core\lib\jasmine-core\jasmine.js:4172:9
    at C:\Users\scott\Desktop\git repo\trackforce\NGTrackForce\node_modules\jasminewd2\index.js:64:48
    at ControlFlow.emit (C:\Users\scott\Desktop\git repo\trackforce\NGTrackForce\node_modules\selenium-webdriver\lib\events.js:62:21)
    at ControlFlow.shutdown_ (C:\Users\scott\Desktop\git repo\trackforce\NGTrackForce\node_modules\selenium-webdriver\lib\promise.js:2674:10)
    at shutdownTask_.MicroTask (C:\Users\scott\Desktop\git repo\trackforce\NGTrackForce\node_modules\selenium-webdriver\lib\promise.js:2599:53)
From asynchronous test: 
Error
    at Suite.<anonymous> (C:\Users\scott\Desktop\git repo\trackforce\NGTrackForce\e2e\create-user\create-user.e2e-spec.ts:129:5)
    at addSpecsToSuite (C:\Users\scott\Desktop\git repo\trackforce\NGTrackForce\node_modules\jasmine\node_modules\jasmine-core\lib\jasmine-core\jasmine.js:1107:25)
    at Env.describe (C:\Users\scott\Desktop\git repo\trackforce\NGTrackForce\node_modules\jasmine\node_modules\jasmine-core\lib\jasmine-core\jasmine.js:1074:7)
    at describe (C:\Users\scott\Desktop\git repo\trackforce\NGTrackForce\node_modules\jasmine\node_modules\jasmine-core\lib\jasmine-core\jasmine.js:4399:18)
    at Object.<anonymous> (C:\Users\scott\Desktop\git repo\trackforce\NGTrackForce\e2e\create-user\create-user.e2e-spec.ts:79:1)
    at Module._compile (internal/modules/cjs/loader.js:689:30)
    at Module.m._compile (C:\Users\scott\Desktop\git repo\trackforce\NGTrackForce\node_modules\ts-node\src\index.ts:413:23)
    at Module._extensions..js (internal/modules/cjs/loader.js:700:10)
    at Object.require.extensions.(anonymous function) [as .ts] (C:\Users\scott\Desktop\git repo\trackforce\NGTrackForce\node_modules\ts-node\src\index.ts:416:12)]]>
   </failure>
  </testcase>
 </testsuite>
 <testsuite name="A Staging Manager" timestamp="2019-02-05T11:56:54" hostname="localhost" time="22.911" errors="0" tests="4" skipped="0" disabled="0" failures="3">
  <testcase classname="A Staging Manager" name="should be able to create a trainer" time="2.1" />
  <testcase classname="A Staging Manager" name="should be able to create a associate" time="6.552">
   <failure type="exception" message="Failed: No element found using locator: By(css selector, body &gt; app-component &gt; div &gt; app-create-user &gt; form &gt; fieldset:nth-child(2) &gt; div)"><![CDATA[NoSuchElementError: No element found using locator: By(css selector, body > app-component > div > app-create-user > form > fieldset:nth-child(2) > div)
    at elementArrayFinder.getWebElements.then (C:\Users\scott\Desktop\git repo\trackforce\NGTrackForce\node_modules\protractor\built\element.js:814:27)
    at ManagedPromise.invokeCallback_ (C:\Users\scott\Desktop\git repo\trackforce\NGTrackForce\node_modules\selenium-webdriver\lib\promise.js:1376:14)
    at TaskQueue.execute_ (C:\Users\scott\Desktop\git repo\trackforce\NGTrackForce\node_modules\selenium-webdriver\lib\promise.js:3084:14)
    at TaskQueue.executeNext_ (C:\Users\scott\Desktop\git repo\trackforce\NGTrackForce\node_modules\selenium-webdriver\lib\promise.js:3067:27)
    at asyncRun (C:\Users\scott\Desktop\git repo\trackforce\NGTrackForce\node_modules\selenium-webdriver\lib\promise.js:2927:27)
    at C:\Users\scott\Desktop\git repo\trackforce\NGTrackForce\node_modules\selenium-webdriver\lib\promise.js:668:7
    at process._tickCallback (internal/process/next_tick.js:68:7)Error
    at ElementArrayFinder.applyAction_ (C:\Users\scott\Desktop\git repo\trackforce\NGTrackForce\node_modules\protractor\built\element.js:459:27)
    at ElementArrayFinder.(anonymous function).args [as getText] (C:\Users\scott\Desktop\git repo\trackforce\NGTrackForce\node_modules\protractor\built\element.js:91:29)
    at ElementFinder.(anonymous function).args [as getText] (C:\Users\scott\Desktop\git repo\trackforce\NGTrackForce\node_modules\protractor\built\element.js:831:22)
    at UserContext.<anonymous> (C:\Users\scott\Desktop\git repo\trackforce\NGTrackForce\e2e\create-user\create-user.e2e-spec.ts:172:38)
    at C:\Users\scott\Desktop\git repo\trackforce\NGTrackForce\node_modules\jasminewd2\index.js:112:25
    at new ManagedPromise (C:\Users\scott\Desktop\git repo\trackforce\NGTrackForce\node_modules\selenium-webdriver\lib\promise.js:1077:7)
    at ControlFlow.promise (C:\Users\scott\Desktop\git repo\trackforce\NGTrackForce\node_modules\selenium-webdriver\lib\promise.js:2505:12)
    at schedulerExecute (C:\Users\scott\Desktop\git repo\trackforce\NGTrackForce\node_modules\jasminewd2\index.js:95:18)
    at TaskQueue.execute_ (C:\Users\scott\Desktop\git repo\trackforce\NGTrackForce\node_modules\selenium-webdriver\lib\promise.js:3084:14)
    at TaskQueue.executeNext_ (C:\Users\scott\Desktop\git repo\trackforce\NGTrackForce\node_modules\selenium-webdriver\lib\promise.js:3067:27)
From: Task: Run it("should be able to create a associate") in control flow
    at UserContext.<anonymous> (C:\Users\scott\Desktop\git repo\trackforce\NGTrackForce\node_modules\jasminewd2\index.js:94:19)
    at attempt (C:\Users\scott\Desktop\git repo\trackforce\NGTrackForce\node_modules\jasmine\node_modules\jasmine-core\lib\jasmine-core\jasmine.js:4297:26)
    at QueueRunner.run (C:\Users\scott\Desktop\git repo\trackforce\NGTrackForce\node_modules\jasmine\node_modules\jasmine-core\lib\jasmine-core\jasmine.js:4217:20)
    at runNext (C:\Users\scott\Desktop\git repo\trackforce\NGTrackForce\node_modules\jasmine\node_modules\jasmine-core\lib\jasmine-core\jasmine.js:4257:20)
    at C:\Users\scott\Desktop\git repo\trackforce\NGTrackForce\node_modules\jasmine\node_modules\jasmine-core\lib\jasmine-core\jasmine.js:4264:13
    at C:\Users\scott\Desktop\git repo\trackforce\NGTrackForce\node_modules\jasmine\node_modules\jasmine-core\lib\jasmine-core\jasmine.js:4172:9
    at C:\Users\scott\Desktop\git repo\trackforce\NGTrackForce\node_modules\jasminewd2\index.js:64:48
    at ControlFlow.emit (C:\Users\scott\Desktop\git repo\trackforce\NGTrackForce\node_modules\selenium-webdriver\lib\events.js:62:21)
    at ControlFlow.shutdown_ (C:\Users\scott\Desktop\git repo\trackforce\NGTrackForce\node_modules\selenium-webdriver\lib\promise.js:2674:10)
    at shutdownTask_.MicroTask (C:\Users\scott\Desktop\git repo\trackforce\NGTrackForce\node_modules\selenium-webdriver\lib\promise.js:2599:53)
From asynchronous test: 
Error
    at Suite.<anonymous> (C:\Users\scott\Desktop\git repo\trackforce\NGTrackForce\e2e\create-user\create-user.e2e-spec.ts:169:5)
    at addSpecsToSuite (C:\Users\scott\Desktop\git repo\trackforce\NGTrackForce\node_modules\jasmine\node_modules\jasmine-core\lib\jasmine-core\jasmine.js:1107:25)
    at Env.describe (C:\Users\scott\Desktop\git repo\trackforce\NGTrackForce\node_modules\jasmine\node_modules\jasmine-core\lib\jasmine-core\jasmine.js:1074:7)
    at describe (C:\Users\scott\Desktop\git repo\trackforce\NGTrackForce\node_modules\jasmine\node_modules\jasmine-core\lib\jasmine-core\jasmine.js:4399:18)
    at Object.<anonymous> (C:\Users\scott\Desktop\git repo\trackforce\NGTrackForce\e2e\create-user\create-user.e2e-spec.ts:140:1)
    at Module._compile (internal/modules/cjs/loader.js:689:30)
    at Module.m._compile (C:\Users\scott\Desktop\git repo\trackforce\NGTrackForce\node_modules\ts-node\src\index.ts:413:23)
    at Module._extensions..js (internal/modules/cjs/loader.js:700:10)
    at Object.require.extensions.(anonymous function) [as .ts] (C:\Users\scott\Desktop\git repo\trackforce\NGTrackForce\node_modules\ts-node\src\index.ts:416:12)]]>
   </failure>
  </testcase>
  <testcase classname="A Staging Manager" name="should be able to create a staging manager" time="6.717">
   <failure type="exception" message="Failed: No element found using locator: By(css selector, body &gt; app-component &gt; div &gt; app-create-user &gt; form &gt; fieldset:nth-child(2) &gt; div)"><![CDATA[NoSuchElementError: No element found using locator: By(css selector, body > app-component > div > app-create-user > form > fieldset:nth-child(2) > div)
    at elementArrayFinder.getWebElements.then (C:\Users\scott\Desktop\git repo\trackforce\NGTrackForce\node_modules\protractor\built\element.js:814:27)
    at ManagedPromise.invokeCallback_ (C:\Users\scott\Desktop\git repo\trackforce\NGTrackForce\node_modules\selenium-webdriver\lib\promise.js:1376:14)
    at TaskQueue.execute_ (C:\Users\scott\Desktop\git repo\trackforce\NGTrackForce\node_modules\selenium-webdriver\lib\promise.js:3084:14)
    at TaskQueue.executeNext_ (C:\Users\scott\Desktop\git repo\trackforce\NGTrackForce\node_modules\selenium-webdriver\lib\promise.js:3067:27)
    at asyncRun (C:\Users\scott\Desktop\git repo\trackforce\NGTrackForce\node_modules\selenium-webdriver\lib\promise.js:2927:27)
    at C:\Users\scott\Desktop\git repo\trackforce\NGTrackForce\node_modules\selenium-webdriver\lib\promise.js:668:7
    at process._tickCallback (internal/process/next_tick.js:68:7)Error
    at ElementArrayFinder.applyAction_ (C:\Users\scott\Desktop\git repo\trackforce\NGTrackForce\node_modules\protractor\built\element.js:459:27)
    at ElementArrayFinder.(anonymous function).args [as getText] (C:\Users\scott\Desktop\git repo\trackforce\NGTrackForce\node_modules\protractor\built\element.js:91:29)
    at ElementFinder.(anonymous function).args [as getText] (C:\Users\scott\Desktop\git repo\trackforce\NGTrackForce\node_modules\protractor\built\element.js:831:22)
    at UserContext.<anonymous> (C:\Users\scott\Desktop\git repo\trackforce\NGTrackForce\e2e\create-user\create-user.e2e-spec.ts:179:38)
    at C:\Users\scott\Desktop\git repo\trackforce\NGTrackForce\node_modules\jasminewd2\index.js:112:25
    at new ManagedPromise (C:\Users\scott\Desktop\git repo\trackforce\NGTrackForce\node_modules\selenium-webdriver\lib\promise.js:1077:7)
    at ControlFlow.promise (C:\Users\scott\Desktop\git repo\trackforce\NGTrackForce\node_modules\selenium-webdriver\lib\promise.js:2505:12)
    at schedulerExecute (C:\Users\scott\Desktop\git repo\trackforce\NGTrackForce\node_modules\jasminewd2\index.js:95:18)
    at TaskQueue.execute_ (C:\Users\scott\Desktop\git repo\trackforce\NGTrackForce\node_modules\selenium-webdriver\lib\promise.js:3084:14)
    at TaskQueue.executeNext_ (C:\Users\scott\Desktop\git repo\trackforce\NGTrackForce\node_modules\selenium-webdriver\lib\promise.js:3067:27)
From: Task: Run it("should be able to create a staging manager") in control flow
    at UserContext.<anonymous> (C:\Users\scott\Desktop\git repo\trackforce\NGTrackForce\node_modules\jasminewd2\index.js:94:19)
    at attempt (C:\Users\scott\Desktop\git repo\trackforce\NGTrackForce\node_modules\jasmine\node_modules\jasmine-core\lib\jasmine-core\jasmine.js:4297:26)
    at QueueRunner.run (C:\Users\scott\Desktop\git repo\trackforce\NGTrackForce\node_modules\jasmine\node_modules\jasmine-core\lib\jasmine-core\jasmine.js:4217:20)
    at runNext (C:\Users\scott\Desktop\git repo\trackforce\NGTrackForce\node_modules\jasmine\node_modules\jasmine-core\lib\jasmine-core\jasmine.js:4257:20)
    at C:\Users\scott\Desktop\git repo\trackforce\NGTrackForce\node_modules\jasmine\node_modules\jasmine-core\lib\jasmine-core\jasmine.js:4264:13
    at C:\Users\scott\Desktop\git repo\trackforce\NGTrackForce\node_modules\jasmine\node_modules\jasmine-core\lib\jasmine-core\jasmine.js:4172:9
    at C:\Users\scott\Desktop\git repo\trackforce\NGTrackForce\node_modules\jasminewd2\index.js:64:48
    at ControlFlow.emit (C:\Users\scott\Desktop\git repo\trackforce\NGTrackForce\node_modules\selenium-webdriver\lib\events.js:62:21)
    at ControlFlow.shutdown_ (C:\Users\scott\Desktop\git repo\trackforce\NGTrackForce\node_modules\selenium-webdriver\lib\promise.js:2674:10)
    at shutdownTask_.MicroTask (C:\Users\scott\Desktop\git repo\trackforce\NGTrackForce\node_modules\selenium-webdriver\lib\promise.js:2599:53)
From asynchronous test: 
Error
    at Suite.<anonymous> (C:\Users\scott\Desktop\git repo\trackforce\NGTrackForce\e2e\create-user\create-user.e2e-spec.ts:176:5)
    at addSpecsToSuite (C:\Users\scott\Desktop\git repo\trackforce\NGTrackForce\node_modules\jasmine\node_modules\jasmine-core\lib\jasmine-core\jasmine.js:1107:25)
    at Env.describe (C:\Users\scott\Desktop\git repo\trackforce\NGTrackForce\node_modules\jasmine\node_modules\jasmine-core\lib\jasmine-core\jasmine.js:1074:7)
    at describe (C:\Users\scott\Desktop\git repo\trackforce\NGTrackForce\node_modules\jasmine\node_modules\jasmine-core\lib\jasmine-core\jasmine.js:4399:18)
    at Object.<anonymous> (C:\Users\scott\Desktop\git repo\trackforce\NGTrackForce\e2e\create-user\create-user.e2e-spec.ts:140:1)
    at Module._compile (internal/modules/cjs/loader.js:689:30)
    at Module.m._compile (C:\Users\scott\Desktop\git repo\trackforce\NGTrackForce\node_modules\ts-node\src\index.ts:413:23)
    at Module._extensions..js (internal/modules/cjs/loader.js:700:10)
    at Object.require.extensions.(anonymous function) [as .ts] (C:\Users\scott\Desktop\git repo\trackforce\NGTrackForce\node_modules\ts-node\src\index.ts:416:12)]]>
   </failure>
  </testcase>
  <testcase classname="A Staging Manager" name="should be able to create a delivery " time="6.796">
   <failure type="exception" message="Failed: No element found using locator: By(css selector, body &gt; app-component &gt; div &gt; app-create-user &gt; form &gt; fieldset:nth-child(2) &gt; div)"><![CDATA[NoSuchElementError: No element found using locator: By(css selector, body > app-component > div > app-create-user > form > fieldset:nth-child(2) > div)
    at elementArrayFinder.getWebElements.then (C:\Users\scott\Desktop\git repo\trackforce\NGTrackForce\node_modules\protractor\built\element.js:814:27)
    at ManagedPromise.invokeCallback_ (C:\Users\scott\Desktop\git repo\trackforce\NGTrackForce\node_modules\selenium-webdriver\lib\promise.js:1376:14)
    at TaskQueue.execute_ (C:\Users\scott\Desktop\git repo\trackforce\NGTrackForce\node_modules\selenium-webdriver\lib\promise.js:3084:14)
    at TaskQueue.executeNext_ (C:\Users\scott\Desktop\git repo\trackforce\NGTrackForce\node_modules\selenium-webdriver\lib\promise.js:3067:27)
    at asyncRun (C:\Users\scott\Desktop\git repo\trackforce\NGTrackForce\node_modules\selenium-webdriver\lib\promise.js:2927:27)
    at C:\Users\scott\Desktop\git repo\trackforce\NGTrackForce\node_modules\selenium-webdriver\lib\promise.js:668:7
    at process._tickCallback (internal/process/next_tick.js:68:7)Error
    at ElementArrayFinder.applyAction_ (C:\Users\scott\Desktop\git repo\trackforce\NGTrackForce\node_modules\protractor\built\element.js:459:27)
    at ElementArrayFinder.(anonymous function).args [as getText] (C:\Users\scott\Desktop\git repo\trackforce\NGTrackForce\node_modules\protractor\built\element.js:91:29)
    at ElementFinder.(anonymous function).args [as getText] (C:\Users\scott\Desktop\git repo\trackforce\NGTrackForce\node_modules\protractor\built\element.js:831:22)
    at UserContext.<anonymous> (C:\Users\scott\Desktop\git repo\trackforce\NGTrackForce\e2e\create-user\create-user.e2e-spec.ts:186:38)
    at C:\Users\scott\Desktop\git repo\trackforce\NGTrackForce\node_modules\jasminewd2\index.js:112:25
    at new ManagedPromise (C:\Users\scott\Desktop\git repo\trackforce\NGTrackForce\node_modules\selenium-webdriver\lib\promise.js:1077:7)
    at ControlFlow.promise (C:\Users\scott\Desktop\git repo\trackforce\NGTrackForce\node_modules\selenium-webdriver\lib\promise.js:2505:12)
    at schedulerExecute (C:\Users\scott\Desktop\git repo\trackforce\NGTrackForce\node_modules\jasminewd2\index.js:95:18)
    at TaskQueue.execute_ (C:\Users\scott\Desktop\git repo\trackforce\NGTrackForce\node_modules\selenium-webdriver\lib\promise.js:3084:14)
    at TaskQueue.executeNext_ (C:\Users\scott\Desktop\git repo\trackforce\NGTrackForce\node_modules\selenium-webdriver\lib\promise.js:3067:27)
From: Task: Run it("should be able to create a delivery ") in control flow
    at UserContext.<anonymous> (C:\Users\scott\Desktop\git repo\trackforce\NGTrackForce\node_modules\jasminewd2\index.js:94:19)
    at attempt (C:\Users\scott\Desktop\git repo\trackforce\NGTrackForce\node_modules\jasmine\node_modules\jasmine-core\lib\jasmine-core\jasmine.js:4297:26)
    at QueueRunner.run (C:\Users\scott\Desktop\git repo\trackforce\NGTrackForce\node_modules\jasmine\node_modules\jasmine-core\lib\jasmine-core\jasmine.js:4217:20)
    at runNext (C:\Users\scott\Desktop\git repo\trackforce\NGTrackForce\node_modules\jasmine\node_modules\jasmine-core\lib\jasmine-core\jasmine.js:4257:20)
    at C:\Users\scott\Desktop\git repo\trackforce\NGTrackForce\node_modules\jasmine\node_modules\jasmine-core\lib\jasmine-core\jasmine.js:4264:13
    at C:\Users\scott\Desktop\git repo\trackforce\NGTrackForce\node_modules\jasmine\node_modules\jasmine-core\lib\jasmine-core\jasmine.js:4172:9
    at C:\Users\scott\Desktop\git repo\trackforce\NGTrackForce\node_modules\jasminewd2\index.js:64:48
    at ControlFlow.emit (C:\Users\scott\Desktop\git repo\trackforce\NGTrackForce\node_modules\selenium-webdriver\lib\events.js:62:21)
    at ControlFlow.shutdown_ (C:\Users\scott\Desktop\git repo\trackforce\NGTrackForce\node_modules\selenium-webdriver\lib\promise.js:2674:10)
    at shutdownTask_.MicroTask (C:\Users\scott\Desktop\git repo\trackforce\NGTrackForce\node_modules\selenium-webdriver\lib\promise.js:2599:53)
From asynchronous test: 
Error
    at Suite.<anonymous> (C:\Users\scott\Desktop\git repo\trackforce\NGTrackForce\e2e\create-user\create-user.e2e-spec.ts:183:5)
    at addSpecsToSuite (C:\Users\scott\Desktop\git repo\trackforce\NGTrackForce\node_modules\jasmine\node_modules\jasmine-core\lib\jasmine-core\jasmine.js:1107:25)
    at Env.describe (C:\Users\scott\Desktop\git repo\trackforce\NGTrackForce\node_modules\jasmine\node_modules\jasmine-core\lib\jasmine-core\jasmine.js:1074:7)
    at describe (C:\Users\scott\Desktop\git repo\trackforce\NGTrackForce\node_modules\jasmine\node_modules\jasmine-core\lib\jasmine-core\jasmine.js:4399:18)
    at Object.<anonymous> (C:\Users\scott\Desktop\git repo\trackforce\NGTrackForce\e2e\create-user\create-user.e2e-spec.ts:140:1)
    at Module._compile (internal/modules/cjs/loader.js:689:30)
    at Module.m._compile (C:\Users\scott\Desktop\git repo\trackforce\NGTrackForce\node_modules\ts-node\src\index.ts:413:23)
    at Module._extensions..js (internal/modules/cjs/loader.js:700:10)
    at Object.require.extensions.(anonymous function) [as .ts] (C:\Users\scott\Desktop\git repo\trackforce\NGTrackForce\node_modules\ts-node\src\index.ts:416:12)]]>
   </failure>
  </testcase>
 </testsuite>
 <testsuite name="A Sales Manager" timestamp="2019-02-05T11:57:17" hostname="localhost" time="18.025" errors="0" tests="4" skipped="0" disabled="0" failures="2">
  <testcase classname="A Sales Manager" name="should be able to create a trainer" time="6.886">
   <failure type="exception" message="Failed: No element found using locator: By(css selector, body &gt; app-component &gt; div &gt; app-create-user &gt; form &gt; fieldset:nth-child(2) &gt; div)"><![CDATA[NoSuchElementError: No element found using locator: By(css selector, body > app-component > div > app-create-user > form > fieldset:nth-child(2) > div)
    at elementArrayFinder.getWebElements.then (C:\Users\scott\Desktop\git repo\trackforce\NGTrackForce\node_modules\protractor\built\element.js:814:27)
    at ManagedPromise.invokeCallback_ (C:\Users\scott\Desktop\git repo\trackforce\NGTrackForce\node_modules\selenium-webdriver\lib\promise.js:1376:14)
    at TaskQueue.execute_ (C:\Users\scott\Desktop\git repo\trackforce\NGTrackForce\node_modules\selenium-webdriver\lib\promise.js:3084:14)
    at TaskQueue.executeNext_ (C:\Users\scott\Desktop\git repo\trackforce\NGTrackForce\node_modules\selenium-webdriver\lib\promise.js:3067:27)
    at asyncRun (C:\Users\scott\Desktop\git repo\trackforce\NGTrackForce\node_modules\selenium-webdriver\lib\promise.js:2927:27)
    at C:\Users\scott\Desktop\git repo\trackforce\NGTrackForce\node_modules\selenium-webdriver\lib\promise.js:668:7
    at process._tickCallback (internal/process/next_tick.js:68:7)Error
    at ElementArrayFinder.applyAction_ (C:\Users\scott\Desktop\git repo\trackforce\NGTrackForce\node_modules\protractor\built\element.js:459:27)
    at ElementArrayFinder.(anonymous function).args [as getText] (C:\Users\scott\Desktop\git repo\trackforce\NGTrackForce\node_modules\protractor\built\element.js:91:29)
    at ElementFinder.(anonymous function).args [as getText] (C:\Users\scott\Desktop\git repo\trackforce\NGTrackForce\node_modules\protractor\built\element.js:831:22)
    at UserContext.<anonymous> (C:\Users\scott\Desktop\git repo\trackforce\NGTrackForce\e2e\create-user\create-user.e2e-spec.ts:219:38)
    at C:\Users\scott\Desktop\git repo\trackforce\NGTrackForce\node_modules\jasminewd2\index.js:112:25
    at new ManagedPromise (C:\Users\scott\Desktop\git repo\trackforce\NGTrackForce\node_modules\selenium-webdriver\lib\promise.js:1077:7)
    at ControlFlow.promise (C:\Users\scott\Desktop\git repo\trackforce\NGTrackForce\node_modules\selenium-webdriver\lib\promise.js:2505:12)
    at schedulerExecute (C:\Users\scott\Desktop\git repo\trackforce\NGTrackForce\node_modules\jasminewd2\index.js:95:18)
    at TaskQueue.execute_ (C:\Users\scott\Desktop\git repo\trackforce\NGTrackForce\node_modules\selenium-webdriver\lib\promise.js:3084:14)
    at TaskQueue.executeNext_ (C:\Users\scott\Desktop\git repo\trackforce\NGTrackForce\node_modules\selenium-webdriver\lib\promise.js:3067:27)
From: Task: Run it("should be able to create a trainer") in control flow
    at UserContext.<anonymous> (C:\Users\scott\Desktop\git repo\trackforce\NGTrackForce\node_modules\jasminewd2\index.js:94:19)
    at attempt (C:\Users\scott\Desktop\git repo\trackforce\NGTrackForce\node_modules\jasmine\node_modules\jasmine-core\lib\jasmine-core\jasmine.js:4297:26)
    at QueueRunner.run (C:\Users\scott\Desktop\git repo\trackforce\NGTrackForce\node_modules\jasmine\node_modules\jasmine-core\lib\jasmine-core\jasmine.js:4217:20)
    at runNext (C:\Users\scott\Desktop\git repo\trackforce\NGTrackForce\node_modules\jasmine\node_modules\jasmine-core\lib\jasmine-core\jasmine.js:4257:20)
    at C:\Users\scott\Desktop\git repo\trackforce\NGTrackForce\node_modules\jasmine\node_modules\jasmine-core\lib\jasmine-core\jasmine.js:4264:13
    at C:\Users\scott\Desktop\git repo\trackforce\NGTrackForce\node_modules\jasmine\node_modules\jasmine-core\lib\jasmine-core\jasmine.js:4172:9
    at C:\Users\scott\Desktop\git repo\trackforce\NGTrackForce\node_modules\jasminewd2\index.js:64:48
    at ControlFlow.emit (C:\Users\scott\Desktop\git repo\trackforce\NGTrackForce\node_modules\selenium-webdriver\lib\events.js:62:21)
    at ControlFlow.shutdown_ (C:\Users\scott\Desktop\git repo\trackforce\NGTrackForce\node_modules\selenium-webdriver\lib\promise.js:2674:10)
    at shutdownTask_.MicroTask (C:\Users\scott\Desktop\git repo\trackforce\NGTrackForce\node_modules\selenium-webdriver\lib\promise.js:2599:53)
From asynchronous test: 
Error
    at Suite.<anonymous> (C:\Users\scott\Desktop\git repo\trackforce\NGTrackForce\e2e\create-user\create-user.e2e-spec.ts:216:5)
    at addSpecsToSuite (C:\Users\scott\Desktop\git repo\trackforce\NGTrackForce\node_modules\jasmine\node_modules\jasmine-core\lib\jasmine-core\jasmine.js:1107:25)
    at Env.describe (C:\Users\scott\Desktop\git repo\trackforce\NGTrackForce\node_modules\jasmine\node_modules\jasmine-core\lib\jasmine-core\jasmine.js:1074:7)
    at describe (C:\Users\scott\Desktop\git repo\trackforce\NGTrackForce\node_modules\jasmine\node_modules\jasmine-core\lib\jasmine-core\jasmine.js:4399:18)
    at Object.<anonymous> (C:\Users\scott\Desktop\git repo\trackforce\NGTrackForce\e2e\create-user\create-user.e2e-spec.ts:194:1)
    at Module._compile (internal/modules/cjs/loader.js:689:30)
    at Module.m._compile (C:\Users\scott\Desktop\git repo\trackforce\NGTrackForce\node_modules\ts-node\src\index.ts:413:23)
    at Module._extensions..js (internal/modules/cjs/loader.js:700:10)
    at Object.require.extensions.(anonymous function) [as .ts] (C:\Users\scott\Desktop\git repo\trackforce\NGTrackForce\node_modules\ts-node\src\index.ts:416:12)]]>
   </failure>
  </testcase>
  <testcase classname="A Sales Manager" name="should be able to create a associate" time="1.995" />
  <testcase classname="A Sales Manager" name="should be able to create a staging manager" time="6.551">
   <failure type="exception" message="Failed: No element found using locator: By(css selector, body &gt; app-component &gt; div &gt; app-create-user &gt; form &gt; fieldset:nth-child(2) &gt; div)"><![CDATA[NoSuchElementError: No element found using locator: By(css selector, body > app-component > div > app-create-user > form > fieldset:nth-child(2) > div)
    at elementArrayFinder.getWebElements.then (C:\Users\scott\Desktop\git repo\trackforce\NGTrackForce\node_modules\protractor\built\element.js:814:27)
    at ManagedPromise.invokeCallback_ (C:\Users\scott\Desktop\git repo\trackforce\NGTrackForce\node_modules\selenium-webdriver\lib\promise.js:1376:14)
    at TaskQueue.execute_ (C:\Users\scott\Desktop\git repo\trackforce\NGTrackForce\node_modules\selenium-webdriver\lib\promise.js:3084:14)
    at TaskQueue.executeNext_ (C:\Users\scott\Desktop\git repo\trackforce\NGTrackForce\node_modules\selenium-webdriver\lib\promise.js:3067:27)
    at asyncRun (C:\Users\scott\Desktop\git repo\trackforce\NGTrackForce\node_modules\selenium-webdriver\lib\promise.js:2927:27)
    at C:\Users\scott\Desktop\git repo\trackforce\NGTrackForce\node_modules\selenium-webdriver\lib\promise.js:668:7
    at process._tickCallback (internal/process/next_tick.js:68:7)Error
    at ElementArrayFinder.applyAction_ (C:\Users\scott\Desktop\git repo\trackforce\NGTrackForce\node_modules\protractor\built\element.js:459:27)
    at ElementArrayFinder.(anonymous function).args [as getText] (C:\Users\scott\Desktop\git repo\trackforce\NGTrackForce\node_modules\protractor\built\element.js:91:29)
    at ElementFinder.(anonymous function).args [as getText] (C:\Users\scott\Desktop\git repo\trackforce\NGTrackForce\node_modules\protractor\built\element.js:831:22)
    at UserContext.<anonymous> (C:\Users\scott\Desktop\git repo\trackforce\NGTrackForce\e2e\create-user\create-user.e2e-spec.ts:234:38)
    at C:\Users\scott\Desktop\git repo\trackforce\NGTrackForce\node_modules\jasminewd2\index.js:112:25
    at new ManagedPromise (C:\Users\scott\Desktop\git repo\trackforce\NGTrackForce\node_modules\selenium-webdriver\lib\promise.js:1077:7)
    at ControlFlow.promise (C:\Users\scott\Desktop\git repo\trackforce\NGTrackForce\node_modules\selenium-webdriver\lib\promise.js:2505:12)
    at schedulerExecute (C:\Users\scott\Desktop\git repo\trackforce\NGTrackForce\node_modules\jasminewd2\index.js:95:18)
    at TaskQueue.execute_ (C:\Users\scott\Desktop\git repo\trackforce\NGTrackForce\node_modules\selenium-webdriver\lib\promise.js:3084:14)
    at TaskQueue.executeNext_ (C:\Users\scott\Desktop\git repo\trackforce\NGTrackForce\node_modules\selenium-webdriver\lib\promise.js:3067:27)
From: Task: Run it("should be able to create a staging manager") in control flow
    at UserContext.<anonymous> (C:\Users\scott\Desktop\git repo\trackforce\NGTrackForce\node_modules\jasminewd2\index.js:94:19)
    at attempt (C:\Users\scott\Desktop\git repo\trackforce\NGTrackForce\node_modules\jasmine\node_modules\jasmine-core\lib\jasmine-core\jasmine.js:4297:26)
    at QueueRunner.run (C:\Users\scott\Desktop\git repo\trackforce\NGTrackForce\node_modules\jasmine\node_modules\jasmine-core\lib\jasmine-core\jasmine.js:4217:20)
    at runNext (C:\Users\scott\Desktop\git repo\trackforce\NGTrackForce\node_modules\jasmine\node_modules\jasmine-core\lib\jasmine-core\jasmine.js:4257:20)
    at C:\Users\scott\Desktop\git repo\trackforce\NGTrackForce\node_modules\jasmine\node_modules\jasmine-core\lib\jasmine-core\jasmine.js:4264:13
    at C:\Users\scott\Desktop\git repo\trackforce\NGTrackForce\node_modules\jasmine\node_modules\jasmine-core\lib\jasmine-core\jasmine.js:4172:9
    at C:\Users\scott\Desktop\git repo\trackforce\NGTrackForce\node_modules\jasminewd2\index.js:64:48
    at ControlFlow.emit (C:\Users\scott\Desktop\git repo\trackforce\NGTrackForce\node_modules\selenium-webdriver\lib\events.js:62:21)
    at ControlFlow.shutdown_ (C:\Users\scott\Desktop\git repo\trackforce\NGTrackForce\node_modules\selenium-webdriver\lib\promise.js:2674:10)
    at shutdownTask_.MicroTask (C:\Users\scott\Desktop\git repo\trackforce\NGTrackForce\node_modules\selenium-webdriver\lib\promise.js:2599:53)
From asynchronous test: 
Error
    at Suite.<anonymous> (C:\Users\scott\Desktop\git repo\trackforce\NGTrackForce\e2e\create-user\create-user.e2e-spec.ts:231:5)
    at addSpecsToSuite (C:\Users\scott\Desktop\git repo\trackforce\NGTrackForce\node_modules\jasmine\node_modules\jasmine-core\lib\jasmine-core\jasmine.js:1107:25)
    at Env.describe (C:\Users\scott\Desktop\git repo\trackforce\NGTrackForce\node_modules\jasmine\node_modules\jasmine-core\lib\jasmine-core\jasmine.js:1074:7)
    at describe (C:\Users\scott\Desktop\git repo\trackforce\NGTrackForce\node_modules\jasmine\node_modules\jasmine-core\lib\jasmine-core\jasmine.js:4399:18)
    at Object.<anonymous> (C:\Users\scott\Desktop\git repo\trackforce\NGTrackForce\e2e\create-user\create-user.e2e-spec.ts:194:1)
    at Module._compile (internal/modules/cjs/loader.js:689:30)
    at Module.m._compile (C:\Users\scott\Desktop\git repo\trackforce\NGTrackForce\node_modules\ts-node\src\index.ts:413:23)
    at Module._extensions..js (internal/modules/cjs/loader.js:700:10)
    at Object.require.extensions.(anonymous function) [as .ts] (C:\Users\scott\Desktop\git repo\trackforce\NGTrackForce\node_modules\ts-node\src\index.ts:416:12)]]>
   </failure>
  </testcase>
  <testcase classname="A Sales Manager" name="should be able to create a delivery " time="2.024" />
 </testsuite>
 <testsuite name="A user" timestamp="2019-02-05T11:57:35" hostname="localhost" time="4.503" errors="0" tests="3" skipped="0" disabled="0" failures="0">
  <testcase classname="A user" name="should get an error if they use a sympol in their username" time="1.527" />
  <testcase classname="A user" name="should get an error if they enter in an invalid password in the first password box" time="1.196" />
  <testcase classname="A user" name="should get an error if they enter two different passwords" time="1.272" />
 </testsuite>
 <testsuite name="When an admin navigates to the client-list page it" timestamp="2019-02-05T11:57:40" hostname="localhost" time="11.011" errors="0" tests="9" skipped="0" disabled="0" failures="0">
  <testcase classname="When an admin navigates to the client-list page it" name="should navigate to the client-list page" time="2.561" />
  <testcase classname="When an admin navigates to the client-list page it" name="should accept username input" time="0.135" />
  <testcase classname="When an admin navigates to the client-list page it" name="should yield match for search input in one exists" time="0.025" />
  <testcase classname="When an admin navigates to the client-list page it" name="should yield a match for a search regardless of case" time="0.148" />
  <testcase classname="When an admin navigates to the client-list page it" name="should be able to click a searched for client" time="1.125" />
  <testcase classname="When an admin navigates to the client-list page it" name="should be able to click View Data for all Clients" time="1.078" />
  <testcase classname="When an admin navigates to the client-list page it" name="should yield a match for a search string with spaces" time="0.146" />
  <testcase classname="When an admin navigates to the client-list page it" name="should yield a match for search input if many results exist" time="0.126" />
  <testcase classname="When an admin navigates to the client-list page it" name="should yield no matches if none exist" time="5.154" />
 </testsuite>
 <testsuite name="When an Staging Manager navigates to the client-list page it" timestamp="2019-02-05T11:57:51" hostname="localhost" time="11.115" errors="0" tests="9" skipped="0" disabled="0" failures="0">
  <testcase classname="When an Staging Manager navigates to the client-list page it" name="should navigate to the client-list page" time="2.576" />
  <testcase classname="When an Staging Manager navigates to the client-list page it" name="should accept username input" time="0.133" />
  <testcase classname="When an Staging Manager navigates to the client-list page it" name="should yield match for search input if one exists" time="0.019" />
  <testcase classname="When an Staging Manager navigates to the client-list page it" name="should yield a match for a search regardless of case" time="0.152" />
  <testcase classname="When an Staging Manager navigates to the client-list page it" name="should be able to click a searched for client" time="1.143" />
  <testcase classname="When an Staging Manager navigates to the client-list page it" name="should be able to click View Data for all Clients" time="1.147" />
  <testcase classname="When an Staging Manager navigates to the client-list page it" name="should yield a match for a search string with spaces" time="0.135" />
  <testcase classname="When an Staging Manager navigates to the client-list page it" name="should yield a match for search input if many results exist" time="0.132" />
  <testcase classname="When an Staging Manager navigates to the client-list page it" name="should yield no matches if none exist" time="5.143" />
 </testsuite>
 <testsuite name="When an Delivery/Sales navigates to the client-list page it" timestamp="2019-02-05T11:58:02" hostname="localhost" time="11.255" errors="0" tests="9" skipped="0" disabled="0" failures="0">
  <testcase classname="When an Delivery/Sales navigates to the client-list page it" name="should navigate to the client-list page" time="2.588" />
  <testcase classname="When an Delivery/Sales navigates to the client-list page it" name="should accept username input" time="0.109" />
  <testcase classname="When an Delivery/Sales navigates to the client-list page it" name="should yield match for search input in one exists" time="0.02" />
  <testcase classname="When an Delivery/Sales navigates to the client-list page it" name="should yield a match for a search regardless of case" time="0.19" />
  <testcase classname="When an Delivery/Sales navigates to the client-list page it" name="should be able to click a searched for client" time="1.107" />
  <testcase classname="When an Delivery/Sales navigates to the client-list page it" name="should be able to click View Data for all Clients" time="1.172" />
  <testcase classname="When an Delivery/Sales navigates to the client-list page it" name="should yield a match for a search string with spaces" time="0.159" />
  <testcase classname="When an Delivery/Sales navigates to the client-list page it" name="should yield a match for search input if many results exist" time="0.141" />
  <testcase classname="When an Delivery/Sales navigates to the client-list page it" name="should yield no matches if none exist" time="5.192" />
 </testsuite>
 <testsuite name="the batch-list tab" timestamp="2019-02-05T11:58:13" hostname="localhost" time="3.493" errors="0" tests="4" skipped="0" disabled="0" failures="0">
  <testcase classname="the batch-list tab" name="should have a batch list table" time="1.374" />
  <testcase classname="the batch-list tab" name="should have a start date input" time="0.02" />
  <testcase classname="the batch-list tab" name="should have a end date input" time="0.022" />
  <testcase classname="the batch-list tab" name="should have a pie cart" time="0.022" />
 </testsuite>
 <testsuite name="The All Batches table" timestamp="2019-02-05T11:58:17" hostname="localhost" time="4.455" errors="0" tests="3" skipped="0" disabled="0" failures="0">
  <testcase classname="The All Batches table" name="should direct you to a batch page" time="2.61" />
  <testcase classname="The All Batches table" name="should direct you to a batch page with a chart " time="0.047" />
  <testcase classname="The All Batches table" name="should direct you to a batch page with a table " time="0.023" />
 </testsuite>
 <testsuite name="When entering valid data into predictions filter it" timestamp="2019-02-05T11:58:21" hostname="localhost" time="10.414" errors="0" tests="5" skipped="0" disabled="0" failures="1">
  <testcase classname="When entering valid data into predictions filter it" name="should navigate to the predictions page" time="4.788" />
  <testcase classname="When entering valid data into predictions filter it" name="should allow user to input valid data" time="0.317" />
  <testcase classname="When entering valid data into predictions filter it" name="should provide a table with predictions" time="0.001" />
  <testcase classname="When entering valid data into predictions filter it" name="should provide the same number of rows entered into the filter" time="5.056">
   <failure type="toEqual" message="Expected 0 to equal 1."><![CDATA[Error: Failed expectation
    at UserContext.<anonymous> (C:\Users\scott\Desktop\git repo\trackforce\NGTrackForce\e2e\predictions\predictions.e2e-spec.ts:44:57)
    at C:\Users\scott\Desktop\git repo\trackforce\NGTrackForce\node_modules\jasminewd2\index.js:112:25
    at new ManagedPromise (C:\Users\scott\Desktop\git repo\trackforce\NGTrackForce\node_modules\selenium-webdriver\lib\promise.js:1077:7)
    at ControlFlow.promise (C:\Users\scott\Desktop\git repo\trackforce\NGTrackForce\node_modules\selenium-webdriver\lib\promise.js:2505:12)
    at schedulerExecute (C:\Users\scott\Desktop\git repo\trackforce\NGTrackForce\node_modules\jasminewd2\index.js:95:18)
    at TaskQueue.execute_ (C:\Users\scott\Desktop\git repo\trackforce\NGTrackForce\node_modules\selenium-webdriver\lib\promise.js:3084:14)
    at TaskQueue.executeNext_ (C:\Users\scott\Desktop\git repo\trackforce\NGTrackForce\node_modules\selenium-webdriver\lib\promise.js:3067:27)
    at asyncRun (C:\Users\scott\Desktop\git repo\trackforce\NGTrackForce\node_modules\selenium-webdriver\lib\promise.js:2974:25)
    at C:\Users\scott\Desktop\git repo\trackforce\NGTrackForce\node_modules\selenium-webdriver\lib\promise.js:668:7]]>
   </failure>
  </testcase>
  <testcase classname="When entering valid data into predictions filter it" name="should provide details when prediction row is clicked" time="0.252" />
 </testsuite>
 <testsuite name="When entering valid data using all filters it" timestamp="2019-02-05T11:58:31" hostname="localhost" time="8.063" errors="0" tests="5" skipped="0" disabled="0" failures="1">
  <testcase classname="When entering valid data using all filters it" name="should navigate to the predictions page" time="1.417" />
  <testcase classname="When entering valid data using all filters it" name="should allow a user to input valid data and use all filters" time="1.271" />
  <testcase classname="When entering valid data using all filters it" name="should provide a table with predictions" time="0.002" />
  <testcase classname="When entering valid data using all filters it" name="should provide the same number of rows entered into the filter" time="5.114">
   <failure type="toEqual" message="Expected 0 to equal 9."><![CDATA[Error: Failed expectation
    at UserContext.<anonymous> (C:\Users\scott\Desktop\git repo\trackforce\NGTrackForce\e2e\predictions\predictions.e2e-spec.ts:90:57)
    at C:\Users\scott\Desktop\git repo\trackforce\NGTrackForce\node_modules\jasminewd2\index.js:112:25
    at new ManagedPromise (C:\Users\scott\Desktop\git repo\trackforce\NGTrackForce\node_modules\selenium-webdriver\lib\promise.js:1077:7)
    at ControlFlow.promise (C:\Users\scott\Desktop\git repo\trackforce\NGTrackForce\node_modules\selenium-webdriver\lib\promise.js:2505:12)
    at schedulerExecute (C:\Users\scott\Desktop\git repo\trackforce\NGTrackForce\node_modules\jasminewd2\index.js:95:18)
    at TaskQueue.execute_ (C:\Users\scott\Desktop\git repo\trackforce\NGTrackForce\node_modules\selenium-webdriver\lib\promise.js:3084:14)
    at TaskQueue.executeNext_ (C:\Users\scott\Desktop\git repo\trackforce\NGTrackForce\node_modules\selenium-webdriver\lib\promise.js:3067:27)
    at asyncRun (C:\Users\scott\Desktop\git repo\trackforce\NGTrackForce\node_modules\selenium-webdriver\lib\promise.js:2974:25)
    at C:\Users\scott\Desktop\git repo\trackforce\NGTrackForce\node_modules\selenium-webdriver\lib\promise.js:668:7]]>
   </failure>
  </testcase>
  <testcase classname="When entering valid data using all filters it" name="should provide details when prediction row is clicked" time="0.253" />
 </testsuite>
 <testsuite name="When I enter a start date that is more current than the end date it" timestamp="2019-02-05T11:58:40" hostname="localhost" time="1.627" errors="0" tests="2" skipped="0" disabled="0" failures="0">
  <testcase classname="When I enter a start date that is more current than the end date it" name="should navigate to the predictions page" time="1.353" />
  <testcase classname="When I enter a start date that is more current than the end date it" name="should allow user to input a start date that is more current than the end date" time="0.274" />
 </testsuite>
 <testsuite name="test assocation pagenation functionality" timestamp="2019-02-05T11:58:41" hostname="localhost" time="6.18" errors="0" tests="4" skipped="0" disabled="0" failures="1">
  <testcase classname="test assocation pagenation functionality" name="should log in" time="5.053">
   <failure type="exception" message="Failed: No element found using locator: By(css selector, *[id=&quot;username&quot;])"><![CDATA[NoSuchElementError: No element found using locator: By(css selector, *[id="username"])
    at elementArrayFinder.getWebElements.then (C:\Users\scott\Desktop\git repo\trackforce\NGTrackForce\node_modules\protractor\built\element.js:814:27)
    at ManagedPromise.invokeCallback_ (C:\Users\scott\Desktop\git repo\trackforce\NGTrackForce\node_modules\selenium-webdriver\lib\promise.js:1376:14)
    at TaskQueue.execute_ (C:\Users\scott\Desktop\git repo\trackforce\NGTrackForce\node_modules\selenium-webdriver\lib\promise.js:3084:14)
    at TaskQueue.executeNext_ (C:\Users\scott\Desktop\git repo\trackforce\NGTrackForce\node_modules\selenium-webdriver\lib\promise.js:3067:27)
    at asyncRun (C:\Users\scott\Desktop\git repo\trackforce\NGTrackForce\node_modules\selenium-webdriver\lib\promise.js:2927:27)
    at C:\Users\scott\Desktop\git repo\trackforce\NGTrackForce\node_modules\selenium-webdriver\lib\promise.js:668:7
    at process._tickCallback (internal/process/next_tick.js:68:7)Error
    at ElementArrayFinder.applyAction_ (C:\Users\scott\Desktop\git repo\trackforce\NGTrackForce\node_modules\protractor\built\element.js:459:27)
    at ElementArrayFinder.(anonymous function).args [as sendKeys] (C:\Users\scott\Desktop\git repo\trackforce\NGTrackForce\node_modules\protractor\built\element.js:91:29)
    at ElementFinder.(anonymous function).args [as sendKeys] (C:\Users\scott\Desktop\git repo\trackforce\NGTrackForce\node_modules\protractor\built\element.js:831:22)
    at UserContext.<anonymous> (C:\Users\scott\Desktop\git repo\trackforce\NGTrackForce\e2e\associate-list\associate-list-pagenation.js:16:34)
    at C:\Users\scott\Desktop\git repo\trackforce\NGTrackForce\node_modules\jasminewd2\index.js:112:25
    at new ManagedPromise (C:\Users\scott\Desktop\git repo\trackforce\NGTrackForce\node_modules\selenium-webdriver\lib\promise.js:1077:7)
    at ControlFlow.promise (C:\Users\scott\Desktop\git repo\trackforce\NGTrackForce\node_modules\selenium-webdriver\lib\promise.js:2505:12)
    at schedulerExecute (C:\Users\scott\Desktop\git repo\trackforce\NGTrackForce\node_modules\jasminewd2\index.js:95:18)
    at TaskQueue.execute_ (C:\Users\scott\Desktop\git repo\trackforce\NGTrackForce\node_modules\selenium-webdriver\lib\promise.js:3084:14)
    at TaskQueue.executeNext_ (C:\Users\scott\Desktop\git repo\trackforce\NGTrackForce\node_modules\selenium-webdriver\lib\promise.js:3067:27)
From: Task: Run it("should log in") in control flow
    at UserContext.<anonymous> (C:\Users\scott\Desktop\git repo\trackforce\NGTrackForce\node_modules\jasminewd2\index.js:94:19)
    at attempt (C:\Users\scott\Desktop\git repo\trackforce\NGTrackForce\node_modules\jasmine\node_modules\jasmine-core\lib\jasmine-core\jasmine.js:4297:26)
    at QueueRunner.run (C:\Users\scott\Desktop\git repo\trackforce\NGTrackForce\node_modules\jasmine\node_modules\jasmine-core\lib\jasmine-core\jasmine.js:4217:20)
    at QueueRunner.execute (C:\Users\scott\Desktop\git repo\trackforce\NGTrackForce\node_modules\jasmine\node_modules\jasmine-core\lib\jasmine-core\jasmine.js:4199:10)
    at Spec.queueRunnerFactory (C:\Users\scott\Desktop\git repo\trackforce\NGTrackForce\node_modules\jasmine\node_modules\jasmine-core\lib\jasmine-core\jasmine.js:909:35)
    at Spec.execute (C:\Users\scott\Desktop\git repo\trackforce\NGTrackForce\node_modules\jasmine\node_modules\jasmine-core\lib\jasmine-core\jasmine.js:526:10)
    at UserContext.fn (C:\Users\scott\Desktop\git repo\trackforce\NGTrackForce\node_modules\jasmine\node_modules\jasmine-core\lib\jasmine-core\jasmine.js:5340:37)
    at attempt (C:\Users\scott\Desktop\git repo\trackforce\NGTrackForce\node_modules\jasmine\node_modules\jasmine-core\lib\jasmine-core\jasmine.js:4297:26)
    at QueueRunner.run (C:\Users\scott\Desktop\git repo\trackforce\NGTrackForce\node_modules\jasmine\node_modules\jasmine-core\lib\jasmine-core\jasmine.js:4217:20)
    at QueueRunner.execute (C:\Users\scott\Desktop\git repo\trackforce\NGTrackForce\node_modules\jasmine\node_modules\jasmine-core\lib\jasmine-core\jasmine.js:4199:10)
From asynchronous test: 
Error
    at Suite.<anonymous> (C:\Users\scott\Desktop\git repo\trackforce\NGTrackForce\e2e\associate-list\associate-list-pagenation.js:14:5)
    at addSpecsToSuite (C:\Users\scott\Desktop\git repo\trackforce\NGTrackForce\node_modules\jasmine\node_modules\jasmine-core\lib\jasmine-core\jasmine.js:1107:25)
    at Env.describe (C:\Users\scott\Desktop\git repo\trackforce\NGTrackForce\node_modules\jasmine\node_modules\jasmine-core\lib\jasmine-core\jasmine.js:1074:7)
    at describe (C:\Users\scott\Desktop\git repo\trackforce\NGTrackForce\node_modules\jasmine\node_modules\jasmine-core\lib\jasmine-core\jasmine.js:4399:18)
    at Object.<anonymous> (C:\Users\scott\Desktop\git repo\trackforce\NGTrackForce\e2e\associate-list\associate-list-pagenation.js:5:1)
    at Module._compile (internal/modules/cjs/loader.js:689:30)
    at Object.Module._extensions..js (internal/modules/cjs/loader.js:700:10)
    at Module.load (internal/modules/cjs/loader.js:599:32)
    at tryModuleLoad (internal/modules/cjs/loader.js:538:12)]]>
   </failure>
  </testcase>
  <testcase classname="test assocation pagenation functionality" name="Go to associate list tab" time="0.583" />
  <testcase classname="test assocation pagenation functionality" name="Should load 60 or less associates." time="0.016" />
  <testcase classname="test assocation pagenation functionality" name="Should load more associate if page scrolls down and theres more than 60." time="0.527" />
 </testsuite>
 <testsuite name="Lets test searching on associates list tab..." timestamp="2019-02-05T11:58:47" hostname="localhost" time="13.222" errors="0" tests="8" skipped="0" disabled="0" failures="4">
  <testcase classname="Lets test searching on associates list tab..." name="should log in" time="1.417" />
  <testcase classname="Lets test searching on associates list tab..." name="Go to associate list tab" time="0.374" />
  <testcase classname="Lets test searching on associates list tab..." name="Test out search by name of associate" time="5.024">
   <failure type="exception" message="Failed: No element found using locator: By(css selector, *[id=&quot;exampleFormControlSelect1&quot;])"><![CDATA[NoSuchElementError: No element found using locator: By(css selector, *[id="exampleFormControlSelect1"])
    at elementArrayFinder.getWebElements.then (C:\Users\scott\Desktop\git repo\trackforce\NGTrackForce\node_modules\protractor\built\element.js:814:27)
    at ManagedPromise.invokeCallback_ (C:\Users\scott\Desktop\git repo\trackforce\NGTrackForce\node_modules\selenium-webdriver\lib\promise.js:1376:14)
    at TaskQueue.execute_ (C:\Users\scott\Desktop\git repo\trackforce\NGTrackForce\node_modules\selenium-webdriver\lib\promise.js:3084:14)
    at TaskQueue.executeNext_ (C:\Users\scott\Desktop\git repo\trackforce\NGTrackForce\node_modules\selenium-webdriver\lib\promise.js:3067:27)
    at asyncRun (C:\Users\scott\Desktop\git repo\trackforce\NGTrackForce\node_modules\selenium-webdriver\lib\promise.js:2927:27)
    at C:\Users\scott\Desktop\git repo\trackforce\NGTrackForce\node_modules\selenium-webdriver\lib\promise.js:668:7
    at process._tickCallback (internal/process/next_tick.js:68:7)Error
    at ElementArrayFinder.applyAction_ (C:\Users\scott\Desktop\git repo\trackforce\NGTrackForce\node_modules\protractor\built\element.js:459:27)
    at ElementArrayFinder.(anonymous function).args [as sendKeys] (C:\Users\scott\Desktop\git repo\trackforce\NGTrackForce\node_modules\protractor\built\element.js:91:29)
    at ElementFinder.(anonymous function).args [as sendKeys] (C:\Users\scott\Desktop\git repo\trackforce\NGTrackForce\node_modules\protractor\built\element.js:831:22)
    at UserContext.<anonymous> (C:\Users\scott\Desktop\git repo\trackforce\NGTrackForce\e2e\associate-list\associate-list-search.js:28:53)
    at C:\Users\scott\Desktop\git repo\trackforce\NGTrackForce\node_modules\jasminewd2\index.js:112:25
    at new ManagedPromise (C:\Users\scott\Desktop\git repo\trackforce\NGTrackForce\node_modules\selenium-webdriver\lib\promise.js:1077:7)
    at ControlFlow.promise (C:\Users\scott\Desktop\git repo\trackforce\NGTrackForce\node_modules\selenium-webdriver\lib\promise.js:2505:12)
    at schedulerExecute (C:\Users\scott\Desktop\git repo\trackforce\NGTrackForce\node_modules\jasminewd2\index.js:95:18)
    at TaskQueue.execute_ (C:\Users\scott\Desktop\git repo\trackforce\NGTrackForce\node_modules\selenium-webdriver\lib\promise.js:3084:14)
    at TaskQueue.executeNext_ (C:\Users\scott\Desktop\git repo\trackforce\NGTrackForce\node_modules\selenium-webdriver\lib\promise.js:3067:27)
From: Task: Run it("Test out search by name of associate") in control flow
    at UserContext.<anonymous> (C:\Users\scott\Desktop\git repo\trackforce\NGTrackForce\node_modules\jasminewd2\index.js:94:19)
    at attempt (C:\Users\scott\Desktop\git repo\trackforce\NGTrackForce\node_modules\jasmine\node_modules\jasmine-core\lib\jasmine-core\jasmine.js:4297:26)
    at QueueRunner.run (C:\Users\scott\Desktop\git repo\trackforce\NGTrackForce\node_modules\jasmine\node_modules\jasmine-core\lib\jasmine-core\jasmine.js:4217:20)
    at QueueRunner.execute (C:\Users\scott\Desktop\git repo\trackforce\NGTrackForce\node_modules\jasmine\node_modules\jasmine-core\lib\jasmine-core\jasmine.js:4199:10)
    at Spec.queueRunnerFactory (C:\Users\scott\Desktop\git repo\trackforce\NGTrackForce\node_modules\jasmine\node_modules\jasmine-core\lib\jasmine-core\jasmine.js:909:35)
    at Spec.execute (C:\Users\scott\Desktop\git repo\trackforce\NGTrackForce\node_modules\jasmine\node_modules\jasmine-core\lib\jasmine-core\jasmine.js:526:10)
    at UserContext.fn (C:\Users\scott\Desktop\git repo\trackforce\NGTrackForce\node_modules\jasmine\node_modules\jasmine-core\lib\jasmine-core\jasmine.js:5340:37)
    at attempt (C:\Users\scott\Desktop\git repo\trackforce\NGTrackForce\node_modules\jasmine\node_modules\jasmine-core\lib\jasmine-core\jasmine.js:4297:26)
    at QueueRunner.run (C:\Users\scott\Desktop\git repo\trackforce\NGTrackForce\node_modules\jasmine\node_modules\jasmine-core\lib\jasmine-core\jasmine.js:4217:20)
    at runNext (C:\Users\scott\Desktop\git repo\trackforce\NGTrackForce\node_modules\jasmine\node_modules\jasmine-core\lib\jasmine-core\jasmine.js:4257:20)
From asynchronous test: 
Error
    at Suite.<anonymous> (C:\Users\scott\Desktop\git repo\trackforce\NGTrackForce\e2e\associate-list\associate-list-search.js:26:5)
    at addSpecsToSuite (C:\Users\scott\Desktop\git repo\trackforce\NGTrackForce\node_modules\jasmine\node_modules\jasmine-core\lib\jasmine-core\jasmine.js:1107:25)
    at Env.describe (C:\Users\scott\Desktop\git repo\trackforce\NGTrackForce\node_modules\jasmine\node_modules\jasmine-core\lib\jasmine-core\jasmine.js:1074:7)
[...]
    at C:\Users\scott\Desktop\git repo\trackforce\NGTrackForce\node_modules\jasminewd2\index.js:112:25
    at new ManagedPromise (C:\Users\scott\Desktop\git repo\trackforce\NGTrackForce\node_modules\selenium-webdriver\lib\promise.js:1077:7)
    at ControlFlow.promise (C:\Users\scott\Desktop\git repo\trackforce\NGTrackForce\node_modules\selenium-webdriver\lib\promise.js:2505:12)
    at schedulerExecute (C:\Users\scott\Desktop\git repo\trackforce\NGTrackForce\node_modules\jasminewd2\index.js:95:18)
    at TaskQueue.execute_ (C:\Users\scott\Desktop\git repo\trackforce\NGTrackForce\node_modules\selenium-webdriver\lib\promise.js:3084:14)
    at TaskQueue.executeNext_ (C:\Users\scott\Desktop\git repo\trackforce\NGTrackForce\node_modules\selenium-webdriver\lib\promise.js:3067:27)
From: Task: Run it("Should select 22nd Century Technologies") in control flow
    at UserContext.<anonymous> (C:\Users\scott\Desktop\git repo\trackforce\NGTrackForce\node_modules\jasminewd2\index.js:94:19)
    at attempt (C:\Users\scott\Desktop\git repo\trackforce\NGTrackForce\node_modules\jasmine\node_modules\jasmine-core\lib\jasmine-core\jasmine.js:4297:26)
    at QueueRunner.run (C:\Users\scott\Desktop\git repo\trackforce\NGTrackForce\node_modules\jasmine\node_modules\jasmine-core\lib\jasmine-core\jasmine.js:4217:20)
    at QueueRunner.execute (C:\Users\scott\Desktop\git repo\trackforce\NGTrackForce\node_modules\jasmine\node_modules\jasmine-core\lib\jasmine-core\jasmine.js:4199:10)
    at Spec.queueRunnerFactory (C:\Users\scott\Desktop\git repo\trackforce\NGTrackForce\node_modules\jasmine\node_modules\jasmine-core\lib\jasmine-core\jasmine.js:909:35)
    at Spec.execute (C:\Users\scott\Desktop\git repo\trackforce\NGTrackForce\node_modules\jasmine\node_modules\jasmine-core\lib\jasmine-core\jasmine.js:526:10)
    at UserContext.fn (C:\Users\scott\Desktop\git repo\trackforce\NGTrackForce\node_modules\jasmine\node_modules\jasmine-core\lib\jasmine-core\jasmine.js:5340:37)
    at attempt (C:\Users\scott\Desktop\git repo\trackforce\NGTrackForce\node_modules\jasmine\node_modules\jasmine-core\lib\jasmine-core\jasmine.js:4297:26)
    at QueueRunner.run (C:\Users\scott\Desktop\git repo\trackforce\NGTrackForce\node_modules\jasmine\node_modules\jasmine-core\lib\jasmine-core\jasmine.js:4217:20)
    at runNext (C:\Users\scott\Desktop\git repo\trackforce\NGTrackForce\node_modules\jasmine\node_modules\jasmine-core\lib\jasmine-core\jasmine.js:4257:20)
From asynchronous test: 
Error
    at Suite.<anonymous> (C:\Users\scott\Desktop\git repo\trackforce\NGTrackForce\e2e\associate-list\associate-list-client.js:31:5)
    at addSpecsToSuite (C:\Users\scott\Desktop\git repo\trackforce\NGTrackForce\node_modules\jasmine\node_modules\jasmine-core\lib\jasmine-core\jasmine.js:1107:25)
    at Env.describe (C:\Users\scott\Desktop\git repo\trackforce\NGTrackForce\node_modules\jasmine\node_modules\jasmine-core\lib\jasmine-core\jasmine.js:1074:7)
    at describe (C:\Users\scott\Desktop\git repo\trackforce\NGTrackForce\node_modules\jasmine\node_modules\jasmine-core\lib\jasmine-core\jasmine.js:4399:18)
    at Object.<anonymous> (C:\Users\scott\Desktop\git repo\trackforce\NGTrackForce\e2e\associate-list\associate-list-client.js:1:63)
    at Module._compile (internal/modules/cjs/loader.js:689:30)
    at Object.Module._extensions..js (internal/modules/cjs/loader.js:700:10)
    at Module.load (internal/modules/cjs/loader.js:599:32)
    at tryModuleLoad (internal/modules/cjs/loader.js:538:12)]]>
   </failure>
  </testcase>
  <testcase classname="Testing associate list via Client Search" name="Should select 3 Edge USA Group, LLC" time="5.297">
   <failure type="exception" message="Failed: No element found using locator: By(css selector, *[id=&quot;exampleFormControlSelect3&quot;])"><![CDATA[NoSuchElementError: No element found using locator: By(css selector, *[id="exampleFormControlSelect3"])
    at elementArrayFinder.getWebElements.then (C:\Users\scott\Desktop\git repo\trackforce\NGTrackForce\node_modules\protractor\built\element.js:814:27)
    at ManagedPromise.invokeCallback_ (C:\Users\scott\Desktop\git repo\trackforce\NGTrackForce\node_modules\selenium-webdriver\lib\promise.js:1376:14)
    at TaskQueue.execute_ (C:\Users\scott\Desktop\git repo\trackforce\NGTrackForce\node_modules\selenium-webdriver\lib\promise.js:3084:14)
    at TaskQueue.executeNext_ (C:\Users\scott\Desktop\git repo\trackforce\NGTrackForce\node_modules\selenium-webdriver\lib\promise.js:3067:27)
    at asyncRun (C:\Users\scott\Desktop\git repo\trackforce\NGTrackForce\node_modules\selenium-webdriver\lib\promise.js:2927:27)
    at C:\Users\scott\Desktop\git repo\trackforce\NGTrackForce\node_modules\selenium-webdriver\lib\promise.js:668:7
    at process._tickCallback (internal/process/next_tick.js:68:7)Error
    at ElementArrayFinder.applyAction_ (C:\Users\scott\Desktop\git repo\trackforce\NGTrackForce\node_modules\protractor\built\element.js:459:27)
    at ElementArrayFinder.(anonymous function).args [as click] (C:\Users\scott\Desktop\git repo\trackforce\NGTrackForce\node_modules\protractor\built\element.js:91:29)
    at ElementFinder.(anonymous function).args [as click] (C:\Users\scott\Desktop\git repo\trackforce\NGTrackForce\node_modules\protractor\built\element.js:831:22)
    at UserContext.<anonymous> (C:\Users\scott\Desktop\git repo\trackforce\NGTrackForce\e2e\associate-list\associate-list-client.js:38:53)
    at C:\Users\scott\Desktop\git repo\trackforce\NGTrackForce\node_modules\jasminewd2\index.js:112:25
    at new ManagedPromise (C:\Users\scott\Desktop\git repo\trackforce\NGTrackForce\node_modules\selenium-webdriver\lib\promise.js:1077:7)
    at ControlFlow.promise (C:\Users\scott\Desktop\git repo\trackforce\NGTrackForce\node_modules\selenium-webdriver\lib\promise.js:2505:12)
    at schedulerExecute (C:\Users\scott\Desktop\git repo\trackforce\NGTrackForce\node_modules\jasminewd2\index.js:95:18)
    at TaskQueue.execute_ (C:\Users\scott\Desktop\git repo\trackforce\NGTrackForce\node_modules\selenium-webdriver\lib\promise.js:3084:14)
    at TaskQueue.executeNext_ (C:\Users\scott\Desktop\git repo\trackforce\NGTrackForce\node_modules\selenium-webdriver\lib\promise.js:3067:27)
From: Task: Run it("Should select 3 Edge USA Group, LLC") in control flow
    at UserContext.<anonymous> (C:\Users\scott\Desktop\git repo\trackforce\NGTrackForce\node_modules\jasminewd2\index.js:94:19)
    at attempt (C:\Users\scott\Desktop\git repo\trackforce\NGTrackForce\node_modules\jasmine\node_modules\jasmine-core\lib\jasmine-core\jasmine.js:4297:26)
    at QueueRunner.run (C:\Users\scott\Desktop\git repo\trackforce\NGTrackForce\node_modules\jasmine\node_modules\jasmine-core\lib\jasmine-core\jasmine.js:4217:20)
    at QueueRunner.execute (C:\Users\scott\Desktop\git repo\trackforce\NGTrackForce\node_modules\jasmine\node_modules\jasmine-core\lib\jasmine-core\jasmine.js:4199:10)
    at Spec.queueRunnerFactory (C:\Users\scott\Desktop\git repo\trackforce\NGTrackForce\node_modules\jasmine\node_modules\jasmine-core\lib\jasmine-core\jasmine.js:909:35)
    at Spec.execute (C:\Users\scott\Desktop\git repo\trackforce\NGTrackForce\node_modules\jasmine\node_modules\jasmine-core\lib\jasmine-core\jasmine.js:526:10)
    at UserContext.fn (C:\Users\scott\Desktop\git repo\trackforce\NGTrackForce\node_modules\jasmine\node_modules\jasmine-core\lib\jasmine-core\jasmine.js:5340:37)
    at attempt (C:\Users\scott\Desktop\git repo\trackforce\NGTrackForce\node_modules\jasmine\node_modules\jasmine-core\lib\jasmine-core\jasmine.js:4297:26)
    at QueueRunner.run (C:\Users\scott\Desktop\git repo\trackforce\NGTrackForce\node_modules\jasmine\node_modules\jasmine-core\lib\jasmine-core\jasmine.js:4217:20)
    at runNext (C:\Users\scott\Desktop\git repo\trackforce\NGTrackForce\node_modules\jasmine\node_modules\jasmine-core\lib\jasmine-core\jasmine.js:4257:20)
From asynchronous test: 
Error
    at Suite.<anonymous> (C:\Users\scott\Desktop\git repo\trackforce\NGTrackForce\e2e\associate-list\associate-list-client.js:37:5)
    at addSpecsToSuite (C:\Users\scott\Desktop\git repo\trackforce\NGTrackForce\node_modules\jasmine\node_modules\jasmine-core\lib\jasmine-core\jasmine.js:1107:25)
    at Env.describe (C:\Users\scott\Desktop\git repo\trackforce\NGTrackForce\node_modules\jasmine\node_modules\jasmine-core\lib\jasmine-core\jasmine.js:1074:7)
    at describe (C:\Users\scott\Desktop\git repo\trackforce\NGTrackForce\node_modules\jasmine\node_modules\jasmine-core\lib\jasmine-core\jasmine.js:4399:18)
    at Object.<anonymous> (C:\Users\scott\Desktop\git repo\trackforce\NGTrackForce\e2e\associate-list\associate-list-client.js:1:63)
    at Module._compile (internal/modules/cjs/loader.js:689:30)
    at Object.Module._extensions..js (internal/modules/cjs/loader.js:700:10)
    at Module.load (internal/modules/cjs/loader.js:599:32)
    at tryModuleLoad (internal/modules/cjs/loader.js:538:12)]]>
   </failure>
  </testcase>
  <testcase classname="Testing associate list via Client Search" name="Should select 3 S Business Corporation Inc (, LLC" time="5.255">
   <failure type="exception" message="Failed: No element found using locator: By(css selector, *[id=&quot;exampleFormControlSelect3&quot;])"><![CDATA[NoSuchElementError: No element found using locator: By(css selector, *[id="exampleFormControlSelect3"])
    at elementArrayFinder.getWebElements.then (C:\Users\scott\Desktop\git repo\trackforce\NGTrackForce\node_modules\protractor\built\element.js:814:27)
    at ManagedPromise.invokeCallback_ (C:\Users\scott\Desktop\git repo\trackforce\NGTrackForce\node_modules\selenium-webdriver\lib\promise.js:1376:14)
    at TaskQueue.execute_ (C:\Users\scott\Desktop\git repo\trackforce\NGTrackForce\node_modules\selenium-webdriver\lib\promise.js:3084:14)
    at TaskQueue.executeNext_ (C:\Users\scott\Desktop\git repo\trackforce\NGTrackForce\node_modules\selenium-webdriver\lib\promise.js:3067:27)
    at asyncRun (C:\Users\scott\Desktop\git repo\trackforce\NGTrackForce\node_modules\selenium-webdriver\lib\promise.js:2927:27)
    at C:\Users\scott\Desktop\git repo\trackforce\NGTrackForce\node_modules\selenium-webdriver\lib\promise.js:668:7
    at process._tickCallback (internal/process/next_tick.js:68:7)Error
    at ElementArrayFinder.applyAction_ (C:\Users\scott\Desktop\git repo\trackforce\NGTrackForce\node_modules\protractor\built\element.js:459:27)
    at ElementArrayFinder.(anonymous function).args [as click] (C:\Users\scott\Desktop\git repo\trackforce\NGTrackForce\node_modules\protractor\built\element.js:91:29)
    at ElementFinder.(anonymous function).args [as click] (C:\Users\scott\Desktop\git repo\trackforce\NGTrackForce\node_modules\protractor\built\element.js:831:22)
    at UserContext.<anonymous> (C:\Users\scott\Desktop\git repo\trackforce\NGTrackForce\e2e\associate-list\associate-list-client.js:44:53)
    at C:\Users\scott\Desktop\git repo\trackforce\NGTrackForce\node_modules\jasminewd2\index.js:112:25
    at new ManagedPromise (C:\Users\scott\Desktop\git repo\trackforce\NGTrackForce\node_modules\selenium-webdriver\lib\promise.js:1077:7)
    at ControlFlow.promise (C:\Users\scott\Desktop\git repo\trackforce\NGTrackForce\node_modules\selenium-webdriver\lib\promise.js:2505:12)
    at schedulerExecute (C:\Users\scott\Desktop\git repo\trackforce\NGTrackForce\node_modules\jasminewd2\index.js:95:18)
    at TaskQueue.execute_ (C:\Users\scott\Desktop\git repo\trackforce\NGTrackForce\node_modules\selenium-webdriver\lib\promise.js:3084:14)
    at TaskQueue.executeNext_ (C:\Users\scott\Desktop\git repo\trackforce\NGTrackForce\node_modules\selenium-webdriver\lib\promise.js:3067:27)
From: Task: Run it("Should select 3 S Business Corporation Inc (, LLC") in control flow
    at UserContext.<anonymous> (C:\Users\scott\Desktop\git repo\trackforce\NGTrackForce\node_modules\jasminewd2\index.js:94:19)
    at attempt (C:\Users\scott\Desktop\git repo\trackforce\NGTrackForce\node_modules\jasmine\node_modules\jasmine-core\lib\jasmine-core\jasmine.js:4297:26)
    at QueueRunner.run (C:\Users\scott\Desktop\git repo\trackforce\NGTrackForce\node_modules\jasmine\node_modules\jasmine-core\lib\jasmine-core\jasmine.js:4217:20)
    at QueueRunner.execute (C:\Users\scott\Desktop\git repo\trackforce\NGTrackForce\node_modules\jasmine\node_modules\jasmine-core\lib\jasmine-core\jasmine.js:4199:10)
    at Spec.queueRunnerFactory (C:\Users\scott\Desktop\git repo\trackforce\NGTrackForce\node_modules\jasmine\node_modules\jasmine-core\lib\jasmine-core\jasmine.js:909:35)
    at Spec.execute (C:\Users\scott\Desktop\git repo\trackforce\NGTrackForce\node_modules\jasmine\node_modules\jasmine-core\lib\jasmine-core\jasmine.js:526:10)
    at UserContext.fn (C:\Users\scott\Desktop\git repo\trackforce\NGTrackForce\node_modules\jasmine\node_modules\jasmine-core\lib\jasmine-core\jasmine.js:5340:37)
    at attempt (C:\Users\scott\Desktop\git repo\trackforce\NGTrackForce\node_modules\jasmine\node_modules\jasmine-core\lib\jasmine-core\jasmine.js:4297:26)
    at QueueRunner.run (C:\Users\scott\Desktop\git repo\trackforce\NGTrackForce\node_modules\jasmine\node_modules\jasmine-core\lib\jasmine-core\jasmine.js:4217:20)
    at runNext (C:\Users\scott\Desktop\git repo\trackforce\NGTrackForce\node_modules\jasmine\node_modules\jasmine-core\lib\jasmine-core\jasmine.js:4257:20)
From asynchronous test: 
Error
    at Suite.<anonymous> (C:\Users\scott\Desktop\git repo\trackforce\NGTrackForce\e2e\associate-list\associate-list-client.js:43:5)
    at addSpecsToSuite (C:\Users\scott\Desktop\git repo\trackforce\NGTrackForce\node_modules\jasmine\node_modules\jasmine-core\lib\jasmine-core\jasmine.js:1107:25)
    at Env.describe (C:\Users\scott\Desktop\git repo\trackforce\NGTrackForce\node_modules\jasmine\node_modules\jasmine-core\lib\jasmine-core\jasmine.js:1074:7)
    at describe (C:\Users\scott\Desktop\git repo\trackforce\NGTrackForce\node_modules\jasmine\node_modules\jasmine-core\lib\jasmine-core\jasmine.js:4399:18)
    at Object.<anonymous> (C:\Users\scott\Desktop\git repo\trackforce\NGTrackForce\e2e\associate-list\associate-list-client.js:1:63)
    at Module._compile (internal/modules/cjs/loader.js:689:30)
    at Object.Module._extensions..js (internal/modules/cjs/loader.js:700:10)
    at Module.load (internal/modules/cjs/loader.js:599:32)
    at tryModuleLoad (internal/modules/cjs/loader.js:538:12)]]>
   </failure>
  </testcase>
  <testcase classname="Testing associate list via Client Search" name="Should select some more" time="5.304">
   <failure type="exception" message="Failed: No element found using locator: By(css selector, *[id=&quot;exampleFormControlSelect3&quot;])"><![CDATA[NoSuchElementError: No element found using locator: By(css selector, *[id="exampleFormControlSelect3"])
    at elementArrayFinder.getWebElements.then (C:\Users\scott\Desktop\git repo\trackforce\NGTrackForce\node_modules\protractor\built\element.js:814:27)
    at ManagedPromise.invokeCallback_ (C:\Users\scott\Desktop\git repo\trackforce\NGTrackForce\node_modules\selenium-webdriver\lib\promise.js:1376:14)
    at TaskQueue.execute_ (C:\Users\scott\Desktop\git repo\trackforce\NGTrackForce\node_modules\selenium-webdriver\lib\promise.js:3084:14)
    at TaskQueue.executeNext_ (C:\Users\scott\Desktop\git repo\trackforce\NGTrackForce\node_modules\selenium-webdriver\lib\promise.js:3067:27)
    at asyncRun (C:\Users\scott\Desktop\git repo\trackforce\NGTrackForce\node_modules\selenium-webdriver\lib\promise.js:2927:27)
    at C:\Users\scott\Desktop\git repo\trackforce\NGTrackForce\node_modules\selenium-webdriver\lib\promise.js:668:7
    at process._tickCallback (internal/process/next_tick.js:68:7)Error
    at ElementArrayFinder.applyAction_ (C:\Users\scott\Desktop\git repo\trackforce\NGTrackForce\node_modules\protractor\built\element.js:459:27)
    at ElementArrayFinder.(anonymous function).args [as click] (C:\Users\scott\Desktop\git repo\trackforce\NGTrackForce\node_modules\protractor\built\element.js:91:29)
    at ElementFinder.(anonymous function).args [as click] (C:\Users\scott\Desktop\git repo\trackforce\NGTrackForce\node_modules\protractor\built\element.js:831:22)
    at UserContext.<anonymous> (C:\Users\scott\Desktop\git repo\trackforce\NGTrackForce\e2e\associate-list\associate-list-client.js:51:57)
    at C:\Users\scott\Desktop\git repo\trackforce\NGTrackForce\node_modules\jasminewd2\index.js:112:25
    at new ManagedPromise (C:\Users\scott\Desktop\git repo\trackforce\NGTrackForce\node_modules\selenium-webdriver\lib\promise.js:1077:7)
    at ControlFlow.promise (C:\Users\scott\Desktop\git repo\trackforce\NGTrackForce\node_modules\selenium-webdriver\lib\promise.js:2505:12)
    at schedulerExecute (C:\Users\scott\Desktop\git repo\trackforce\NGTrackForce\node_modules\jasminewd2\index.js:95:18)
    at TaskQueue.execute_ (C:\Users\scott\Desktop\git repo\trackforce\NGTrackForce\node_modules\selenium-webdriver\lib\promise.js:3084:14)
    at TaskQueue.executeNext_ (C:\Users\scott\Desktop\git repo\trackforce\NGTrackForce\node_modules\selenium-webdriver\lib\promise.js:3067:27)
From: Task: Run it("Should select some more") in control flow
    at UserContext.<anonymous> (C:\Users\scott\Desktop\git repo\trackforce\NGTrackForce\node_modules\jasminewd2\index.js:94:19)
    at attempt (C:\Users\scott\Desktop\git repo\trackforce\NGTrackForce\node_modules\jasmine\node_modules\jasmine-core\lib\jasmine-core\jasmine.js:4297:26)
    at QueueRunner.run (C:\Users\scott\Desktop\git repo\trackforce\NGTrackForce\node_modules\jasmine\node_modules\jasmine-core\lib\jasmine-core\jasmine.js:4217:20)
    at QueueRunner.execute (C:\Users\scott\Desktop\git repo\trackforce\NGTrackForce\node_modules\jasmine\node_modules\jasmine-core\lib\jasmine-core\jasmine.js:4199:10)
    at Spec.queueRunnerFactory (C:\Users\scott\Desktop\git repo\trackforce\NGTrackForce\node_modules\jasmine\node_modules\jasmine-core\lib\jasmine-core\jasmine.js:909:35)
    at Spec.execute (C:\Users\scott\Desktop\git repo\trackforce\NGTrackForce\node_modules\jasmine\node_modules\jasmine-core\lib\jasmine-core\jasmine.js:526:10)
    at UserContext.fn (C:\Users\scott\Desktop\git repo\trackforce\NGTrackForce\node_modules\jasmine\node_modules\jasmine-core\lib\jasmine-core\jasmine.js:5340:37)
    at attempt (C:\Users\scott\Desktop\git repo\trackforce\NGTrackForce\node_modules\jasmine\node_modules\jasmine-core\lib\jasmine-core\jasmine.js:4297:26)
    at QueueRunner.run (C:\Users\scott\Desktop\git repo\trackforce\NGTrackForce\node_modules\jasmine\node_modules\jasmine-core\lib\jasmine-core\jasmine.js:4217:20)
    at runNext (C:\Users\scott\Desktop\git repo\trackforce\NGTrackForce\node_modules\jasmine\node_modules\jasmine-core\lib\jasmine-core\jasmine.js:4257:20)
From asynchronous test: 
Error
    at Suite.<anonymous> (C:\Users\scott\Desktop\git repo\trackforce\NGTrackForce\e2e\associate-list\associate-list-client.js:48:5)
    at addSpecsToSuite (C:\Users\scott\Desktop\git repo\trackforce\NGTrackForce\node_modules\jasmine\node_modules\jasmine-core\lib\jasmine-core\jasmine.js:1107:25)
    at Env.describe (C:\Users\scott\Desktop\git repo\trackforce\NGTrackForce\node_modules\jasmine\node_modules\jasmine-core\lib\jasmine-core\jasmine.js:1074:7)
    at describe (C:\Users\scott\Desktop\git repo\trackforce\NGTrackForce\node_modules\jasmine\node_modules\jasmine-core\lib\jasmine-core\jasmine.js:4399:18)
    at Object.<anonymous> (C:\Users\scott\Desktop\git repo\trackforce\NGTrackForce\e2e\associate-list\associate-list-client.js:1:63)
    at Module._compile (internal/modules/cjs/loader.js:689:30)
    at Object.Module._extensions..js (internal/modules/cjs/loader.js:700:10)
    at Module.load (internal/modules/cjs/loader.js:599:32)
    at tryModuleLoad (internal/modules/cjs/loader.js:538:12)]]>
   </failure>
  </testcase>
  <testcase classname="Testing associate list via Client Search" name="should log out" time="0.407" />
 </testsuite>
</testsuites>