<?xml version="1.0" encoding="UTF-8" ?>
<testsuites disabled="0" errors="0" failures="0" tests="12" time="13.728">
 <testsuite name="login page element existences" timestamp="2018-09-04T14:58:21" hostname="localhost" time="4.788" errors="0" tests="6" skipped="0" disabled="0" failures="0">
  <testcase classname="login page element existences" name="should have a username input box" time="0.006" />
  <testcase classname="login page element existences" name="should have a password input box" time="0.002" />
  <testcase classname="login page element existences" name="should have a login button" time="0.001" />
  <testcase classname="login page element existences" name="should display proper placeholder: Username" time="0.036" />
  <testcase classname="login page element existences" name="should display proper placeholder: Password" time="0.031" />
  <testcase classname="login page element existences" name="should display proper value for button" time="0.04" />
 </testsuite>
 <testsuite name="Confirm login failures" timestamp="2018-09-04T14:58:25" hostname="localhost" time="1.763" errors="0" tests="2" skipped="0" disabled="0" failures="0">
  <testcase classname="Confirm login failures" name="should fail to log in when nothing is entered" time="0.103" />
  <testcase classname="Confirm login failures" name="should fail to login when incorrect credentials are entered" time="0.394" />
 </testsuite>
 <testsuite name="Login in  with proper credentials" timestamp="2018-09-04T14:58:27" hostname="localhost" time="7.177" errors="0" tests="4" skipped="0" disabled="0" failures="0">
  <testcase classname="Login in  with proper credentials" name="should be able to login in with admin credentials and reach the admin page" time="0.843" />
  <testcase classname="Login in  with proper credentials" name="should be able to login in with associate credentials and reach the associate page" time="2.336" />
  <testcase classname="Login in  with proper credentials" name="should be able to login in with Manager credentials and reach the Admin page" time="1.323" />
  <testcase classname="Login in  with proper credentials" name="should be able to login in with Sales Team credentials and reach the Admin page" time="1.358" />
 </testsuite>
</testsuites>