<?xml version="1.0" encoding="UTF-8" ?>
<testsuites disabled="3" errors="0" failures="74" tests="129" time="101.364">
 <testsuite name="A new user should able to register" timestamp="2018-10-29T11:03:53" hostname="localhost" time="3.112" errors="0" tests="9" skipped="0" disabled="0" failures="1">
  <testcase classname="A new user should able to register" name="should navigate to the login page" time="1.277" />
  <testcase classname="A new user should able to register" name="allow user to click the register button" time="0.138" />
  <testcase classname="A new user should able to register" name="allow associate to enter a username" time="0.104" />
  <testcase classname="A new user should able to register" name="allow associate to enter a valid password" time="0.105" />
  <testcase classname="A new user should able to register" name="allow associate to re-enter a valid password" time="0.102" />
  <testcase classname="A new user should able to register" name="should allow associate to enter first name" time="0.088" />
  <testcase classname="A new user should able to register" name="should allow associate to enter last name" time="0.085" />
  <testcase classname="A new user should able to register" name="show allow associate to pick a role" time="0.082" />
  <testcase classname="A new user should able to register" name="should allow the user to register as an associate" time="0.32">
   <failure type="toContain" message="Expected &apos;Error: New Associate is not created!&apos; to contain &apos;Associate account creation successful.&apos;."><![CDATA[Error: Failed expectation
    at UserContext.<anonymous> (C:\Users\kakas\Desktop\Revature_Training\Projects\ProjectThree_Trackforce\trackforce\NGTrackForce\e2e\register-associate\register-associate.e2e-spec.ts:69:63)
    at C:\Users\kakas\AppData\Roaming\npm\node_modules\protractor\node_modules\jasminewd2\index.js:112:25
    at new ManagedPromise (C:\Users\kakas\AppData\Roaming\npm\node_modules\protractor\node_modules\selenium-webdriver\lib\promise.js:1077:7)
    at ControlFlow.promise (C:\Users\kakas\AppData\Roaming\npm\node_modules\protractor\node_modules\selenium-webdriver\lib\promise.js:2505:12)
    at schedulerExecute (C:\Users\kakas\AppData\Roaming\npm\node_modules\protractor\node_modules\jasminewd2\index.js:95:18)
    at TaskQueue.execute_ (C:\Users\kakas\AppData\Roaming\npm\node_modules\protractor\node_modules\selenium-webdriver\lib\promise.js:3084:14)
    at TaskQueue.executeNext_ (C:\Users\kakas\AppData\Roaming\npm\node_modules\protractor\node_modules\selenium-webdriver\lib\promise.js:3067:27)
    at asyncRun (C:\Users\kakas\AppData\Roaming\npm\node_modules\protractor\node_modules\selenium-webdriver\lib\promise.js:2974:25)
    at C:\Users\kakas\AppData\Roaming\npm\node_modules\protractor\node_modules\selenium-webdriver\lib\promise.js:668:7]]>
   </failure>
  </testcase>
 </testsuite>
 <testsuite name="A new user should not be able to register with a short username" timestamp="2018-10-29T11:03:56" hostname="localhost" time="0.961" errors="0" tests="2" skipped="0" disabled="0" failures="0">
  <testcase classname="A new user should not be able to register with a short username" name="allow associate to enter an invalid username" time="0.096" />
  <testcase classname="A new user should not be able to register with a short username" name="should not allow the user to register with an invalid username" time="0.114" />
 </testsuite>
 <testsuite name="A new user should not be able to register with a weak password" timestamp="2018-10-29T11:03:57" hostname="localhost" time="1.029" errors="0" tests="3" skipped="0" disabled="0" failures="0">
  <testcase classname="A new user should not be able to register with a weak password" name="allow associate to enter an invalid password" time="0.115" />
  <testcase classname="A new user should not be able to register with a weak password" name="allow associate to re-enter an invalid password" time="0.101" />
  <testcase classname="A new user should not be able to register with a weak password" name="should not allow the user to register with an invalid password" time="0.106" />
 </testsuite>
 <testsuite name="A new user should not be able to register with a mismatched paswords" timestamp="2018-10-29T11:03:58" hostname="localhost" time="1.122" errors="0" tests="2" skipped="0" disabled="0" failures="0">
  <testcase classname="A new user should not be able to register with a mismatched paswords" name="allow associate to enter an different password" time="0.096" />
  <testcase classname="A new user should not be able to register with a mismatched paswords" name="should not allow the user to register with an invalid username" time="0.114" />
 </testsuite>
 <testsuite name="A new user should not be able to register with a mismatched paswords" timestamp="2018-10-29T11:04:00" hostname="localhost" time="1.087" errors="0" tests="1" skipped="0" disabled="0" failures="0">
  <testcase classname="A new user should not be able to register with a mismatched paswords" name="should not allow the user to register without selecting a role " time="0.098" />
 </testsuite>
 <testsuite name="login page element existences" timestamp="2018-10-29T11:04:01" hostname="localhost" time="0.254" errors="0" tests="6" skipped="0" disabled="0" failures="0">
  <testcase classname="login page element existences" name="should have a username input box" time="0.006" />
  <testcase classname="login page element existences" name="should have a password input box" time="0.001" />
  <testcase classname="login page element existences" name="should have a login button" time="0.001" />
  <testcase classname="login page element existences" name="should display proper placeholder: Username" time="0.029" />
  <testcase classname="login page element existences" name="should display proper placeholder: Password" time="0.03" />
  <testcase classname="login page element existences" name="should display proper value for button" time="0.041" />
 </testsuite>
 <testsuite name="Confirm login failures" timestamp="2018-10-29T11:04:01" hostname="localhost" time="0.718" errors="0" tests="2" skipped="0" disabled="0" failures="1">
  <testcase classname="Confirm login failures" name="should fail to log in when nothing is entered" time="0.114" />
  <testcase classname="Confirm login failures" name="should fail to login when incorrect credentials are entered" time="0.356">
   <failure type="toContain" message="Expected &apos;The login service could not be reached&apos; to contain &apos;Invalid username and/or password&apos;."><![CDATA[Error: Failed expectation
    at UserContext.<anonymous> (C:\Users\kakas\Desktop\Revature_Training\Projects\ProjectThree_Trackforce\trackforce\NGTrackForce\e2e\login\login.e2e-spec.ts:70:43)
    at C:\Users\kakas\AppData\Roaming\npm\node_modules\protractor\node_modules\jasminewd2\index.js:112:25
    at new ManagedPromise (C:\Users\kakas\AppData\Roaming\npm\node_modules\protractor\node_modules\selenium-webdriver\lib\promise.js:1077:7)
    at ControlFlow.promise (C:\Users\kakas\AppData\Roaming\npm\node_modules\protractor\node_modules\selenium-webdriver\lib\promise.js:2505:12)
    at schedulerExecute (C:\Users\kakas\AppData\Roaming\npm\node_modules\protractor\node_modules\jasminewd2\index.js:95:18)
    at TaskQueue.execute_ (C:\Users\kakas\AppData\Roaming\npm\node_modules\protractor\node_modules\selenium-webdriver\lib\promise.js:3084:14)
    at TaskQueue.executeNext_ (C:\Users\kakas\AppData\Roaming\npm\node_modules\protractor\node_modules\selenium-webdriver\lib\promise.js:3067:27)
    at asyncRun (C:\Users\kakas\AppData\Roaming\npm\node_modules\protractor\node_modules\selenium-webdriver\lib\promise.js:2974:25)
    at C:\Users\kakas\AppData\Roaming\npm\node_modules\protractor\node_modules\selenium-webdriver\lib\promise.js:668:7]]>
   </failure>
  </testcase>
 </testsuite>
 <testsuite name="Login in with proper credentials" timestamp="2018-10-29T11:04:02" hostname="localhost" time="13.61" errors="0" tests="5" skipped="1" disabled="0" failures="4">
  <testcase classname="Login in with proper credentials" name="should be able to login in with admin credentials and reach the admin page" time="2.802">
   <failure type="toEqual" message="Expected &apos;http://ec2-34-227-178-103.compute-1.amazonaws.com:8090/NGTrackForce/login&apos; to equal &apos;http://ec2-34-227-178-103.compute-1.amazonaws.com:8090/NGTrackForce/app-home&apos;."><![CDATA[Error: Failed expectation
    at UserContext.<anonymous> (C:\Users\kakas\Desktop\Revature_Training\Projects\ProjectThree_Trackforce\trackforce\NGTrackForce\e2e\login\login.e2e-spec.ts:91:34)
    at C:\Users\kakas\AppData\Roaming\npm\node_modules\protractor\node_modules\jasminewd2\index.js:112:25
    at new ManagedPromise (C:\Users\kakas\AppData\Roaming\npm\node_modules\protractor\node_modules\selenium-webdriver\lib\promise.js:1077:7)
    at ControlFlow.promise (C:\Users\kakas\AppData\Roaming\npm\node_modules\protractor\node_modules\selenium-webdriver\lib\promise.js:2505:12)
    at schedulerExecute (C:\Users\kakas\AppData\Roaming\npm\node_modules\protractor\node_modules\jasminewd2\index.js:95:18)
    at TaskQueue.execute_ (C:\Users\kakas\AppData\Roaming\npm\node_modules\protractor\node_modules\selenium-webdriver\lib\promise.js:3084:14)
    at TaskQueue.executeNext_ (C:\Users\kakas\AppData\Roaming\npm\node_modules\protractor\node_modules\selenium-webdriver\lib\promise.js:3067:27)
    at asyncRun (C:\Users\kakas\AppData\Roaming\npm\node_modules\protractor\node_modules\selenium-webdriver\lib\promise.js:2974:25)
    at C:\Users\kakas\AppData\Roaming\npm\node_modules\protractor\node_modules\selenium-webdriver\lib\promise.js:668:7]]>
   </failure>
  </testcase>
  <testcase classname="Login in with proper credentials" name="should be able to login in with associate credentials and reach the associate page" time="0.001">
   <skipped message="Temporarily disabled with xit" />
  </testcase>
  <testcase classname="Login in with proper credentials" name="should be able to login in with Manager credentials and reach the Admin page" time="3.244">
   <failure type="toEqual" message="Expected &apos;http://ec2-34-227-178-103.compute-1.amazonaws.com:8090/NGTrackForce/login&apos; to equal &apos;http://ec2-34-227-178-103.compute-1.amazonaws.com:8090/NGTrackForce/app-home&apos;."><![CDATA[Error: Failed expectation
    at UserContext.<anonymous> (C:\Users\kakas\Desktop\Revature_Training\Projects\ProjectThree_Trackforce\trackforce\NGTrackForce\e2e\login\login.e2e-spec.ts:101:34)
    at C:\Users\kakas\AppData\Roaming\npm\node_modules\protractor\node_modules\jasminewd2\index.js:112:25
    at new ManagedPromise (C:\Users\kakas\AppData\Roaming\npm\node_modules\protractor\node_modules\selenium-webdriver\lib\promise.js:1077:7)
    at ControlFlow.promise (C:\Users\kakas\AppData\Roaming\npm\node_modules\protractor\node_modules\selenium-webdriver\lib\promise.js:2505:12)
    at schedulerExecute (C:\Users\kakas\AppData\Roaming\npm\node_modules\protractor\node_modules\jasminewd2\index.js:95:18)
    at TaskQueue.execute_ (C:\Users\kakas\AppData\Roaming\npm\node_modules\protractor\node_modules\selenium-webdriver\lib\promise.js:3084:14)
    at TaskQueue.executeNext_ (C:\Users\kakas\AppData\Roaming\npm\node_modules\protractor\node_modules\selenium-webdriver\lib\promise.js:3067:27)
    at asyncRun (C:\Users\kakas\AppData\Roaming\npm\node_modules\protractor\node_modules\selenium-webdriver\lib\promise.js:2974:25)
    at C:\Users\kakas\AppData\Roaming\npm\node_modules\protractor\node_modules\selenium-webdriver\lib\promise.js:668:7]]>
   </failure>
  </testcase>
  <testcase classname="Login in with proper credentials" name="should be able to login in with Trainer credentials and reach the Trainer page" time="3.365">
   <failure type="toEqual" message="Expected &apos;http://ec2-34-227-178-103.compute-1.amazonaws.com:8090/NGTrackForce/login&apos; to equal &apos;http://ec2-34-227-178-103.compute-1.amazonaws.com:8090/NGTrackForce/trainer-view&apos;."><![CDATA[Error: Failed expectation
    at UserContext.<anonymous> (C:\Users\kakas\Desktop\Revature_Training\Projects\ProjectThree_Trackforce\trackforce\NGTrackForce\e2e\login\login.e2e-spec.ts:106:34)
    at C:\Users\kakas\AppData\Roaming\npm\node_modules\protractor\node_modules\jasminewd2\index.js:112:25
    at new ManagedPromise (C:\Users\kakas\AppData\Roaming\npm\node_modules\protractor\node_modules\selenium-webdriver\lib\promise.js:1077:7)
    at ControlFlow.promise (C:\Users\kakas\AppData\Roaming\npm\node_modules\protractor\node_modules\selenium-webdriver\lib\promise.js:2505:12)
    at schedulerExecute (C:\Users\kakas\AppData\Roaming\npm\node_modules\protractor\node_modules\jasminewd2\index.js:95:18)
    at TaskQueue.execute_ (C:\Users\kakas\AppData\Roaming\npm\node_modules\protractor\node_modules\selenium-webdriver\lib\promise.js:3084:14)
    at TaskQueue.executeNext_ (C:\Users\kakas\AppData\Roaming\npm\node_modules\protractor\node_modules\selenium-webdriver\lib\promise.js:3067:27)
    at asyncRun (C:\Users\kakas\AppData\Roaming\npm\node_modules\protractor\node_modules\selenium-webdriver\lib\promise.js:2927:27)
    at C:\Users\kakas\AppData\Roaming\npm\node_modules\protractor\node_modules\selenium-webdriver\lib\promise.js:668:7]]>
   </failure>
  </testcase>
  <testcase classname="Login in with proper credentials" name="should be able to login in with Sales Team credentials and reach the Admin page" time="3.364">
   <failure type="toEqual" message="Expected &apos;http://ec2-34-227-178-103.compute-1.amazonaws.com:8090/NGTrackForce/login&apos; to equal &apos;http://ec2-34-227-178-103.compute-1.amazonaws.com:8090/NGTrackForce/app-home&apos;."><![CDATA[Error: Failed expectation
    at UserContext.<anonymous> (C:\Users\kakas\Desktop\Revature_Training\Projects\ProjectThree_Trackforce\trackforce\NGTrackForce\e2e\login\login.e2e-spec.ts:111:34)
    at C:\Users\kakas\AppData\Roaming\npm\node_modules\protractor\node_modules\jasminewd2\index.js:112:25
    at new ManagedPromise (C:\Users\kakas\AppData\Roaming\npm\node_modules\protractor\node_modules\selenium-webdriver\lib\promise.js:1077:7)
    at ControlFlow.promise (C:\Users\kakas\AppData\Roaming\npm\node_modules\protractor\node_modules\selenium-webdriver\lib\promise.js:2505:12)
    at schedulerExecute (C:\Users\kakas\AppData\Roaming\npm\node_modules\protractor\node_modules\jasminewd2\index.js:95:18)
    at TaskQueue.execute_ (C:\Users\kakas\AppData\Roaming\npm\node_modules\protractor\node_modules\selenium-webdriver\lib\promise.js:3084:14)
    at TaskQueue.executeNext_ (C:\Users\kakas\AppData\Roaming\npm\node_modules\protractor\node_modules\selenium-webdriver\lib\promise.js:3067:27)
    at asyncRun (C:\Users\kakas\AppData\Roaming\npm\node_modules\protractor\node_modules\selenium-webdriver\lib\promise.js:2927:27)
    at C:\Users\kakas\AppData\Roaming\npm\node_modules\protractor\node_modules\selenium-webdriver\lib\promise.js:668:7]]>
   </failure>
  </testcase>
 </testsuite>
 <testsuite name="The admin navbar is functional" timestamp="2018-10-29T11:04:15" hostname="localhost" time="8.476" errors="0" tests="8" skipped="0" disabled="0" failures="1">
  <testcase classname="The admin navbar is functional" name="should navigate to home page" time="0.416">
   <failure type="exception" message="Failed: No element found using locator: By(link text, Home)"><![CDATA[NoSuchElementError: No element found using locator: By(link text, Home)
    at elementArrayFinder.getWebElements.then (C:\Users\kakas\AppData\Roaming\npm\node_modules\protractor\built\element.js:814:27)
    at ManagedPromise.invokeCallback_ (C:\Users\kakas\AppData\Roaming\npm\node_modules\protractor\node_modules\selenium-webdriver\lib\promise.js:1376:14)
    at TaskQueue.execute_ (C:\Users\kakas\AppData\Roaming\npm\node_modules\protractor\node_modules\selenium-webdriver\lib\promise.js:3084:14)
    at TaskQueue.executeNext_ (C:\Users\kakas\AppData\Roaming\npm\node_modules\protractor\node_modules\selenium-webdriver\lib\promise.js:3067:27)
    at asyncRun (C:\Users\kakas\AppData\Roaming\npm\node_modules\protractor\node_modules\selenium-webdriver\lib\promise.js:2927:27)
    at C:\Users\kakas\AppData\Roaming\npm\node_modules\protractor\node_modules\selenium-webdriver\lib\promise.js:668:7
    at <anonymous>
    at process._tickCallback (internal/process/next_tick.js:189:7)Error
    at ElementArrayFinder.applyAction_ (C:\Users\kakas\AppData\Roaming\npm\node_modules\protractor\built\element.js:459:27)
    at ElementArrayFinder.(anonymous function).args [as click] (C:\Users\kakas\AppData\Roaming\npm\node_modules\protractor\built\element.js:91:29)
    at ElementFinder.(anonymous function).args [as click] (C:\Users\kakas\AppData\Roaming\npm\node_modules\protractor\built\element.js:831:22)
    at Navbar.goToAdminHome (C:\Users\kakas\Desktop\Revature_Training\Projects\ProjectThree_Trackforce\trackforce\NGTrackForce\e2e\navbar\navbar.po.ts:12:36)
    at UserContext.<anonymous> (C:\Users\kakas\Desktop\Revature_Training\Projects\ProjectThree_Trackforce\trackforce\NGTrackForce\e2e\navbar\navbar.e2e-spec.ts:22:16)
    at C:\Users\kakas\AppData\Roaming\npm\node_modules\protractor\node_modules\jasminewd2\index.js:112:25
    at new ManagedPromise (C:\Users\kakas\AppData\Roaming\npm\node_modules\protractor\node_modules\selenium-webdriver\lib\promise.js:1077:7)
    at ControlFlow.promise (C:\Users\kakas\AppData\Roaming\npm\node_modules\protractor\node_modules\selenium-webdriver\lib\promise.js:2505:12)
    at schedulerExecute (C:\Users\kakas\AppData\Roaming\npm\node_modules\protractor\node_modules\jasminewd2\index.js:95:18)
    at TaskQueue.execute_ (C:\Users\kakas\AppData\Roaming\npm\node_modules\protractor\node_modules\selenium-webdriver\lib\promise.js:3084:14)
From: Task: Run it("should navigate to home page") in control flow
    at UserContext.<anonymous> (C:\Users\kakas\AppData\Roaming\npm\node_modules\protractor\node_modules\jasminewd2\index.js:94:19)
    at attempt (C:\Users\kakas\AppData\Roaming\npm\node_modules\protractor\node_modules\jasmine-core\lib\jasmine-core\jasmine.js:4297:26)
    at QueueRunner.run (C:\Users\kakas\AppData\Roaming\npm\node_modules\protractor\node_modules\jasmine-core\lib\jasmine-core\jasmine.js:4217:20)
    at QueueRunner.execute (C:\Users\kakas\AppData\Roaming\npm\node_modules\protractor\node_modules\jasmine-core\lib\jasmine-core\jasmine.js:4199:10)
    at Spec.queueRunnerFactory (C:\Users\kakas\AppData\Roaming\npm\node_modules\protractor\node_modules\jasmine-core\lib\jasmine-core\jasmine.js:909:35)
    at Spec.execute (C:\Users\kakas\AppData\Roaming\npm\node_modules\protractor\node_modules\jasmine-core\lib\jasmine-core\jasmine.js:526:10)
    at UserContext.fn (C:\Users\kakas\AppData\Roaming\npm\node_modules\protractor\node_modules\jasmine-core\lib\jasmine-core\jasmine.js:5340:37)
    at attempt (C:\Users\kakas\AppData\Roaming\npm\node_modules\protractor\node_modules\jasmine-core\lib\jasmine-core\jasmine.js:4297:26)
    at QueueRunner.run (C:\Users\kakas\AppData\Roaming\npm\node_modules\protractor\node_modules\jasmine-core\lib\jasmine-core\jasmine.js:4217:20)
    at runNext (C:\Users\kakas\AppData\Roaming\npm\node_modules\protractor\node_modules\jasmine-core\lib\jasmine-core\jasmine.js:4257:20)
From asynchronous test: 
Error
    at Suite.<anonymous> (C:\Users\kakas\Desktop\Revature_Training\Projects\ProjectThree_Trackforce\trackforce\NGTrackForce\e2e\navbar\navbar.e2e-spec.ts:21:5)
    at addSpecsToSuite (C:\Users\kakas\AppData\Roaming\npm\node_modules\protractor\node_modules\jasmine-core\lib\jasmine-core\jasmine.js:1107:25)
    at Env.describe (C:\Users\kakas\AppData\Roaming\npm\node_modules\protractor\node_modules\jasmine-core\lib\jasmine-core\jasmine.js:1074:7)
    at describe (C:\Users\kakas\AppData\Roaming\npm\node_modules\protractor\node_modules\jasmine-core\lib\jasmine-core\jasmine.js:4399:18)
    at Object.<anonymous> (C:\Users\kakas\Desktop\Revature_Training\Projects\ProjectThree_Trackforce\trackforce\NGTrackForce\e2e\navbar\navbar.e2e-spec.ts:10:1)
    at Module._compile (module.js:653:30)
    at Module.m._compile (C:\Users\kakas\Desktop\Revature_Training\Projects\ProjectThree_Trackforce\trackforce\NGTrackForce\node_modules\ts-node\src\index.ts:422:23)
    at Module._extensions..js (module.js:664:10)
    at Object.require.extensions.(anonymous function) [as .ts] (C:\Users\kakas\Desktop\Revature_Training\Projects\ProjectThree_Trackforce\trackforce\NGTrackForce\node_modules\ts-node\src\index.ts:425:12)]]>
   </failure>
  </testcase>
  <testcase classname="The admin navbar is functional" name="should navigate to client list page" time="2.769" />
  <testcase classname="The admin navbar is functional" name="should navigate to batch list page" time="0.473" />
  <testcase classname="The admin navbar is functional" name="should navigate to associate lising" time="1.474" />
  <testcase classname="The admin navbar is functional" name="should navigate to predictions" time="1.25" />
  <testcase classname="The admin navbar is functional" name="should navigate to create user" time="0.231" />
  <testcase classname="The admin navbar is functional" name="should navigate to salesforce" time="0.218" />
  <testcase classname="The admin navbar is functional" name="should be able to logout" time="0.317" />
 </testsuite>
 <testsuite name="The Asscoiate navbar is functional" timestamp="2018-10-29T11:04:24" hostname="localhost" time="0.001" errors="0" tests="3" skipped="0" disabled="3" failures="0">
  <testcase classname="The Asscoiate navbar is functional" name="should navigate to home page" time="0">
   <skipped />
  </testcase>
  <testcase classname="The Asscoiate navbar is functional" name="should navigate to My Interviews" time="0">
   <skipped />
  </testcase>
  <testcase classname="The Asscoiate navbar is functional" name="should be able to logout" time="0.001">
   <skipped />
  </testcase>
 </testsuite>
 <testsuite name="The Staging Manager navbar is functional" timestamp="2018-10-29T11:04:24" hostname="localhost" time="6.471" errors="0" tests="7" skipped="0" disabled="0" failures="1">
  <testcase classname="The Staging Manager navbar is functional" name="should navigate to home page" time="0.326">
   <failure type="exception" message="Failed: No element found using locator: By(link text, Home)"><![CDATA[NoSuchElementError: No element found using locator: By(link text, Home)
    at elementArrayFinder.getWebElements.then (C:\Users\kakas\AppData\Roaming\npm\node_modules\protractor\built\element.js:814:27)
    at ManagedPromise.invokeCallback_ (C:\Users\kakas\AppData\Roaming\npm\node_modules\protractor\node_modules\selenium-webdriver\lib\promise.js:1376:14)
    at TaskQueue.execute_ (C:\Users\kakas\AppData\Roaming\npm\node_modules\protractor\node_modules\selenium-webdriver\lib\promise.js:3084:14)
    at TaskQueue.executeNext_ (C:\Users\kakas\AppData\Roaming\npm\node_modules\protractor\node_modules\selenium-webdriver\lib\promise.js:3067:27)
    at asyncRun (C:\Users\kakas\AppData\Roaming\npm\node_modules\protractor\node_modules\selenium-webdriver\lib\promise.js:2927:27)
    at C:\Users\kakas\AppData\Roaming\npm\node_modules\protractor\node_modules\selenium-webdriver\lib\promise.js:668:7
    at <anonymous>
    at process._tickCallback (internal/process/next_tick.js:189:7)Error
    at ElementArrayFinder.applyAction_ (C:\Users\kakas\AppData\Roaming\npm\node_modules\protractor\built\element.js:459:27)
    at ElementArrayFinder.(anonymous function).args [as click] (C:\Users\kakas\AppData\Roaming\npm\node_modules\protractor\built\element.js:91:29)
    at ElementFinder.(anonymous function).args [as click] (C:\Users\kakas\AppData\Roaming\npm\node_modules\protractor\built\element.js:831:22)
    at Navbar.goToAdminHome (C:\Users\kakas\Desktop\Revature_Training\Projects\ProjectThree_Trackforce\trackforce\NGTrackForce\e2e\navbar\navbar.po.ts:12:36)
    at UserContext.<anonymous> (C:\Users\kakas\Desktop\Revature_Training\Projects\ProjectThree_Trackforce\trackforce\NGTrackForce\e2e\navbar\navbar.e2e-spec.ts:105:16)
    at C:\Users\kakas\AppData\Roaming\npm\node_modules\protractor\node_modules\jasminewd2\index.js:112:25
    at new ManagedPromise (C:\Users\kakas\AppData\Roaming\npm\node_modules\protractor\node_modules\selenium-webdriver\lib\promise.js:1077:7)
    at ControlFlow.promise (C:\Users\kakas\AppData\Roaming\npm\node_modules\protractor\node_modules\selenium-webdriver\lib\promise.js:2505:12)
    at schedulerExecute (C:\Users\kakas\AppData\Roaming\npm\node_modules\protractor\node_modules\jasminewd2\index.js:95:18)
    at TaskQueue.execute_ (C:\Users\kakas\AppData\Roaming\npm\node_modules\protractor\node_modules\selenium-webdriver\lib\promise.js:3084:14)
From: Task: Run it("should navigate to home page") in control flow
    at UserContext.<anonymous> (C:\Users\kakas\AppData\Roaming\npm\node_modules\protractor\node_modules\jasminewd2\index.js:94:19)
    at attempt (C:\Users\kakas\AppData\Roaming\npm\node_modules\protractor\node_modules\jasmine-core\lib\jasmine-core\jasmine.js:4297:26)
    at QueueRunner.run (C:\Users\kakas\AppData\Roaming\npm\node_modules\protractor\node_modules\jasmine-core\lib\jasmine-core\jasmine.js:4217:20)
    at QueueRunner.execute (C:\Users\kakas\AppData\Roaming\npm\node_modules\protractor\node_modules\jasmine-core\lib\jasmine-core\jasmine.js:4199:10)
    at Spec.queueRunnerFactory (C:\Users\kakas\AppData\Roaming\npm\node_modules\protractor\node_modules\jasmine-core\lib\jasmine-core\jasmine.js:909:35)
    at Spec.execute (C:\Users\kakas\AppData\Roaming\npm\node_modules\protractor\node_modules\jasmine-core\lib\jasmine-core\jasmine.js:526:10)
    at UserContext.fn (C:\Users\kakas\AppData\Roaming\npm\node_modules\protractor\node_modules\jasmine-core\lib\jasmine-core\jasmine.js:5340:37)
    at attempt (C:\Users\kakas\AppData\Roaming\npm\node_modules\protractor\node_modules\jasmine-core\lib\jasmine-core\jasmine.js:4297:26)
    at QueueRunner.run (C:\Users\kakas\AppData\Roaming\npm\node_modules\protractor\node_modules\jasmine-core\lib\jasmine-core\jasmine.js:4217:20)
    at runNext (C:\Users\kakas\AppData\Roaming\npm\node_modules\protractor\node_modules\jasmine-core\lib\jasmine-core\jasmine.js:4257:20)
From asynchronous test: 
Error
    at Suite.<anonymous> (C:\Users\kakas\Desktop\Revature_Training\Projects\ProjectThree_Trackforce\trackforce\NGTrackForce\e2e\navbar\navbar.e2e-spec.ts:104:5)
    at addSpecsToSuite (C:\Users\kakas\AppData\Roaming\npm\node_modules\protractor\node_modules\jasmine-core\lib\jasmine-core\jasmine.js:1107:25)
    at Env.describe (C:\Users\kakas\AppData\Roaming\npm\node_modules\protractor\node_modules\jasmine-core\lib\jasmine-core\jasmine.js:1074:7)
    at describe (C:\Users\kakas\AppData\Roaming\npm\node_modules\protractor\node_modules\jasmine-core\lib\jasmine-core\jasmine.js:4399:18)
    at Object.<anonymous> (C:\Users\kakas\Desktop\Revature_Training\Projects\ProjectThree_Trackforce\trackforce\NGTrackForce\e2e\navbar\navbar.e2e-spec.ts:93:1)
    at Module._compile (module.js:653:30)
    at Module.m._compile (C:\Users\kakas\Desktop\Revature_Training\Projects\ProjectThree_Trackforce\trackforce\NGTrackForce\node_modules\ts-node\src\index.ts:422:23)
    at Module._extensions..js (module.js:664:10)
    at Object.require.extensions.(anonymous function) [as .ts] (C:\Users\kakas\Desktop\Revature_Training\Projects\ProjectThree_Trackforce\trackforce\NGTrackForce\node_modules\ts-node\src\index.ts:425:12)]]>
   </failure>
  </testcase>
  <testcase classname="The Staging Manager navbar is functional" name="should navigate to client list page" time="2.325" />
  <testcase classname="The Staging Manager navbar is functional" name="should navigate to batch list page" time="0.513" />
  <testcase classname="The Staging Manager navbar is functional" name="should navigate to associate lising" time="1.345" />
  <testcase classname="The Staging Manager navbar is functional" name="should navigate to predictions" time="1.236" />
  <testcase classname="The Staging Manager navbar is functional" name="should navigate to create user" time="0.126" />
  <testcase classname="The Staging Manager navbar is functional" name="should be able to logout" time="0.235" />
 </testsuite>
 <testsuite name="The Trainer navbar is functional" timestamp="2018-10-29T11:04:30" hostname="localhost" time="3.541" errors="0" tests="4" skipped="0" disabled="0" failures="1">
  <testcase classname="The Trainer navbar is functional" name="should navigate to home page" time="0.233">
   <failure type="exception" message="Failed: No element found using locator: By(css selector, *[id=&quot;home&quot;])"><![CDATA[NoSuchElementError: No element found using locator: By(css selector, *[id="home"])
    at elementArrayFinder.getWebElements.then (C:\Users\kakas\AppData\Roaming\npm\node_modules\protractor\built\element.js:814:27)
    at ManagedPromise.invokeCallback_ (C:\Users\kakas\AppData\Roaming\npm\node_modules\protractor\node_modules\selenium-webdriver\lib\promise.js:1376:14)
    at TaskQueue.execute_ (C:\Users\kakas\AppData\Roaming\npm\node_modules\protractor\node_modules\selenium-webdriver\lib\promise.js:3084:14)
    at TaskQueue.executeNext_ (C:\Users\kakas\AppData\Roaming\npm\node_modules\protractor\node_modules\selenium-webdriver\lib\promise.js:3067:27)
    at asyncRun (C:\Users\kakas\AppData\Roaming\npm\node_modules\protractor\node_modules\selenium-webdriver\lib\promise.js:2927:27)
    at C:\Users\kakas\AppData\Roaming\npm\node_modules\protractor\node_modules\selenium-webdriver\lib\promise.js:668:7
    at <anonymous>
    at process._tickCallback (internal/process/next_tick.js:189:7)Error
    at ElementArrayFinder.applyAction_ (C:\Users\kakas\AppData\Roaming\npm\node_modules\protractor\built\element.js:459:27)
    at ElementArrayFinder.(anonymous function).args [as click] (C:\Users\kakas\AppData\Roaming\npm\node_modules\protractor\built\element.js:91:29)
    at ElementFinder.(anonymous function).args [as click] (C:\Users\kakas\AppData\Roaming\npm\node_modules\protractor\built\element.js:831:22)
    at Navbar.goToTrainerHome (C:\Users\kakas\Desktop\Revature_Training\Projects\ProjectThree_Trackforce\trackforce\NGTrackForce\e2e\navbar\navbar.po.ts:17:30)
    at UserContext.<anonymous> (C:\Users\kakas\Desktop\Revature_Training\Projects\ProjectThree_Trackforce\trackforce\NGTrackForce\e2e\navbar\navbar.e2e-spec.ts:157:16)
    at C:\Users\kakas\AppData\Roaming\npm\node_modules\protractor\node_modules\jasminewd2\index.js:112:25
    at new ManagedPromise (C:\Users\kakas\AppData\Roaming\npm\node_modules\protractor\node_modules\selenium-webdriver\lib\promise.js:1077:7)
    at ControlFlow.promise (C:\Users\kakas\AppData\Roaming\npm\node_modules\protractor\node_modules\selenium-webdriver\lib\promise.js:2505:12)
    at schedulerExecute (C:\Users\kakas\AppData\Roaming\npm\node_modules\protractor\node_modules\jasminewd2\index.js:95:18)
    at TaskQueue.execute_ (C:\Users\kakas\AppData\Roaming\npm\node_modules\protractor\node_modules\selenium-webdriver\lib\promise.js:3084:14)
From: Task: Run it("should navigate to home page") in control flow
    at UserContext.<anonymous> (C:\Users\kakas\AppData\Roaming\npm\node_modules\protractor\node_modules\jasminewd2\index.js:94:19)
    at attempt (C:\Users\kakas\AppData\Roaming\npm\node_modules\protractor\node_modules\jasmine-core\lib\jasmine-core\jasmine.js:4297:26)
    at QueueRunner.run (C:\Users\kakas\AppData\Roaming\npm\node_modules\protractor\node_modules\jasmine-core\lib\jasmine-core\jasmine.js:4217:20)
    at QueueRunner.execute (C:\Users\kakas\AppData\Roaming\npm\node_modules\protractor\node_modules\jasmine-core\lib\jasmine-core\jasmine.js:4199:10)
    at Spec.queueRunnerFactory (C:\Users\kakas\AppData\Roaming\npm\node_modules\protractor\node_modules\jasmine-core\lib\jasmine-core\jasmine.js:909:35)
    at Spec.execute (C:\Users\kakas\AppData\Roaming\npm\node_modules\protractor\node_modules\jasmine-core\lib\jasmine-core\jasmine.js:526:10)
    at UserContext.fn (C:\Users\kakas\AppData\Roaming\npm\node_modules\protractor\node_modules\jasmine-core\lib\jasmine-core\jasmine.js:5340:37)
    at attempt (C:\Users\kakas\AppData\Roaming\npm\node_modules\protractor\node_modules\jasmine-core\lib\jasmine-core\jasmine.js:4297:26)
    at QueueRunner.run (C:\Users\kakas\AppData\Roaming\npm\node_modules\protractor\node_modules\jasmine-core\lib\jasmine-core\jasmine.js:4217:20)
    at runNext (C:\Users\kakas\AppData\Roaming\npm\node_modules\protractor\node_modules\jasmine-core\lib\jasmine-core\jasmine.js:4257:20)
From asynchronous test: 
Error
    at Suite.<anonymous> (C:\Users\kakas\Desktop\Revature_Training\Projects\ProjectThree_Trackforce\trackforce\NGTrackForce\e2e\navbar\navbar.e2e-spec.ts:156:5)
    at addSpecsToSuite (C:\Users\kakas\AppData\Roaming\npm\node_modules\protractor\node_modules\jasmine-core\lib\jasmine-core\jasmine.js:1107:25)
    at Env.describe (C:\Users\kakas\AppData\Roaming\npm\node_modules\protractor\node_modules\jasmine-core\lib\jasmine-core\jasmine.js:1074:7)
    at describe (C:\Users\kakas\AppData\Roaming\npm\node_modules\protractor\node_modules\jasmine-core\lib\jasmine-core\jasmine.js:4399:18)
    at Object.<anonymous> (C:\Users\kakas\Desktop\Revature_Training\Projects\ProjectThree_Trackforce\trackforce\NGTrackForce\e2e\navbar\navbar.e2e-spec.ts:145:1)
    at Module._compile (module.js:653:30)
    at Module.m._compile (C:\Users\kakas\Desktop\Revature_Training\Projects\ProjectThree_Trackforce\trackforce\NGTrackForce\node_modules\ts-node\src\index.ts:422:23)
    at Module._extensions..js (module.js:664:10)
    at Object.require.extensions.(anonymous function) [as .ts] (C:\Users\kakas\Desktop\Revature_Training\Projects\ProjectThree_Trackforce\trackforce\NGTrackForce\node_modules\ts-node\src\index.ts:425:12)]]>
   </failure>
  </testcase>
  <testcase classname="The Trainer navbar is functional" name="should navigate to batch list page" time="2.007" />
  <testcase classname="The Trainer navbar is functional" name="should navigate to associate lising" time="0.466" />
  <testcase classname="The Trainer navbar is functional" name="should be able to logout" time="0.327" />
 </testsuite>
 <testsuite name="The Delivery/Sales navbar is functional" timestamp="2018-10-29T11:04:34" hostname="localhost" time="6.315" errors="0" tests="7" skipped="0" disabled="0" failures="1">
  <testcase classname="The Delivery/Sales navbar is functional" name="should navigate to home page" time="0.264">
   <failure type="exception" message="Failed: No element found using locator: By(link text, Home)"><![CDATA[NoSuchElementError: No element found using locator: By(link text, Home)
    at elementArrayFinder.getWebElements.then (C:\Users\kakas\AppData\Roaming\npm\node_modules\protractor\built\element.js:814:27)
    at ManagedPromise.invokeCallback_ (C:\Users\kakas\AppData\Roaming\npm\node_modules\protractor\node_modules\selenium-webdriver\lib\promise.js:1376:14)
    at TaskQueue.execute_ (C:\Users\kakas\AppData\Roaming\npm\node_modules\protractor\node_modules\selenium-webdriver\lib\promise.js:3084:14)
    at TaskQueue.executeNext_ (C:\Users\kakas\AppData\Roaming\npm\node_modules\protractor\node_modules\selenium-webdriver\lib\promise.js:3067:27)
    at asyncRun (C:\Users\kakas\AppData\Roaming\npm\node_modules\protractor\node_modules\selenium-webdriver\lib\promise.js:2927:27)
    at C:\Users\kakas\AppData\Roaming\npm\node_modules\protractor\node_modules\selenium-webdriver\lib\promise.js:668:7
    at <anonymous>
    at process._tickCallback (internal/process/next_tick.js:189:7)Error
    at ElementArrayFinder.applyAction_ (C:\Users\kakas\AppData\Roaming\npm\node_modules\protractor\built\element.js:459:27)
    at ElementArrayFinder.(anonymous function).args [as click] (C:\Users\kakas\AppData\Roaming\npm\node_modules\protractor\built\element.js:91:29)
    at ElementFinder.(anonymous function).args [as click] (C:\Users\kakas\AppData\Roaming\npm\node_modules\protractor\built\element.js:831:22)
    at Navbar.goToAdminHome (C:\Users\kakas\Desktop\Revature_Training\Projects\ProjectThree_Trackforce\trackforce\NGTrackForce\e2e\navbar\navbar.po.ts:12:36)
    at UserContext.<anonymous> (C:\Users\kakas\Desktop\Revature_Training\Projects\ProjectThree_Trackforce\trackforce\NGTrackForce\e2e\navbar\navbar.e2e-spec.ts:190:16)
    at C:\Users\kakas\AppData\Roaming\npm\node_modules\protractor\node_modules\jasminewd2\index.js:112:25
    at new ManagedPromise (C:\Users\kakas\AppData\Roaming\npm\node_modules\protractor\node_modules\selenium-webdriver\lib\promise.js:1077:7)
    at ControlFlow.promise (C:\Users\kakas\AppData\Roaming\npm\node_modules\protractor\node_modules\selenium-webdriver\lib\promise.js:2505:12)
    at schedulerExecute (C:\Users\kakas\AppData\Roaming\npm\node_modules\protractor\node_modules\jasminewd2\index.js:95:18)
    at TaskQueue.execute_ (C:\Users\kakas\AppData\Roaming\npm\node_modules\protractor\node_modules\selenium-webdriver\lib\promise.js:3084:14)
From: Task: Run it("should navigate to home page") in control flow
    at UserContext.<anonymous> (C:\Users\kakas\AppData\Roaming\npm\node_modules\protractor\node_modules\jasminewd2\index.js:94:19)
    at attempt (C:\Users\kakas\AppData\Roaming\npm\node_modules\protractor\node_modules\jasmine-core\lib\jasmine-core\jasmine.js:4297:26)
    at QueueRunner.run (C:\Users\kakas\AppData\Roaming\npm\node_modules\protractor\node_modules\jasmine-core\lib\jasmine-core\jasmine.js:4217:20)
    at QueueRunner.execute (C:\Users\kakas\AppData\Roaming\npm\node_modules\protractor\node_modules\jasmine-core\lib\jasmine-core\jasmine.js:4199:10)
    at Spec.queueRunnerFactory (C:\Users\kakas\AppData\Roaming\npm\node_modules\protractor\node_modules\jasmine-core\lib\jasmine-core\jasmine.js:909:35)
    at Spec.execute (C:\Users\kakas\AppData\Roaming\npm\node_modules\protractor\node_modules\jasmine-core\lib\jasmine-core\jasmine.js:526:10)
    at UserContext.fn (C:\Users\kakas\AppData\Roaming\npm\node_modules\protractor\node_modules\jasmine-core\lib\jasmine-core\jasmine.js:5340:37)
    at attempt (C:\Users\kakas\AppData\Roaming\npm\node_modules\protractor\node_modules\jasmine-core\lib\jasmine-core\jasmine.js:4297:26)
    at QueueRunner.run (C:\Users\kakas\AppData\Roaming\npm\node_modules\protractor\node_modules\jasmine-core\lib\jasmine-core\jasmine.js:4217:20)
    at runNext (C:\Users\kakas\AppData\Roaming\npm\node_modules\protractor\node_modules\jasmine-core\lib\jasmine-core\jasmine.js:4257:20)
From asynchronous test: 
Error
    at Suite.<anonymous> (C:\Users\kakas\Desktop\Revature_Training\Projects\ProjectThree_Trackforce\trackforce\NGTrackForce\e2e\navbar\navbar.e2e-spec.ts:189:5)
    at addSpecsToSuite (C:\Users\kakas\AppData\Roaming\npm\node_modules\protractor\node_modules\jasmine-core\lib\jasmine-core\jasmine.js:1107:25)
    at Env.describe (C:\Users\kakas\AppData\Roaming\npm\node_modules\protractor\node_modules\jasmine-core\lib\jasmine-core\jasmine.js:1074:7)
    at describe (C:\Users\kakas\AppData\Roaming\npm\node_modules\protractor\node_modules\jasmine-core\lib\jasmine-core\jasmine.js:4399:18)
    at Object.<anonymous> (C:\Users\kakas\Desktop\Revature_Training\Projects\ProjectThree_Trackforce\trackforce\NGTrackForce\e2e\navbar\navbar.e2e-spec.ts:178:1)
    at Module._compile (module.js:653:30)
    at Module.m._compile (C:\Users\kakas\Desktop\Revature_Training\Projects\ProjectThree_Trackforce\trackforce\NGTrackForce\node_modules\ts-node\src\index.ts:422:23)
    at Module._extensions..js (module.js:664:10)
    at Object.require.extensions.(anonymous function) [as .ts] (C:\Users\kakas\Desktop\Revature_Training\Projects\ProjectThree_Trackforce\trackforce\NGTrackForce\node_modules\ts-node\src\index.ts:425:12)]]>
   </failure>
  </testcase>
  <testcase classname="The Delivery/Sales navbar is functional" name="should navigate to client list page" time="2.279" />
  <testcase classname="The Delivery/Sales navbar is functional" name="should navigate to batch list page" time="0.439" />
  <testcase classname="The Delivery/Sales navbar is functional" name="should navigate to associate lising" time="1.387" />
  <testcase classname="The Delivery/Sales navbar is functional" name="should navigate to predictions" time="1.171" />
  <testcase classname="The Delivery/Sales navbar is functional" name="should navigate to create user" time="0.111" />
  <testcase classname="The Delivery/Sales navbar is functional" name="should be able to logout" time="0.245" />
 </testsuite>
 <testsuite name="The create-user page " timestamp="2018-10-29T11:04:40" hostname="localhost" time="5.562" errors="0" tests="8" skipped="0" disabled="0" failures="16">
  <testcase classname="The create-user page " name="should accept username input" time="1.234">
   <failure type="exception" message="Failed: No element found using locator: By(link text, Create User)"><![CDATA[NoSuchElementError: No element found using locator: By(link text, Create User)
    at elementArrayFinder.getWebElements.then (C:\Users\kakas\AppData\Roaming\npm\node_modules\protractor\built\element.js:814:27)
    at ManagedPromise.invokeCallback_ (C:\Users\kakas\AppData\Roaming\npm\node_modules\protractor\node_modules\selenium-webdriver\lib\promise.js:1376:14)
    at TaskQueue.execute_ (C:\Users\kakas\AppData\Roaming\npm\node_modules\protractor\node_modules\selenium-webdriver\lib\promise.js:3084:14)
    at TaskQueue.executeNext_ (C:\Users\kakas\AppData\Roaming\npm\node_modules\protractor\node_modules\selenium-webdriver\lib\promise.js:3067:27)
    at asyncRun (C:\Users\kakas\AppData\Roaming\npm\node_modules\protractor\node_modules\selenium-webdriver\lib\promise.js:2927:27)
    at C:\Users\kakas\AppData\Roaming\npm\node_modules\protractor\node_modules\selenium-webdriver\lib\promise.js:668:7
    at <anonymous>
    at process._tickCallback (internal/process/next_tick.js:189:7)Error
    at ElementArrayFinder.applyAction_ (C:\Users\kakas\AppData\Roaming\npm\node_modules\protractor\built\element.js:459:27)
    at ElementArrayFinder.(anonymous function).args [as click] (C:\Users\kakas\AppData\Roaming\npm\node_modules\protractor\built\element.js:91:29)
    at ElementFinder.(anonymous function).args [as click] (C:\Users\kakas\AppData\Roaming\npm\node_modules\protractor\built\element.js:831:22)
    at Navbar.goToCreateUser (C:\Users\kakas\Desktop\Revature_Training\Projects\ProjectThree_Trackforce\trackforce\NGTrackForce\e2e\navbar\navbar.po.ts:37:43)
    at UserContext.<anonymous> (C:\Users\kakas\Desktop\Revature_Training\Projects\ProjectThree_Trackforce\trackforce\NGTrackForce\e2e\create-user\create-user.e2e-spec.ts:27:16)
    at C:\Users\kakas\AppData\Roaming\npm\node_modules\protractor\node_modules\jasminewd2\index.js:112:25
    at new ManagedPromise (C:\Users\kakas\AppData\Roaming\npm\node_modules\protractor\node_modules\selenium-webdriver\lib\promise.js:1077:7)
    at ControlFlow.promise (C:\Users\kakas\AppData\Roaming\npm\node_modules\protractor\node_modules\selenium-webdriver\lib\promise.js:2505:12)
    at schedulerExecute (C:\Users\kakas\AppData\Roaming\npm\node_modules\protractor\node_modules\jasminewd2\index.js:95:18)
    at TaskQueue.execute_ (C:\Users\kakas\AppData\Roaming\npm\node_modules\protractor\node_modules\selenium-webdriver\lib\promise.js:3084:14)
From: Task: Run beforeAll in control flow
    at UserContext.<anonymous> (C:\Users\kakas\AppData\Roaming\npm\node_modules\protractor\node_modules\jasminewd2\index.js:94:19)
    at attempt (C:\Users\kakas\AppData\Roaming\npm\node_modules\protractor\node_modules\jasmine-core\lib\jasmine-core\jasmine.js:4297:26)
    at QueueRunner.run (C:\Users\kakas\AppData\Roaming\npm\node_modules\protractor\node_modules\jasmine-core\lib\jasmine-core\jasmine.js:4217:20)
    at QueueRunner.execute (C:\Users\kakas\AppData\Roaming\npm\node_modules\protractor\node_modules\jasmine-core\lib\jasmine-core\jasmine.js:4199:10)
    at queueRunnerFactory (C:\Users\kakas\AppData\Roaming\npm\node_modules\protractor\node_modules\jasmine-core\lib\jasmine-core\jasmine.js:909:35)
    at UserContext.fn (C:\Users\kakas\AppData\Roaming\npm\node_modules\protractor\node_modules\jasmine-core\lib\jasmine-core\jasmine.js:5325:13)
    at attempt (C:\Users\kakas\AppData\Roaming\npm\node_modules\protractor\node_modules\jasmine-core\lib\jasmine-core\jasmine.js:4297:26)
    at QueueRunner.run (C:\Users\kakas\AppData\Roaming\npm\node_modules\protractor\node_modules\jasmine-core\lib\jasmine-core\jasmine.js:4217:20)
    at runNext (C:\Users\kakas\AppData\Roaming\npm\node_modules\protractor\node_modules\jasmine-core\lib\jasmine-core\jasmine.js:4257:20)
    at C:\Users\kakas\AppData\Roaming\npm\node_modules\protractor\node_modules\jasmine-core\lib\jasmine-core\jasmine.js:4264:13
From asynchronous test: 
Error
    at Suite.<anonymous> (C:\Users\kakas\Desktop\Revature_Training\Projects\ProjectThree_Trackforce\trackforce\NGTrackForce\e2e\create-user\create-user.e2e-spec.ts:16:5)
    at addSpecsToSuite (C:\Users\kakas\AppData\Roaming\npm\node_modules\protractor\node_modules\jasmine-core\lib\jasmine-core\jasmine.js:1107:25)
    at Env.describe (C:\Users\kakas\AppData\Roaming\npm\node_modules\protractor\node_modules\jasmine-core\lib\jasmine-core\jasmine.js:1074:7)
    at describe (C:\Users\kakas\AppData\Roaming\npm\node_modules\protractor\node_modules\jasmine-core\lib\jasmine-core\jasmine.js:4399:18)
    at Object.<anonymous> (C:\Users\kakas\Desktop\Revature_Training\Projects\ProjectThree_Trackforce\trackforce\NGTrackForce\e2e\create-user\create-user.e2e-spec.ts:14:1)
    at Module._compile (module.js:653:30)
    at Module.m._compile (C:\Users\kakas\Desktop\Revature_Training\Projects\ProjectThree_Trackforce\trackforce\NGTrackForce\node_modules\ts-node\src\index.ts:422:23)
    at Module._extensions..js (module.js:664:10)
    at Object.require.extensions.(anonymous function) [as .ts] (C:\Users\kakas\Desktop\Revature_Training\Projects\ProjectThree_Trackforce\trackforce\NGTrackForce\node_modules\ts-node\src\index.ts:425:12)]]>
   </failure>
   <failure type="exception" message="Failed: No element found using locator: By(css selector, [name=&quot;username&quot;])"><![CDATA[NoSuchElementError: No element found using locator: By(css selector, [name="username"])
    at elementArrayFinder.getWebElements.then (C:\Users\kakas\AppData\Roaming\npm\node_modules\protractor\built\element.js:814:27)
    at ManagedPromise.invokeCallback_ (C:\Users\kakas\AppData\Roaming\npm\node_modules\protractor\node_modules\selenium-webdriver\lib\promise.js:1376:14)
    at TaskQueue.execute_ (C:\Users\kakas\AppData\Roaming\npm\node_modules\protractor\node_modules\selenium-webdriver\lib\promise.js:3084:14)
    at TaskQueue.executeNext_ (C:\Users\kakas\AppData\Roaming\npm\node_modules\protractor\node_modules\selenium-webdriver\lib\promise.js:3067:27)
    at asyncRun (C:\Users\kakas\AppData\Roaming\npm\node_modules\protractor\node_modules\selenium-webdriver\lib\promise.js:2927:27)
    at C:\Users\kakas\AppData\Roaming\npm\node_modules\protractor\node_modules\selenium-webdriver\lib\promise.js:668:7
    at <anonymous>
    at process._tickCallback (internal/process/next_tick.js:189:7)Error
    at ElementArrayFinder.applyAction_ (C:\Users\kakas\AppData\Roaming\npm\node_modules\protractor\built\element.js:459:27)
    at ElementArrayFinder.(anonymous function).args [as sendKeys] (C:\Users\kakas\AppData\Roaming\npm\node_modules\protractor\built\element.js:91:29)
    at ElementFinder.(anonymous function).args [as sendKeys] (C:\Users\kakas\AppData\Roaming\npm\node_modules\protractor\built\element.js:831:22)
    at CreateUserPo.inputUsername (C:\Users\kakas\Desktop\Revature_Training\Projects\ProjectThree_Trackforce\trackforce\NGTrackForce\e2e\create-user\create-user.po.ts:62:23)
    at UserContext.<anonymous> (C:\Users\kakas\Desktop\Revature_Training\Projects\ProjectThree_Trackforce\trackforce\NGTrackForce\e2e\create-user\create-user.e2e-spec.ts:31:20)
    at C:\Users\kakas\AppData\Roaming\npm\node_modules\protractor\node_modules\jasminewd2\index.js:112:25
    at new ManagedPromise (C:\Users\kakas\AppData\Roaming\npm\node_modules\protractor\node_modules\selenium-webdriver\lib\promise.js:1077:7)
    at ControlFlow.promise (C:\Users\kakas\AppData\Roaming\npm\node_modules\protractor\node_modules\selenium-webdriver\lib\promise.js:2505:12)
    at schedulerExecute (C:\Users\kakas\AppData\Roaming\npm\node_modules\protractor\node_modules\jasminewd2\index.js:95:18)
    at TaskQueue.execute_ (C:\Users\kakas\AppData\Roaming\npm\node_modules\protractor\node_modules\selenium-webdriver\lib\promise.js:3084:14)
From: Task: Run it("should accept username input") in control flow
    at UserContext.<anonymous> (C:\Users\kakas\AppData\Roaming\npm\node_modules\protractor\node_modules\jasminewd2\index.js:94:19)
    at attempt (C:\Users\kakas\AppData\Roaming\npm\node_modules\protractor\node_modules\jasmine-core\lib\jasmine-core\jasmine.js:4297:26)
    at QueueRunner.run (C:\Users\kakas\AppData\Roaming\npm\node_modules\protractor\node_modules\jasmine-core\lib\jasmine-core\jasmine.js:4217:20)
    at QueueRunner.execute (C:\Users\kakas\AppData\Roaming\npm\node_modules\protractor\node_modules\jasmine-core\lib\jasmine-core\jasmine.js:4199:10)
    at Spec.queueRunnerFactory (C:\Users\kakas\AppData\Roaming\npm\node_modules\protractor\node_modules\jasmine-core\lib\jasmine-core\jasmine.js:909:35)
    at Spec.execute (C:\Users\kakas\AppData\Roaming\npm\node_modules\protractor\node_modules\jasmine-core\lib\jasmine-core\jasmine.js:526:10)
    at UserContext.fn (C:\Users\kakas\AppData\Roaming\npm\node_modules\protractor\node_modules\jasmine-core\lib\jasmine-core\jasmine.js:5340:37)
    at attempt (C:\Users\kakas\AppData\Roaming\npm\node_modules\protractor\node_modules\jasmine-core\lib\jasmine-core\jasmine.js:4297:26)
    at QueueRunner.run (C:\Users\kakas\AppData\Roaming\npm\node_modules\protractor\node_modules\jasmine-core\lib\jasmine-core\jasmine.js:4217:20)
    at runNext (C:\Users\kakas\AppData\Roaming\npm\node_modules\protractor\node_modules\jasmine-core\lib\jasmine-core\jasmine.js:4257:20)
From asynchronous test: 
Error
    at Suite.<anonymous> (C:\Users\kakas\Desktop\Revature_Training\Projects\ProjectThree_Trackforce\trackforce\NGTrackForce\e2e\create-user\create-user.e2e-spec.ts:30:5)
    at addSpecsToSuite (C:\Users\kakas\AppData\Roaming\npm\node_modules\protractor\node_modules\jasmine-core\lib\jasmine-core\jasmine.js:1107:25)
    at Env.describe (C:\Users\kakas\AppData\Roaming\npm\node_modules\protractor\node_modules\jasmine-core\lib\jasmine-core\jasmine.js:1074:7)
    at describe (C:\Users\kakas\AppData\Roaming\npm\node_modules\protractor\node_modules\jasmine-core\lib\jasmine-core\jasmine.js:4399:18)
    at Object.<anonymous> (C:\Users\kakas\Desktop\Revature_Training\Projects\ProjectThree_Trackforce\trackforce\NGTrackForce\e2e\create-user\create-user.e2e-spec.ts:14:1)
    at Module._compile (module.js:653:30)
    at Module.m._compile (C:\Users\kakas\Desktop\Revature_Training\Projects\ProjectThree_Trackforce\trackforce\NGTrackForce\node_modules\ts-node\src\index.ts:422:23)
    at Module._extensions..js (module.js:664:10)
    at Object.require.extensions.(anonymous function) [as .ts] (C:\Users\kakas\Desktop\Revature_Training\Projects\ProjectThree_Trackforce\trackforce\NGTrackForce\node_modules\ts-node\src\index.ts:425:12)]]>
   </failure>
  </testcase>
  <testcase classname="The create-user page " name="should accept password input" time="1.082">
   <failure type="exception" message="Failed: No element found using locator: By(link text, Create User)"><![CDATA[NoSuchElementError: No element found using locator: By(link text, Create User)
    at elementArrayFinder.getWebElements.then (C:\Users\kakas\AppData\Roaming\npm\node_modules\protractor\built\element.js:814:27)
    at ManagedPromise.invokeCallback_ (C:\Users\kakas\AppData\Roaming\npm\node_modules\protractor\node_modules\selenium-webdriver\lib\promise.js:1376:14)
    at TaskQueue.execute_ (C:\Users\kakas\AppData\Roaming\npm\node_modules\protractor\node_modules\selenium-webdriver\lib\promise.js:3084:14)
    at TaskQueue.executeNext_ (C:\Users\kakas\AppData\Roaming\npm\node_modules\protractor\node_modules\selenium-webdriver\lib\promise.js:3067:27)
    at asyncRun (C:\Users\kakas\AppData\Roaming\npm\node_modules\protractor\node_modules\selenium-webdriver\lib\promise.js:2927:27)
    at C:\Users\kakas\AppData\Roaming\npm\node_modules\protractor\node_modules\selenium-webdriver\lib\promise.js:668:7
    at <anonymous>
    at process._tickCallback (internal/process/next_tick.js:189:7)Error
    at ElementArrayFinder.applyAction_ (C:\Users\kakas\AppData\Roaming\npm\node_modules\protractor\built\element.js:459:27)
    at ElementArrayFinder.(anonymous function).args [as click] (C:\Users\kakas\AppData\Roaming\npm\node_modules\protractor\built\element.js:91:29)
    at ElementFinder.(anonymous function).args [as click] (C:\Users\kakas\AppData\Roaming\npm\node_modules\protractor\built\element.js:831:22)
    at Navbar.goToCreateUser (C:\Users\kakas\Desktop\Revature_Training\Projects\ProjectThree_Trackforce\trackforce\NGTrackForce\e2e\navbar\navbar.po.ts:37:43)
    at UserContext.<anonymous> (C:\Users\kakas\Desktop\Revature_Training\Projects\ProjectThree_Trackforce\trackforce\NGTrackForce\e2e\create-user\create-user.e2e-spec.ts:27:16)
    at C:\Users\kakas\AppData\Roaming\npm\node_modules\protractor\node_modules\jasminewd2\index.js:112:25
    at new ManagedPromise (C:\Users\kakas\AppData\Roaming\npm\node_modules\protractor\node_modules\selenium-webdriver\lib\promise.js:1077:7)
    at ControlFlow.promise (C:\Users\kakas\AppData\Roaming\npm\node_modules\protractor\node_modules\selenium-webdriver\lib\promise.js:2505:12)
    at schedulerExecute (C:\Users\kakas\AppData\Roaming\npm\node_modules\protractor\node_modules\jasminewd2\index.js:95:18)
    at TaskQueue.execute_ (C:\Users\kakas\AppData\Roaming\npm\node_modules\protractor\node_modules\selenium-webdriver\lib\promise.js:3084:14)
From: Task: Run beforeAll in control flow
    at UserContext.<anonymous> (C:\Users\kakas\AppData\Roaming\npm\node_modules\protractor\node_modules\jasminewd2\index.js:94:19)
    at attempt (C:\Users\kakas\AppData\Roaming\npm\node_modules\protractor\node_modules\jasmine-core\lib\jasmine-core\jasmine.js:4297:26)
    at QueueRunner.run (C:\Users\kakas\AppData\Roaming\npm\node_modules\protractor\node_modules\jasmine-core\lib\jasmine-core\jasmine.js:4217:20)
    at QueueRunner.execute (C:\Users\kakas\AppData\Roaming\npm\node_modules\protractor\node_modules\jasmine-core\lib\jasmine-core\jasmine.js:4199:10)
    at queueRunnerFactory (C:\Users\kakas\AppData\Roaming\npm\node_modules\protractor\node_modules\jasmine-core\lib\jasmine-core\jasmine.js:909:35)
    at UserContext.fn (C:\Users\kakas\AppData\Roaming\npm\node_modules\protractor\node_modules\jasmine-core\lib\jasmine-core\jasmine.js:5325:13)
    at attempt (C:\Users\kakas\AppData\Roaming\npm\node_modules\protractor\node_modules\jasmine-core\lib\jasmine-core\jasmine.js:4297:26)
    at QueueRunner.run (C:\Users\kakas\AppData\Roaming\npm\node_modules\protractor\node_modules\jasmine-core\lib\jasmine-core\jasmine.js:4217:20)
    at runNext (C:\Users\kakas\AppData\Roaming\npm\node_modules\protractor\node_modules\jasmine-core\lib\jasmine-core\jasmine.js:4257:20)
    at C:\Users\kakas\AppData\Roaming\npm\node_modules\protractor\node_modules\jasmine-core\lib\jasmine-core\jasmine.js:4264:13
From asynchronous test: 
Error
    at Suite.<anonymous> (C:\Users\kakas\Desktop\Revature_Training\Projects\ProjectThree_Trackforce\trackforce\NGTrackForce\e2e\create-user\create-user.e2e-spec.ts:16:5)
    at addSpecsToSuite (C:\Users\kakas\AppData\Roaming\npm\node_modules\protractor\node_modules\jasmine-core\lib\jasmine-core\jasmine.js:1107:25)
    at Env.describe (C:\Users\kakas\AppData\Roaming\npm\node_modules\protractor\node_modules\jasmine-core\lib\jasmine-core\jasmine.js:1074:7)
    at describe (C:\Users\kakas\AppData\Roaming\npm\node_modules\protractor\node_modules\jasmine-core\lib\jasmine-core\jasmine.js:4399:18)
    at Object.<anonymous> (C:\Users\kakas\Desktop\Revature_Training\Projects\ProjectThree_Trackforce\trackforce\NGTrackForce\e2e\create-user\create-user.e2e-spec.ts:14:1)
    at Module._compile (module.js:653:30)
    at Module.m._compile (C:\Users\kakas\Desktop\Revature_Training\Projects\ProjectThree_Trackforce\trackforce\NGTrackForce\node_modules\ts-node\src\index.ts:422:23)
    at Module._extensions..js (module.js:664:10)
    at Object.require.extensions.(anonymous function) [as .ts] (C:\Users\kakas\Desktop\Revature_Training\Projects\ProjectThree_Trackforce\trackforce\NGTrackForce\node_modules\ts-node\src\index.ts:425:12)]]>
   </failure>
   <failure type="exception" message="Failed: No element found using locator: By(css selector, [name=&quot;password&quot;])"><![CDATA[NoSuchElementError: No element found using locator: By(css selector, [name="password"])
    at elementArrayFinder.getWebElements.then (C:\Users\kakas\AppData\Roaming\npm\node_modules\protractor\built\element.js:814:27)
    at ManagedPromise.invokeCallback_ (C:\Users\kakas\AppData\Roaming\npm\node_modules\protractor\node_modules\selenium-webdriver\lib\promise.js:1376:14)
    at TaskQueue.execute_ (C:\Users\kakas\AppData\Roaming\npm\node_modules\protractor\node_modules\selenium-webdriver\lib\promise.js:3084:14)
    at TaskQueue.executeNext_ (C:\Users\kakas\AppData\Roaming\npm\node_modules\protractor\node_modules\selenium-webdriver\lib\promise.js:3067:27)
    at asyncRun (C:\Users\kakas\AppData\Roaming\npm\node_modules\protractor\node_modules\selenium-webdriver\lib\promise.js:2927:27)
    at C:\Users\kakas\AppData\Roaming\npm\node_modules\protractor\node_modules\selenium-webdriver\lib\promise.js:668:7
    at <anonymous>
    at process._tickCallback (internal/process/next_tick.js:189:7)Error
    at ElementArrayFinder.applyAction_ (C:\Users\kakas\AppData\Roaming\npm\node_modules\protractor\built\element.js:459:27)
    at ElementArrayFinder.(anonymous function).args [as sendKeys] (C:\Users\kakas\AppData\Roaming\npm\node_modules\protractor\built\element.js:91:29)
    at ElementFinder.(anonymous function).args [as sendKeys] (C:\Users\kakas\AppData\Roaming\npm\node_modules\protractor\built\element.js:831:22)
    at CreateUserPo.inputPassword (C:\Users\kakas\Desktop\Revature_Training\Projects\ProjectThree_Trackforce\trackforce\NGTrackForce\e2e\create-user\create-user.po.ts:84:23)
    at UserContext.<anonymous> (C:\Users\kakas\Desktop\Revature_Training\Projects\ProjectThree_Trackforce\trackforce\NGTrackForce\e2e\create-user\create-user.e2e-spec.ts:36:20)
    at C:\Users\kakas\AppData\Roaming\npm\node_modules\protractor\node_modules\jasminewd2\index.js:112:25
    at new ManagedPromise (C:\Users\kakas\AppData\Roaming\npm\node_modules\protractor\node_modules\selenium-webdriver\lib\promise.js:1077:7)
    at ControlFlow.promise (C:\Users\kakas\AppData\Roaming\npm\node_modules\protractor\node_modules\selenium-webdriver\lib\promise.js:2505:12)
    at schedulerExecute (C:\Users\kakas\AppData\Roaming\npm\node_modules\protractor\node_modules\jasminewd2\index.js:95:18)
    at TaskQueue.execute_ (C:\Users\kakas\AppData\Roaming\npm\node_modules\protractor\node_modules\selenium-webdriver\lib\promise.js:3084:14)
From: Task: Run it("should accept password input") in control flow
    at UserContext.<anonymous> (C:\Users\kakas\AppData\Roaming\npm\node_modules\protractor\node_modules\jasminewd2\index.js:94:19)
    at attempt (C:\Users\kakas\AppData\Roaming\npm\node_modules\protractor\node_modules\jasmine-core\lib\jasmine-core\jasmine.js:4297:26)
    at QueueRunner.run (C:\Users\kakas\AppData\Roaming\npm\node_modules\protractor\node_modules\jasmine-core\lib\jasmine-core\jasmine.js:4217:20)
    at QueueRunner.execute (C:\Users\kakas\AppData\Roaming\npm\node_modules\protractor\node_modules\jasmine-core\lib\jasmine-core\jasmine.js:4199:10)
    at Spec.queueRunnerFactory (C:\Users\kakas\AppData\Roaming\npm\node_modules\protractor\node_modules\jasmine-core\lib\jasmine-core\jasmine.js:909:35)
    at Spec.execute (C:\Users\kakas\AppData\Roaming\npm\node_modules\protractor\node_modules\jasmine-core\lib\jasmine-core\jasmine.js:526:10)
    at UserContext.fn (C:\Users\kakas\AppData\Roaming\npm\node_modules\protractor\node_modules\jasmine-core\lib\jasmine-core\jasmine.js:5340:37)
    at attempt (C:\Users\kakas\AppData\Roaming\npm\node_modules\protractor\node_modules\jasmine-core\lib\jasmine-core\jasmine.js:4297:26)
    at QueueRunner.run (C:\Users\kakas\AppData\Roaming\npm\node_modules\protractor\node_modules\jasmine-core\lib\jasmine-core\jasmine.js:4217:20)
    at runNext (C:\Users\kakas\AppData\Roaming\npm\node_modules\protractor\node_modules\jasmine-core\lib\jasmine-core\jasmine.js:4257:20)
From asynchronous test: 
Error
    at Suite.<anonymous> (C:\Users\kakas\Desktop\Revature_Training\Projects\ProjectThree_Trackforce\trackforce\NGTrackForce\e2e\create-user\create-user.e2e-spec.ts:35:5)
    at addSpecsToSuite (C:\Users\kakas\AppData\Roaming\npm\node_modules\protractor\node_modules\jasmine-core\lib\jasmine-core\jasmine.js:1107:25)
    at Env.describe (C:\Users\kakas\AppData\Roaming\npm\node_modules\protractor\node_modules\jasmine-core\lib\jasmine-core\jasmine.js:1074:7)
    at describe (C:\Users\kakas\AppData\Roaming\npm\node_modules\protractor\node_modules\jasmine-core\lib\jasmine-core\jasmine.js:4399:18)
    at Object.<anonymous> (C:\Users\kakas\Desktop\Revature_Training\Projects\ProjectThree_Trackforce\trackforce\NGTrackForce\e2e\create-user\create-user.e2e-spec.ts:14:1)
    at Module._compile (module.js:653:30)
    at Module.m._compile (C:\Users\kakas\Desktop\Revature_Training\Projects\ProjectThree_Trackforce\trackforce\NGTrackForce\node_modules\ts-node\src\index.ts:422:23)
    at Module._extensions..js (module.js:664:10)
    at Object.require.extensions.(anonymous function) [as .ts] (C:\Users\kakas\Desktop\Revature_Training\Projects\ProjectThree_Trackforce\trackforce\NGTrackForce\node_modules\ts-node\src\index.ts:425:12)]]>
   </failure>
  </testcase>
  <testcase classname="The create-user page " name="should accept password confirmation input" time="0.311">
   <failure type="exception" message="Failed: No element found using locator: By(link text, Create User)"><![CDATA[NoSuchElementError: No element found using locator: By(link text, Create User)
    at elementArrayFinder.getWebElements.then (C:\Users\kakas\AppData\Roaming\npm\node_modules\protractor\built\element.js:814:27)
    at ManagedPromise.invokeCallback_ (C:\Users\kakas\AppData\Roaming\npm\node_modules\protractor\node_modules\selenium-webdriver\lib\promise.js:1376:14)
    at TaskQueue.execute_ (C:\Users\kakas\AppData\Roaming\npm\node_modules\protractor\node_modules\selenium-webdriver\lib\promise.js:3084:14)
    at TaskQueue.executeNext_ (C:\Users\kakas\AppData\Roaming\npm\node_modules\protractor\node_modules\selenium-webdriver\lib\promise.js:3067:27)
    at asyncRun (C:\Users\kakas\AppData\Roaming\npm\node_modules\protractor\node_modules\selenium-webdriver\lib\promise.js:2927:27)
    at C:\Users\kakas\AppData\Roaming\npm\node_modules\protractor\node_modules\selenium-webdriver\lib\promise.js:668:7
    at <anonymous>
    at process._tickCallback (internal/process/next_tick.js:189:7)Error
    at ElementArrayFinder.applyAction_ (C:\Users\kakas\AppData\Roaming\npm\node_modules\protractor\built\element.js:459:27)
    at ElementArrayFinder.(anonymous function).args [as click] (C:\Users\kakas\AppData\Roaming\npm\node_modules\protractor\built\element.js:91:29)
    at ElementFinder.(anonymous function).args [as click] (C:\Users\kakas\AppData\Roaming\npm\node_modules\protractor\built\element.js:831:22)
    at Navbar.goToCreateUser (C:\Users\kakas\Desktop\Revature_Training\Projects\ProjectThree_Trackforce\trackforce\NGTrackForce\e2e\navbar\navbar.po.ts:37:43)
    at UserContext.<anonymous> (C:\Users\kakas\Desktop\Revature_Training\Projects\ProjectThree_Trackforce\trackforce\NGTrackForce\e2e\create-user\create-user.e2e-spec.ts:27:16)
    at C:\Users\kakas\AppData\Roaming\npm\node_modules\protractor\node_modules\jasminewd2\index.js:112:25
    at new ManagedPromise (C:\Users\kakas\AppData\Roaming\npm\node_modules\protractor\node_modules\selenium-webdriver\lib\promise.js:1077:7)
    at ControlFlow.promise (C:\Users\kakas\AppData\Roaming\npm\node_modules\protractor\node_modules\selenium-webdriver\lib\promise.js:2505:12)
    at schedulerExecute (C:\Users\kakas\AppData\Roaming\npm\node_modules\protractor\node_modules\jasminewd2\index.js:95:18)
    at TaskQueue.execute_ (C:\Users\kakas\AppData\Roaming\npm\node_modules\protractor\node_modules\selenium-webdriver\lib\promise.js:3084:14)
From: Task: Run beforeAll in control flow
    at UserContext.<anonymous> (C:\Users\kakas\AppData\Roaming\npm\node_modules\protractor\node_modules\jasminewd2\index.js:94:19)
    at attempt (C:\Users\kakas\AppData\Roaming\npm\node_modules\protractor\node_modules\jasmine-core\lib\jasmine-core\jasmine.js:4297:26)
    at QueueRunner.run (C:\Users\kakas\AppData\Roaming\npm\node_modules\protractor\node_modules\jasmine-core\lib\jasmine-core\jasmine.js:4217:20)
    at QueueRunner.execute (C:\Users\kakas\AppData\Roaming\npm\node_modules\protractor\node_modules\jasmine-core\lib\jasmine-core\jasmine.js:4199:10)
    at queueRunnerFactory (C:\Users\kakas\AppData\Roaming\npm\node_modules\protractor\node_modules\jasmine-core\lib\jasmine-core\jasmine.js:909:35)
    at UserContext.fn (C:\Users\kakas\AppData\Roaming\npm\node_modules\protractor\node_modules\jasmine-core\lib\jasmine-core\jasmine.js:5325:13)
    at attempt (C:\Users\kakas\AppData\Roaming\npm\node_modules\protractor\node_modules\jasmine-core\lib\jasmine-core\jasmine.js:4297:26)
    at QueueRunner.run (C:\Users\kakas\AppData\Roaming\npm\node_modules\protractor\node_modules\jasmine-core\lib\jasmine-core\jasmine.js:4217:20)
    at runNext (C:\Users\kakas\AppData\Roaming\npm\node_modules\protractor\node_modules\jasmine-core\lib\jasmine-core\jasmine.js:4257:20)
    at C:\Users\kakas\AppData\Roaming\npm\node_modules\protractor\node_modules\jasmine-core\lib\jasmine-core\jasmine.js:4264:13
From asynchronous test: 
Error
    at Suite.<anonymous> (C:\Users\kakas\Desktop\Revature_Training\Projects\ProjectThree_Trackforce\trackforce\NGTrackForce\e2e\create-user\create-user.e2e-spec.ts:16:5)
    at addSpecsToSuite (C:\Users\kakas\AppData\Roaming\npm\node_modules\protractor\node_modules\jasmine-core\lib\jasmine-core\jasmine.js:1107:25)
    at Env.describe (C:\Users\kakas\AppData\Roaming\npm\node_modules\protractor\node_modules\jasmine-core\lib\jasmine-core\jasmine.js:1074:7)
    at describe (C:\Users\kakas\AppData\Roaming\npm\node_modules\protractor\node_modules\jasmine-core\lib\jasmine-core\jasmine.js:4399:18)
    at Object.<anonymous> (C:\Users\kakas\Desktop\Revature_Training\Projects\ProjectThree_Trackforce\trackforce\NGTrackForce\e2e\create-user\create-user.e2e-spec.ts:14:1)
    at Module._compile (module.js:653:30)
    at Module.m._compile (C:\Users\kakas\Desktop\Revature_Training\Projects\ProjectThree_Trackforce\trackforce\NGTrackForce\node_modules\ts-node\src\index.ts:422:23)
    at Module._extensions..js (module.js:664:10)
    at Object.require.extensions.(anonymous function) [as .ts] (C:\Users\kakas\Desktop\Revature_Training\Projects\ProjectThree_Trackforce\trackforce\NGTrackForce\node_modules\ts-node\src\index.ts:425:12)]]>
   </failure>
   <failure type="exception" message="Failed: No element found using locator: By(css selector, [name=&quot;password2&quot;])"><![CDATA[NoSuchElementError: No element found using locator: By(css selector, [name="password2"])
    at elementArrayFinder.getWebElements.then (C:\Users\kakas\AppData\Roaming\npm\node_modules\protractor\built\element.js:814:27)
    at ManagedPromise.invokeCallback_ (C:\Users\kakas\AppData\Roaming\npm\node_modules\protractor\node_modules\selenium-webdriver\lib\promise.js:1376:14)
    at TaskQueue.execute_ (C:\Users\kakas\AppData\Roaming\npm\node_modules\protractor\node_modules\selenium-webdriver\lib\promise.js:3084:14)
    at TaskQueue.executeNext_ (C:\Users\kakas\AppData\Roaming\npm\node_modules\protractor\node_modules\selenium-webdriver\lib\promise.js:3067:27)
    at asyncRun (C:\Users\kakas\AppData\Roaming\npm\node_modules\protractor\node_modules\selenium-webdriver\lib\promise.js:2927:27)
    at C:\Users\kakas\AppData\Roaming\npm\node_modules\protractor\node_modules\selenium-webdriver\lib\promise.js:668:7
    at <anonymous>
    at process._tickCallback (internal/process/next_tick.js:189:7)Error
    at ElementArrayFinder.applyAction_ (C:\Users\kakas\AppData\Roaming\npm\node_modules\protractor\built\element.js:459:27)
    at ElementArrayFinder.(anonymous function).args [as sendKeys] (C:\Users\kakas\AppData\Roaming\npm\node_modules\protractor\built\element.js:91:29)
    at ElementFinder.(anonymous function).args [as sendKeys] (C:\Users\kakas\AppData\Roaming\npm\node_modules\protractor\built\element.js:831:22)
    at CreateUserPo.inputPasswordConfirm (C:\Users\kakas\Desktop\Revature_Training\Projects\ProjectThree_Trackforce\trackforce\NGTrackForce\e2e\create-user\create-user.po.ts:106:30)
    at UserContext.<anonymous> (C:\Users\kakas\Desktop\Revature_Training\Projects\ProjectThree_Trackforce\trackforce\NGTrackForce\e2e\create-user\create-user.e2e-spec.ts:41:20)
    at C:\Users\kakas\AppData\Roaming\npm\node_modules\protractor\node_modules\jasminewd2\index.js:112:25
    at new ManagedPromise (C:\Users\kakas\AppData\Roaming\npm\node_modules\protractor\node_modules\selenium-webdriver\lib\promise.js:1077:7)
    at ControlFlow.promise (C:\Users\kakas\AppData\Roaming\npm\node_modules\protractor\node_modules\selenium-webdriver\lib\promise.js:2505:12)
    at schedulerExecute (C:\Users\kakas\AppData\Roaming\npm\node_modules\protractor\node_modules\jasminewd2\index.js:95:18)
    at TaskQueue.execute_ (C:\Users\kakas\AppData\Roaming\npm\node_modules\protractor\node_modules\selenium-webdriver\lib\promise.js:3084:14)
From: Task: Run it("should accept password confirmation input") in control flow
    at UserContext.<anonymous> (C:\Users\kakas\AppData\Roaming\npm\node_modules\protractor\node_modules\jasminewd2\index.js:94:19)
    at attempt (C:\Users\kakas\AppData\Roaming\npm\node_modules\protractor\node_modules\jasmine-core\lib\jasmine-core\jasmine.js:4297:26)
    at QueueRunner.run (C:\Users\kakas\AppData\Roaming\npm\node_modules\protractor\node_modules\jasmine-core\lib\jasmine-core\jasmine.js:4217:20)
    at QueueRunner.execute (C:\Users\kakas\AppData\Roaming\npm\node_modules\protractor\node_modules\jasmine-core\lib\jasmine-core\jasmine.js:4199:10)
    at Spec.queueRunnerFactory (C:\Users\kakas\AppData\Roaming\npm\node_modules\protractor\node_modules\jasmine-core\lib\jasmine-core\jasmine.js:909:35)
    at Spec.execute (C:\Users\kakas\AppData\Roaming\npm\node_modules\protractor\node_modules\jasmine-core\lib\jasmine-core\jasmine.js:526:10)
    at UserContext.fn (C:\Users\kakas\AppData\Roaming\npm\node_modules\protractor\node_modules\jasmine-core\lib\jasmine-core\jasmine.js:5340:37)
    at attempt (C:\Users\kakas\AppData\Roaming\npm\node_modules\protractor\node_modules\jasmine-core\lib\jasmine-core\jasmine.js:4297:26)
    at QueueRunner.run (C:\Users\kakas\AppData\Roaming\npm\node_modules\protractor\node_modules\jasmine-core\lib\jasmine-core\jasmine.js:4217:20)
    at runNext (C:\Users\kakas\AppData\Roaming\npm\node_modules\protractor\node_modules\jasmine-core\lib\jasmine-core\jasmine.js:4257:20)
From asynchronous test: 
Error
    at Suite.<anonymous> (C:\Users\kakas\Desktop\Revature_Training\Projects\ProjectThree_Trackforce\trackforce\NGTrackForce\e2e\create-user\create-user.e2e-spec.ts:40:5)
    at addSpecsToSuite (C:\Users\kakas\AppData\Roaming\npm\node_modules\protractor\node_modules\jasmine-core\lib\jasmine-core\jasmine.js:1107:25)
    at Env.describe (C:\Users\kakas\AppData\Roaming\npm\node_modules\protractor\node_modules\jasmine-core\lib\jasmine-core\jasmine.js:1074:7)
    at describe (C:\Users\kakas\AppData\Roaming\npm\node_modules\protractor\node_modules\jasmine-core\lib\jasmine-core\jasmine.js:4399:18)
    at Object.<anonymous> (C:\Users\kakas\Desktop\Revature_Training\Projects\ProjectThree_Trackforce\trackforce\NGTrackForce\e2e\create-user\create-user.e2e-spec.ts:14:1)
    at Module._compile (module.js:653:30)
    at Module.m._compile (C:\Users\kakas\Desktop\Revature_Training\Projects\ProjectThree_Trackforce\trackforce\NGTrackForce\node_modules\ts-node\src\index.ts:422:23)
    at Module._extensions..js (module.js:664:10)
    at Object.require.extensions.(anonymous function) [as .ts] (C:\Users\kakas\Desktop\Revature_Training\Projects\ProjectThree_Trackforce\trackforce\NGTrackForce\node_modules\ts-node\src\index.ts:425:12)]]>
   </failure>
  </testcase>
  <testcase classname="The create-user page " name="should select admin radio button" time="0.322">
   <failure type="exception" message="Failed: No element found using locator: By(link text, Create User)"><![CDATA[NoSuchElementError: No element found using locator: By(link text, Create User)
    at elementArrayFinder.getWebElements.then (C:\Users\kakas\AppData\Roaming\npm\node_modules\protractor\built\element.js:814:27)
    at ManagedPromise.invokeCallback_ (C:\Users\kakas\AppData\Roaming\npm\node_modules\protractor\node_modules\selenium-webdriver\lib\promise.js:1376:14)
    at TaskQueue.execute_ (C:\Users\kakas\AppData\Roaming\npm\node_modules\protractor\node_modules\selenium-webdriver\lib\promise.js:3084:14)
    at TaskQueue.executeNext_ (C:\Users\kakas\AppData\Roaming\npm\node_modules\protractor\node_modules\selenium-webdriver\lib\promise.js:3067:27)
    at asyncRun (C:\Users\kakas\AppData\Roaming\npm\node_modules\protractor\node_modules\selenium-webdriver\lib\promise.js:2927:27)
    at C:\Users\kakas\AppData\Roaming\npm\node_modules\protractor\node_modules\selenium-webdriver\lib\promise.js:668:7
    at <anonymous>
    at process._tickCallback (internal/process/next_tick.js:189:7)Error
    at ElementArrayFinder.applyAction_ (C:\Users\kakas\AppData\Roaming\npm\node_modules\protractor\built\element.js:459:27)
    at ElementArrayFinder.(anonymous function).args [as click] (C:\Users\kakas\AppData\Roaming\npm\node_modules\protractor\built\element.js:91:29)
    at ElementFinder.(anonymous function).args [as click] (C:\Users\kakas\AppData\Roaming\npm\node_modules\protractor\built\element.js:831:22)
    at Navbar.goToCreateUser (C:\Users\kakas\Desktop\Revature_Training\Projects\ProjectThree_Trackforce\trackforce\NGTrackForce\e2e\navbar\navbar.po.ts:37:43)
    at UserContext.<anonymous> (C:\Users\kakas\Desktop\Revature_Training\Projects\ProjectThree_Trackforce\trackforce\NGTrackForce\e2e\create-user\create-user.e2e-spec.ts:27:16)
    at C:\Users\kakas\AppData\Roaming\npm\node_modules\protractor\node_modules\jasminewd2\index.js:112:25
    at new ManagedPromise (C:\Users\kakas\AppData\Roaming\npm\node_modules\protractor\node_modules\selenium-webdriver\lib\promise.js:1077:7)
    at ControlFlow.promise (C:\Users\kakas\AppData\Roaming\npm\node_modules\protractor\node_modules\selenium-webdriver\lib\promise.js:2505:12)
    at schedulerExecute (C:\Users\kakas\AppData\Roaming\npm\node_modules\protractor\node_modules\jasminewd2\index.js:95:18)
    at TaskQueue.execute_ (C:\Users\kakas\AppData\Roaming\npm\node_modules\protractor\node_modules\selenium-webdriver\lib\promise.js:3084:14)
From: Task: Run beforeAll in control flow
    at UserContext.<anonymous> (C:\Users\kakas\AppData\Roaming\npm\node_modules\protractor\node_modules\jasminewd2\index.js:94:19)
    at attempt (C:\Users\kakas\AppData\Roaming\npm\node_modules\protractor\node_modules\jasmine-core\lib\jasmine-core\jasmine.js:4297:26)
    at QueueRunner.run (C:\Users\kakas\AppData\Roaming\npm\node_modules\protractor\node_modules\jasmine-core\lib\jasmine-core\jasmine.js:4217:20)
    at QueueRunner.execute (C:\Users\kakas\AppData\Roaming\npm\node_modules\protractor\node_modules\jasmine-core\lib\jasmine-core\jasmine.js:4199:10)
    at queueRunnerFactory (C:\Users\kakas\AppData\Roaming\npm\node_modules\protractor\node_modules\jasmine-core\lib\jasmine-core\jasmine.js:909:35)
    at UserContext.fn (C:\Users\kakas\AppData\Roaming\npm\node_modules\protractor\node_modules\jasmine-core\lib\jasmine-core\jasmine.js:5325:13)
    at attempt (C:\Users\kakas\AppData\Roaming\npm\node_modules\protractor\node_modules\jasmine-core\lib\jasmine-core\jasmine.js:4297:26)
    at QueueRunner.run (C:\Users\kakas\AppData\Roaming\npm\node_modules\protractor\node_modules\jasmine-core\lib\jasmine-core\jasmine.js:4217:20)
    at runNext (C:\Users\kakas\AppData\Roaming\npm\node_modules\protractor\node_modules\jasmine-core\lib\jasmine-core\jasmine.js:4257:20)
    at C:\Users\kakas\AppData\Roaming\npm\node_modules\protractor\node_modules\jasmine-core\lib\jasmine-core\jasmine.js:4264:13
From asynchronous test: 
Error
    at Suite.<anonymous> (C:\Users\kakas\Desktop\Revature_Training\Projects\ProjectThree_Trackforce\trackforce\NGTrackForce\e2e\create-user\create-user.e2e-spec.ts:16:5)
    at addSpecsToSuite (C:\Users\kakas\AppData\Roaming\npm\node_modules\protractor\node_modules\jasmine-core\lib\jasmine-core\jasmine.js:1107:25)
    at Env.describe (C:\Users\kakas\AppData\Roaming\npm\node_modules\protractor\node_modules\jasmine-core\lib\jasmine-core\jasmine.js:1074:7)
    at describe (C:\Users\kakas\AppData\Roaming\npm\node_modules\protractor\node_modules\jasmine-core\lib\jasmine-core\jasmine.js:4399:18)
    at Object.<anonymous> (C:\Users\kakas\Desktop\Revature_Training\Projects\ProjectThree_Trackforce\trackforce\NGTrackForce\e2e\create-user\create-user.e2e-spec.ts:14:1)
    at Module._compile (module.js:653:30)
    at Module.m._compile (C:\Users\kakas\Desktop\Revature_Training\Projects\ProjectThree_Trackforce\trackforce\NGTrackForce\node_modules\ts-node\src\index.ts:422:23)
    at Module._extensions..js (module.js:664:10)
    at Object.require.extensions.(anonymous function) [as .ts] (C:\Users\kakas\Desktop\Revature_Training\Projects\ProjectThree_Trackforce\trackforce\NGTrackForce\node_modules\ts-node\src\index.ts:425:12)]]>
   </failure>
   <failure type="exception" message="Failed: No element found using locator: By(css selector, [value=&quot;1&quot;])"><![CDATA[NoSuchElementError: No element found using locator: By(css selector, [value="1"])
    at elementArrayFinder.getWebElements.then (C:\Users\kakas\AppData\Roaming\npm\node_modules\protractor\built\element.js:814:27)
    at ManagedPromise.invokeCallback_ (C:\Users\kakas\AppData\Roaming\npm\node_modules\protractor\node_modules\selenium-webdriver\lib\promise.js:1376:14)
    at TaskQueue.execute_ (C:\Users\kakas\AppData\Roaming\npm\node_modules\protractor\node_modules\selenium-webdriver\lib\promise.js:3084:14)
    at TaskQueue.executeNext_ (C:\Users\kakas\AppData\Roaming\npm\node_modules\protractor\node_modules\selenium-webdriver\lib\promise.js:3067:27)
    at asyncRun (C:\Users\kakas\AppData\Roaming\npm\node_modules\protractor\node_modules\selenium-webdriver\lib\promise.js:2927:27)
    at C:\Users\kakas\AppData\Roaming\npm\node_modules\protractor\node_modules\selenium-webdriver\lib\promise.js:668:7
    at <anonymous>
    at process._tickCallback (internal/process/next_tick.js:189:7)Error
    at ElementArrayFinder.applyAction_ (C:\Users\kakas\AppData\Roaming\npm\node_modules\protractor\built\element.js:459:27)
    at ElementArrayFinder.(anonymous function).args [as click] (C:\Users\kakas\AppData\Roaming\npm\node_modules\protractor\built\element.js:91:29)
    at ElementFinder.(anonymous function).args [as click] (C:\Users\kakas\AppData\Roaming\npm\node_modules\protractor\built\element.js:831:22)
    at CreateUserPo.clickAdminRadio (C:\Users\kakas\Desktop\Revature_Training\Projects\ProjectThree_Trackforce\trackforce\NGTrackForce\e2e\create-user\create-user.po.ts:128:25)
    at UserContext.<anonymous> (C:\Users\kakas\Desktop\Revature_Training\Projects\ProjectThree_Trackforce\trackforce\NGTrackForce\e2e\create-user\create-user.e2e-spec.ts:46:20)
[...]
    at ElementArrayFinder.(anonymous function).args [as click] (C:\Users\kakas\AppData\Roaming\npm\node_modules\protractor\built\element.js:91:29)
    at ElementFinder.(anonymous function).args [as click] (C:\Users\kakas\AppData\Roaming\npm\node_modules\protractor\built\element.js:831:22)
    at UserContext.<anonymous> (C:\Users\kakas\Desktop\Revature_Training\Projects\ProjectThree_Trackforce\trackforce\NGTrackForce\e2e\batch-list\batch-list.e2e-spec.ts:59:26)
    at C:\Users\kakas\AppData\Roaming\npm\node_modules\protractor\node_modules\jasminewd2\index.js:112:25
    at new ManagedPromise (C:\Users\kakas\AppData\Roaming\npm\node_modules\protractor\node_modules\selenium-webdriver\lib\promise.js:1077:7)
    at ControlFlow.promise (C:\Users\kakas\AppData\Roaming\npm\node_modules\protractor\node_modules\selenium-webdriver\lib\promise.js:2505:12)
    at schedulerExecute (C:\Users\kakas\AppData\Roaming\npm\node_modules\protractor\node_modules\jasminewd2\index.js:95:18)
    at TaskQueue.execute_ (C:\Users\kakas\AppData\Roaming\npm\node_modules\protractor\node_modules\selenium-webdriver\lib\promise.js:3084:14)
    at TaskQueue.executeNext_ (C:\Users\kakas\AppData\Roaming\npm\node_modules\protractor\node_modules\selenium-webdriver\lib\promise.js:3067:27)
From: Task: Run it("should direct you to a batch page") in control flow
    at UserContext.<anonymous> (C:\Users\kakas\AppData\Roaming\npm\node_modules\protractor\node_modules\jasminewd2\index.js:94:19)
    at attempt (C:\Users\kakas\AppData\Roaming\npm\node_modules\protractor\node_modules\jasmine-core\lib\jasmine-core\jasmine.js:4297:26)
    at QueueRunner.run (C:\Users\kakas\AppData\Roaming\npm\node_modules\protractor\node_modules\jasmine-core\lib\jasmine-core\jasmine.js:4217:20)
    at QueueRunner.execute (C:\Users\kakas\AppData\Roaming\npm\node_modules\protractor\node_modules\jasmine-core\lib\jasmine-core\jasmine.js:4199:10)
    at Spec.queueRunnerFactory (C:\Users\kakas\AppData\Roaming\npm\node_modules\protractor\node_modules\jasmine-core\lib\jasmine-core\jasmine.js:909:35)
    at Spec.execute (C:\Users\kakas\AppData\Roaming\npm\node_modules\protractor\node_modules\jasmine-core\lib\jasmine-core\jasmine.js:526:10)
    at UserContext.fn (C:\Users\kakas\AppData\Roaming\npm\node_modules\protractor\node_modules\jasmine-core\lib\jasmine-core\jasmine.js:5340:37)
    at attempt (C:\Users\kakas\AppData\Roaming\npm\node_modules\protractor\node_modules\jasmine-core\lib\jasmine-core\jasmine.js:4297:26)
    at QueueRunner.run (C:\Users\kakas\AppData\Roaming\npm\node_modules\protractor\node_modules\jasmine-core\lib\jasmine-core\jasmine.js:4217:20)
    at runNext (C:\Users\kakas\AppData\Roaming\npm\node_modules\protractor\node_modules\jasmine-core\lib\jasmine-core\jasmine.js:4257:20)
From asynchronous test: 
Error
    at Suite.<anonymous> (C:\Users\kakas\Desktop\Revature_Training\Projects\ProjectThree_Trackforce\trackforce\NGTrackForce\e2e\batch-list\batch-list.e2e-spec.ts:57:3)
    at addSpecsToSuite (C:\Users\kakas\AppData\Roaming\npm\node_modules\protractor\node_modules\jasmine-core\lib\jasmine-core\jasmine.js:1107:25)
    at Env.describe (C:\Users\kakas\AppData\Roaming\npm\node_modules\protractor\node_modules\jasmine-core\lib\jasmine-core\jasmine.js:1074:7)
    at describe (C:\Users\kakas\AppData\Roaming\npm\node_modules\protractor\node_modules\jasmine-core\lib\jasmine-core\jasmine.js:4399:18)
    at Object.<anonymous> (C:\Users\kakas\Desktop\Revature_Training\Projects\ProjectThree_Trackforce\trackforce\NGTrackForce\e2e\batch-list\batch-list.e2e-spec.ts:44:1)
    at Module._compile (module.js:653:30)
    at Module.m._compile (C:\Users\kakas\Desktop\Revature_Training\Projects\ProjectThree_Trackforce\trackforce\NGTrackForce\node_modules\ts-node\src\index.ts:422:23)
    at Module._extensions..js (module.js:664:10)
    at Object.require.extensions.(anonymous function) [as .ts] (C:\Users\kakas\Desktop\Revature_Training\Projects\ProjectThree_Trackforce\trackforce\NGTrackForce\node_modules\ts-node\src\index.ts:425:12)]]>
   </failure>
  </testcase>
  <testcase classname="The All Batches table" name="should direct you to a batch page with a chart " time="0.337">
   <failure type="exception" message="Failed: No element found using locator: By(link text, Batch List)"><![CDATA[NoSuchElementError: No element found using locator: By(link text, Batch List)
    at elementArrayFinder.getWebElements.then (C:\Users\kakas\AppData\Roaming\npm\node_modules\protractor\built\element.js:814:27)
    at ManagedPromise.invokeCallback_ (C:\Users\kakas\AppData\Roaming\npm\node_modules\protractor\node_modules\selenium-webdriver\lib\promise.js:1376:14)
    at TaskQueue.execute_ (C:\Users\kakas\AppData\Roaming\npm\node_modules\protractor\node_modules\selenium-webdriver\lib\promise.js:3084:14)
    at TaskQueue.executeNext_ (C:\Users\kakas\AppData\Roaming\npm\node_modules\protractor\node_modules\selenium-webdriver\lib\promise.js:3067:27)
    at asyncRun (C:\Users\kakas\AppData\Roaming\npm\node_modules\protractor\node_modules\selenium-webdriver\lib\promise.js:2927:27)
    at C:\Users\kakas\AppData\Roaming\npm\node_modules\protractor\node_modules\selenium-webdriver\lib\promise.js:668:7
    at <anonymous>
    at process._tickCallback (internal/process/next_tick.js:189:7)Error
    at ElementArrayFinder.applyAction_ (C:\Users\kakas\AppData\Roaming\npm\node_modules\protractor\built\element.js:459:27)
    at ElementArrayFinder.(anonymous function).args [as click] (C:\Users\kakas\AppData\Roaming\npm\node_modules\protractor\built\element.js:91:29)
    at ElementFinder.(anonymous function).args [as click] (C:\Users\kakas\AppData\Roaming\npm\node_modules\protractor\built\element.js:831:22)
    at Navbar.goToBatchList (C:\Users\kakas\Desktop\Revature_Training\Projects\ProjectThree_Trackforce\trackforce\NGTrackForce\e2e\navbar\navbar.po.ts:26:42)
    at UserContext.<anonymous> (C:\Users\kakas\Desktop\Revature_Training\Projects\ProjectThree_Trackforce\trackforce\NGTrackForce\e2e\batch-list\batch-list.e2e-spec.ts:54:14)
    at C:\Users\kakas\AppData\Roaming\npm\node_modules\protractor\node_modules\jasminewd2\index.js:112:25
    at new ManagedPromise (C:\Users\kakas\AppData\Roaming\npm\node_modules\protractor\node_modules\selenium-webdriver\lib\promise.js:1077:7)
    at ControlFlow.promise (C:\Users\kakas\AppData\Roaming\npm\node_modules\protractor\node_modules\selenium-webdriver\lib\promise.js:2505:12)
    at schedulerExecute (C:\Users\kakas\AppData\Roaming\npm\node_modules\protractor\node_modules\jasminewd2\index.js:95:18)
    at TaskQueue.execute_ (C:\Users\kakas\AppData\Roaming\npm\node_modules\protractor\node_modules\selenium-webdriver\lib\promise.js:3084:14)
From: Task: Run beforeAll in control flow
    at UserContext.<anonymous> (C:\Users\kakas\AppData\Roaming\npm\node_modules\protractor\node_modules\jasminewd2\index.js:94:19)
    at attempt (C:\Users\kakas\AppData\Roaming\npm\node_modules\protractor\node_modules\jasmine-core\lib\jasmine-core\jasmine.js:4297:26)
    at QueueRunner.run (C:\Users\kakas\AppData\Roaming\npm\node_modules\protractor\node_modules\jasmine-core\lib\jasmine-core\jasmine.js:4217:20)
    at QueueRunner.execute (C:\Users\kakas\AppData\Roaming\npm\node_modules\protractor\node_modules\jasmine-core\lib\jasmine-core\jasmine.js:4199:10)
    at queueRunnerFactory (C:\Users\kakas\AppData\Roaming\npm\node_modules\protractor\node_modules\jasmine-core\lib\jasmine-core\jasmine.js:909:35)
    at UserContext.fn (C:\Users\kakas\AppData\Roaming\npm\node_modules\protractor\node_modules\jasmine-core\lib\jasmine-core\jasmine.js:5325:13)
    at attempt (C:\Users\kakas\AppData\Roaming\npm\node_modules\protractor\node_modules\jasmine-core\lib\jasmine-core\jasmine.js:4297:26)
    at QueueRunner.run (C:\Users\kakas\AppData\Roaming\npm\node_modules\protractor\node_modules\jasmine-core\lib\jasmine-core\jasmine.js:4217:20)
    at runNext (C:\Users\kakas\AppData\Roaming\npm\node_modules\protractor\node_modules\jasmine-core\lib\jasmine-core\jasmine.js:4257:20)
    at C:\Users\kakas\AppData\Roaming\npm\node_modules\protractor\node_modules\jasmine-core\lib\jasmine-core\jasmine.js:4264:13
From asynchronous test: 
Error
    at Suite.<anonymous> (C:\Users\kakas\Desktop\Revature_Training\Projects\ProjectThree_Trackforce\trackforce\NGTrackForce\e2e\batch-list\batch-list.e2e-spec.ts:46:3)
    at addSpecsToSuite (C:\Users\kakas\AppData\Roaming\npm\node_modules\protractor\node_modules\jasmine-core\lib\jasmine-core\jasmine.js:1107:25)
    at Env.describe (C:\Users\kakas\AppData\Roaming\npm\node_modules\protractor\node_modules\jasmine-core\lib\jasmine-core\jasmine.js:1074:7)
    at describe (C:\Users\kakas\AppData\Roaming\npm\node_modules\protractor\node_modules\jasmine-core\lib\jasmine-core\jasmine.js:4399:18)
    at Object.<anonymous> (C:\Users\kakas\Desktop\Revature_Training\Projects\ProjectThree_Trackforce\trackforce\NGTrackForce\e2e\batch-list\batch-list.e2e-spec.ts:44:1)
    at Module._compile (module.js:653:30)
    at Module.m._compile (C:\Users\kakas\Desktop\Revature_Training\Projects\ProjectThree_Trackforce\trackforce\NGTrackForce\node_modules\ts-node\src\index.ts:422:23)
    at Module._extensions..js (module.js:664:10)
    at Object.require.extensions.(anonymous function) [as .ts] (C:\Users\kakas\Desktop\Revature_Training\Projects\ProjectThree_Trackforce\trackforce\NGTrackForce\node_modules\ts-node\src\index.ts:425:12)]]>
   </failure>
   <failure type="toBe" message="Expected false to be true."><![CDATA[Error: Failed expectation
    at UserContext.<anonymous> (C:\Users\kakas\Desktop\Revature_Training\Projects\ProjectThree_Trackforce\trackforce\NGTrackForce\e2e\batch-list\batch-list.e2e-spec.ts:64:50)
    at C:\Users\kakas\AppData\Roaming\npm\node_modules\protractor\node_modules\jasminewd2\index.js:112:25
    at new ManagedPromise (C:\Users\kakas\AppData\Roaming\npm\node_modules\protractor\node_modules\selenium-webdriver\lib\promise.js:1077:7)
    at ControlFlow.promise (C:\Users\kakas\AppData\Roaming\npm\node_modules\protractor\node_modules\selenium-webdriver\lib\promise.js:2505:12)
    at schedulerExecute (C:\Users\kakas\AppData\Roaming\npm\node_modules\protractor\node_modules\jasminewd2\index.js:95:18)
    at TaskQueue.execute_ (C:\Users\kakas\AppData\Roaming\npm\node_modules\protractor\node_modules\selenium-webdriver\lib\promise.js:3084:14)
    at TaskQueue.executeNext_ (C:\Users\kakas\AppData\Roaming\npm\node_modules\protractor\node_modules\selenium-webdriver\lib\promise.js:3067:27)
    at asyncRun (C:\Users\kakas\AppData\Roaming\npm\node_modules\protractor\node_modules\selenium-webdriver\lib\promise.js:2927:27)
    at C:\Users\kakas\AppData\Roaming\npm\node_modules\protractor\node_modules\selenium-webdriver\lib\promise.js:668:7]]>
   </failure>
  </testcase>
  <testcase classname="The All Batches table" name="should direct you to a batch page with a table " time="0.32">
   <failure type="exception" message="Failed: No element found using locator: By(link text, Batch List)"><![CDATA[NoSuchElementError: No element found using locator: By(link text, Batch List)
    at elementArrayFinder.getWebElements.then (C:\Users\kakas\AppData\Roaming\npm\node_modules\protractor\built\element.js:814:27)
    at ManagedPromise.invokeCallback_ (C:\Users\kakas\AppData\Roaming\npm\node_modules\protractor\node_modules\selenium-webdriver\lib\promise.js:1376:14)
    at TaskQueue.execute_ (C:\Users\kakas\AppData\Roaming\npm\node_modules\protractor\node_modules\selenium-webdriver\lib\promise.js:3084:14)
    at TaskQueue.executeNext_ (C:\Users\kakas\AppData\Roaming\npm\node_modules\protractor\node_modules\selenium-webdriver\lib\promise.js:3067:27)
    at asyncRun (C:\Users\kakas\AppData\Roaming\npm\node_modules\protractor\node_modules\selenium-webdriver\lib\promise.js:2927:27)
    at C:\Users\kakas\AppData\Roaming\npm\node_modules\protractor\node_modules\selenium-webdriver\lib\promise.js:668:7
    at <anonymous>
    at process._tickCallback (internal/process/next_tick.js:189:7)Error
    at ElementArrayFinder.applyAction_ (C:\Users\kakas\AppData\Roaming\npm\node_modules\protractor\built\element.js:459:27)
    at ElementArrayFinder.(anonymous function).args [as click] (C:\Users\kakas\AppData\Roaming\npm\node_modules\protractor\built\element.js:91:29)
    at ElementFinder.(anonymous function).args [as click] (C:\Users\kakas\AppData\Roaming\npm\node_modules\protractor\built\element.js:831:22)
    at Navbar.goToBatchList (C:\Users\kakas\Desktop\Revature_Training\Projects\ProjectThree_Trackforce\trackforce\NGTrackForce\e2e\navbar\navbar.po.ts:26:42)
    at UserContext.<anonymous> (C:\Users\kakas\Desktop\Revature_Training\Projects\ProjectThree_Trackforce\trackforce\NGTrackForce\e2e\batch-list\batch-list.e2e-spec.ts:54:14)
    at C:\Users\kakas\AppData\Roaming\npm\node_modules\protractor\node_modules\jasminewd2\index.js:112:25
    at new ManagedPromise (C:\Users\kakas\AppData\Roaming\npm\node_modules\protractor\node_modules\selenium-webdriver\lib\promise.js:1077:7)
    at ControlFlow.promise (C:\Users\kakas\AppData\Roaming\npm\node_modules\protractor\node_modules\selenium-webdriver\lib\promise.js:2505:12)
    at schedulerExecute (C:\Users\kakas\AppData\Roaming\npm\node_modules\protractor\node_modules\jasminewd2\index.js:95:18)
    at TaskQueue.execute_ (C:\Users\kakas\AppData\Roaming\npm\node_modules\protractor\node_modules\selenium-webdriver\lib\promise.js:3084:14)
From: Task: Run beforeAll in control flow
    at UserContext.<anonymous> (C:\Users\kakas\AppData\Roaming\npm\node_modules\protractor\node_modules\jasminewd2\index.js:94:19)
    at attempt (C:\Users\kakas\AppData\Roaming\npm\node_modules\protractor\node_modules\jasmine-core\lib\jasmine-core\jasmine.js:4297:26)
    at QueueRunner.run (C:\Users\kakas\AppData\Roaming\npm\node_modules\protractor\node_modules\jasmine-core\lib\jasmine-core\jasmine.js:4217:20)
    at QueueRunner.execute (C:\Users\kakas\AppData\Roaming\npm\node_modules\protractor\node_modules\jasmine-core\lib\jasmine-core\jasmine.js:4199:10)
    at queueRunnerFactory (C:\Users\kakas\AppData\Roaming\npm\node_modules\protractor\node_modules\jasmine-core\lib\jasmine-core\jasmine.js:909:35)
    at UserContext.fn (C:\Users\kakas\AppData\Roaming\npm\node_modules\protractor\node_modules\jasmine-core\lib\jasmine-core\jasmine.js:5325:13)
    at attempt (C:\Users\kakas\AppData\Roaming\npm\node_modules\protractor\node_modules\jasmine-core\lib\jasmine-core\jasmine.js:4297:26)
    at QueueRunner.run (C:\Users\kakas\AppData\Roaming\npm\node_modules\protractor\node_modules\jasmine-core\lib\jasmine-core\jasmine.js:4217:20)
    at runNext (C:\Users\kakas\AppData\Roaming\npm\node_modules\protractor\node_modules\jasmine-core\lib\jasmine-core\jasmine.js:4257:20)
    at C:\Users\kakas\AppData\Roaming\npm\node_modules\protractor\node_modules\jasmine-core\lib\jasmine-core\jasmine.js:4264:13
From asynchronous test: 
Error
    at Suite.<anonymous> (C:\Users\kakas\Desktop\Revature_Training\Projects\ProjectThree_Trackforce\trackforce\NGTrackForce\e2e\batch-list\batch-list.e2e-spec.ts:46:3)
    at addSpecsToSuite (C:\Users\kakas\AppData\Roaming\npm\node_modules\protractor\node_modules\jasmine-core\lib\jasmine-core\jasmine.js:1107:25)
    at Env.describe (C:\Users\kakas\AppData\Roaming\npm\node_modules\protractor\node_modules\jasmine-core\lib\jasmine-core\jasmine.js:1074:7)
    at describe (C:\Users\kakas\AppData\Roaming\npm\node_modules\protractor\node_modules\jasmine-core\lib\jasmine-core\jasmine.js:4399:18)
    at Object.<anonymous> (C:\Users\kakas\Desktop\Revature_Training\Projects\ProjectThree_Trackforce\trackforce\NGTrackForce\e2e\batch-list\batch-list.e2e-spec.ts:44:1)
    at Module._compile (module.js:653:30)
    at Module.m._compile (C:\Users\kakas\Desktop\Revature_Training\Projects\ProjectThree_Trackforce\trackforce\NGTrackForce\node_modules\ts-node\src\index.ts:422:23)
    at Module._extensions..js (module.js:664:10)
    at Object.require.extensions.(anonymous function) [as .ts] (C:\Users\kakas\Desktop\Revature_Training\Projects\ProjectThree_Trackforce\trackforce\NGTrackForce\node_modules\ts-node\src\index.ts:425:12)]]>
   </failure>
   <failure type="toBe" message="Expected false to be true."><![CDATA[Error: Failed expectation
    at UserContext.<anonymous> (C:\Users\kakas\Desktop\Revature_Training\Projects\ProjectThree_Trackforce\trackforce\NGTrackForce\e2e\batch-list\batch-list.e2e-spec.ts:68:51)
    at C:\Users\kakas\AppData\Roaming\npm\node_modules\protractor\node_modules\jasminewd2\index.js:112:25
    at new ManagedPromise (C:\Users\kakas\AppData\Roaming\npm\node_modules\protractor\node_modules\selenium-webdriver\lib\promise.js:1077:7)
    at ControlFlow.promise (C:\Users\kakas\AppData\Roaming\npm\node_modules\protractor\node_modules\selenium-webdriver\lib\promise.js:2505:12)
    at schedulerExecute (C:\Users\kakas\AppData\Roaming\npm\node_modules\protractor\node_modules\jasminewd2\index.js:95:18)
    at TaskQueue.execute_ (C:\Users\kakas\AppData\Roaming\npm\node_modules\protractor\node_modules\selenium-webdriver\lib\promise.js:3084:14)
    at TaskQueue.executeNext_ (C:\Users\kakas\AppData\Roaming\npm\node_modules\protractor\node_modules\selenium-webdriver\lib\promise.js:3067:27)
    at asyncRun (C:\Users\kakas\AppData\Roaming\npm\node_modules\protractor\node_modules\selenium-webdriver\lib\promise.js:2927:27)
    at C:\Users\kakas\AppData\Roaming\npm\node_modules\protractor\node_modules\selenium-webdriver\lib\promise.js:668:7]]>
   </failure>
  </testcase>
 </testsuite>
 <testsuite name="When entering valid data into predictions filter it" timestamp="2018-10-29T11:05:22" hostname="localhost" time="4.609" errors="0" tests="5" skipped="0" disabled="0" failures="0">
  <testcase classname="When entering valid data into predictions filter it" name="should navigate to the predictions page" time="3.989" />
  <testcase classname="When entering valid data into predictions filter it" name="should allow user to input valid data" time="0.479" />
  <testcase classname="When entering valid data into predictions filter it" name="should provide a table with predictions" time="0.001" />
  <testcase classname="When entering valid data into predictions filter it" name="should provide the same number of rows entered into the filter" time="0.14" />
  <testcase classname="When entering valid data into predictions filter it" name="should provide details when prediction row is clicked" time="0" />
 </testsuite>
 <testsuite name="When entering valid data using all filters it" timestamp="2018-10-29T11:05:27" hostname="localhost" time="5.427" errors="0" tests="5" skipped="0" disabled="0" failures="0">
  <testcase classname="When entering valid data using all filters it" name="should navigate to the predictions page" time="2.398" />
  <testcase classname="When entering valid data using all filters it" name="should allow a user to input valid data and use all filters" time="2.845" />
  <testcase classname="When entering valid data using all filters it" name="should provide a table with predictions" time="0.002" />
  <testcase classname="When entering valid data using all filters it" name="should provide the same number of rows entered into the filter" time="0.163" />
  <testcase classname="When entering valid data using all filters it" name="should provide details when prediction row is clicked" time="0.002" />
 </testsuite>
 <testsuite name="When I enter a start date that is more current than the end date it" timestamp="2018-10-29T11:05:32" hostname="localhost" time="2.568" errors="0" tests="2" skipped="0" disabled="0" failures="0">
  <testcase classname="When I enter a start date that is more current than the end date it" name="should navigate to the predictions page" time="2.134" />
  <testcase classname="When I enter a start date that is more current than the end date it" name="should allow user to input a start date that is more current than the end date" time="0.432" />
 </testsuite>
</testsuites>