<?xml version="1.0" encoding="UTF-8" ?>
<testsuites disabled="4" errors="0" failures="3" tests="92" time="170.125">
 <testsuite name="A new user should able to register" timestamp="2018-09-08T14:34:30" hostname="localhost" time="15.158" errors="0" tests="9" skipped="0" disabled="0" failures="1">
  <testcase classname="A new user should able to register" name="should navigate to the login page" time="1.982" />
  <testcase classname="A new user should able to register" name="allow user to click the register button" time="0.112" />
  <testcase classname="A new user should able to register" name="allow associate to enter a username" time="0.216" />
  <testcase classname="A new user should able to register" name="allow associate to enter a valid password" time="0.108" />
  <testcase classname="A new user should able to register" name="allow associate to re-enter a valid password" time="0.101" />
  <testcase classname="A new user should able to register" name="should allow associate to enter first name" time="0.105" />
  <testcase classname="A new user should able to register" name="should allow associate to enter last name" time="0.087" />
  <testcase classname="A new user should able to register" name="show allow associate to pick a role" time="0.072" />
  <testcase classname="A new user should able to register" name="should allow the user to register as an associate" time="11.193">
   <failure type="toContain" message="Expected &apos;Error: New Associate is not created!&apos; to contain &apos;Associate account creation successful.&apos;."><![CDATA[Error: Failed expectation
    at UserContext.<anonymous> (/Users/jacobgolding/Desktop/project_3/trackforce/NGTrackForce/e2e/register-associate/register-associate.e2e-spec.ts:69:63)
    at /Users/jacobgolding/Desktop/project_3/trackforce/NGTrackForce/node_modules/jasminewd2/index.js:112:25
    at new ManagedPromise (/Users/jacobgolding/Desktop/project_3/trackforce/NGTrackForce/node_modules/selenium-webdriver/lib/promise.js:1077:7)
    at ControlFlow.promise (/Users/jacobgolding/Desktop/project_3/trackforce/NGTrackForce/node_modules/selenium-webdriver/lib/promise.js:2505:12)
    at schedulerExecute (/Users/jacobgolding/Desktop/project_3/trackforce/NGTrackForce/node_modules/jasminewd2/index.js:95:18)
    at TaskQueue.execute_ (/Users/jacobgolding/Desktop/project_3/trackforce/NGTrackForce/node_modules/selenium-webdriver/lib/promise.js:3084:14)
    at TaskQueue.executeNext_ (/Users/jacobgolding/Desktop/project_3/trackforce/NGTrackForce/node_modules/selenium-webdriver/lib/promise.js:3067:27)
    at asyncRun (/Users/jacobgolding/Desktop/project_3/trackforce/NGTrackForce/node_modules/selenium-webdriver/lib/promise.js:2974:25)
    at /Users/jacobgolding/Desktop/project_3/trackforce/NGTrackForce/node_modules/selenium-webdriver/lib/promise.js:668:7]]>
   </failure>
  </testcase>
 </testsuite>
 <testsuite name="A new user should not be able to register with a short username" timestamp="2018-09-08T14:34:45" hostname="localhost" time="3.387" errors="0" tests="2" skipped="0" disabled="0" failures="0">
  <testcase classname="A new user should not be able to register with a short username" name="allow associate to enter an invalid username" time="0.084" />
  <testcase classname="A new user should not be able to register with a short username" name="should not allow the user to register with an invalid username" time="0.113" />
 </testsuite>
 <testsuite name="A new user should not be able to register with a weak password" timestamp="2018-09-08T14:34:48" hostname="localhost" time="3.846" errors="0" tests="3" skipped="0" disabled="0" failures="0">
  <testcase classname="A new user should not be able to register with a weak password" name="allow associate to enter an invalid password" time="0.094" />
  <testcase classname="A new user should not be able to register with a weak password" name="allow associate to re-enter an invalid password" time="0.101" />
  <testcase classname="A new user should not be able to register with a weak password" name="should not allow the user to register with an invalid password" time="0.097" />
 </testsuite>
 <testsuite name="A new user should not be able to register with a mismatched paswords" timestamp="2018-09-08T14:34:52" hostname="localhost" time="4.025" errors="0" tests="2" skipped="0" disabled="0" failures="0">
  <testcase classname="A new user should not be able to register with a mismatched paswords" name="allow associate to enter an different password" time="0.103" />
  <testcase classname="A new user should not be able to register with a mismatched paswords" name="should not allow the user to register with an invalid username" time="0.099" />
 </testsuite>
 <testsuite name="A new user should not be able to register with a mismatched paswords" timestamp="2018-09-08T14:34:56" hostname="localhost" time="3.63" errors="0" tests="1" skipped="0" disabled="0" failures="0">
  <testcase classname="A new user should not be able to register with a mismatched paswords" name="should not allow the user to register without selecting a role " time="0.108" />
 </testsuite>
 <testsuite name="login page element existences" timestamp="2018-09-08T14:35:00" hostname="localhost" time="1.608" errors="0" tests="6" skipped="0" disabled="0" failures="0">
  <testcase classname="login page element existences" name="should have a username input box" time="0.003" />
  <testcase classname="login page element existences" name="should have a password input box" time="0.004" />
  <testcase classname="login page element existences" name="should have a login button" time="0.002" />
  <testcase classname="login page element existences" name="should display proper placeholder: Username" time="0.039" />
  <testcase classname="login page element existences" name="should display proper placeholder: Password" time="0.03" />
  <testcase classname="login page element existences" name="should display proper value for button" time="0.047" />
 </testsuite>
 <testsuite name="Confirm login failures" timestamp="2018-09-08T14:35:01" hostname="localhost" time="1.948" errors="0" tests="2" skipped="0" disabled="0" failures="1">
  <testcase classname="Confirm login failures" name="should fail to log in when nothing is entered" time="0.117" />
  <testcase classname="Confirm login failures" name="should fail to login when incorrect credentials are entered" time="0.328">
   <failure type="toEqual" message="Expected &apos;&apos; to equal &apos;Invalid username and/or password
Username:
Password:
Sign in
Register&apos;."><![CDATA[Error: Failed expectation
    at UserContext.<anonymous> (/Users/jacobgolding/Desktop/project_3/trackforce/NGTrackForce/e2e/login/login.e2e-spec.ts:72:43)
    at /Users/jacobgolding/Desktop/project_3/trackforce/NGTrackForce/node_modules/jasminewd2/index.js:112:25
    at new ManagedPromise (/Users/jacobgolding/Desktop/project_3/trackforce/NGTrackForce/node_modules/selenium-webdriver/lib/promise.js:1077:7)
    at ControlFlow.promise (/Users/jacobgolding/Desktop/project_3/trackforce/NGTrackForce/node_modules/selenium-webdriver/lib/promise.js:2505:12)
    at schedulerExecute (/Users/jacobgolding/Desktop/project_3/trackforce/NGTrackForce/node_modules/jasminewd2/index.js:95:18)
    at TaskQueue.execute_ (/Users/jacobgolding/Desktop/project_3/trackforce/NGTrackForce/node_modules/selenium-webdriver/lib/promise.js:3084:14)
    at TaskQueue.executeNext_ (/Users/jacobgolding/Desktop/project_3/trackforce/NGTrackForce/node_modules/selenium-webdriver/lib/promise.js:3067:27)
    at asyncRun (/Users/jacobgolding/Desktop/project_3/trackforce/NGTrackForce/node_modules/selenium-webdriver/lib/promise.js:2974:25)
    at /Users/jacobgolding/Desktop/project_3/trackforce/NGTrackForce/node_modules/selenium-webdriver/lib/promise.js:668:7]]>
   </failure>
  </testcase>
 </testsuite>
 <testsuite name="Login in  with proper credentials" timestamp="2018-09-08T14:35:03" hostname="localhost" time="8.761" errors="0" tests="5" skipped="1" disabled="0" failures="0">
  <testcase classname="Login in  with proper credentials" name="should be able to login in with admin credentials and reach the admin page" time="1.38" />
  <testcase classname="Login in  with proper credentials" name="should be able to login in with associate credentials and reach the associate page" time="3.241" />
  <testcase classname="Login in  with proper credentials" name="should be able to login in with Manager credentials and reach the Admin page" time="1.336" />
  <testcase classname="Login in  with proper credentials" name="should be able to login in with Trainer credentials and reach the Trainer page" time="0.001">
   <skipped message="Temporarily disabled with xit" />
  </testcase>
  <testcase classname="Login in  with proper credentials" name="should be able to login in with Sales Team credentials and reach the Admin page" time="1.331" />
 </testsuite>
 <testsuite name="The admin navbar is functional" timestamp="2018-09-08T14:35:12" hostname="localhost" time="32.178" errors="0" tests="8" skipped="0" disabled="0" failures="0">
  <testcase classname="The admin navbar is functional" name="should navigate to home page" time="0.84" />
  <testcase classname="The admin navbar is functional" name="should navigate to client list page" time="4.527" />
  <testcase classname="The admin navbar is functional" name="should navigate to batch list page" time="6.68" />
  <testcase classname="The admin navbar is functional" name="should navigate to associate lising" time="9.466" />
  <testcase classname="The admin navbar is functional" name="should navigate to predictions" time="8.618" />
  <testcase classname="The admin navbar is functional" name="should navigate to create user" time="0.149" />
  <testcase classname="The admin navbar is functional" name="should navigate to salesforce" time="0.068" />
  <testcase classname="The admin navbar is functional" name="should be able to logout" time="0.061" />
 </testsuite>
 <testsuite name="The Asscoiate navbar is functional" timestamp="2018-09-08T14:35:44" hostname="localhost" time="8.389" errors="0" tests="3" skipped="0" disabled="0" failures="1">
  <testcase classname="The Asscoiate navbar is functional" name="should navigate to home page" time="2.933" />
  <testcase classname="The Asscoiate navbar is functional" name="should navigate to My Interviews" time="3.668">
   <failure type="toEqual" message="Expected &apos;http://localhost:4200/#/associate-view&apos; to equal &apos;http://localhost:4200/#/myinterview-view&apos;."><![CDATA[Error: Failed expectation
    at UserContext.<anonymous> (/Users/jacobgolding/Desktop/project_3/trackforce/NGTrackForce/e2e/navbar/navbar.e2e-spec.ts:82:40)
    at /Users/jacobgolding/Desktop/project_3/trackforce/NGTrackForce/node_modules/jasminewd2/index.js:112:25
    at new ManagedPromise (/Users/jacobgolding/Desktop/project_3/trackforce/NGTrackForce/node_modules/selenium-webdriver/lib/promise.js:1077:7)
    at ControlFlow.promise (/Users/jacobgolding/Desktop/project_3/trackforce/NGTrackForce/node_modules/selenium-webdriver/lib/promise.js:2505:12)
    at schedulerExecute (/Users/jacobgolding/Desktop/project_3/trackforce/NGTrackForce/node_modules/jasminewd2/index.js:95:18)
    at TaskQueue.execute_ (/Users/jacobgolding/Desktop/project_3/trackforce/NGTrackForce/node_modules/selenium-webdriver/lib/promise.js:3084:14)
    at TaskQueue.executeNext_ (/Users/jacobgolding/Desktop/project_3/trackforce/NGTrackForce/node_modules/selenium-webdriver/lib/promise.js:3067:27)
    at asyncRun (/Users/jacobgolding/Desktop/project_3/trackforce/NGTrackForce/node_modules/selenium-webdriver/lib/promise.js:2974:25)
    at /Users/jacobgolding/Desktop/project_3/trackforce/NGTrackForce/node_modules/selenium-webdriver/lib/promise.js:668:7]]>
   </failure>
  </testcase>
  <testcase classname="The Asscoiate navbar is functional" name="should be able to logout" time="0.069" />
 </testsuite>
 <testsuite name="The Staging Manager navbar is functional" timestamp="2018-09-08T14:35:53" hostname="localhost" time="31.906" errors="0" tests="7" skipped="0" disabled="0" failures="0">
  <testcase classname="The Staging Manager navbar is functional" name="should navigate to home page" time="0.825" />
  <testcase classname="The Staging Manager navbar is functional" name="should navigate to client list page" time="4.095" />
  <testcase classname="The Staging Manager navbar is functional" name="should navigate to batch list page" time="6.871" />
  <testcase classname="The Staging Manager navbar is functional" name="should navigate to associate lising" time="9.463" />
  <testcase classname="The Staging Manager navbar is functional" name="should navigate to predictions" time="8.649" />
  <testcase classname="The Staging Manager navbar is functional" name="should navigate to create user" time="0.134" />
  <testcase classname="The Staging Manager navbar is functional" name="should be able to logout" time="0.065" />
 </testsuite>
 <testsuite name="The Trainer navbar is functional" timestamp="2018-09-08T14:36:25" hostname="localhost" time="0.001" errors="0" tests="4" skipped="0" disabled="4" failures="0">
  <testcase classname="The Trainer navbar is functional" name="should navigate to home page" time="0.001">
   <skipped />
  </testcase>
  <testcase classname="The Trainer navbar is functional" name="should navigate to batch list page" time="0">
   <skipped />
  </testcase>
  <testcase classname="The Trainer navbar is functional" name="should navigate to associate lising" time="0">
   <skipped />
  </testcase>
  <testcase classname="The Trainer navbar is functional" name="should be able to logout" time="0">
   <skipped />
  </testcase>
 </testsuite>
 <testsuite name="The Delivery/Sales navbar is functional" timestamp="2018-09-08T14:36:25" hostname="localhost" time="30.767" errors="0" tests="7" skipped="0" disabled="0" failures="0">
  <testcase classname="The Delivery/Sales navbar is functional" name="should navigate to home page" time="0.763" />
  <testcase classname="The Delivery/Sales navbar is functional" name="should navigate to client list page" time="3.91" />
  <testcase classname="The Delivery/Sales navbar is functional" name="should navigate to batch list page" time="6.671" />
  <testcase classname="The Delivery/Sales navbar is functional" name="should navigate to associate lising" time="9.251" />
  <testcase classname="The Delivery/Sales navbar is functional" name="should navigate to predictions" time="8.659" />
  <testcase classname="The Delivery/Sales navbar is functional" name="should navigate to create user" time="0.139" />
  <testcase classname="The Delivery/Sales navbar is functional" name="should be able to logout" time="0.081" />
 </testsuite>
 <testsuite name="When an admin navigates to the client-list page it" timestamp="2018-09-08T14:36:55" hostname="localhost" time="7.977" errors="0" tests="11" skipped="2" disabled="0" failures="0">
  <testcase classname="When an admin navigates to the client-list page it" name="should navigate to the client-list page" time="3.3" />
  <testcase classname="When an admin navigates to the client-list page it" name="should accept username input" time="0.134" />
  <testcase classname="When an admin navigates to the client-list page it" name="should yield match for search input in one exists" time="0.034" />
  <testcase classname="When an admin navigates to the client-list page it" name="should yield a match for a search regardless of case" time="0.186" />
  <testcase classname="When an admin navigates to the client-list page it" name="should be able to click a searched for client" time="0.396" />
  <testcase classname="When an admin navigates to the client-list page it" name="should be able to click View Data for all Clients" time="1.313" />
  <testcase classname="When an admin navigates to the client-list page it" name="should yield a match for a search string with spaces" time="0">
   <skipped message="Temporarily disabled with xit" />
  </testcase>
  <testcase classname="When an admin navigates to the client-list page it" name="should trim the spaces between words in a search string" time="0.001">
   <skipped message="Temporarily disabled with xit" />
  </testcase>
  <testcase classname="When an admin navigates to the client-list page it" name="should yield a match for search input if many results exist" time="0.982" />
  <testcase classname="When an admin navigates to the client-list page it" name="should yield no matches if none exist" time="0.157" />
  <testcase classname="When an admin navigates to the client-list page it" name="should logout" time="0.059" />
 </testsuite>
 <testsuite name="When an Staging Manager navigates to the client-list page it" timestamp="2018-09-08T14:37:03" hostname="localhost" time="7.995" errors="0" tests="11" skipped="2" disabled="0" failures="0">
  <testcase classname="When an Staging Manager navigates to the client-list page it" name="should navigate to the client-list page" time="3.41" />
  <testcase classname="When an Staging Manager navigates to the client-list page it" name="should accept username input" time="0.151" />
  <testcase classname="When an Staging Manager navigates to the client-list page it" name="should yield match for search input if one exists" time="0.025" />
  <testcase classname="When an Staging Manager navigates to the client-list page it" name="should yield a match for a search regardless of case" time="0.191" />
  <testcase classname="When an Staging Manager navigates to the client-list page it" name="should be able to click a searched for client" time="0.402" />
  <testcase classname="When an Staging Manager navigates to the client-list page it" name="should be able to click View Data for all Clients" time="1.173" />
  <testcase classname="When an Staging Manager navigates to the client-list page it" name="should yield a match for a search string with spaces" time="0.001">
   <skipped message="Temporarily disabled with xit" />
  </testcase>
  <testcase classname="When an Staging Manager navigates to the client-list page it" name="should trim the spaces between words in a search string" time="0">
   <skipped message="Temporarily disabled with xit" />
  </testcase>
  <testcase classname="When an Staging Manager navigates to the client-list page it" name="should yield a match for search input if many results exist" time="0.966" />
  <testcase classname="When an Staging Manager navigates to the client-list page it" name="should yield no matches if none exist" time="0.165" />
  <testcase classname="When an Staging Manager navigates to the client-list page it" name="should logout" time="0.069" />
 </testsuite>
 <testsuite name="When an Delivery/Sales navigates to the client-list page it" timestamp="2018-09-08T14:37:11" hostname="localhost" time="8.549" errors="0" tests="11" skipped="2" disabled="0" failures="0">
  <testcase classname="When an Delivery/Sales navigates to the client-list page it" name="should navigate to the client-list page" time="3.603" />
  <testcase classname="When an Delivery/Sales navigates to the client-list page it" name="should accept username input" time="0.129" />
  <testcase classname="When an Delivery/Sales navigates to the client-list page it" name="should yield match for search input in one exists" time="0.032" />
  <testcase classname="When an Delivery/Sales navigates to the client-list page it" name="should yield a match for a search regardless of case" time="0.165" />
  <testcase classname="When an Delivery/Sales navigates to the client-list page it" name="should be able to click a searched for client" time="0.285" />
  <testcase classname="When an Delivery/Sales navigates to the client-list page it" name="should be able to click View Data for all Clients" time="1.29" />
  <testcase classname="When an Delivery/Sales navigates to the client-list page it" name="should yield a match for a search string with spaces" time="0.001">
   <skipped message="Temporarily disabled with xit" />
  </testcase>
  <testcase classname="When an Delivery/Sales navigates to the client-list page it" name="should trim the spaces between words in a search string" time="0">
   <skipped message="Temporarily disabled with xit" />
  </testcase>
  <testcase classname="When an Delivery/Sales navigates to the client-list page it" name="should yield a match for search input if many results exist" time="0.979" />
  <testcase classname="When an Delivery/Sales navigates to the client-list page it" name="should yield no matches if none exist" time="0.162" />
  <testcase classname="When an Delivery/Sales navigates to the client-list page it" name="should logout" time="0.054" />
 </testsuite>
</testsuites>