<?xml version="1.0" encoding="UTF-8" ?>
<testsuites disabled="0" errors="0" failures="9" tests="164" time="502.01">
 <testsuite name="test assocation pagenation functionality" timestamp="2019-08-03T16:11:41" hostname="localhost" time="19.039" errors="0" tests="4" skipped="0" disabled="0" failures="0">
  <testcase classname="test assocation pagenation functionality" name="should log in" time="7.894" />
  <testcase classname="test assocation pagenation functionality" name="Go to associate list tab" time="6.353" />
  <testcase classname="test assocation pagenation functionality" name="Should load 60 or less associates." time="0.038" />
  <testcase classname="test assocation pagenation functionality" name="Should load more associate if page scrolls down and theres more than 60." time="4.752" />
 </testsuite>
 <testsuite name="tests searching on associates list tab..." timestamp="2019-08-03T16:12:00" hostname="localhost" time="18.035" errors="0" tests="6" skipped="0" disabled="0" failures="1">
  <testcase classname="tests searching on associates list tab..." name="should log in" time="1.453" />
  <testcase classname="tests searching on associates list tab..." name="Go to associate list tab" time="3.503" />
  <testcase classname="tests searching on associates list tab..." name="Test out search by name of associate" time="6.89" />
  <testcase classname="tests searching on associates list tab..." name="Clear the search input box" time="0.08" />
  <testcase classname="tests searching on associates list tab..." name="Test out search by last name" time="5.375">
   <failure type="exception" message="Failed: No element found using locator: By(css selector, table tbody tr:nth-child(1) td:nth-child(2))"><![CDATA[NoSuchElementError: No element found using locator: By(css selector, table tbody tr:nth-child(1) td:nth-child(2))
    at /Users/matt/dev/wk/p3/trackforce/NGTrackForce/node_modules/protractor/built/element.js:814:27
    at ManagedPromise.invokeCallback_ (/Users/matt/dev/wk/p3/trackforce/NGTrackForce/node_modules/selenium-webdriver/lib/promise.js:1376:14)
    at TaskQueue.execute_ (/Users/matt/dev/wk/p3/trackforce/NGTrackForce/node_modules/selenium-webdriver/lib/promise.js:3084:14)
    at TaskQueue.executeNext_ (/Users/matt/dev/wk/p3/trackforce/NGTrackForce/node_modules/selenium-webdriver/lib/promise.js:3067:27)
    at /Users/matt/dev/wk/p3/trackforce/NGTrackForce/node_modules/selenium-webdriver/lib/promise.js:2927:27
    at /Users/matt/dev/wk/p3/trackforce/NGTrackForce/node_modules/selenium-webdriver/lib/promise.js:668:7
    at processTicksAndRejections (internal/process/task_queues.js:89:5)Error
    at ElementArrayFinder.applyAction_ (/Users/matt/dev/wk/p3/trackforce/NGTrackForce/node_modules/protractor/built/element.js:459:27)
    at ElementArrayFinder.<computed> [as getText] (/Users/matt/dev/wk/p3/trackforce/NGTrackForce/node_modules/protractor/built/element.js:91:29)
    at ElementFinder.<computed> [as getText] (/Users/matt/dev/wk/p3/trackforce/NGTrackForce/node_modules/protractor/built/element.js:831:22)
    at UserContext.<anonymous> (/Users/matt/dev/wk/p3/trackforce/NGTrackForce/e2e/associate-list/associate-list-search.js:50:77)
    at /Users/matt/dev/wk/p3/trackforce/NGTrackForce/node_modules/jasminewd2/index.js:112:25
    at new ManagedPromise (/Users/matt/dev/wk/p3/trackforce/NGTrackForce/node_modules/selenium-webdriver/lib/promise.js:1077:7)
    at ControlFlow.promise (/Users/matt/dev/wk/p3/trackforce/NGTrackForce/node_modules/selenium-webdriver/lib/promise.js:2505:12)
    at schedulerExecute (/Users/matt/dev/wk/p3/trackforce/NGTrackForce/node_modules/jasminewd2/index.js:95:18)
    at TaskQueue.execute_ (/Users/matt/dev/wk/p3/trackforce/NGTrackForce/node_modules/selenium-webdriver/lib/promise.js:3084:14)
    at TaskQueue.executeNext_ (/Users/matt/dev/wk/p3/trackforce/NGTrackForce/node_modules/selenium-webdriver/lib/promise.js:3067:27)
From: Task: Run it("Test out search by last name") in control flow
    at UserContext.<anonymous> (/Users/matt/dev/wk/p3/trackforce/NGTrackForce/node_modules/jasminewd2/index.js:94:19)
    at attempt (/Users/matt/dev/wk/p3/trackforce/NGTrackForce/node_modules/jasmine/node_modules/jasmine-core/lib/jasmine-core/jasmine.js:4297:26)
    at QueueRunner.run (/Users/matt/dev/wk/p3/trackforce/NGTrackForce/node_modules/jasmine/node_modules/jasmine-core/lib/jasmine-core/jasmine.js:4217:20)
    at runNext (/Users/matt/dev/wk/p3/trackforce/NGTrackForce/node_modules/jasmine/node_modules/jasmine-core/lib/jasmine-core/jasmine.js:4257:20)
    at /Users/matt/dev/wk/p3/trackforce/NGTrackForce/node_modules/jasmine/node_modules/jasmine-core/lib/jasmine-core/jasmine.js:4264:13
    at /Users/matt/dev/wk/p3/trackforce/NGTrackForce/node_modules/jasmine/node_modules/jasmine-core/lib/jasmine-core/jasmine.js:4172:9
    at /Users/matt/dev/wk/p3/trackforce/NGTrackForce/node_modules/jasminewd2/index.js:64:48
    at ControlFlow.emit (/Users/matt/dev/wk/p3/trackforce/NGTrackForce/node_modules/selenium-webdriver/lib/events.js:62:21)
    at ControlFlow.shutdown_ (/Users/matt/dev/wk/p3/trackforce/NGTrackForce/node_modules/selenium-webdriver/lib/promise.js:2674:10)
    at /Users/matt/dev/wk/p3/trackforce/NGTrackForce/node_modules/selenium-webdriver/lib/promise.js:2599:53
From asynchronous test: 
Error
    at Suite.<anonymous> (/Users/matt/dev/wk/p3/trackforce/NGTrackForce/e2e/associate-list/associate-list-search.js:44:3)
    at addSpecsToSuite (/Users/matt/dev/wk/p3/trackforce/NGTrackForce/node_modules/jasmine/node_modules/jasmine-core/lib/jasmine-core/jasmine.js:1107:25)
    at Env.describe (/Users/matt/dev/wk/p3/trackforce/NGTrackForce/node_modules/jasmine/node_modules/jasmine-core/lib/jasmine-core/jasmine.js:1074:7)
    at describe (/Users/matt/dev/wk/p3/trackforce/NGTrackForce/node_modules/jasmine/node_modules/jasmine-core/lib/jasmine-core/jasmine.js:4399:18)
    at Object.<anonymous> (/Users/matt/dev/wk/p3/trackforce/NGTrackForce/e2e/associate-list/associate-list-search.js:1:1)
    at Module._compile (internal/modules/cjs/loader.js:774:30)
    at Object.Module._extensions..js (internal/modules/cjs/loader.js:785:10)
    at Module.load (internal/modules/cjs/loader.js:641:32)
    at Function.Module._load (internal/modules/cjs/loader.js:556:12)]]>
   </failure>
  </testcase>
  <testcase classname="tests searching on associates list tab..." name="Clear out search input once more and logout" time="0.734" />
 </testsuite>
 <testsuite name="Testing associate list page further by changing search status." timestamp="2019-08-03T16:12:18" hostname="localhost" time="8.967" errors="0" tests="11" skipped="0" disabled="0" failures="0">
  <testcase classname="Testing associate list page further by changing search status." name="should log in" time="1.531" />
  <testcase classname="Testing associate list page further by changing search status." name="Go to associate list tab" time="3.461" />
  <testcase classname="Testing associate list page further by changing search status." name="Select mapped: training" time="0.525" />
  <testcase classname="Testing associate list page further by changing search status." name="Select mapped: reserved" time="0.381" />
  <testcase classname="Testing associate list page further by changing search status." name="Select MAPPED: SELECTED" time="0.414" />
  <testcase classname="Testing associate list page further by changing search status." name="Select MAPPED: CONFIRMED" time="0.423" />
  <testcase classname="Testing associate list page further by changing search status." name="Select UNMAPPED: TRAINING" time="0.404" />
  <testcase classname="Testing associate list page further by changing search status." name="Select UNMAPPED: OPEN" time="0.4" />
  <testcase classname="Testing associate list page further by changing search status." name="Select UNMAPPED: SELECTED" time="0.402" />
  <testcase classname="Testing associate list page further by changing search status." name="Select UNMAPPED: CONFIRMED" time="0.405" />
  <testcase classname="Testing associate list page further by changing search status." name="Select default" time="0.62" />
 </testsuite>
 <testsuite name="Testing associate list via Client Search" timestamp="2019-08-03T16:12:27" hostname="localhost" time="58.419" errors="0" tests="7" skipped="0" disabled="0" failures="1">
  <testcase classname="Testing associate list via Client Search" name="should log in" time="21.156">
   <failure type="exception" message="Failed: script timeout: result was not received in 20 seconds
  (Session info: chrome=75.0.3770.142)
Build info: version: &apos;3.141.59&apos;, revision: &apos;e82be7d358&apos;, time: &apos;2018-11-14T08:25:53&apos;
System info: host: &apos;mattbook.local&apos;, ip: &apos;fe80:0:0:0:10b7:20ca:76aa:4f8d%en0&apos;, os.name: &apos;Mac OS X&apos;, os.arch: &apos;x86_64&apos;, os.version: &apos;10.14.5&apos;, java.version: &apos;1.8.0_211&apos;
Driver info: driver.version: unknown"><![CDATA[ScriptTimeoutError: script timeout: result was not received in 20 seconds
  (Session info: chrome=75.0.3770.142)
Build info: version: '3.141.59', revision: 'e82be7d358', time: '2018-11-14T08:25:53'
System info: host: 'mattbook.local', ip: 'fe80:0:0:0:10b7:20ca:76aa:4f8d%en0', os.name: 'Mac OS X', os.arch: 'x86_64', os.version: '10.14.5', java.version: '1.8.0_211'
Driver info: driver.version: unknown
    at Object.checkLegacyResponse (/Users/matt/dev/wk/p3/trackforce/NGTrackForce/node_modules/selenium-webdriver/lib/error.js:546:15)
    at parseHttpResponse (/Users/matt/dev/wk/p3/trackforce/NGTrackForce/node_modules/selenium-webdriver/lib/http.js:509:13)
    at /Users/matt/dev/wk/p3/trackforce/NGTrackForce/node_modules/selenium-webdriver/lib/http.js:441:30
    at processTicksAndRejections (internal/process/task_queues.js:89:5)
From: Task: Protractor.waitForAngular() - Locator: By(css selector, *[id="home"])
    at thenableWebDriverProxy.schedule (/Users/matt/dev/wk/p3/trackforce/NGTrackForce/node_modules/selenium-webdriver/lib/webdriver.js:807:17)
    at ProtractorBrowser.executeAsyncScript_ (/Users/matt/dev/wk/p3/trackforce/NGTrackForce/node_modules/protractor/built/browser.js:425:28)
    at /Users/matt/dev/wk/p3/trackforce/NGTrackForce/node_modules/protractor/built/browser.js:456:33
    at ManagedPromise.invokeCallback_ (/Users/matt/dev/wk/p3/trackforce/NGTrackForce/node_modules/selenium-webdriver/lib/promise.js:1376:14)
    at TaskQueue.execute_ (/Users/matt/dev/wk/p3/trackforce/NGTrackForce/node_modules/selenium-webdriver/lib/promise.js:3084:14)
    at TaskQueue.executeNext_ (/Users/matt/dev/wk/p3/trackforce/NGTrackForce/node_modules/selenium-webdriver/lib/promise.js:3067:27)
    at /Users/matt/dev/wk/p3/trackforce/NGTrackForce/node_modules/selenium-webdriver/lib/promise.js:2927:27
    at /Users/matt/dev/wk/p3/trackforce/NGTrackForce/node_modules/selenium-webdriver/lib/promise.js:668:7
    at processTicksAndRejections (internal/process/task_queues.js:89:5)Error
    at ElementArrayFinder.applyAction_ (/Users/matt/dev/wk/p3/trackforce/NGTrackForce/node_modules/protractor/built/element.js:459:27)
    at ElementArrayFinder.<computed> [as getText] (/Users/matt/dev/wk/p3/trackforce/NGTrackForce/node_modules/protractor/built/element.js:91:29)
    at ElementFinder.<computed> [as getText] (/Users/matt/dev/wk/p3/trackforce/NGTrackForce/node_modules/protractor/built/element.js:831:22)
    at UserContext.<anonymous> (/Users/matt/dev/wk/p3/trackforce/NGTrackForce/e2e/associate-list/associate-list-client.js:14:35)
    at /Users/matt/dev/wk/p3/trackforce/NGTrackForce/node_modules/jasminewd2/index.js:112:25
    at new ManagedPromise (/Users/matt/dev/wk/p3/trackforce/NGTrackForce/node_modules/selenium-webdriver/lib/promise.js:1077:7)
    at ControlFlow.promise (/Users/matt/dev/wk/p3/trackforce/NGTrackForce/node_modules/selenium-webdriver/lib/promise.js:2505:12)
    at schedulerExecute (/Users/matt/dev/wk/p3/trackforce/NGTrackForce/node_modules/jasminewd2/index.js:95:18)
    at TaskQueue.execute_ (/Users/matt/dev/wk/p3/trackforce/NGTrackForce/node_modules/selenium-webdriver/lib/promise.js:3084:14)
    at TaskQueue.executeNext_ (/Users/matt/dev/wk/p3/trackforce/NGTrackForce/node_modules/selenium-webdriver/lib/promise.js:3067:27)
From: Task: Run it("should log in") in control flow
    at UserContext.<anonymous> (/Users/matt/dev/wk/p3/trackforce/NGTrackForce/node_modules/jasminewd2/index.js:94:19)
    at attempt (/Users/matt/dev/wk/p3/trackforce/NGTrackForce/node_modules/jasmine/node_modules/jasmine-core/lib/jasmine-core/jasmine.js:4297:26)
    at QueueRunner.run (/Users/matt/dev/wk/p3/trackforce/NGTrackForce/node_modules/jasmine/node_modules/jasmine-core/lib/jasmine-core/jasmine.js:4217:20)
    at QueueRunner.execute (/Users/matt/dev/wk/p3/trackforce/NGTrackForce/node_modules/jasmine/node_modules/jasmine-core/lib/jasmine-core/jasmine.js:4199:10)
    at Spec.queueRunnerFactory (/Users/matt/dev/wk/p3/trackforce/NGTrackForce/node_modules/jasmine/node_modules/jasmine-core/lib/jasmine-core/jasmine.js:909:35)
    at Spec.execute (/Users/matt/dev/wk/p3/trackforce/NGTrackForce/node_modules/jasmine/node_modules/jasmine-core/lib/jasmine-core/jasmine.js:526:10)
    at UserContext.fn (/Users/matt/dev/wk/p3/trackforce/NGTrackForce/node_modules/jasmine/node_modules/jasmine-core/lib/jasmine-core/jasmine.js:5340:37)
    at attempt (/Users/matt/dev/wk/p3/trackforce/NGTrackForce/node_modules/jasmine/node_modules/jasmine-core/lib/jasmine-core/jasmine.js:4297:26)
    at QueueRunner.run (/Users/matt/dev/wk/p3/trackforce/NGTrackForce/node_modules/jasmine/node_modules/jasmine-core/lib/jasmine-core/jasmine.js:4217:20)
    at QueueRunner.execute (/Users/matt/dev/wk/p3/trackforce/NGTrackForce/node_modules/jasmine/node_modules/jasmine-core/lib/jasmine-core/jasmine.js:4199:10)
From asynchronous test: 
Error
    at Suite.<anonymous> (/Users/matt/dev/wk/p3/trackforce/NGTrackForce/e2e/associate-list/associate-list-client.js:9:3)
    at addSpecsToSuite (/Users/matt/dev/wk/p3/trackforce/NGTrackForce/node_modules/jasmine/node_modules/jasmine-core/lib/jasmine-core/jasmine.js:1107:25)
    at Env.describe (/Users/matt/dev/wk/p3/trackforce/NGTrackForce/node_modules/jasmine/node_modules/jasmine-core/lib/jasmine-core/jasmine.js:1074:7)
    at describe (/Users/matt/dev/wk/p3/trackforce/NGTrackForce/node_modules/jasmine/node_modules/jasmine-core/lib/jasmine-core/jasmine.js:4399:18)
    at Object.<anonymous> (/Users/matt/dev/wk/p3/trackforce/NGTrackForce/e2e/associate-list/associate-list-client.js:1:1)
    at Module._compile (internal/modules/cjs/loader.js:774:30)
    at Object.Module._extensions..js (internal/modules/cjs/loader.js:785:10)
    at Module.load (internal/modules/cjs/loader.js:641:32)
    at Function.Module._load (internal/modules/cjs/loader.js:556:12)]]>
   </failure>
  </testcase>
  <testcase classname="Testing associate list via Client Search" name="Go to associate list tab" time="3.966" />
  <testcase classname="Testing associate list via Client Search" name="Should select None" time="5.633" />
  <testcase classname="Testing associate list via Client Search" name="Should select 22nd Century Technologies" time="5.721" />
  <testcase classname="Testing associate list via Client Search" name="Should select 3 Edge USA Group, LLC" time="5.703" />
  <testcase classname="Testing associate list via Client Search" name="Should select 3 S Business Corporation Inc (, LLC" time="5.599" />
  <testcase classname="Testing associate list via Client Search" name="should log out" time="10.641" />
 </testsuite>
 <testsuite name="A new user should able to register" timestamp="2019-08-03T16:13:25" hostname="localhost" time="15.706" errors="0" tests="9" skipped="0" disabled="0" failures="0">
  <testcase classname="A new user should able to register" name="should navigate to the login page" time="1.737" />
  <testcase classname="A new user should able to register" name="allow user to click the register button" time="5.232" />
  <testcase classname="A new user should able to register" name="allow associate to enter a username" time="0.176" />
  <testcase classname="A new user should able to register" name="allow associate to enter a valid password" time="0.142" />
  <testcase classname="A new user should able to register" name="allow associate to re-enter a valid password" time="0.113" />
  <testcase classname="A new user should able to register" name="should allow associate to enter first name" time="0.116" />
  <testcase classname="A new user should able to register" name="should allow associate to enter last name" time="0.086" />
  <testcase classname="A new user should able to register" name="show allow associate to pick a role" time="0.09" />
  <testcase classname="A new user should able to register" name="should allow the user to register as an associate" time="5.966" />
 </testsuite>
 <testsuite name="A new user should not be able to register with a short username" timestamp="2019-08-03T16:13:41" hostname="localhost" time="15.003" errors="0" tests="2" skipped="0" disabled="0" failures="0">
  <testcase classname="A new user should not be able to register with a short username" name="allow associate to enter an invalid username" time="0.12" />
  <testcase classname="A new user should not be able to register with a short username" name="should not allow the user to register with an invalid username" time="5.172" />
 </testsuite>
 <testsuite name="A new user should not be able to register with a weak password" timestamp="2019-08-03T16:13:56" hostname="localhost" time="15.078" errors="0" tests="3" skipped="0" disabled="0" failures="0">
  <testcase classname="A new user should not be able to register with a weak password" name="allow associate to enter an invalid password" time="0.133" />
  <testcase classname="A new user should not be able to register with a weak password" name="allow associate to re-enter an invalid password" time="0.132" />
  <testcase classname="A new user should not be able to register with a weak password" name="should not allow the user to register with an invalid password" time="5.184" />
 </testsuite>
 <testsuite name="A new user should not be able to register with a mismatched paswords" timestamp="2019-08-03T16:14:11" hostname="localhost" time="15.019" errors="0" tests="2" skipped="0" disabled="0" failures="0">
  <testcase classname="A new user should not be able to register with a mismatched paswords" name="allow associate to enter an different password" time="0.107" />
  <testcase classname="A new user should not be able to register with a mismatched paswords" name="should not allow the user to register with an invalid username" time="5.163" />
 </testsuite>
 <testsuite name="A new user should not be able to register with a mismatched paswords" timestamp="2019-08-03T16:14:26" hostname="localhost" time="14.943" errors="0" tests="1" skipped="0" disabled="0" failures="0">
  <testcase classname="A new user should not be able to register with a mismatched paswords" name="should not allow the user to register without selecting a role " time="5.292" />
 </testsuite>
 <testsuite name="login page element existences" timestamp="2019-08-03T16:14:41" hostname="localhost" time="2.125" errors="0" tests="6" skipped="0" disabled="0" failures="0">
  <testcase classname="login page element existences" name="should have a username input box" time="0.003" />
  <testcase classname="login page element existences" name="should have a password input box" time="0.001" />
  <testcase classname="login page element existences" name="should have a login button" time="0.001" />
  <testcase classname="login page element existences" name="should display proper placeholder: Username" time="0.034" />
  <testcase classname="login page element existences" name="should display proper placeholder: Password" time="0.041" />
  <testcase classname="login page element existences" name="should display proper value for button" time="0.056" />
 </testsuite>
 <testsuite name="Confirm login failures" timestamp="2019-08-03T16:14:43" hostname="localhost" time="13.073" errors="0" tests="2" skipped="0" disabled="0" failures="0">
  <testcase classname="Confirm login failures" name="should fail to log in when nothing is entered" time="5.304" />
  <testcase classname="Confirm login failures" name="should fail to login when incorrect credentials are entered" time="5.864" />
 </testsuite>
 <testsuite name="Login in with proper credentials" timestamp="2019-08-03T16:14:56" hostname="localhost" time="61.879" errors="0" tests="5" skipped="0" disabled="0" failures="3">
  <testcase classname="Login in with proper credentials" name="should be able to login in with admin credentials and reach the admin page" time="46.955">
   <failure type="exception" message="Failed: script timeout: result was not received in 20 seconds
  (Session info: chrome=75.0.3770.142)
Build info: version: &apos;3.141.59&apos;, revision: &apos;e82be7d358&apos;, time: &apos;2018-11-14T08:25:53&apos;
System info: host: &apos;mattbook.local&apos;, ip: &apos;fe80:0:0:0:10b7:20ca:76aa:4f8d%en0&apos;, os.name: &apos;Mac OS X&apos;, os.arch: &apos;x86_64&apos;, os.version: &apos;10.14.5&apos;, java.version: &apos;1.8.0_211&apos;
Driver info: driver.version: unknown"><![CDATA[ScriptTimeoutError: script timeout: result was not received in 20 seconds
  (Session info: chrome=75.0.3770.142)
Build info: version: '3.141.59', revision: 'e82be7d358', time: '2018-11-14T08:25:53'
System info: host: 'mattbook.local', ip: 'fe80:0:0:0:10b7:20ca:76aa:4f8d%en0', os.name: 'Mac OS X', os.arch: 'x86_64', os.version: '10.14.5', java.version: '1.8.0_211'
Driver info: driver.version: unknown
    at Object.checkLegacyResponse (/Users/matt/dev/wk/p3/trackforce/NGTrackForce/node_modules/selenium-webdriver/lib/error.js:546:15)
    at parseHttpResponse (/Users/matt/dev/wk/p3/trackforce/NGTrackForce/node_modules/selenium-webdriver/lib/http.js:509:13)
    at /Users/matt/dev/wk/p3/trackforce/NGTrackForce/node_modules/selenium-webdriver/lib/http.js:441:30
    at processTicksAndRejections (internal/process/task_queues.js:89:5)
From: Task: Protractor.waitForAngular() - Locator: By(css selector, *[id="logo"])
    at thenableWebDriverProxy.schedule (/Users/matt/dev/wk/p3/trackforce/NGTrackForce/node_modules/selenium-webdriver/lib/webdriver.js:807:17)
    at ProtractorBrowser.executeAsyncScript_ (/Users/matt/dev/wk/p3/trackforce/NGTrackForce/node_modules/protractor/built/browser.js:425:28)
    at /Users/matt/dev/wk/p3/trackforce/NGTrackForce/node_modules/protractor/built/browser.js:456:33
    at ManagedPromise.invokeCallback_ (/Users/matt/dev/wk/p3/trackforce/NGTrackForce/node_modules/selenium-webdriver/lib/promise.js:1376:14)
    at TaskQueue.execute_ (/Users/matt/dev/wk/p3/trackforce/NGTrackForce/node_modules/selenium-webdriver/lib/promise.js:3084:14)
    at TaskQueue.executeNext_ (/Users/matt/dev/wk/p3/trackforce/NGTrackForce/node_modules/selenium-webdriver/lib/promise.js:3067:27)
    at /Users/matt/dev/wk/p3/trackforce/NGTrackForce/node_modules/selenium-webdriver/lib/promise.js:2927:27
    at /Users/matt/dev/wk/p3/trackforce/NGTrackForce/node_modules/selenium-webdriver/lib/promise.js:668:7
    at processTicksAndRejections (internal/process/task_queues.js:89:5)
From: Task: <anonymous>
    at pollCondition (/Users/matt/dev/wk/p3/trackforce/NGTrackForce/node_modules/selenium-webdriver/lib/promise.js:2195:19)
    at /Users/matt/dev/wk/p3/trackforce/NGTrackForce/node_modules/selenium-webdriver/lib/promise.js:2191:7
    at new ManagedPromise (/Users/matt/dev/wk/p3/trackforce/NGTrackForce/node_modules/selenium-webdriver/lib/promise.js:1077:7)
    at ControlFlow.promise (/Users/matt/dev/wk/p3/trackforce/NGTrackForce/node_modules/selenium-webdriver/lib/promise.js:2505:12)
    at /Users/matt/dev/wk/p3/trackforce/NGTrackForce/node_modules/selenium-webdriver/lib/promise.js:2190:22
    at TaskQueue.execute_ (/Users/matt/dev/wk/p3/trackforce/NGTrackForce/node_modules/selenium-webdriver/lib/promise.js:3084:14)
    at TaskQueue.executeNext_ (/Users/matt/dev/wk/p3/trackforce/NGTrackForce/node_modules/selenium-webdriver/lib/promise.js:3067:27)
    at /Users/matt/dev/wk/p3/trackforce/NGTrackForce/node_modules/selenium-webdriver/lib/promise.js:2927:27
    at /Users/matt/dev/wk/p3/trackforce/NGTrackForce/node_modules/selenium-webdriver/lib/promise.js:668:7
    at processTicksAndRejections (internal/process/task_queues.js:89:5)
From: Task: <anonymous wait>
    at scheduleWait (/Users/matt/dev/wk/p3/trackforce/NGTrackForce/node_modules/selenium-webdriver/lib/promise.js:2188:20)
    at ControlFlow.wait (/Users/matt/dev/wk/p3/trackforce/NGTrackForce/node_modules/selenium-webdriver/lib/promise.js:2517:12)
    at thenableWebDriverProxy.wait (/Users/matt/dev/wk/p3/trackforce/NGTrackForce/node_modules/selenium-webdriver/lib/webdriver.js:934:29)
    at run (/Users/matt/dev/wk/p3/trackforce/NGTrackForce/node_modules/protractor/built/browser.js:59:33)
    at ProtractorBrowser.to.<computed> [as wait] (/Users/matt/dev/wk/p3/trackforce/NGTrackForce/node_modules/protractor/built/browser.js:67:16)
    at LoginPage.getCurrentUrl (/Users/matt/dev/wk/p3/trackforce/NGTrackForce/e2e/login/login.po.ts:49:13)
    at UserContext.<anonymous> (/Users/matt/dev/wk/p3/trackforce/NGTrackForce/e2e/login/login.e2e-spec.ts:96:17)
    at /Users/matt/dev/wk/p3/trackforce/NGTrackForce/node_modules/jasminewd2/index.js:112:25
    at new ManagedPromise (/Users/matt/dev/wk/p3/trackforce/NGTrackForce/node_modules/selenium-webdriver/lib/promise.js:1077:7)
    at ControlFlow.promise (/Users/matt/dev/wk/p3/trackforce/NGTrackForce/node_modules/selenium-webdriver/lib/promise.js:2505:12)
From: Task: Run it("should be able to login in with admin credentials and reach the admin page") in control flow
    at UserContext.<anonymous> (/Users/matt/dev/wk/p3/trackforce/NGTrackForce/node_modules/jasminewd2/index.js:94:19)
    at attempt (/Users/matt/dev/wk/p3/trackforce/NGTrackForce/node_modules/jasmine/node_modules/jasmine-core/lib/jasmine-core/jasmine.js:4297:26)
    at QueueRunner.run (/Users/matt/dev/wk/p3/trackforce/NGTrackForce/node_modules/jasmine/node_modules/jasmine-core/lib/jasmine-core/jasmine.js:4217:20)
    at QueueRunner.execute (/Users/matt/dev/wk/p3/trackforce/NGTrackForce/node_modules/jasmine/node_modules/jasmine-core/lib/jasmine-core/jasmine.js:4199:10)
    at Spec.queueRunnerFactory (/Users/matt/dev/wk/p3/trackforce/NGTrackForce/node_modules/jasmine/node_modules/jasmine-core/lib/jasmine-core/jasmine.js:909:35)
    at Spec.execute (/Users/matt/dev/wk/p3/trackforce/NGTrackForce/node_modules/jasmine/node_modules/jasmine-core/lib/jasmine-core/jasmine.js:526:10)
    at UserContext.fn (/Users/matt/dev/wk/p3/trackforce/NGTrackForce/node_modules/jasmine/node_modules/jasmine-core/lib/jasmine-core/jasmine.js:5340:37)
    at attempt (/Users/matt/dev/wk/p3/trackforce/NGTrackForce/node_modules/jasmine/node_modules/jasmine-core/lib/jasmine-core/jasmine.js:4297:26)
    at QueueRunner.run (/Users/matt/dev/wk/p3/trackforce/NGTrackForce/node_modules/jasmine/node_modules/jasmine-core/lib/jasmine-core/jasmine.js:4217:20)
    at runNext (/Users/matt/dev/wk/p3/trackforce/NGTrackForce/node_modules/jasmine/node_modules/jasmine-core/lib/jasmine-core/jasmine.js:4257:20)
From asynchronous test: 
Error
    at Suite.<anonymous> (/Users/matt/dev/wk/p3/trackforce/NGTrackForce/e2e/login/login.e2e-spec.ts:94:3)
    at addSpecsToSuite (/Users/matt/dev/wk/p3/trackforce/NGTrackForce/node_modules/jasmine/node_modules/jasmine-core/lib/jasmine-core/jasmine.js:1107:25)
    at Env.describe (/Users/matt/dev/wk/p3/trackforce/NGTrackForce/node_modules/jasmine/node_modules/jasmine-core/lib/jasmine-core/jasmine.js:1074:7)
    at describe (/Users/matt/dev/wk/p3/trackforce/NGTrackForce/node_modules/jasmine/node_modules/jasmine-core/lib/jasmine-core/jasmine.js:4399:18)
    at Object.<anonymous> (/Users/matt/dev/wk/p3/trackforce/NGTrackForce/e2e/login/login.e2e-spec.ts:85:1)
    at Module._compile (internal/modules/cjs/loader.js:774:30)
    at Module.m._compile (/Users/matt/dev/wk/p3/trackforce/NGTrackForce/node_modules/ts-node/src/index.ts:414:23)
    at Module._extensions..js (internal/modules/cjs/loader.js:785:10)
    at Object.require.extensions.<computed> [as .ts] (/Users/matt/dev/wk/p3/trackforce/NGTrackForce/node_modules/ts-node/src/index.ts:417:12)]]>
   </failure>
   <failure type="exception" message="Failed: script timeout: result was not received in 20 seconds
  (Session info: chrome=75.0.3770.142)
Build info: version: &apos;3.141.59&apos;, revision: &apos;e82be7d358&apos;, time: &apos;2018-11-14T08:25:53&apos;
System info: host: &apos;mattbook.local&apos;, ip: &apos;fe80:0:0:0:10b7:20ca:76aa:4f8d%en0&apos;, os.name: &apos;Mac OS X&apos;, os.arch: &apos;x86_64&apos;, os.version: &apos;10.14.5&apos;, java.version: &apos;1.8.0_211&apos;
Driver info: driver.version: unknown"><![CDATA[ScriptTimeoutError: script timeout: result was not received in 20 seconds
  (Session info: chrome=75.0.3770.142)
Build info: version: '3.141.59', revision: 'e82be7d358', time: '2018-11-14T08:25:53'
System info: host: 'mattbook.local', ip: 'fe80:0:0:0:10b7:20ca:76aa:4f8d%en0', os.name: 'Mac OS X', os.arch: 'x86_64', os.version: '10.14.5', java.version: '1.8.0_211'
Driver info: driver.version: unknown
    at Object.checkLegacyResponse (/Users/matt/dev/wk/p3/trackforce/NGTrackForce/node_modules/selenium-webdriver/lib/error.js:546:15)
    at parseHttpResponse (/Users/matt/dev/wk/p3/trackforce/NGTrackForce/node_modules/selenium-webdriver/lib/http.js:509:13)
    at /Users/matt/dev/wk/p3/trackforce/NGTrackForce/node_modules/selenium-webdriver/lib/http.js:441:30
    at processTicksAndRejections (internal/process/task_queues.js:89:5)
From: Task: Protractor.waitForAngular() - Locator: By(xpath, //*[@id="navbarDropdown"])
    at thenableWebDriverProxy.schedule (/Users/matt/dev/wk/p3/trackforce/NGTrackForce/node_modules/selenium-webdriver/lib/webdriver.js:807:17)
    at ProtractorBrowser.executeAsyncScript_ (/Users/matt/dev/wk/p3/trackforce/NGTrackForce/node_modules/protractor/built/browser.js:425:28)
    at /Users/matt/dev/wk/p3/trackforce/NGTrackForce/node_modules/protractor/built/browser.js:456:33
    at ManagedPromise.invokeCallback_ (/Users/matt/dev/wk/p3/trackforce/NGTrackForce/node_modules/selenium-webdriver/lib/promise.js:1376:14)
    at TaskQueue.execute_ (/Users/matt/dev/wk/p3/trackforce/NGTrackForce/node_modules/selenium-webdriver/lib/promise.js:3084:14)
    at TaskQueue.executeNext_ (/Users/matt/dev/wk/p3/trackforce/NGTrackForce/node_modules/selenium-webdriver/lib/promise.js:3067:27)
    at /Users/matt/dev/wk/p3/trackforce/NGTrackForce/node_modules/selenium-webdriver/lib/promise.js:2927:27
    at /Users/matt/dev/wk/p3/trackforce/NGTrackForce/node_modules/selenium-webdriver/lib/promise.js:668:7
    at processTicksAndRejections (internal/process/task_queues.js:89:5)Error
    at ElementArrayFinder.applyAction_ (/Users/matt/dev/wk/p3/trackforce/NGTrackForce/node_modules/protractor/built/element.js:459:27)
    at ElementArrayFinder.<computed> [as click] (/Users/matt/dev/wk/p3/trackforce/NGTrackForce/node_modules/protractor/built/element.js:91:29)
    at ElementFinder.<computed> [as click] (/Users/matt/dev/wk/p3/trackforce/NGTrackForce/node_modules/protractor/built/element.js:831:22)
    at LoginPage.getlogoutButton (/Users/matt/dev/wk/p3/trackforce/NGTrackForce/e2e/login/login.po.ts:43:52)
    at UserContext.<anonymous> (/Users/matt/dev/wk/p3/trackforce/NGTrackForce/e2e/login/login.e2e-spec.ts:119:10)
    at /Users/matt/dev/wk/p3/trackforce/NGTrackForce/node_modules/jasminewd2/index.js:112:25
    at new ManagedPromise (/Users/matt/dev/wk/p3/trackforce/NGTrackForce/node_modules/selenium-webdriver/lib/promise.js:1077:7)
    at ControlFlow.promise (/Users/matt/dev/wk/p3/trackforce/NGTrackForce/node_modules/selenium-webdriver/lib/promise.js:2505:12)
    at schedulerExecute (/Users/matt/dev/wk/p3/trackforce/NGTrackForce/node_modules/jasminewd2/index.js:95:18)
    at TaskQueue.execute_ (/Users/matt/dev/wk/p3/trackforce/NGTrackForce/node_modules/selenium-webdriver/lib/promise.js:3084:14)
From: Task: Run afterEach in control flow
    at UserContext.<anonymous> (/Users/matt/dev/wk/p3/trackforce/NGTrackForce/node_modules/jasminewd2/index.js:94:19)
    at attempt (/Users/matt/dev/wk/p3/trackforce/NGTrackForce/node_modules/jasmine/node_modules/jasmine-core/lib/jasmine-core/jasmine.js:4297:26)
    at QueueRunner.run (/Users/matt/dev/wk/p3/trackforce/NGTrackForce/node_modules/jasmine/node_modules/jasmine-core/lib/jasmine-core/jasmine.js:4217:20)
    at runNext (/Users/matt/dev/wk/p3/trackforce/NGTrackForce/node_modules/jasmine/node_modules/jasmine-core/lib/jasmine-core/jasmine.js:4257:20)
    at /Users/matt/dev/wk/p3/trackforce/NGTrackForce/node_modules/jasmine/node_modules/jasmine-core/lib/jasmine-core/jasmine.js:4264:13
    at /Users/matt/dev/wk/p3/trackforce/NGTrackForce/node_modules/jasmine/node_modules/jasmine-core/lib/jasmine-core/jasmine.js:4172:9
    at Function.next.fail (/Users/matt/dev/wk/p3/trackforce/NGTrackForce/node_modules/jasmine/node_modules/jasmine-core/lib/jasmine-core/jasmine.js:4274:9)
    at /Users/matt/dev/wk/p3/trackforce/NGTrackForce/node_modules/jasminewd2/index.js:64:48
    at ControlFlow.emit (/Users/matt/dev/wk/p3/trackforce/NGTrackForce/node_modules/selenium-webdriver/lib/events.js:62:21)
    at ControlFlow.shutdown_ (/Users/matt/dev/wk/p3/trackforce/NGTrackForce/node_modules/selenium-webdriver/lib/promise.js:2674:10)
From asynchronous test: 
Error
    at Suite.<anonymous> (/Users/matt/dev/wk/p3/trackforce/NGTrackForce/e2e/login/login.e2e-spec.ts:118:3)
    at addSpecsToSuite (/Users/matt/dev/wk/p3/trackforce/NGTrackForce/node_modules/jasmine/node_modules/jasmine-core/lib/jasmine-core/jasmine.js:1107:25)
    at Env.describe (/Users/matt/dev/wk/p3/trackforce/NGTrackForce/node_modules/jasmine/node_modules/jasmine-core/lib/jasmine-core/jasmine.js:1074:7)
    at describe (/Users/matt/dev/wk/p3/trackforce/NGTrackForce/node_modules/jasmine/node_modules/jasmine-core/lib/jasmine-core/jasmine.js:4399:18)
    at Object.<anonymous> (/Users/matt/dev/wk/p3/trackforce/NGTrackForce/e2e/login/login.e2e-spec.ts:85:1)
    at Module._compile (internal/modules/cjs/loader.js:774:30)
    at Module.m._compile (/Users/matt/dev/wk/p3/trackforce/NGTrackForce/node_modules/ts-node/src/index.ts:414:23)
    at Module._extensions..js (internal/modules/cjs/loader.js:785:10)
    at Object.require.extensions.<computed> [as .ts] (/Users/matt/dev/wk/p3/trackforce/NGTrackForce/node_modules/ts-node/src/index.ts:417:12)]]>
   </failure>
  </testcase>
  <testcase classname="Login in with proper credentials" name="should be able to login in with associate credentials and reach the associate page" time="6.123">
   <failure type="exception" message="Failed: No element found using locator: By(css selector, *[id=&quot;username&quot;])"><![CDATA[NoSuchElementError: No element found using locator: By(css selector, *[id="username"])
    at /Users/matt/dev/wk/p3/trackforce/NGTrackForce/node_modules/protractor/built/element.js:814:27
    at ManagedPromise.invokeCallback_ (/Users/matt/dev/wk/p3/trackforce/NGTrackForce/node_modules/selenium-webdriver/lib/promise.js:1376:14)
    at TaskQueue.execute_ (/Users/matt/dev/wk/p3/trackforce/NGTrackForce/node_modules/selenium-webdriver/lib/promise.js:3084:14)
    at TaskQueue.executeNext_ (/Users/matt/dev/wk/p3/trackforce/NGTrackForce/node_modules/selenium-webdriver/lib/promise.js:3067:27)
    at /Users/matt/dev/wk/p3/trackforce/NGTrackForce/node_modules/selenium-webdriver/lib/promise.js:2927:27
    at /Users/matt/dev/wk/p3/trackforce/NGTrackForce/node_modules/selenium-webdriver/lib/promise.js:668:7
    at processTicksAndRejections (internal/process/task_queues.js:89:5)Error
    at ElementArrayFinder.applyAction_ (/Users/matt/dev/wk/p3/trackforce/NGTrackForce/node_modules/protractor/built/element.js:459:27)
    at ElementArrayFinder.<computed> [as sendKeys] (/Users/matt/dev/wk/p3/trackforce/NGTrackForce/node_modules/protractor/built/element.js:91:29)
    at ElementFinder.<computed> [as sendKeys] (/Users/matt/dev/wk/p3/trackforce/NGTrackForce/node_modules/protractor/built/element.js:831:22)
    at logIn (/Users/matt/dev/wk/p3/trackforce/NGTrackForce/e2e/login/login.e2e-spec.ts:80:30)
    at UserContext.<anonymous> (/Users/matt/dev/wk/p3/trackforce/NGTrackForce/e2e/login/login.e2e-spec.ts:100:5)
    at /Users/matt/dev/wk/p3/trackforce/NGTrackForce/node_modules/jasminewd2/index.js:112:25
    at new ManagedPromise (/Users/matt/dev/wk/p3/trackforce/NGTrackForce/node_modules/selenium-webdriver/lib/promise.js:1077:7)
    at ControlFlow.promise (/Users/matt/dev/wk/p3/trackforce/NGTrackForce/node_modules/selenium-webdriver/lib/promise.js:2505:12)
    at schedulerExecute (/Users/matt/dev/wk/p3/trackforce/NGTrackForce/node_modules/jasminewd2/index.js:95:18)
    at TaskQueue.execute_ (/Users/matt/dev/wk/p3/trackforce/NGTrackForce/node_modules/selenium-webdriver/lib/promise.js:3084:14)
From: Task: Run it("should be able to login in with associate credentials and reach the associate page") in control flow
    at UserContext.<anonymous> (/Users/matt/dev/wk/p3/trackforce/NGTrackForce/node_modules/jasminewd2/index.js:94:19)
    at attempt (/Users/matt/dev/wk/p3/trackforce/NGTrackForce/node_modules/jasmine/node_modules/jasmine-core/lib/jasmine-core/jasmine.js:4297:26)
    at QueueRunner.run (/Users/matt/dev/wk/p3/trackforce/NGTrackForce/node_modules/jasmine/node_modules/jasmine-core/lib/jasmine-core/jasmine.js:4217:20)
    at QueueRunner.execute (/Users/matt/dev/wk/p3/trackforce/NGTrackForce/node_modules/jasmine/node_modules/jasmine-core/lib/jasmine-core/jasmine.js:4199:10)
    at Spec.queueRunnerFactory (/Users/matt/dev/wk/p3/trackforce/NGTrackForce/node_modules/jasmine/node_modules/jasmine-core/lib/jasmine-core/jasmine.js:909:35)
    at Spec.execute (/Users/matt/dev/wk/p3/trackforce/NGTrackForce/node_modules/jasmine/node_modules/jasmine-core/lib/jasmine-core/jasmine.js:526:10)
    at UserContext.fn (/Users/matt/dev/wk/p3/trackforce/NGTrackForce/node_modules/jasmine/node_modules/jasmine-core/lib/jasmine-core/jasmine.js:5340:37)
    at attempt (/Users/matt/dev/wk/p3/trackforce/NGTrackForce/node_modules/jasmine/node_modules/jasmine-core/lib/jasmine-core/jasmine.js:4297:26)
    at QueueRunner.run (/Users/matt/dev/wk/p3/trackforce/NGTrackForce/node_modules/jasmine/node_modules/jasmine-core/lib/jasmine-core/jasmine.js:4217:20)
    at runNext (/Users/matt/dev/wk/p3/trackforce/NGTrackForce/node_modules/jasmine/node_modules/jasmine-core/lib/jasmine-core/jasmine.js:4257:20)
From asynchronous test: 
Error
    at Suite.<anonymous> (/Users/matt/dev/wk/p3/trackforce/NGTrackForce/e2e/login/login.e2e-spec.ts:99:3)
    at addSpecsToSuite (/Users/matt/dev/wk/p3/trackforce/NGTrackForce/node_modules/jasmine/node_modules/jasmine-core/lib/jasmine-core/jasmine.js:1107:25)
    at Env.describe (/Users/matt/dev/wk/p3/trackforce/NGTrackForce/node_modules/jasmine/node_modules/jasmine-core/lib/jasmine-core/jasmine.js:1074:7)
    at describe (/Users/matt/dev/wk/p3/trackforce/NGTrackForce/node_modules/jasmine/node_modules/jasmine-core/lib/jasmine-core/jasmine.js:4399:18)
    at Object.<anonymous> (/Users/matt/dev/wk/p3/trackforce/NGTrackForce/e2e/login/login.e2e-spec.ts:85:1)
    at Module._compile (internal/modules/cjs/loader.js:774:30)
    at Module.m._compile (/Users/matt/dev/wk/p3/trackforce/NGTrackForce/node_modules/ts-node/src/index.ts:414:23)
    at Module._extensions..js (internal/modules/cjs/loader.js:785:10)
    at Object.require.extensions.<computed> [as .ts] (/Users/matt/dev/wk/p3/trackforce/NGTrackForce/node_modules/ts-node/src/index.ts:417:12)]]>
   </failure>
  </testcase>
  <testcase classname="Login in with proper credentials" name="should be able to login in with Manager credentials and reach the Admin page" time="3.173" />
  <testcase classname="Login in with proper credentials" name="should be able to login in with Trainer credentials and reach the Trainer page" time="1.952" />
  <testcase classname="Login in with proper credentials" name="should be able to login in with Sales Team credentials and reach the Admin page" time="1.833" />
 </testsuite>
 <testsuite name="The admin navbar is functional" timestamp="2019-08-03T16:15:58" hostname="localhost" time="34.365" errors="0" tests="7" skipped="0" disabled="0" failures="0">
  <testcase classname="The admin navbar is functional" name="should navigate to home page" time="1.601" />
  <testcase classname="The admin navbar is functional" name="should navigate to client list page" time="6.287" />
  <testcase classname="The admin navbar is functional" name="should navigate to batch list page" time="7.549" />
  <testcase classname="The admin navbar is functional" name="should navigate to associate lising" time="3.757" />
  <testcase classname="The admin navbar is functional" name="should navigate to predictions" time="12.675" />
  <testcase classname="The admin navbar is functional" name="should navigate to create user" time="0.749" />
  <testcase classname="The admin navbar is functional" name="should be able to logout" time="0.195" />
 </testsuite>
 <testsuite name="The Asscoiate navbar is functional" timestamp="2019-08-03T16:16:33" hostname="localhost" time="18.992" errors="0" tests="3" skipped="0" disabled="0" failures="3">
  <testcase classname="The Asscoiate navbar is functional" name="should navigate to home page" time="5.15">
   <failure type="exception" message="Failed: Wait timed out after 5143ms"><![CDATA[TimeoutError: Wait timed out after 5143ms
    at /Users/matt/dev/wk/p3/trackforce/NGTrackForce/node_modules/selenium-webdriver/lib/promise.js:2201:17
    at ManagedPromise.invokeCallback_ (/Users/matt/dev/wk/p3/trackforce/NGTrackForce/node_modules/selenium-webdriver/lib/promise.js:1376:14)
    at TaskQueue.execute_ (/Users/matt/dev/wk/p3/trackforce/NGTrackForce/node_modules/selenium-webdriver/lib/promise.js:3084:14)
    at TaskQueue.executeNext_ (/Users/matt/dev/wk/p3/trackforce/NGTrackForce/node_modules/selenium-webdriver/lib/promise.js:3067:27)
    at /Users/matt/dev/wk/p3/trackforce/NGTrackForce/node_modules/selenium-webdriver/lib/promise.js:2927:27
    at /Users/matt/dev/wk/p3/trackforce/NGTrackForce/node_modules/selenium-webdriver/lib/promise.js:668:7
    at processTicksAndRejections (internal/process/task_queues.js:89:5)
From: Task: <anonymous wait>
    at scheduleWait (/Users/matt/dev/wk/p3/trackforce/NGTrackForce/node_modules/selenium-webdriver/lib/promise.js:2188:20)
    at ControlFlow.wait (/Users/matt/dev/wk/p3/trackforce/NGTrackForce/node_modules/selenium-webdriver/lib/promise.js:2517:12)
    at thenableWebDriverProxy.wait (/Users/matt/dev/wk/p3/trackforce/NGTrackForce/node_modules/selenium-webdriver/lib/webdriver.js:934:29)
    at run (/Users/matt/dev/wk/p3/trackforce/NGTrackForce/node_modules/protractor/built/browser.js:59:33)
    at ProtractorBrowser.to.<computed> [as wait] (/Users/matt/dev/wk/p3/trackforce/NGTrackForce/node_modules/protractor/built/browser.js:67:16)
    at Navbar.goToAssociateHome (/Users/matt/dev/wk/p3/trackforce/NGTrackForce/e2e/navbar/navbar.po.ts:68:15)
    at UserContext.<anonymous> (/Users/matt/dev/wk/p3/trackforce/NGTrackForce/e2e/navbar/navbar.e2e-spec.ts:71:16)
    at /Users/matt/dev/wk/p3/trackforce/NGTrackForce/node_modules/jasminewd2/index.js:112:25
    at new ManagedPromise (/Users/matt/dev/wk/p3/trackforce/NGTrackForce/node_modules/selenium-webdriver/lib/promise.js:1077:7)
    at ControlFlow.promise (/Users/matt/dev/wk/p3/trackforce/NGTrackForce/node_modules/selenium-webdriver/lib/promise.js:2505:12)
From: Task: Run it("should navigate to home page") in control flow
    at UserContext.<anonymous> (/Users/matt/dev/wk/p3/trackforce/NGTrackForce/node_modules/jasminewd2/index.js:94:19)
    at attempt (/Users/matt/dev/wk/p3/trackforce/NGTrackForce/node_modules/jasmine/node_modules/jasmine-core/lib/jasmine-core/jasmine.js:4297:26)
    at QueueRunner.run (/Users/matt/dev/wk/p3/trackforce/NGTrackForce/node_modules/jasmine/node_modules/jasmine-core/lib/jasmine-core/jasmine.js:4217:20)
    at QueueRunner.execute (/Users/matt/dev/wk/p3/trackforce/NGTrackForce/node_modules/jasmine/node_modules/jasmine-core/lib/jasmine-core/jasmine.js:4199:10)
    at Spec.queueRunnerFactory (/Users/matt/dev/wk/p3/trackforce/NGTrackForce/node_modules/jasmine/node_modules/jasmine-core/lib/jasmine-core/jasmine.js:909:35)
    at Spec.execute (/Users/matt/dev/wk/p3/trackforce/NGTrackForce/node_modules/jasmine/node_modules/jasmine-core/lib/jasmine-core/jasmine.js:526:10)
    at UserContext.fn (/Users/matt/dev/wk/p3/trackforce/NGTrackForce/node_modules/jasmine/node_modules/jasmine-core/lib/jasmine-core/jasmine.js:5340:37)
    at attempt (/Users/matt/dev/wk/p3/trackforce/NGTrackForce/node_modules/jasmine/node_modules/jasmine-core/lib/jasmine-core/jasmine.js:4297:26)
    at QueueRunner.run (/Users/matt/dev/wk/p3/trackforce/NGTrackForce/node_modules/jasmine/node_modules/jasmine-core/lib/jasmine-core/jasmine.js:4217:20)
    at runNext (/Users/matt/dev/wk/p3/trackforce/NGTrackForce/node_modules/jasmine/node_modules/jasmine-core/lib/jasmine-core/jasmine.js:4257:20)
From asynchronous test: 
Error
    at Suite.<anonymous> (/Users/matt/dev/wk/p3/trackforce/NGTrackForce/e2e/navbar/navbar.e2e-spec.ts:70:5)
    at addSpecsToSuite (/Users/matt/dev/wk/p3/trackforce/NGTrackForce/node_modules/jasmine/node_modules/jasmine-core/lib/jasmine-core/jasmine.js:1107:25)
    at Env.describe (/Users/matt/dev/wk/p3/trackforce/NGTrackForce/node_modules/jasmine/node_modules/jasmine-core/lib/jasmine-core/jasmine.js:1074:7)
    at describe (/Users/matt/dev/wk/p3/trackforce/NGTrackForce/node_modules/jasmine/node_modules/jasmine-core/lib/jasmine-core/jasmine.js:4399:18)
    at Object.<anonymous> (/Users/matt/dev/wk/p3/trackforce/NGTrackForce/e2e/navbar/navbar.e2e-spec.ts:59:1)
    at Module._compile (internal/modules/cjs/loader.js:774:30)
    at Module.m._compile (/Users/matt/dev/wk/p3/trackforce/NGTrackForce/node_modules/ts-node/src/index.ts:414:23)
    at Module._extensions..js (internal/modules/cjs/loader.js:785:10)
    at Object.require.extensions.<computed> [as .ts] (/Users/matt/dev/wk/p3/trackforce/NGTrackForce/node_modules/ts-node/src/index.ts:417:12)]]>
   </failure>
  </testcase>
  <testcase classname="The Asscoiate navbar is functional" name="should navigate to My Interviews" time="6.161">
   <failure type="exception" message="Failed: Wait timed out after 5066ms"><![CDATA[TimeoutError: Wait timed out after 5066ms
    at /Users/matt/dev/wk/p3/trackforce/NGTrackForce/node_modules/selenium-webdriver/lib/promise.js:2201:17
    at ManagedPromise.invokeCallback_ (/Users/matt/dev/wk/p3/trackforce/NGTrackForce/node_modules/selenium-webdriver/lib/promise.js:1376:14)
    at TaskQueue.execute_ (/Users/matt/dev/wk/p3/trackforce/NGTrackForce/node_modules/selenium-webdriver/lib/promise.js:3084:14)
    at TaskQueue.executeNext_ (/Users/matt/dev/wk/p3/trackforce/NGTrackForce/node_modules/selenium-webdriver/lib/promise.js:3067:27)
    at /Users/matt/dev/wk/p3/trackforce/NGTrackForce/node_modules/selenium-webdriver/lib/promise.js:2927:27
    at /Users/matt/dev/wk/p3/trackforce/NGTrackForce/node_modules/selenium-webdriver/lib/promise.js:668:7
    at processTicksAndRejections (internal/process/task_queues.js:89:5)
From: Task: <anonymous wait>
    at scheduleWait (/Users/matt/dev/wk/p3/trackforce/NGTrackForce/node_modules/selenium-webdriver/lib/promise.js:2188:20)
    at ControlFlow.wait (/Users/matt/dev/wk/p3/trackforce/NGTrackForce/node_modules/selenium-webdriver/lib/promise.js:2517:12)
    at thenableWebDriverProxy.wait (/Users/matt/dev/wk/p3/trackforce/NGTrackForce/node_modules/selenium-webdriver/lib/webdriver.js:934:29)
    at run (/Users/matt/dev/wk/p3/trackforce/NGTrackForce/node_modules/protractor/built/browser.js:59:33)
    at ProtractorBrowser.to.<computed> [as wait] (/Users/matt/dev/wk/p3/trackforce/NGTrackForce/node_modules/protractor/built/browser.js:67:16)
    at Navbar.goToMyInterview (/Users/matt/dev/wk/p3/trackforce/NGTrackForce/e2e/navbar/navbar.po.ts:73:15)
    at UserContext.<anonymous> (/Users/matt/dev/wk/p3/trackforce/NGTrackForce/e2e/navbar/navbar.e2e-spec.ts:79:16)
    at /Users/matt/dev/wk/p3/trackforce/NGTrackForce/node_modules/jasminewd2/index.js:112:25
    at new ManagedPromise (/Users/matt/dev/wk/p3/trackforce/NGTrackForce/node_modules/selenium-webdriver/lib/promise.js:1077:7)
    at ControlFlow.promise (/Users/matt/dev/wk/p3/trackforce/NGTrackForce/node_modules/selenium-webdriver/lib/promise.js:2505:12)
From: Task: Run it("should navigate to My Interviews") in control flow
    at UserContext.<anonymous> (/Users/matt/dev/wk/p3/trackforce/NGTrackForce/node_modules/jasminewd2/index.js:94:19)
    at attempt (/Users/matt/dev/wk/p3/trackforce/NGTrackForce/node_modules/jasmine/node_modules/jasmine-core/lib/jasmine-core/jasmine.js:4297:26)
    at QueueRunner.run (/Users/matt/dev/wk/p3/trackforce/NGTrackForce/node_modules/jasmine/node_modules/jasmine-core/lib/jasmine-core/jasmine.js:4217:20)
    at QueueRunner.execute (/Users/matt/dev/wk/p3/trackforce/NGTrackForce/node_modules/jasmine/node_modules/jasmine-core/lib/jasmine-core/jasmine.js:4199:10)
    at Spec.queueRunnerFactory (/Users/matt/dev/wk/p3/trackforce/NGTrackForce/node_modules/jasmine/node_modules/jasmine-core/lib/jasmine-core/jasmine.js:909:35)
    at Spec.execute (/Users/matt/dev/wk/p3/trackforce/NGTrackForce/node_modules/jasmine/node_modules/jasmine-core/lib/jasmine-core/jasmine.js:526:10)
    at UserContext.fn (/Users/matt/dev/wk/p3/trackforce/NGTrackForce/node_modules/jasmine/node_modules/jasmine-core/lib/jasmine-core/jasmine.js:5340:37)
    at attempt (/Users/matt/dev/wk/p3/trackforce/NGTrackForce/node_modules/jasmine/node_modules/jasmine-core/lib/jasmine-core/jasmine.js:4297:26)
    at QueueRunner.run (/Users/matt/dev/wk/p3/trackforce/NGTrackForce/node_modules/jasmine/node_modules/jasmine-core/lib/jasmine-core/jasmine.js:4217:20)
    at runNext (/Users/matt/dev/wk/p3/trackforce/NGTrackForce/node_modules/jasmine/node_modules/jasmine-core/lib/jasmine-core/jasmine.js:4257:20)
From asynchronous test: 
Error
    at Suite.<anonymous> (/Users/matt/dev/wk/p3/trackforce/NGTrackForce/e2e/navbar/navbar.e2e-spec.ts:78:5)
    at addSpecsToSuite (/Users/matt/dev/wk/p3/trackforce/NGTrackForce/node_modules/jasmine/node_modules/jasmine-core/lib/jasmine-core/jasmine.js:1107:25)
    at Env.describe (/Users/matt/dev/wk/p3/trackforce/NGTrackForce/node_modules/jasmine/node_modules/jasmine-core/lib/jasmine-core/jasmine.js:1074:7)
    at describe (/Users/matt/dev/wk/p3/trackforce/NGTrackForce/node_modules/jasmine/node_modules/jasmine-core/lib/jasmine-core/jasmine.js:4399:18)
    at Object.<anonymous> (/Users/matt/dev/wk/p3/trackforce/NGTrackForce/e2e/navbar/navbar.e2e-spec.ts:59:1)
    at Module._compile (internal/modules/cjs/loader.js:774:30)
    at Module.m._compile (/Users/matt/dev/wk/p3/trackforce/NGTrackForce/node_modules/ts-node/src/index.ts:414:23)
    at Module._extensions..js (internal/modules/cjs/loader.js:785:10)
    at Object.require.extensions.<computed> [as .ts] (/Users/matt/dev/wk/p3/trackforce/NGTrackForce/node_modules/ts-node/src/index.ts:417:12)]]>
   </failure>
  </testcase>
  <testcase classname="The Asscoiate navbar is functional" name="should be able to logout" time="6.116">
   <failure type="exception" message="Failed: No element found using locator: By(xpath, //*[@id=&quot;navbarDropdown&quot;])"><![CDATA[NoSuchElementError: No element found using locator: By(xpath, //*[@id="navbarDropdown"])
    at /Users/matt/dev/wk/p3/trackforce/NGTrackForce/node_modules/protractor/built/element.js:814:27
    at ManagedPromise.invokeCallback_ (/Users/matt/dev/wk/p3/trackforce/NGTrackForce/node_modules/selenium-webdriver/lib/promise.js:1376:14)
    at TaskQueue.execute_ (/Users/matt/dev/wk/p3/trackforce/NGTrackForce/node_modules/selenium-webdriver/lib/promise.js:3084:14)
    at TaskQueue.executeNext_ (/Users/matt/dev/wk/p3/trackforce/NGTrackForce/node_modules/selenium-webdriver/lib/promise.js:3067:27)
    at /Users/matt/dev/wk/p3/trackforce/NGTrackForce/node_modules/selenium-webdriver/lib/promise.js:2927:27
    at /Users/matt/dev/wk/p3/trackforce/NGTrackForce/node_modules/selenium-webdriver/lib/promise.js:668:7
    at processTicksAndRejections (internal/process/task_queues.js:89:5)Error
    at ElementArrayFinder.applyAction_ (/Users/matt/dev/wk/p3/trackforce/NGTrackForce/node_modules/protractor/built/element.js:459:27)
    at ElementArrayFinder.<computed> [as click] (/Users/matt/dev/wk/p3/trackforce/NGTrackForce/node_modules/protractor/built/element.js:91:29)
    at ElementFinder.<computed> [as click] (/Users/matt/dev/wk/p3/trackforce/NGTrackForce/node_modules/protractor/built/element.js:831:22)
    at LoginPage.getlogoutButton (/Users/matt/dev/wk/p3/trackforce/NGTrackForce/e2e/login/login.po.ts:43:52)
    at UserContext.<anonymous> (/Users/matt/dev/wk/p3/trackforce/NGTrackForce/e2e/navbar/navbar.e2e-spec.ts:84:14)
    at /Users/matt/dev/wk/p3/trackforce/NGTrackForce/node_modules/jasminewd2/index.js:112:25
    at new ManagedPromise (/Users/matt/dev/wk/p3/trackforce/NGTrackForce/node_modules/selenium-webdriver/lib/promise.js:1077:7)
    at ControlFlow.promise (/Users/matt/dev/wk/p3/trackforce/NGTrackForce/node_modules/selenium-webdriver/lib/promise.js:2505:12)
    at schedulerExecute (/Users/matt/dev/wk/p3/trackforce/NGTrackForce/node_modules/jasminewd2/index.js:95:18)
    at TaskQueue.execute_ (/Users/matt/dev/wk/p3/trackforce/NGTrackForce/node_modules/selenium-webdriver/lib/promise.js:3084:14)
From: Task: Run it("should be able to logout") in control flow
    at UserContext.<anonymous> (/Users/matt/dev/wk/p3/trackforce/NGTrackForce/node_modules/jasminewd2/index.js:94:19)
    at attempt (/Users/matt/dev/wk/p3/trackforce/NGTrackForce/node_modules/jasmine/node_modules/jasmine-core/lib/jasmine-core/jasmine.js:4297:26)
    at QueueRunner.run (/Users/matt/dev/wk/p3/trackforce/NGTrackForce/node_modules/jasmine/node_modules/jasmine-core/lib/jasmine-core/jasmine.js:4217:20)
    at QueueRunner.execute (/Users/matt/dev/wk/p3/trackforce/NGTrackForce/node_modules/jasmine/node_modules/jasmine-core/lib/jasmine-core/jasmine.js:4199:10)
    at Spec.queueRunnerFactory (/Users/matt/dev/wk/p3/trackforce/NGTrackForce/node_modules/jasmine/node_modules/jasmine-core/lib/jasmine-core/jasmine.js:909:35)
    at Spec.execute (/Users/matt/dev/wk/p3/trackforce/NGTrackForce/node_modules/jasmine/node_modules/jasmine-core/lib/jasmine-core/jasmine.js:526:10)
    at UserContext.fn (/Users/matt/dev/wk/p3/trackforce/NGTrackForce/node_modules/jasmine/node_modules/jasmine-core/lib/jasmine-core/jasmine.js:5340:37)
    at attempt (/Users/matt/dev/wk/p3/trackforce/NGTrackForce/node_modules/jasmine/node_modules/jasmine-core/lib/jasmine-core/jasmine.js:4297:26)
    at QueueRunner.run (/Users/matt/dev/wk/p3/trackforce/NGTrackForce/node_modules/jasmine/node_modules/jasmine-core/lib/jasmine-core/jasmine.js:4217:20)
    at runNext (/Users/matt/dev/wk/p3/trackforce/NGTrackForce/node_modules/jasmine/node_modules/jasmine-core/lib/jasmine-core/jasmine.js:4257:20)
From asynchronous test: 
Error
    at Suite.<anonymous> (/Users/matt/dev/wk/p3/trackforce/NGTrackForce/e2e/navbar/navbar.e2e-spec.ts:83:5)
    at addSpecsToSuite (/Users/matt/dev/wk/p3/trackforce/NGTrackForce/node_modules/jasmine/node_modules/jasmine-core/lib/jasmine-core/jasmine.js:1107:25)
    at Env.describe (/Users/matt/dev/wk/p3/trackforce/NGTrackForce/node_modules/jasmine/node_modules/jasmine-core/lib/jasmine-core/jasmine.js:1074:7)
    at describe (/Users/matt/dev/wk/p3/trackforce/NGTrackForce/node_modules/jasmine/node_modules/jasmine-core/lib/jasmine-core/jasmine.js:4399:18)
    at Object.<anonymous> (/Users/matt/dev/wk/p3/trackforce/NGTrackForce/e2e/navbar/navbar.e2e-spec.ts:59:1)
    at Module._compile (internal/modules/cjs/loader.js:774:30)
    at Module.m._compile (/Users/matt/dev/wk/p3/trackforce/NGTrackForce/node_modules/ts-node/src/index.ts:414:23)
    at Module._extensions..js (internal/modules/cjs/loader.js:785:10)
    at Object.require.extensions.<computed> [as .ts] (/Users/matt/dev/wk/p3/trackforce/NGTrackForce/node_modules/ts-node/src/index.ts:417:12)]]>
   </failure>
  </testcase>
 </testsuite>
 <testsuite name="The Staging Manager navbar is functional" timestamp="2019-08-03T16:16:52" hostname="localhost" time="23.722" errors="0" tests="7" skipped="0" disabled="0" failures="0">
  <testcase classname="The Staging Manager navbar is functional" name="should navigate to home page" time="1.591" />
  <testcase classname="The Staging Manager navbar is functional" name="should navigate to client list page" time="1.454" />
  <testcase classname="The Staging Manager navbar is functional" name="should navigate to batch list page" time="7.583" />
  <testcase classname="The Staging Manager navbar is functional" name="should navigate to associate lising" time="3.561" />
  <testcase classname="The Staging Manager navbar is functional" name="should navigate to predictions" time="6.616" />
  <testcase classname="The Staging Manager navbar is functional" name="should navigate to create user" time="0.312" />
  <testcase classname="The Staging Manager navbar is functional" name="should be able to logout" time="0.203" />
 </testsuite>
 <testsuite name="The Trainer navbar is functional" timestamp="2019-08-03T16:17:15" hostname="localhost" time="14.553" errors="0" tests="4" skipped="0" disabled="0" failures="0">
  <testcase classname="The Trainer navbar is functional" name="should navigate to home page" time="1.485" />
  <testcase classname="The Trainer navbar is functional" name="should navigate to batch list page" time="7.796" />
  <testcase classname="The Trainer navbar is functional" name="should navigate to associate lising" time="3.476" />
  <testcase classname="The Trainer navbar is functional" name="should be able to logout" time="0.246" />
 </testsuite>
 <testsuite name="The Delivery/Sales navbar is functional" timestamp="2019-08-03T16:17:30" hostname="localhost" time="26.405" errors="0" tests="7" skipped="0" disabled="0" failures="0">
  <testcase classname="The Delivery/Sales navbar is functional" name="should navigate to home page" time="1.795" />
  <testcase classname="The Delivery/Sales navbar is functional" name="should navigate to client list page" time="1.646" />
  <testcase classname="The Delivery/Sales navbar is functional" name="should navigate to batch list page" time="9.354" />
  <testcase classname="The Delivery/Sales navbar is functional" name="should navigate to associate lising" time="4.955" />
  <testcase classname="The Delivery/Sales navbar is functional" name="should navigate to predictions" time="6.634" />
  <testcase classname="The Delivery/Sales navbar is functional" name="should navigate to create user" time="0.311" />
  <testcase classname="The Delivery/Sales navbar is functional" name="should be able to logout" time="0.182" />
 </testsuite>
 <testsuite name="The create-user page " timestamp="2019-08-03T16:17:56" hostname="localhost" time="5.111" errors="0" tests="8" skipped="0" disabled="0" failures="1">
  <testcase classname="The create-user page " name="should accept username input" time="0.264" />
  <testcase classname="The create-user page " name="should accept password input" time="0.321" />
  <testcase classname="The create-user page " name="should accept password confirmation input" time="0.102" />
  <testcase classname="The create-user page " name="should select admin radio button" time="0.178" />
  <testcase classname="The create-user page " name="should select trainer radio button" time="0.095" />
  <testcase classname="The create-user page " name="should select associate radio button" time="0.107" />
  <testcase classname="The create-user page " name="should select staging manager radio button" time="0.102">
   <failure type="toEqual" message="Expected &apos;5&apos; to equal &apos;4&apos;."><![CDATA[Error: Failed expectation
    at UserContext.<anonymous> (/Users/matt/dev/wk/p3/trackforce/NGTrackForce/e2e/create-user/create-user.e2e-spec.ts:67:51)
    at /Users/matt/dev/wk/p3/trackforce/NGTrackForce/node_modules/jasminewd2/index.js:112:25
    at new ManagedPromise (/Users/matt/dev/wk/p3/trackforce/NGTrackForce/node_modules/selenium-webdriver/lib/promise.js:1077:7)
    at ControlFlow.promise (/Users/matt/dev/wk/p3/trackforce/NGTrackForce/node_modules/selenium-webdriver/lib/promise.js:2505:12)
    at schedulerExecute (/Users/matt/dev/wk/p3/trackforce/NGTrackForce/node_modules/jasminewd2/index.js:95:18)
    at TaskQueue.execute_ (/Users/matt/dev/wk/p3/trackforce/NGTrackForce/node_modules/selenium-webdriver/lib/promise.js:3084:14)
    at TaskQueue.executeNext_ (/Users/matt/dev/wk/p3/trackforce/NGTrackForce/node_modules/selenium-webdriver/lib/promise.js:3067:27)
    at /Users/matt/dev/wk/p3/trackforce/NGTrackForce/node_modules/selenium-webdriver/lib/promise.js:2974:25
    at /Users/matt/dev/wk/p3/trackforce/NGTrackForce/node_modules/selenium-webdriver/lib/promise.js:668:7]]>
   </failure>
  </testcase>
  <testcase classname="The create-user page " name="should select delivery radio button" time="0.501" />
 </testsuite>
 <testsuite name="An Admin" timestamp="2019-08-03T16:18:01" hostname="localhost" time="13.082" errors="0" tests="5" skipped="0" disabled="0" failures="0">
  <testcase classname="An Admin" name="should be able to create an admin" time="2.686" />
  <testcase classname="An Admin" name="should be able to create a trainer" time="2.244" />
  <testcase classname="An Admin" name="should be able to create a delivery " time="2.178" />
  <testcase classname="An Admin" name="should be able to create a associate" time="2.203" />
  <testcase classname="An Admin" name="should be able to create a staging manager" time="2.024" />
 </testsuite>
 <testsuite name="A Staging Manager" timestamp="2019-08-03T16:18:15" hostname="localhost" time="11.102" errors="0" tests="4" skipped="0" disabled="0" failures="0">
  <testcase classname="A Staging Manager" name="should be able to create a trainer" time="2.894" />
  <testcase classname="A Staging Manager" name="should be able to create a associate" time="2.246" />
  <testcase classname="A Staging Manager" name="should be able to create a staging manager" time="2.098" />
  <testcase classname="A Staging Manager" name="should be able to create a delivery " time="2.095" />
 </testsuite>
 <testsuite name="A Sales Manager" timestamp="2019-08-03T16:18:26" hostname="localhost" time="11.044" errors="0" tests="4" skipped="0" disabled="0" failures="0">
  <testcase classname="A Sales Manager" name="should be able to create a trainer" time="2.841" />
  <testcase classname="A Sales Manager" name="should be able to create a associate" time="2.222" />
  <testcase classname="A Sales Manager" name="should be able to create a staging manager" time="2.136" />
  <testcase classname="A Sales Manager" name="should be able to create a delivery " time="2.17" />
 </testsuite>
 <testsuite name="A user" timestamp="2019-08-03T16:18:37" hostname="localhost" time="6.778" errors="0" tests="3" skipped="0" disabled="0" failures="0">
  <testcase classname="A user" name="should get an error if they use a sympol in their username" time="1.985" />
  <testcase classname="A user" name="should get an error if they enter in an invalid password in the first password box" time="1.463" />
  <testcase classname="A user" name="should get an error if they enter two different passwords" time="1.546" />
 </testsuite>
 <testsuite name="When an admin navigates to the client-list page it" timestamp="2019-08-03T16:18:43" hostname="localhost" time="15.872" errors="0" tests="9" skipped="0" disabled="0" failures="0">
  <testcase classname="When an admin navigates to the client-list page it" name="should navigate to the client-list page" time="8.358" />
  <testcase classname="When an admin navigates to the client-list page it" name="should accept username input" time="0.171" />
  <testcase classname="When an admin navigates to the client-list page it" name="should yield match for search input in one exists" time="0.038" />
  <testcase classname="When an admin navigates to the client-list page it" name="should yield a match for a search regardless of case" time="0.22" />
  <testcase classname="When an admin navigates to the client-list page it" name="should be able to click a searched for client" time="1.558" />
  <testcase classname="When an admin navigates to the client-list page it" name="should be able to click View Data for all Clients" time="1.23" />
  <testcase classname="When an admin navigates to the client-list page it" name="should yield a match for a search string with spaces" time="0.213" />
  <testcase classname="When an admin navigates to the client-list page it" name="should yield a match for search input if many results exist" time="0.208" />
  <testcase classname="When an admin navigates to the client-list page it" name="should yield no matches if none exist" time="2.206" />
 </testsuite>
 <testsuite name="When an Staging Manager navigates to the client-list page it" timestamp="2019-08-03T16:18:59" hostname="localhost" time="10.042" errors="0" tests="9" skipped="0" disabled="0" failures="0">
  <testcase classname="When an Staging Manager navigates to the client-list page it" name="should navigate to the client-list page" time="2.906" />
  <testcase classname="When an Staging Manager navigates to the client-list page it" name="should accept username input" time="0.174" />
  <testcase classname="When an Staging Manager navigates to the client-list page it" name="should yield match for search input if one exists" time="0.033" />
  <testcase classname="When an Staging Manager navigates to the client-list page it" name="should yield a match for a search regardless of case" time="0.217" />
  <testcase classname="When an Staging Manager navigates to the client-list page it" name="should be able to click a searched for client" time="1.119" />
  <testcase classname="When an Staging Manager navigates to the client-list page it" name="should be able to click View Data for all Clients" time="1.196" />
  <testcase classname="When an Staging Manager navigates to the client-list page it" name="should yield a match for a search string with spaces" time="0.238" />
  <testcase classname="When an Staging Manager navigates to the client-list page it" name="should yield a match for search input if many results exist" time="0.196" />
  <testcase classname="When an Staging Manager navigates to the client-list page it" name="should yield no matches if none exist" time="2.2" />
 </testsuite>
 <testsuite name="When an Delivery/Sales navigates to the client-list page it" timestamp="2019-08-03T16:19:09" hostname="localhost" time="10.234" errors="0" tests="9" skipped="0" disabled="0" failures="0">
  <testcase classname="When an Delivery/Sales navigates to the client-list page it" name="should navigate to the client-list page" time="2.98" />
  <testcase classname="When an Delivery/Sales navigates to the client-list page it" name="should accept username input" time="0.181" />
  <testcase classname="When an Delivery/Sales navigates to the client-list page it" name="should yield match for search input in one exists" time="0.037" />
  <testcase classname="When an Delivery/Sales navigates to the client-list page it" name="should yield a match for a search regardless of case" time="0.228" />
  <testcase classname="When an Delivery/Sales navigates to the client-list page it" name="should be able to click a searched for client" time="1.138" />
  <testcase classname="When an Delivery/Sales navigates to the client-list page it" name="should be able to click View Data for all Clients" time="1.195" />
  <testcase classname="When an Delivery/Sales navigates to the client-list page it" name="should yield a match for a search string with spaces" time="0.236" />
  <testcase classname="When an Delivery/Sales navigates to the client-list page it" name="should yield a match for search input if many results exist" time="0.207" />
  <testcase classname="When an Delivery/Sales navigates to the client-list page it" name="should yield no matches if none exist" time="2.205" />
 </testsuite>
 <testsuite name="the batch-list tab" timestamp="2019-08-03T16:19:20" hostname="localhost" time="11.178" errors="0" tests="4" skipped="0" disabled="0" failures="0">
  <testcase classname="the batch-list tab" name="should have a batch list table" time="7.811" />
  <testcase classname="the batch-list tab" name="should have a start date input" time="0.027" />
  <testcase classname="the batch-list tab" name="should have a end date input" time="0.028" />
  <testcase classname="the batch-list tab" name="should have a pie cart" time="0.027" />
 </testsuite>
 <testsuite name="The All Batches table" timestamp="2019-08-03T16:19:31" hostname="localhost" time="12.856" errors="0" tests="3" skipped="0" disabled="0" failures="0">
  <testcase classname="The All Batches table" name="should direct you to a batch page" time="9.612" />
  <testcase classname="The All Batches table" name="should direct you to a batch page with a chart " time="0.03" />
  <testcase classname="The All Batches table" name="should direct you to a batch page with a table " time="0.031" />
 </testsuite>
 <testsuite name="When entering valid data into predictions filter it" timestamp="2019-08-03T16:19:44" hostname="localhost" time="14.012" errors="0" tests="5" skipped="0" disabled="0" failures="0">
  <testcase classname="When entering valid data into predictions filter it" name="should navigate to the predictions page" time="13.03" />
  <testcase classname="When entering valid data into predictions filter it" name="should allow user to input valid data" time="0.504" />
  <testcase classname="When entering valid data into predictions filter it" name="should provide a table with predictions" time="0.001" />
  <testcase classname="When entering valid data into predictions filter it" name="should provide the same number of rows entered into the filter" time="0.475" />
  <testcase classname="When entering valid data into predictions filter it" name="should provide details when prediction row is clicked" time="0.001" />
 </testsuite>
 <testsuite name="When entering valid data using all filters it" timestamp="2019-08-03T16:19:58" hostname="localhost" time="3.389" errors="0" tests="4" skipped="0" disabled="0" failures="0">
  <testcase classname="When entering valid data using all filters it" name="should navigate to the predictions page" time="1.605" />
  <testcase classname="When entering valid data using all filters it" name="should allow a user to input valid data and use all filters" time="1.77" />
  <testcase classname="When entering valid data using all filters it" name="should provide a table with predictions" time="0.002" />
  <testcase classname="When entering valid data using all filters it" name="should provide details when prediction row is clicked" time="0.001" />
 </testsuite>
 <testsuite name="When I enter a start date that is more current than the end date it" timestamp="2019-08-03T16:20:01" hostname="localhost" time="1.977" errors="0" tests="2" skipped="0" disabled="0" failures="0">
  <testcase classname="When I enter a start date that is more current than the end date it" name="should navigate to the predictions page" time="1.572" />
  <testcase classname="When I enter a start date that is more current than the end date it" name="should allow user to input a start date that is more current than the end date" time="0.405" />
 </testsuite>
 <testsuite name="Pipe: SearchFilterPipe" timestamp="2019-08-03T16:20:03" hostname="localhost" time="0.01" errors="0" tests="9" skipped="0" disabled="0" failures="0">
  <testcase classname="Pipe: SearchFilterPipe" name="create an instance" time="0.001" />
  <testcase classname="Pipe: SearchFilterPipe" name="should match same string with different capitalization" time="0.001" />
  <testcase classname="Pipe: SearchFilterPipe" name="should match names that contains search value" time="0.001" />
  <testcase classname="Pipe: SearchFilterPipe" name="should return the whole array when search term is blank" time="0.001" />
  <testcase classname="Pipe: SearchFilterPipe" name="should return empty array when there is no match" time="0.001" />
  <testcase classname="Pipe: SearchFilterPipe" name="matches special character" time="0.001" />
  <testcase classname="Pipe: SearchFilterPipe" name="matches Korean characters" time="0.003" />
  <testcase classname="Pipe: SearchFilterPipe" name="matches Chinese characters" time="0" />
  <testcase classname="Pipe: SearchFilterPipe" name="matches Russian characters" time="0.001" />
 </testsuite>
</testsuites>