<?xml version="1.0" encoding="UTF-8" ?>
<testsuites disabled="0" errors="0" failures="22" tests="42" time="10.888">
 <testsuite name="Registering as a new associate" timestamp="2018-08-30T09:09:13" hostname="localhost" time="3.385" errors="0" tests="7" skipped="1" disabled="0" failures="0">
  <testcase classname="Registering as a new associate" name="should navigate to the login page" time="1.748" />
  <testcase classname="Registering as a new associate" name="allow user to click the register button" time="0.116" />
  <testcase classname="Registering as a new associate" name="allow associate to enter info into input fields" time="0.247" />
  <testcase classname="Registering as a new associate" name="should allow associate to click the next page button" time="0.001">
   <skipped message="Temporarily disabled with xit" />
  </testcase>
  <testcase classname="Registering as a new associate" name="should allow associate to enter first and last name" time="0.142" />
  <testcase classname="Registering as a new associate" name="should allow associate to register as an associate by clicking register button" time="0.071" />
  <testcase classname="Registering as a new associate" name="exit browser" time="1.054" />
 </testsuite>
 <testsuite name="login page element existences" timestamp="2018-08-30T09:09:16" hostname="localhost" time="1.247" errors="0" tests="6" skipped="0" disabled="0" failures="0">
  <testcase classname="login page element existences" name="should have a username input box" time="0.007" />
  <testcase classname="login page element existences" name="should have a password input box" time="0.004" />
  <testcase classname="login page element existences" name="should have a login button" time="0.002" />
  <testcase classname="login page element existences" name="should display proper placeholder: Username" time="0.039" />
  <testcase classname="login page element existences" name="should display proper placeholder: Password" time="0.037" />
  <testcase classname="login page element existences" name="should display proper value for button" time="0.045" />
 </testsuite>
 <testsuite name="Confirm login failures" timestamp="2018-08-30T09:09:18" hostname="localhost" time="1.716" errors="0" tests="2" skipped="0" disabled="0" failures="1">
  <testcase classname="Confirm login failures" name="should fail to log in when nothing is entered" time="0.119" />
  <testcase classname="Confirm login failures" name="should fail to login when incorrect credentials are entered" time="0.249">
   <failure type="toEqual" message="Expected &apos;The login service could not be reached
Username:
Password:
Sign in
Register&apos; to equal &apos;Invalid username and/or password
Username:
Password:
Sign in
Register&apos;."><![CDATA[Error: Failed expectation
    at UserContext.<anonymous> (C:\my_git_repos\1807-july-jta\trackforce\NGTrackForce\e2e\login\login.e2e-spec.ts:57:43)
    at C:\my_git_repos\1807-july-jta\trackforce\NGTrackForce\node_modules\jasminewd2\index.js:112:25
    at new ManagedPromise (C:\my_git_repos\1807-july-jta\trackforce\NGTrackForce\node_modules\selenium-webdriver\lib\promise.js:1077:7)
    at ControlFlow.promise (C:\my_git_repos\1807-july-jta\trackforce\NGTrackForce\node_modules\selenium-webdriver\lib\promise.js:2505:12)
    at schedulerExecute (C:\my_git_repos\1807-july-jta\trackforce\NGTrackForce\node_modules\jasminewd2\index.js:95:18)
    at TaskQueue.execute_ (C:\my_git_repos\1807-july-jta\trackforce\NGTrackForce\node_modules\selenium-webdriver\lib\promise.js:3084:14)
    at TaskQueue.executeNext_ (C:\my_git_repos\1807-july-jta\trackforce\NGTrackForce\node_modules\selenium-webdriver\lib\promise.js:3067:27)
    at asyncRun (C:\my_git_repos\1807-july-jta\trackforce\NGTrackForce\node_modules\selenium-webdriver\lib\promise.js:2974:25)
    at C:\my_git_repos\1807-july-jta\trackforce\NGTrackForce\node_modules\selenium-webdriver\lib\promise.js:668:7]]>
   </failure>
  </testcase>
 </testsuite>
 <testsuite name="confirm login navigation" timestamp="2018-08-30T09:09:19" hostname="localhost" time="1.689" errors="0" tests="1" skipped="0" disabled="0" failures="0">
  <testcase classname="confirm login navigation" name="should reach the index page" time="0.304" />
 </testsuite>
 <testsuite name="navbar functionality" timestamp="2018-08-30T09:09:21" hostname="localhost" time="0.33" errors="0" tests="6" skipped="0" disabled="0" failures="6">
  <testcase classname="navbar functionality" name="should navigate to home page" time="0.057">
   <failure type="exception" message="Failed: No element found using locator: By(link text, Home)"><![CDATA[NoSuchElementError: No element found using locator: By(link text, Home)
    at elementArrayFinder.getWebElements.then (C:\my_git_repos\1807-july-jta\trackforce\NGTrackForce\node_modules\protractor\built\element.js:814:27)
    at ManagedPromise.invokeCallback_ (C:\my_git_repos\1807-july-jta\trackforce\NGTrackForce\node_modules\selenium-webdriver\lib\promise.js:1376:14)
    at TaskQueue.execute_ (C:\my_git_repos\1807-july-jta\trackforce\NGTrackForce\node_modules\selenium-webdriver\lib\promise.js:3084:14)
    at TaskQueue.executeNext_ (C:\my_git_repos\1807-july-jta\trackforce\NGTrackForce\node_modules\selenium-webdriver\lib\promise.js:3067:27)
    at asyncRun (C:\my_git_repos\1807-july-jta\trackforce\NGTrackForce\node_modules\selenium-webdriver\lib\promise.js:2927:27)
    at C:\my_git_repos\1807-july-jta\trackforce\NGTrackForce\node_modules\selenium-webdriver\lib\promise.js:668:7
    at <anonymous>
    at process._tickCallback (internal/process/next_tick.js:188:7)Error
    at ElementArrayFinder.applyAction_ (C:\my_git_repos\1807-july-jta\trackforce\NGTrackForce\node_modules\protractor\built\element.js:459:27)
    at ElementArrayFinder.(anonymous function).args [as click] (C:\my_git_repos\1807-july-jta\trackforce\NGTrackForce\node_modules\protractor\built\element.js:91:29)
    at ElementFinder.(anonymous function).args [as click] (C:\my_git_repos\1807-july-jta\trackforce\NGTrackForce\node_modules\protractor\built\element.js:831:22)
    at Navbar.goToHome (C:\my_git_repos\1807-july-jta\trackforce\NGTrackForce\e2e\navbar\navbar.po.ts:10:36)
    at UserContext.<anonymous> (C:\my_git_repos\1807-july-jta\trackforce\NGTrackForce\e2e\navbar\navbar.e2e-spec.ts:16:16)
    at C:\my_git_repos\1807-july-jta\trackforce\NGTrackForce\node_modules\jasminewd2\index.js:112:25
    at new ManagedPromise (C:\my_git_repos\1807-july-jta\trackforce\NGTrackForce\node_modules\selenium-webdriver\lib\promise.js:1077:7)
    at ControlFlow.promise (C:\my_git_repos\1807-july-jta\trackforce\NGTrackForce\node_modules\selenium-webdriver\lib\promise.js:2505:12)
    at schedulerExecute (C:\my_git_repos\1807-july-jta\trackforce\NGTrackForce\node_modules\jasminewd2\index.js:95:18)
    at TaskQueue.execute_ (C:\my_git_repos\1807-july-jta\trackforce\NGTrackForce\node_modules\selenium-webdriver\lib\promise.js:3084:14)
From: Task: Run it("should navigate to home page") in control flow
    at UserContext.<anonymous> (C:\my_git_repos\1807-july-jta\trackforce\NGTrackForce\node_modules\jasminewd2\index.js:94:19)
    at attempt (C:\my_git_repos\1807-july-jta\trackforce\NGTrackForce\node_modules\jasmine\node_modules\jasmine-core\lib\jasmine-core\jasmine.js:4486:26)
    at QueueRunner.run (C:\my_git_repos\1807-july-jta\trackforce\NGTrackForce\node_modules\jasmine\node_modules\jasmine-core\lib\jasmine-core\jasmine.js:4402:20)
    at QueueRunner.execute (C:\my_git_repos\1807-july-jta\trackforce\NGTrackForce\node_modules\jasmine\node_modules\jasmine-core\lib\jasmine-core\jasmine.js:4384:10)
    at Spec.queueRunnerFactory (C:\my_git_repos\1807-july-jta\trackforce\NGTrackForce\node_modules\jasmine\node_modules\jasmine-core\lib\jasmine-core\jasmine.js:964:35)
    at Spec.execute (C:\my_git_repos\1807-july-jta\trackforce\NGTrackForce\node_modules\jasmine\node_modules\jasmine-core\lib\jasmine-core\jasmine.js:563:10)
    at UserContext.fn (C:\my_git_repos\1807-july-jta\trackforce\NGTrackForce\node_modules\jasmine\node_modules\jasmine-core\lib\jasmine-core\jasmine.js:5541:37)
    at attempt (C:\my_git_repos\1807-july-jta\trackforce\NGTrackForce\node_modules\jasmine\node_modules\jasmine-core\lib\jasmine-core\jasmine.js:4486:26)
    at QueueRunner.run (C:\my_git_repos\1807-july-jta\trackforce\NGTrackForce\node_modules\jasmine\node_modules\jasmine-core\lib\jasmine-core\jasmine.js:4402:20)
    at runNext (C:\my_git_repos\1807-july-jta\trackforce\NGTrackForce\node_modules\jasmine\node_modules\jasmine-core\lib\jasmine-core\jasmine.js:4446:20)
From asynchronous test: 
Error
    at Suite.<anonymous> (C:\my_git_repos\1807-july-jta\trackforce\NGTrackForce\e2e\navbar\navbar.e2e-spec.ts:15:5)
    at addSpecsToSuite (C:\my_git_repos\1807-july-jta\trackforce\NGTrackForce\node_modules\jasmine\node_modules\jasmine-core\lib\jasmine-core\jasmine.js:1181:25)
    at Env.describe (C:\my_git_repos\1807-july-jta\trackforce\NGTrackForce\node_modules\jasmine\node_modules\jasmine-core\lib\jasmine-core\jasmine.js:1145:7)
    at describe (C:\my_git_repos\1807-july-jta\trackforce\NGTrackForce\node_modules\jasmine\node_modules\jasmine-core\lib\jasmine-core\jasmine.js:4593:18)
    at Object.<anonymous> (C:\my_git_repos\1807-july-jta\trackforce\NGTrackForce\e2e\navbar\navbar.e2e-spec.ts:4:1)
    at Module._compile (module.js:652:30)
    at Module.m._compile (C:\my_git_repos\1807-july-jta\trackforce\NGTrackForce\node_modules\ts-node\src\index.ts:422:23)
    at Module._extensions..js (module.js:663:10)
    at Object.require.extensions.(anonymous function) [as .ts] (C:\my_git_repos\1807-july-jta\trackforce\NGTrackForce\node_modules\ts-node\src\index.ts:425:12)]]>
   </failure>
  </testcase>
  <testcase classname="navbar functionality" name="should navigate to client list page" time="0.053">
   <failure type="exception" message="Failed: No element found using locator: By(link text, Client List)"><![CDATA[NoSuchElementError: No element found using locator: By(link text, Client List)
    at elementArrayFinder.getWebElements.then (C:\my_git_repos\1807-july-jta\trackforce\NGTrackForce\node_modules\protractor\built\element.js:814:27)
    at ManagedPromise.invokeCallback_ (C:\my_git_repos\1807-july-jta\trackforce\NGTrackForce\node_modules\selenium-webdriver\lib\promise.js:1376:14)
    at TaskQueue.execute_ (C:\my_git_repos\1807-july-jta\trackforce\NGTrackForce\node_modules\selenium-webdriver\lib\promise.js:3084:14)
    at TaskQueue.executeNext_ (C:\my_git_repos\1807-july-jta\trackforce\NGTrackForce\node_modules\selenium-webdriver\lib\promise.js:3067:27)
    at asyncRun (C:\my_git_repos\1807-july-jta\trackforce\NGTrackForce\node_modules\selenium-webdriver\lib\promise.js:2927:27)
    at C:\my_git_repos\1807-july-jta\trackforce\NGTrackForce\node_modules\selenium-webdriver\lib\promise.js:668:7
    at <anonymous>
    at process._tickCallback (internal/process/next_tick.js:188:7)Error
    at ElementArrayFinder.applyAction_ (C:\my_git_repos\1807-july-jta\trackforce\NGTrackForce\node_modules\protractor\built\element.js:459:27)
    at ElementArrayFinder.(anonymous function).args [as click] (C:\my_git_repos\1807-july-jta\trackforce\NGTrackForce\node_modules\protractor\built\element.js:91:29)
    at ElementFinder.(anonymous function).args [as click] (C:\my_git_repos\1807-july-jta\trackforce\NGTrackForce\node_modules\protractor\built\element.js:831:22)
    at Navbar.goToClientList (C:\my_git_repos\1807-july-jta\trackforce\NGTrackForce\e2e\navbar\navbar.po.ts:16:43)
    at UserContext.<anonymous> (C:\my_git_repos\1807-july-jta\trackforce\NGTrackForce\e2e\navbar\navbar.e2e-spec.ts:21:16)
    at C:\my_git_repos\1807-july-jta\trackforce\NGTrackForce\node_modules\jasminewd2\index.js:112:25
    at new ManagedPromise (C:\my_git_repos\1807-july-jta\trackforce\NGTrackForce\node_modules\selenium-webdriver\lib\promise.js:1077:7)
    at ControlFlow.promise (C:\my_git_repos\1807-july-jta\trackforce\NGTrackForce\node_modules\selenium-webdriver\lib\promise.js:2505:12)
    at schedulerExecute (C:\my_git_repos\1807-july-jta\trackforce\NGTrackForce\node_modules\jasminewd2\index.js:95:18)
    at TaskQueue.execute_ (C:\my_git_repos\1807-july-jta\trackforce\NGTrackForce\node_modules\selenium-webdriver\lib\promise.js:3084:14)
From: Task: Run it("should navigate to client list page") in control flow
    at UserContext.<anonymous> (C:\my_git_repos\1807-july-jta\trackforce\NGTrackForce\node_modules\jasminewd2\index.js:94:19)
    at attempt (C:\my_git_repos\1807-july-jta\trackforce\NGTrackForce\node_modules\jasmine\node_modules\jasmine-core\lib\jasmine-core\jasmine.js:4486:26)
    at QueueRunner.run (C:\my_git_repos\1807-july-jta\trackforce\NGTrackForce\node_modules\jasmine\node_modules\jasmine-core\lib\jasmine-core\jasmine.js:4402:20)
    at QueueRunner.execute (C:\my_git_repos\1807-july-jta\trackforce\NGTrackForce\node_modules\jasmine\node_modules\jasmine-core\lib\jasmine-core\jasmine.js:4384:10)
    at Spec.queueRunnerFactory (C:\my_git_repos\1807-july-jta\trackforce\NGTrackForce\node_modules\jasmine\node_modules\jasmine-core\lib\jasmine-core\jasmine.js:964:35)
    at Spec.execute (C:\my_git_repos\1807-july-jta\trackforce\NGTrackForce\node_modules\jasmine\node_modules\jasmine-core\lib\jasmine-core\jasmine.js:563:10)
    at UserContext.fn (C:\my_git_repos\1807-july-jta\trackforce\NGTrackForce\node_modules\jasmine\node_modules\jasmine-core\lib\jasmine-core\jasmine.js:5541:37)
    at attempt (C:\my_git_repos\1807-july-jta\trackforce\NGTrackForce\node_modules\jasmine\node_modules\jasmine-core\lib\jasmine-core\jasmine.js:4486:26)
    at QueueRunner.run (C:\my_git_repos\1807-july-jta\trackforce\NGTrackForce\node_modules\jasmine\node_modules\jasmine-core\lib\jasmine-core\jasmine.js:4402:20)
    at runNext (C:\my_git_repos\1807-july-jta\trackforce\NGTrackForce\node_modules\jasmine\node_modules\jasmine-core\lib\jasmine-core\jasmine.js:4446:20)
From asynchronous test: 
Error
    at Suite.<anonymous> (C:\my_git_repos\1807-july-jta\trackforce\NGTrackForce\e2e\navbar\navbar.e2e-spec.ts:20:5)
    at addSpecsToSuite (C:\my_git_repos\1807-july-jta\trackforce\NGTrackForce\node_modules\jasmine\node_modules\jasmine-core\lib\jasmine-core\jasmine.js:1181:25)
    at Env.describe (C:\my_git_repos\1807-july-jta\trackforce\NGTrackForce\node_modules\jasmine\node_modules\jasmine-core\lib\jasmine-core\jasmine.js:1145:7)
    at describe (C:\my_git_repos\1807-july-jta\trackforce\NGTrackForce\node_modules\jasmine\node_modules\jasmine-core\lib\jasmine-core\jasmine.js:4593:18)
    at Object.<anonymous> (C:\my_git_repos\1807-july-jta\trackforce\NGTrackForce\e2e\navbar\navbar.e2e-spec.ts:4:1)
    at Module._compile (module.js:652:30)
    at Module.m._compile (C:\my_git_repos\1807-july-jta\trackforce\NGTrackForce\node_modules\ts-node\src\index.ts:422:23)
    at Module._extensions..js (module.js:663:10)
    at Object.require.extensions.(anonymous function) [as .ts] (C:\my_git_repos\1807-july-jta\trackforce\NGTrackForce\node_modules\ts-node\src\index.ts:425:12)]]>
   </failure>
  </testcase>
  <testcase classname="navbar functionality" name="should navigate to batch list page" time="0.06">
   <failure type="exception" message="Failed: No element found using locator: By(link text, Batch List)"><![CDATA[NoSuchElementError: No element found using locator: By(link text, Batch List)
    at elementArrayFinder.getWebElements.then (C:\my_git_repos\1807-july-jta\trackforce\NGTrackForce\node_modules\protractor\built\element.js:814:27)
    at ManagedPromise.invokeCallback_ (C:\my_git_repos\1807-july-jta\trackforce\NGTrackForce\node_modules\selenium-webdriver\lib\promise.js:1376:14)
    at TaskQueue.execute_ (C:\my_git_repos\1807-july-jta\trackforce\NGTrackForce\node_modules\selenium-webdriver\lib\promise.js:3084:14)
    at TaskQueue.executeNext_ (C:\my_git_repos\1807-july-jta\trackforce\NGTrackForce\node_modules\selenium-webdriver\lib\promise.js:3067:27)
    at asyncRun (C:\my_git_repos\1807-july-jta\trackforce\NGTrackForce\node_modules\selenium-webdriver\lib\promise.js:2927:27)
    at C:\my_git_repos\1807-july-jta\trackforce\NGTrackForce\node_modules\selenium-webdriver\lib\promise.js:668:7
    at <anonymous>
    at process._tickCallback (internal/process/next_tick.js:188:7)Error
    at ElementArrayFinder.applyAction_ (C:\my_git_repos\1807-july-jta\trackforce\NGTrackForce\node_modules\protractor\built\element.js:459:27)
    at ElementArrayFinder.(anonymous function).args [as click] (C:\my_git_repos\1807-july-jta\trackforce\NGTrackForce\node_modules\protractor\built\element.js:91:29)
    at ElementFinder.(anonymous function).args [as click] (C:\my_git_repos\1807-july-jta\trackforce\NGTrackForce\node_modules\protractor\built\element.js:831:22)
    at Navbar.goToBatchList (C:\my_git_repos\1807-july-jta\trackforce\NGTrackForce\e2e\navbar\navbar.po.ts:21:42)
    at UserContext.<anonymous> (C:\my_git_repos\1807-july-jta\trackforce\NGTrackForce\e2e\navbar\navbar.e2e-spec.ts:26:16)
    at C:\my_git_repos\1807-july-jta\trackforce\NGTrackForce\node_modules\jasminewd2\index.js:112:25
    at new ManagedPromise (C:\my_git_repos\1807-july-jta\trackforce\NGTrackForce\node_modules\selenium-webdriver\lib\promise.js:1077:7)
    at ControlFlow.promise (C:\my_git_repos\1807-july-jta\trackforce\NGTrackForce\node_modules\selenium-webdriver\lib\promise.js:2505:12)
    at schedulerExecute (C:\my_git_repos\1807-july-jta\trackforce\NGTrackForce\node_modules\jasminewd2\index.js:95:18)
    at TaskQueue.execute_ (C:\my_git_repos\1807-july-jta\trackforce\NGTrackForce\node_modules\selenium-webdriver\lib\promise.js:3084:14)
From: Task: Run it("should navigate to batch list page") in control flow
    at UserContext.<anonymous> (C:\my_git_repos\1807-july-jta\trackforce\NGTrackForce\node_modules\jasminewd2\index.js:94:19)
    at attempt (C:\my_git_repos\1807-july-jta\trackforce\NGTrackForce\node_modules\jasmine\node_modules\jasmine-core\lib\jasmine-core\jasmine.js:4486:26)
    at QueueRunner.run (C:\my_git_repos\1807-july-jta\trackforce\NGTrackForce\node_modules\jasmine\node_modules\jasmine-core\lib\jasmine-core\jasmine.js:4402:20)
    at QueueRunner.execute (C:\my_git_repos\1807-july-jta\trackforce\NGTrackForce\node_modules\jasmine\node_modules\jasmine-core\lib\jasmine-core\jasmine.js:4384:10)
    at Spec.queueRunnerFactory (C:\my_git_repos\1807-july-jta\trackforce\NGTrackForce\node_modules\jasmine\node_modules\jasmine-core\lib\jasmine-core\jasmine.js:964:35)
    at Spec.execute (C:\my_git_repos\1807-july-jta\trackforce\NGTrackForce\node_modules\jasmine\node_modules\jasmine-core\lib\jasmine-core\jasmine.js:563:10)
    at UserContext.fn (C:\my_git_repos\1807-july-jta\trackforce\NGTrackForce\node_modules\jasmine\node_modules\jasmine-core\lib\jasmine-core\jasmine.js:5541:37)
    at attempt (C:\my_git_repos\1807-july-jta\trackforce\NGTrackForce\node_modules\jasmine\node_modules\jasmine-core\lib\jasmine-core\jasmine.js:4486:26)
    at QueueRunner.run (C:\my_git_repos\1807-july-jta\trackforce\NGTrackForce\node_modules\jasmine\node_modules\jasmine-core\lib\jasmine-core\jasmine.js:4402:20)
    at runNext (C:\my_git_repos\1807-july-jta\trackforce\NGTrackForce\node_modules\jasmine\node_modules\jasmine-core\lib\jasmine-core\jasmine.js:4446:20)
From asynchronous test: 
Error
    at Suite.<anonymous> (C:\my_git_repos\1807-july-jta\trackforce\NGTrackForce\e2e\navbar\navbar.e2e-spec.ts:25:5)
    at addSpecsToSuite (C:\my_git_repos\1807-july-jta\trackforce\NGTrackForce\node_modules\jasmine\node_modules\jasmine-core\lib\jasmine-core\jasmine.js:1181:25)
    at Env.describe (C:\my_git_repos\1807-july-jta\trackforce\NGTrackForce\node_modules\jasmine\node_modules\jasmine-core\lib\jasmine-core\jasmine.js:1145:7)
    at describe (C:\my_git_repos\1807-july-jta\trackforce\NGTrackForce\node_modules\jasmine\node_modules\jasmine-core\lib\jasmine-core\jasmine.js:4593:18)
    at Object.<anonymous> (C:\my_git_repos\1807-july-jta\trackforce\NGTrackForce\e2e\navbar\navbar.e2e-spec.ts:4:1)
    at Module._compile (module.js:652:30)
    at Module.m._compile (C:\my_git_repos\1807-july-jta\trackforce\NGTrackForce\node_modules\ts-node\src\index.ts:422:23)
    at Module._extensions..js (module.js:663:10)
    at Object.require.extensions.(anonymous function) [as .ts] (C:\my_git_repos\1807-july-jta\trackforce\NGTrackForce\node_modules\ts-node\src\index.ts:425:12)]]>
   </failure>
  </testcase>
  <testcase classname="navbar functionality" name="should navigate to associate lising" time="0.05">
   <failure type="exception" message="Failed: No element found using locator: By(link text, Associate List)"><![CDATA[NoSuchElementError: No element found using locator: By(link text, Associate List)
    at elementArrayFinder.getWebElements.then (C:\my_git_repos\1807-july-jta\trackforce\NGTrackForce\node_modules\protractor\built\element.js:814:27)
    at ManagedPromise.invokeCallback_ (C:\my_git_repos\1807-july-jta\trackforce\NGTrackForce\node_modules\selenium-webdriver\lib\promise.js:1376:14)
    at TaskQueue.execute_ (C:\my_git_repos\1807-july-jta\trackforce\NGTrackForce\node_modules\selenium-webdriver\lib\promise.js:3084:14)
    at TaskQueue.executeNext_ (C:\my_git_repos\1807-july-jta\trackforce\NGTrackForce\node_modules\selenium-webdriver\lib\promise.js:3067:27)
    at asyncRun (C:\my_git_repos\1807-july-jta\trackforce\NGTrackForce\node_modules\selenium-webdriver\lib\promise.js:2927:27)
    at C:\my_git_repos\1807-july-jta\trackforce\NGTrackForce\node_modules\selenium-webdriver\lib\promise.js:668:7
    at <anonymous>
    at process._tickCallback (internal/process/next_tick.js:188:7)Error
    at ElementArrayFinder.applyAction_ (C:\my_git_repos\1807-july-jta\trackforce\NGTrackForce\node_modules\protractor\built\element.js:459:27)
    at ElementArrayFinder.(anonymous function).args [as click] (C:\my_git_repos\1807-july-jta\trackforce\NGTrackForce\node_modules\protractor\built\element.js:91:29)
    at ElementFinder.(anonymous function).args [as click] (C:\my_git_repos\1807-july-jta\trackforce\NGTrackForce\node_modules\protractor\built\element.js:831:22)
    at Navbar.goToAssociateList (C:\my_git_repos\1807-july-jta\trackforce\NGTrackForce\e2e\navbar\navbar.po.ts:26:46)
    at UserContext.<anonymous> (C:\my_git_repos\1807-july-jta\trackforce\NGTrackForce\e2e\navbar\navbar.e2e-spec.ts:31:16)
    at C:\my_git_repos\1807-july-jta\trackforce\NGTrackForce\node_modules\jasminewd2\index.js:112:25
    at new ManagedPromise (C:\my_git_repos\1807-july-jta\trackforce\NGTrackForce\node_modules\selenium-webdriver\lib\promise.js:1077:7)
    at ControlFlow.promise (C:\my_git_repos\1807-july-jta\trackforce\NGTrackForce\node_modules\selenium-webdriver\lib\promise.js:2505:12)
    at schedulerExecute (C:\my_git_repos\1807-july-jta\trackforce\NGTrackForce\node_modules\jasminewd2\index.js:95:18)
    at TaskQueue.execute_ (C:\my_git_repos\1807-july-jta\trackforce\NGTrackForce\node_modules\selenium-webdriver\lib\promise.js:3084:14)
From: Task: Run it("should navigate to associate lising") in control flow
    at UserContext.<anonymous> (C:\my_git_repos\1807-july-jta\trackforce\NGTrackForce\node_modules\jasminewd2\index.js:94:19)
    at attempt (C:\my_git_repos\1807-july-jta\trackforce\NGTrackForce\node_modules\jasmine\node_modules\jasmine-core\lib\jasmine-core\jasmine.js:4486:26)
    at QueueRunner.run (C:\my_git_repos\1807-july-jta\trackforce\NGTrackForce\node_modules\jasmine\node_modules\jasmine-core\lib\jasmine-core\jasmine.js:4402:20)
    at QueueRunner.execute (C:\my_git_repos\1807-july-jta\trackforce\NGTrackForce\node_modules\jasmine\node_modules\jasmine-core\lib\jasmine-core\jasmine.js:4384:10)
    at Spec.queueRunnerFactory (C:\my_git_repos\1807-july-jta\trackforce\NGTrackForce\node_modules\jasmine\node_modules\jasmine-core\lib\jasmine-core\jasmine.js:964:35)
    at Spec.execute (C:\my_git_repos\1807-july-jta\trackforce\NGTrackForce\node_modules\jasmine\node_modules\jasmine-core\lib\jasmine-core\jasmine.js:563:10)
    at UserContext.fn (C:\my_git_repos\1807-july-jta\trackforce\NGTrackForce\node_modules\jasmine\node_modules\jasmine-core\lib\jasmine-core\jasmine.js:5541:37)
    at attempt (C:\my_git_repos\1807-july-jta\trackforce\NGTrackForce\node_modules\jasmine\node_modules\jasmine-core\lib\jasmine-core\jasmine.js:4486:26)
    at QueueRunner.run (C:\my_git_repos\1807-july-jta\trackforce\NGTrackForce\node_modules\jasmine\node_modules\jasmine-core\lib\jasmine-core\jasmine.js:4402:20)
    at runNext (C:\my_git_repos\1807-july-jta\trackforce\NGTrackForce\node_modules\jasmine\node_modules\jasmine-core\lib\jasmine-core\jasmine.js:4446:20)
From asynchronous test: 
Error
    at Suite.<anonymous> (C:\my_git_repos\1807-july-jta\trackforce\NGTrackForce\e2e\navbar\navbar.e2e-spec.ts:30:5)
    at addSpecsToSuite (C:\my_git_repos\1807-july-jta\trackforce\NGTrackForce\node_modules\jasmine\node_modules\jasmine-core\lib\jasmine-core\jasmine.js:1181:25)
    at Env.describe (C:\my_git_repos\1807-july-jta\trackforce\NGTrackForce\node_modules\jasmine\node_modules\jasmine-core\lib\jasmine-core\jasmine.js:1145:7)
    at describe (C:\my_git_repos\1807-july-jta\trackforce\NGTrackForce\node_modules\jasmine\node_modules\jasmine-core\lib\jasmine-core\jasmine.js:4593:18)
    at Object.<anonymous> (C:\my_git_repos\1807-july-jta\trackforce\NGTrackForce\e2e\navbar\navbar.e2e-spec.ts:4:1)
    at Module._compile (module.js:652:30)
    at Module.m._compile (C:\my_git_repos\1807-july-jta\trackforce\NGTrackForce\node_modules\ts-node\src\index.ts:422:23)
    at Module._extensions..js (module.js:663:10)
    at Object.require.extensions.(anonymous function) [as .ts] (C:\my_git_repos\1807-july-jta\trackforce\NGTrackForce\node_modules\ts-node\src\index.ts:425:12)]]>
   </failure>
  </testcase>
  <testcase classname="navbar functionality" name="should navigate to predictions" time="0.05">
   <failure type="exception" message="Failed: No element found using locator: By(link text, Predictions)"><![CDATA[NoSuchElementError: No element found using locator: By(link text, Predictions)
    at elementArrayFinder.getWebElements.then (C:\my_git_repos\1807-july-jta\trackforce\NGTrackForce\node_modules\protractor\built\element.js:814:27)
    at ManagedPromise.invokeCallback_ (C:\my_git_repos\1807-july-jta\trackforce\NGTrackForce\node_modules\selenium-webdriver\lib\promise.js:1376:14)
    at TaskQueue.execute_ (C:\my_git_repos\1807-july-jta\trackforce\NGTrackForce\node_modules\selenium-webdriver\lib\promise.js:3084:14)
    at TaskQueue.executeNext_ (C:\my_git_repos\1807-july-jta\trackforce\NGTrackForce\node_modules\selenium-webdriver\lib\promise.js:3067:27)
    at asyncRun (C:\my_git_repos\1807-july-jta\trackforce\NGTrackForce\node_modules\selenium-webdriver\lib\promise.js:2927:27)
    at C:\my_git_repos\1807-july-jta\trackforce\NGTrackForce\node_modules\selenium-webdriver\lib\promise.js:668:7
    at <anonymous>
    at process._tickCallback (internal/process/next_tick.js:188:7)Error
    at ElementArrayFinder.applyAction_ (C:\my_git_repos\1807-july-jta\trackforce\NGTrackForce\node_modules\protractor\built\element.js:459:27)
    at ElementArrayFinder.(anonymous function).args [as click] (C:\my_git_repos\1807-july-jta\trackforce\NGTrackForce\node_modules\protractor\built\element.js:91:29)
    at ElementFinder.(anonymous function).args [as click] (C:\my_git_repos\1807-july-jta\trackforce\NGTrackForce\node_modules\protractor\built\element.js:831:22)
    at Navbar.goToPredictions (C:\my_git_repos\1807-july-jta\trackforce\NGTrackForce\e2e\navbar\navbar.po.ts:41:43)
    at UserContext.<anonymous> (C:\my_git_repos\1807-july-jta\trackforce\NGTrackForce\e2e\navbar\navbar.e2e-spec.ts:36:16)
    at C:\my_git_repos\1807-july-jta\trackforce\NGTrackForce\node_modules\jasminewd2\index.js:112:25
    at new ManagedPromise (C:\my_git_repos\1807-july-jta\trackforce\NGTrackForce\node_modules\selenium-webdriver\lib\promise.js:1077:7)
    at ControlFlow.promise (C:\my_git_repos\1807-july-jta\trackforce\NGTrackForce\node_modules\selenium-webdriver\lib\promise.js:2505:12)
    at schedulerExecute (C:\my_git_repos\1807-july-jta\trackforce\NGTrackForce\node_modules\jasminewd2\index.js:95:18)
    at TaskQueue.execute_ (C:\my_git_repos\1807-july-jta\trackforce\NGTrackForce\node_modules\selenium-webdriver\lib\promise.js:3084:14)
From: Task: Run it("should navigate to predictions") in control flow
    at UserContext.<anonymous> (C:\my_git_repos\1807-july-jta\trackforce\NGTrackForce\node_modules\jasminewd2\index.js:94:19)
    at attempt (C:\my_git_repos\1807-july-jta\trackforce\NGTrackForce\node_modules\jasmine\node_modules\jasmine-core\lib\jasmine-core\jasmine.js:4486:26)
    at QueueRunner.run (C:\my_git_repos\1807-july-jta\trackforce\NGTrackForce\node_modules\jasmine\node_modules\jasmine-core\lib\jasmine-core\jasmine.js:4402:20)
    at QueueRunner.execute (C:\my_git_repos\1807-july-jta\trackforce\NGTrackForce\node_modules\jasmine\node_modules\jasmine-core\lib\jasmine-core\jasmine.js:4384:10)
    at Spec.queueRunnerFactory (C:\my_git_repos\1807-july-jta\trackforce\NGTrackForce\node_modules\jasmine\node_modules\jasmine-core\lib\jasmine-core\jasmine.js:964:35)
    at Spec.execute (C:\my_git_repos\1807-july-jta\trackforce\NGTrackForce\node_modules\jasmine\node_modules\jasmine-core\lib\jasmine-core\jasmine.js:563:10)
    at UserContext.fn (C:\my_git_repos\1807-july-jta\trackforce\NGTrackForce\node_modules\jasmine\node_modules\jasmine-core\lib\jasmine-core\jasmine.js:5541:37)
    at attempt (C:\my_git_repos\1807-july-jta\trackforce\NGTrackForce\node_modules\jasmine\node_modules\jasmine-core\lib\jasmine-core\jasmine.js:4486:26)
    at QueueRunner.run (C:\my_git_repos\1807-july-jta\trackforce\NGTrackForce\node_modules\jasmine\node_modules\jasmine-core\lib\jasmine-core\jasmine.js:4402:20)
    at runNext (C:\my_git_repos\1807-july-jta\trackforce\NGTrackForce\node_modules\jasmine\node_modules\jasmine-core\lib\jasmine-core\jasmine.js:4446:20)
From asynchronous test: 
Error
    at Suite.<anonymous> (C:\my_git_repos\1807-july-jta\trackforce\NGTrackForce\e2e\navbar\navbar.e2e-spec.ts:35:5)
    at addSpecsToSuite (C:\my_git_repos\1807-july-jta\trackforce\NGTrackForce\node_modules\jasmine\node_modules\jasmine-core\lib\jasmine-core\jasmine.js:1181:25)
    at Env.describe (C:\my_git_repos\1807-july-jta\trackforce\NGTrackForce\node_modules\jasmine\node_modules\jasmine-core\lib\jasmine-core\jasmine.js:1145:7)
    at describe (C:\my_git_repos\1807-july-jta\trackforce\NGTrackForce\node_modules\jasmine\node_modules\jasmine-core\lib\jasmine-core\jasmine.js:4593:18)
    at Object.<anonymous> (C:\my_git_repos\1807-july-jta\trackforce\NGTrackForce\e2e\navbar\navbar.e2e-spec.ts:4:1)
    at Module._compile (module.js:652:30)
    at Module.m._compile (C:\my_git_repos\1807-july-jta\trackforce\NGTrackForce\node_modules\ts-node\src\index.ts:422:23)
    at Module._extensions..js (module.js:663:10)
    at Object.require.extensions.(anonymous function) [as .ts] (C:\my_git_repos\1807-july-jta\trackforce\NGTrackForce\node_modules\ts-node\src\index.ts:425:12)]]>
   </failure>
  </testcase>
  <testcase classname="navbar functionality" name="should navigate to create user" time="0.058">
   <failure type="exception" message="Failed: No element found using locator: By(link text, Create User)"><![CDATA[NoSuchElementError: No element found using locator: By(link text, Create User)
    at elementArrayFinder.getWebElements.then (C:\my_git_repos\1807-july-jta\trackforce\NGTrackForce\node_modules\protractor\built\element.js:814:27)
    at ManagedPromise.invokeCallback_ (C:\my_git_repos\1807-july-jta\trackforce\NGTrackForce\node_modules\selenium-webdriver\lib\promise.js:1376:14)
    at TaskQueue.execute_ (C:\my_git_repos\1807-july-jta\trackforce\NGTrackForce\node_modules\selenium-webdriver\lib\promise.js:3084:14)
    at TaskQueue.executeNext_ (C:\my_git_repos\1807-july-jta\trackforce\NGTrackForce\node_modules\selenium-webdriver\lib\promise.js:3067:27)
    at asyncRun (C:\my_git_repos\1807-july-jta\trackforce\NGTrackForce\node_modules\selenium-webdriver\lib\promise.js:2927:27)
    at C:\my_git_repos\1807-july-jta\trackforce\NGTrackForce\node_modules\selenium-webdriver\lib\promise.js:668:7
    at <anonymous>
    at process._tickCallback (internal/process/next_tick.js:188:7)Error
    at ElementArrayFinder.applyAction_ (C:\my_git_repos\1807-july-jta\trackforce\NGTrackForce\node_modules\protractor\built\element.js:459:27)
    at ElementArrayFinder.(anonymous function).args [as click] (C:\my_git_repos\1807-july-jta\trackforce\NGTrackForce\node_modules\protractor\built\element.js:91:29)
    at ElementFinder.(anonymous function).args [as click] (C:\my_git_repos\1807-july-jta\trackforce\NGTrackForce\node_modules\protractor\built\element.js:831:22)
    at Navbar.goToCreateUser (C:\my_git_repos\1807-july-jta\trackforce\NGTrackForce\e2e\navbar\navbar.po.ts:36:43)
    at UserContext.<anonymous> (C:\my_git_repos\1807-july-jta\trackforce\NGTrackForce\e2e\navbar\navbar.e2e-spec.ts:41:16)
    at C:\my_git_repos\1807-july-jta\trackforce\NGTrackForce\node_modules\jasminewd2\index.js:112:25
    at new ManagedPromise (C:\my_git_repos\1807-july-jta\trackforce\NGTrackForce\node_modules\selenium-webdriver\lib\promise.js:1077:7)
    at ControlFlow.promise (C:\my_git_repos\1807-july-jta\trackforce\NGTrackForce\node_modules\selenium-webdriver\lib\promise.js:2505:12)
    at schedulerExecute (C:\my_git_repos\1807-july-jta\trackforce\NGTrackForce\node_modules\jasminewd2\index.js:95:18)
    at TaskQueue.execute_ (C:\my_git_repos\1807-july-jta\trackforce\NGTrackForce\node_modules\selenium-webdriver\lib\promise.js:3084:14)
From: Task: Run it("should navigate to create user") in control flow
    at UserContext.<anonymous> (C:\my_git_repos\1807-july-jta\trackforce\NGTrackForce\node_modules\jasminewd2\index.js:94:19)
    at attempt (C:\my_git_repos\1807-july-jta\trackforce\NGTrackForce\node_modules\jasmine\node_modules\jasmine-core\lib\jasmine-core\jasmine.js:4486:26)
    at QueueRunner.run (C:\my_git_repos\1807-july-jta\trackforce\NGTrackForce\node_modules\jasmine\node_modules\jasmine-core\lib\jasmine-core\jasmine.js:4402:20)
    at QueueRunner.execute (C:\my_git_repos\1807-july-jta\trackforce\NGTrackForce\node_modules\jasmine\node_modules\jasmine-core\lib\jasmine-core\jasmine.js:4384:10)
    at Spec.queueRunnerFactory (C:\my_git_repos\1807-july-jta\trackforce\NGTrackForce\node_modules\jasmine\node_modules\jasmine-core\lib\jasmine-core\jasmine.js:964:35)
    at Spec.execute (C:\my_git_repos\1807-july-jta\trackforce\NGTrackForce\node_modules\jasmine\node_modules\jasmine-core\lib\jasmine-core\jasmine.js:563:10)
    at UserContext.fn (C:\my_git_repos\1807-july-jta\trackforce\NGTrackForce\node_modules\jasmine\node_modules\jasmine-core\lib\jasmine-core\jasmine.js:5541:37)
    at attempt (C:\my_git_repos\1807-july-jta\trackforce\NGTrackForce\node_modules\jasmine\node_modules\jasmine-core\lib\jasmine-core\jasmine.js:4486:26)
    at QueueRunner.run (C:\my_git_repos\1807-july-jta\trackforce\NGTrackForce\node_modules\jasmine\node_modules\jasmine-core\lib\jasmine-core\jasmine.js:4402:20)
    at runNext (C:\my_git_repos\1807-july-jta\trackforce\NGTrackForce\node_modules\jasmine\node_modules\jasmine-core\lib\jasmine-core\jasmine.js:4446:20)
From asynchronous test: 
Error
    at Suite.<anonymous> (C:\my_git_repos\1807-july-jta\trackforce\NGTrackForce\e2e\navbar\navbar.e2e-spec.ts:40:5)
    at addSpecsToSuite (C:\my_git_repos\1807-july-jta\trackforce\NGTrackForce\node_modules\jasmine\node_modules\jasmine-core\lib\jasmine-core\jasmine.js:1181:25)
    at Env.describe (C:\my_git_repos\1807-july-jta\trackforce\NGTrackForce\node_modules\jasmine\node_modules\jasmine-core\lib\jasmine-core\jasmine.js:1145:7)
    at describe (C:\my_git_repos\1807-july-jta\trackforce\NGTrackForce\node_modules\jasmine\node_modules\jasmine-core\lib\jasmine-core\jasmine.js:4593:18)
    at Object.<anonymous> (C:\my_git_repos\1807-july-jta\trackforce\NGTrackForce\e2e\navbar\navbar.e2e-spec.ts:4:1)
    at Module._compile (module.js:652:30)
    at Module.m._compile (C:\my_git_repos\1807-july-jta\trackforce\NGTrackForce\node_modules\ts-node\src\index.ts:422:23)
    at Module._extensions..js (module.js:663:10)
    at Object.require.extensions.(anonymous function) [as .ts] (C:\my_git_repos\1807-july-jta\trackforce\NGTrackForce\node_modules\ts-node\src\index.ts:425:12)]]>
   </failure>
  </testcase>
 </testsuite>
 <testsuite name="create-user page input and button fields" timestamp="2018-08-30T09:09:21" hostname="localhost" time="0.572" errors="0" tests="8" skipped="0" disabled="0" failures="8">
  <testcase classname="create-user page input and button fields" name="should accept username input" time="0.122">
   <failure type="toEqual" message="Expected &apos;TestAdminuser&apos; to equal &apos;user&apos;."><![CDATA[Error: Failed expectation
    at UserContext.<anonymous> (C:\my_git_repos\1807-july-jta\trackforce\NGTrackForce\e2e\create-user\create-user.e2e-spec.ts:29:47)
    at C:\my_git_repos\1807-july-jta\trackforce\NGTrackForce\node_modules\jasminewd2\index.js:112:25
    at new ManagedPromise (C:\my_git_repos\1807-july-jta\trackforce\NGTrackForce\node_modules\selenium-webdriver\lib\promise.js:1077:7)
    at ControlFlow.promise (C:\my_git_repos\1807-july-jta\trackforce\NGTrackForce\node_modules\selenium-webdriver\lib\promise.js:2505:12)
    at schedulerExecute (C:\my_git_repos\1807-july-jta\trackforce\NGTrackForce\node_modules\jasminewd2\index.js:95:18)
    at TaskQueue.execute_ (C:\my_git_repos\1807-july-jta\trackforce\NGTrackForce\node_modules\selenium-webdriver\lib\promise.js:3084:14)
    at TaskQueue.executeNext_ (C:\my_git_repos\1807-july-jta\trackforce\NGTrackForce\node_modules\selenium-webdriver\lib\promise.js:3067:27)
    at asyncRun (C:\my_git_repos\1807-july-jta\trackforce\NGTrackForce\node_modules\selenium-webdriver\lib\promise.js:2974:25)
    at C:\my_git_repos\1807-july-jta\trackforce\NGTrackForce\node_modules\selenium-webdriver\lib\promise.js:668:7]]>
   </failure>
  </testcase>
  <testcase classname="create-user page input and button fields" name="should accept password input" time="0.127">
   <failure type="toEqual" message="Expected &apos;TestAdminpassword&apos; to equal &apos;password&apos;."><![CDATA[Error: Failed expectation
    at UserContext.<anonymous> (C:\my_git_repos\1807-july-jta\trackforce\NGTrackForce\e2e\create-user\create-user.e2e-spec.ts:34:47)
    at C:\my_git_repos\1807-july-jta\trackforce\NGTrackForce\node_modules\jasminewd2\index.js:112:25
    at new ManagedPromise (C:\my_git_repos\1807-july-jta\trackforce\NGTrackForce\node_modules\selenium-webdriver\lib\promise.js:1077:7)
    at ControlFlow.promise (C:\my_git_repos\1807-july-jta\trackforce\NGTrackForce\node_modules\selenium-webdriver\lib\promise.js:2505:12)
    at schedulerExecute (C:\my_git_repos\1807-july-jta\trackforce\NGTrackForce\node_modules\jasminewd2\index.js:95:18)
    at TaskQueue.execute_ (C:\my_git_repos\1807-july-jta\trackforce\NGTrackForce\node_modules\selenium-webdriver\lib\promise.js:3084:14)
    at TaskQueue.executeNext_ (C:\my_git_repos\1807-july-jta\trackforce\NGTrackForce\node_modules\selenium-webdriver\lib\promise.js:3067:27)
    at asyncRun (C:\my_git_repos\1807-july-jta\trackforce\NGTrackForce\node_modules\selenium-webdriver\lib\promise.js:2974:25)
    at C:\my_git_repos\1807-july-jta\trackforce\NGTrackForce\node_modules\selenium-webdriver\lib\promise.js:668:7]]>
   </failure>
  </testcase>
  <testcase classname="create-user page input and button fields" name="should accept password confirmation input" time="0.058">
   <failure type="exception" message="Failed: No element found using locator: By(css selector, [name=&quot;password2&quot;])"><![CDATA[NoSuchElementError: No element found using locator: By(css selector, [name="password2"])
    at elementArrayFinder.getWebElements.then (C:\my_git_repos\1807-july-jta\trackforce\NGTrackForce\node_modules\protractor\built\element.js:814:27)
    at ManagedPromise.invokeCallback_ (C:\my_git_repos\1807-july-jta\trackforce\NGTrackForce\node_modules\selenium-webdriver\lib\promise.js:1376:14)
    at TaskQueue.execute_ (C:\my_git_repos\1807-july-jta\trackforce\NGTrackForce\node_modules\selenium-webdriver\lib\promise.js:3084:14)
    at TaskQueue.executeNext_ (C:\my_git_repos\1807-july-jta\trackforce\NGTrackForce\node_modules\selenium-webdriver\lib\promise.js:3067:27)
    at asyncRun (C:\my_git_repos\1807-july-jta\trackforce\NGTrackForce\node_modules\selenium-webdriver\lib\promise.js:2927:27)
    at C:\my_git_repos\1807-july-jta\trackforce\NGTrackForce\node_modules\selenium-webdriver\lib\promise.js:668:7
    at <anonymous>
    at process._tickCallback (internal/process/next_tick.js:188:7)Error
    at ElementArrayFinder.applyAction_ (C:\my_git_repos\1807-july-jta\trackforce\NGTrackForce\node_modules\protractor\built\element.js:459:27)
    at ElementArrayFinder.(anonymous function).args [as sendKeys] (C:\my_git_repos\1807-july-jta\trackforce\NGTrackForce\node_modules\protractor\built\element.js:91:29)
    at ElementFinder.(anonymous function).args [as sendKeys] (C:\my_git_repos\1807-july-jta\trackforce\NGTrackForce\node_modules\protractor\built\element.js:831:22)
    at CreateUserPo.inputPasswordConfirm (C:\my_git_repos\1807-july-jta\trackforce\NGTrackForce\e2e\create-user\create-user.po.ts:106:30)
    at UserContext.<anonymous> (C:\my_git_repos\1807-july-jta\trackforce\NGTrackForce\e2e\create-user\create-user.e2e-spec.ts:38:20)
    at C:\my_git_repos\1807-july-jta\trackforce\NGTrackForce\node_modules\jasminewd2\index.js:112:25
    at new ManagedPromise (C:\my_git_repos\1807-july-jta\trackforce\NGTrackForce\node_modules\selenium-webdriver\lib\promise.js:1077:7)
    at ControlFlow.promise (C:\my_git_repos\1807-july-jta\trackforce\NGTrackForce\node_modules\selenium-webdriver\lib\promise.js:2505:12)
    at schedulerExecute (C:\my_git_repos\1807-july-jta\trackforce\NGTrackForce\node_modules\jasminewd2\index.js:95:18)
    at TaskQueue.execute_ (C:\my_git_repos\1807-july-jta\trackforce\NGTrackForce\node_modules\selenium-webdriver\lib\promise.js:3084:14)
From: Task: Run it("should accept password confirmation input") in control flow
    at UserContext.<anonymous> (C:\my_git_repos\1807-july-jta\trackforce\NGTrackForce\node_modules\jasminewd2\index.js:94:19)
    at attempt (C:\my_git_repos\1807-july-jta\trackforce\NGTrackForce\node_modules\jasmine\node_modules\jasmine-core\lib\jasmine-core\jasmine.js:4486:26)
    at QueueRunner.run (C:\my_git_repos\1807-july-jta\trackforce\NGTrackForce\node_modules\jasmine\node_modules\jasmine-core\lib\jasmine-core\jasmine.js:4402:20)
    at QueueRunner.execute (C:\my_git_repos\1807-july-jta\trackforce\NGTrackForce\node_modules\jasmine\node_modules\jasmine-core\lib\jasmine-core\jasmine.js:4384:10)
    at Spec.queueRunnerFactory (C:\my_git_repos\1807-july-jta\trackforce\NGTrackForce\node_modules\jasmine\node_modules\jasmine-core\lib\jasmine-core\jasmine.js:964:35)
    at Spec.execute (C:\my_git_repos\1807-july-jta\trackforce\NGTrackForce\node_modules\jasmine\node_modules\jasmine-core\lib\jasmine-core\jasmine.js:563:10)
    at UserContext.fn (C:\my_git_repos\1807-july-jta\trackforce\NGTrackForce\node_modules\jasmine\node_modules\jasmine-core\lib\jasmine-core\jasmine.js:5541:37)
    at attempt (C:\my_git_repos\1807-july-jta\trackforce\NGTrackForce\node_modules\jasmine\node_modules\jasmine-core\lib\jasmine-core\jasmine.js:4486:26)
    at QueueRunner.run (C:\my_git_repos\1807-july-jta\trackforce\NGTrackForce\node_modules\jasmine\node_modules\jasmine-core\lib\jasmine-core\jasmine.js:4402:20)
    at runNext (C:\my_git_repos\1807-july-jta\trackforce\NGTrackForce\node_modules\jasmine\node_modules\jasmine-core\lib\jasmine-core\jasmine.js:4446:20)
From asynchronous test: 
Error
    at Suite.<anonymous> (C:\my_git_repos\1807-july-jta\trackforce\NGTrackForce\e2e\create-user\create-user.e2e-spec.ts:37:5)
    at addSpecsToSuite (C:\my_git_repos\1807-july-jta\trackforce\NGTrackForce\node_modules\jasmine\node_modules\jasmine-core\lib\jasmine-core\jasmine.js:1181:25)
    at Env.describe (C:\my_git_repos\1807-july-jta\trackforce\NGTrackForce\node_modules\jasmine\node_modules\jasmine-core\lib\jasmine-core\jasmine.js:1145:7)
    at describe (C:\my_git_repos\1807-july-jta\trackforce\NGTrackForce\node_modules\jasmine\node_modules\jasmine-core\lib\jasmine-core\jasmine.js:4593:18)
    at Object.<anonymous> (C:\my_git_repos\1807-july-jta\trackforce\NGTrackForce\e2e\create-user\create-user.e2e-spec.ts:4:1)
    at Module._compile (module.js:652:30)
    at Module.m._compile (C:\my_git_repos\1807-july-jta\trackforce\NGTrackForce\node_modules\ts-node\src\index.ts:422:23)
    at Module._extensions..js (module.js:663:10)
    at Object.require.extensions.(anonymous function) [as .ts] (C:\my_git_repos\1807-july-jta\trackforce\NGTrackForce\node_modules\ts-node\src\index.ts:425:12)]]>
   </failure>
  </testcase>
  <testcase classname="create-user page input and button fields" name="should select admin radio button" time="0.059">
   <failure type="exception" message="Failed: No element found using locator: By(css selector, [value=&quot;1&quot;])"><![CDATA[NoSuchElementError: No element found using locator: By(css selector, [value="1"])
    at elementArrayFinder.getWebElements.then (C:\my_git_repos\1807-july-jta\trackforce\NGTrackForce\node_modules\protractor\built\element.js:814:27)
    at ManagedPromise.invokeCallback_ (C:\my_git_repos\1807-july-jta\trackforce\NGTrackForce\node_modules\selenium-webdriver\lib\promise.js:1376:14)
    at TaskQueue.execute_ (C:\my_git_repos\1807-july-jta\trackforce\NGTrackForce\node_modules\selenium-webdriver\lib\promise.js:3084:14)
    at TaskQueue.executeNext_ (C:\my_git_repos\1807-july-jta\trackforce\NGTrackForce\node_modules\selenium-webdriver\lib\promise.js:3067:27)
    at asyncRun (C:\my_git_repos\1807-july-jta\trackforce\NGTrackForce\node_modules\selenium-webdriver\lib\promise.js:2927:27)
    at C:\my_git_repos\1807-july-jta\trackforce\NGTrackForce\node_modules\selenium-webdriver\lib\promise.js:668:7
    at <anonymous>
    at process._tickCallback (internal/process/next_tick.js:188:7)Error
    at ElementArrayFinder.applyAction_ (C:\my_git_repos\1807-july-jta\trackforce\NGTrackForce\node_modules\protractor\built\element.js:459:27)
    at ElementArrayFinder.(anonymous function).args [as click] (C:\my_git_repos\1807-july-jta\trackforce\NGTrackForce\node_modules\protractor\built\element.js:91:29)
    at ElementFinder.(anonymous function).args [as click] (C:\my_git_repos\1807-july-jta\trackforce\NGTrackForce\node_modules\protractor\built\element.js:831:22)
    at CreateUserPo.clickAdminRadio (C:\my_git_repos\1807-july-jta\trackforce\NGTrackForce\e2e\create-user\create-user.po.ts:128:25)
    at UserContext.<anonymous> (C:\my_git_repos\1807-july-jta\trackforce\NGTrackForce\e2e\create-user\create-user.e2e-spec.ts:43:20)
    at C:\my_git_repos\1807-july-jta\trackforce\NGTrackForce\node_modules\jasminewd2\index.js:112:25
    at new ManagedPromise (C:\my_git_repos\1807-july-jta\trackforce\NGTrackForce\node_modules\selenium-webdriver\lib\promise.js:1077:7)
    at ControlFlow.promise (C:\my_git_repos\1807-july-jta\trackforce\NGTrackForce\node_modules\selenium-webdriver\lib\promise.js:2505:12)
    at schedulerExecute (C:\my_git_repos\1807-july-jta\trackforce\NGTrackForce\node_modules\jasminewd2\index.js:95:18)
    at TaskQueue.execute_ (C:\my_git_repos\1807-july-jta\trackforce\NGTrackForce\node_modules\selenium-webdriver\lib\promise.js:3084:14)
From: Task: Run it("should select admin radio button") in control flow
    at UserContext.<anonymous> (C:\my_git_repos\1807-july-jta\trackforce\NGTrackForce\node_modules\jasminewd2\index.js:94:19)
    at attempt (C:\my_git_repos\1807-july-jta\trackforce\NGTrackForce\node_modules\jasmine\node_modules\jasmine-core\lib\jasmine-core\jasmine.js:4486:26)
    at QueueRunner.run (C:\my_git_repos\1807-july-jta\trackforce\NGTrackForce\node_modules\jasmine\node_modules\jasmine-core\lib\jasmine-core\jasmine.js:4402:20)
    at QueueRunner.execute (C:\my_git_repos\1807-july-jta\trackforce\NGTrackForce\node_modules\jasmine\node_modules\jasmine-core\lib\jasmine-core\jasmine.js:4384:10)
    at Spec.queueRunnerFactory (C:\my_git_repos\1807-july-jta\trackforce\NGTrackForce\node_modules\jasmine\node_modules\jasmine-core\lib\jasmine-core\jasmine.js:964:35)
    at Spec.execute (C:\my_git_repos\1807-july-jta\trackforce\NGTrackForce\node_modules\jasmine\node_modules\jasmine-core\lib\jasmine-core\jasmine.js:563:10)
    at UserContext.fn (C:\my_git_repos\1807-july-jta\trackforce\NGTrackForce\node_modules\jasmine\node_modules\jasmine-core\lib\jasmine-core\jasmine.js:5541:37)
    at attempt (C:\my_git_repos\1807-july-jta\trackforce\NGTrackForce\node_modules\jasmine\node_modules\jasmine-core\lib\jasmine-core\jasmine.js:4486:26)
    at QueueRunner.run (C:\my_git_repos\1807-july-jta\trackforce\NGTrackForce\node_modules\jasmine\node_modules\jasmine-core\lib\jasmine-core\jasmine.js:4402:20)
    at runNext (C:\my_git_repos\1807-july-jta\trackforce\NGTrackForce\node_modules\jasmine\node_modules\jasmine-core\lib\jasmine-core\jasmine.js:4446:20)
From asynchronous test: 
Error
    at Suite.<anonymous> (C:\my_git_repos\1807-july-jta\trackforce\NGTrackForce\e2e\create-user\create-user.e2e-spec.ts:42:5)
    at addSpecsToSuite (C:\my_git_repos\1807-july-jta\trackforce\NGTrackForce\node_modules\jasmine\node_modules\jasmine-core\lib\jasmine-core\jasmine.js:1181:25)
    at Env.describe (C:\my_git_repos\1807-july-jta\trackforce\NGTrackForce\node_modules\jasmine\node_modules\jasmine-core\lib\jasmine-core\jasmine.js:1145:7)
    at describe (C:\my_git_repos\1807-july-jta\trackforce\NGTrackForce\node_modules\jasmine\node_modules\jasmine-core\lib\jasmine-core\jasmine.js:4593:18)
    at Object.<anonymous> (C:\my_git_repos\1807-july-jta\trackforce\NGTrackForce\e2e\create-user\create-user.e2e-spec.ts:4:1)
    at Module._compile (module.js:652:30)
    at Module.m._compile (C:\my_git_repos\1807-july-jta\trackforce\NGTrackForce\node_modules\ts-node\src\index.ts:422:23)
    at Module._extensions..js (module.js:663:10)
    at Object.require.extensions.(anonymous function) [as .ts] (C:\my_git_repos\1807-july-jta\trackforce\NGTrackForce\node_modules\ts-node\src\index.ts:425:12)]]>
   </failure>
  </testcase>
  <testcase classname="create-user page input and button fields" name="should select trainer radio button" time="0.057">
   <failure type="exception" message="Failed: No element found using locator: By(css selector, [value=&quot;2&quot;])"><![CDATA[NoSuchElementError: No element found using locator: By(css selector, [value="2"])
    at elementArrayFinder.getWebElements.then (C:\my_git_repos\1807-july-jta\trackforce\NGTrackForce\node_modules\protractor\built\element.js:814:27)
    at ManagedPromise.invokeCallback_ (C:\my_git_repos\1807-july-jta\trackforce\NGTrackForce\node_modules\selenium-webdriver\lib\promise.js:1376:14)
    at TaskQueue.execute_ (C:\my_git_repos\1807-july-jta\trackforce\NGTrackForce\node_modules\selenium-webdriver\lib\promise.js:3084:14)
    at TaskQueue.executeNext_ (C:\my_git_repos\1807-july-jta\trackforce\NGTrackForce\node_modules\selenium-webdriver\lib\promise.js:3067:27)
    at asyncRun (C:\my_git_repos\1807-july-jta\trackforce\NGTrackForce\node_modules\selenium-webdriver\lib\promise.js:2927:27)
    at C:\my_git_repos\1807-july-jta\trackforce\NGTrackForce\node_modules\selenium-webdriver\lib\promise.js:668:7
    at <anonymous>
    at process._tickCallback (internal/process/next_tick.js:188:7)Error
    at ElementArrayFinder.applyAction_ (C:\my_git_repos\1807-july-jta\trackforce\NGTrackForce\node_modules\protractor\built\element.js:459:27)
    at ElementArrayFinder.(anonymous function).args [as click] (C:\my_git_repos\1807-july-jta\trackforce\NGTrackForce\node_modules\protractor\built\element.js:91:29)
    at ElementFinder.(anonymous function).args [as click] (C:\my_git_repos\1807-july-jta\trackforce\NGTrackForce\node_modules\protractor\built\element.js:831:22)
    at CreateUserPo.clickTrainerRadio (C:\my_git_repos\1807-july-jta\trackforce\NGTrackForce\e2e\create-user\create-user.po.ts:183:27)
    at UserContext.<anonymous> (C:\my_git_repos\1807-july-jta\trackforce\NGTrackForce\e2e\create-user\create-user.e2e-spec.ts:48:20)
    at C:\my_git_repos\1807-july-jta\trackforce\NGTrackForce\node_modules\jasminewd2\index.js:112:25
    at new ManagedPromise (C:\my_git_repos\1807-july-jta\trackforce\NGTrackForce\node_modules\selenium-webdriver\lib\promise.js:1077:7)
    at ControlFlow.promise (C:\my_git_repos\1807-july-jta\trackforce\NGTrackForce\node_modules\selenium-webdriver\lib\promise.js:2505:12)
    at schedulerExecute (C:\my_git_repos\1807-july-jta\trackforce\NGTrackForce\node_modules\jasminewd2\index.js:95:18)
    at TaskQueue.execute_ (C:\my_git_repos\1807-july-jta\trackforce\NGTrackForce\node_modules\selenium-webdriver\lib\promise.js:3084:14)
From: Task: Run it("should select trainer radio button") in control flow
    at UserContext.<anonymous> (C:\my_git_repos\1807-july-jta\trackforce\NGTrackForce\node_modules\jasminewd2\index.js:94:19)
    at attempt (C:\my_git_repos\1807-july-jta\trackforce\NGTrackForce\node_modules\jasmine\node_modules\jasmine-core\lib\jasmine-core\jasmine.js:4486:26)
    at QueueRunner.run (C:\my_git_repos\1807-july-jta\trackforce\NGTrackForce\node_modules\jasmine\node_modules\jasmine-core\lib\jasmine-core\jasmine.js:4402:20)
    at QueueRunner.execute (C:\my_git_repos\1807-july-jta\trackforce\NGTrackForce\node_modules\jasmine\node_modules\jasmine-core\lib\jasmine-core\jasmine.js:4384:10)
    at Spec.queueRunnerFactory (C:\my_git_repos\1807-july-jta\trackforce\NGTrackForce\node_modules\jasmine\node_modules\jasmine-core\lib\jasmine-core\jasmine.js:964:35)
    at Spec.execute (C:\my_git_repos\1807-july-jta\trackforce\NGTrackForce\node_modules\jasmine\node_modules\jasmine-core\lib\jasmine-core\jasmine.js:563:10)
    at UserContext.fn (C:\my_git_repos\1807-july-jta\trackforce\NGTrackForce\node_modules\jasmine\node_modules\jasmine-core\lib\jasmine-core\jasmine.js:5541:37)
    at attempt (C:\my_git_repos\1807-july-jta\trackforce\NGTrackForce\node_modules\jasmine\node_modules\jasmine-core\lib\jasmine-core\jasmine.js:4486:26)
    at QueueRunner.run (C:\my_git_repos\1807-july-jta\trackforce\NGTrackForce\node_modules\jasmine\node_modules\jasmine-core\lib\jasmine-core\jasmine.js:4402:20)
    at runNext (C:\my_git_repos\1807-july-jta\trackforce\NGTrackForce\node_modules\jasmine\node_modules\jasmine-core\lib\jasmine-core\jasmine.js:4446:20)
From asynchronous test: 
Error
    at Suite.<anonymous> (C:\my_git_repos\1807-july-jta\trackforce\NGTrackForce\e2e\create-user\create-user.e2e-spec.ts:47:5)
    at addSpecsToSuite (C:\my_git_repos\1807-july-jta\trackforce\NGTrackForce\node_modules\jasmine\node_modules\jasmine-core\lib\jasmine-core\jasmine.js:1181:25)
    at Env.describe (C:\my_git_repos\1807-july-jta\trackforce\NGTrackForce\node_modules\jasmine\node_modules\jasmine-core\lib\jasmine-core\jasmine.js:1145:7)
    at describe (C:\my_git_repos\1807-july-jta\trackforce\NGTrackForce\node_modules\jasmine\node_modules\jasmine-core\lib\jasmine-core\jasmine.js:4593:18)
    at Object.<anonymous> (C:\my_git_repos\1807-july-jta\trackforce\NGTrackForce\e2e\create-user\create-user.e2e-spec.ts:4:1)
    at Module._compile (module.js:652:30)
    at Module.m._compile (C:\my_git_repos\1807-july-jta\trackforce\NGTrackForce\node_modules\ts-node\src\index.ts:422:23)
    at Module._extensions..js (module.js:663:10)
    at Object.require.extensions.(anonymous function) [as .ts] (C:\my_git_repos\1807-july-jta\trackforce\NGTrackForce\node_modules\ts-node\src\index.ts:425:12)]]>
   </failure>
  </testcase>
  <testcase classname="create-user page input and button fields" name="should select associate radio button" time="0.053">
   <failure type="exception" message="Failed: No element found using locator: By(css selector, [value=&quot;5&quot;])"><![CDATA[NoSuchElementError: No element found using locator: By(css selector, [value="5"])
    at elementArrayFinder.getWebElements.then (C:\my_git_repos\1807-july-jta\trackforce\NGTrackForce\node_modules\protractor\built\element.js:814:27)
    at ManagedPromise.invokeCallback_ (C:\my_git_repos\1807-july-jta\trackforce\NGTrackForce\node_modules\selenium-webdriver\lib\promise.js:1376:14)
    at TaskQueue.execute_ (C:\my_git_repos\1807-july-jta\trackforce\NGTrackForce\node_modules\selenium-webdriver\lib\promise.js:3084:14)
    at TaskQueue.executeNext_ (C:\my_git_repos\1807-july-jta\trackforce\NGTrackForce\node_modules\selenium-webdriver\lib\promise.js:3067:27)
    at asyncRun (C:\my_git_repos\1807-july-jta\trackforce\NGTrackForce\node_modules\selenium-webdriver\lib\promise.js:2927:27)
    at C:\my_git_repos\1807-july-jta\trackforce\NGTrackForce\node_modules\selenium-webdriver\lib\promise.js:668:7
    at <anonymous>
    at process._tickCallback (internal/process/next_tick.js:188:7)Error
    at ElementArrayFinder.applyAction_ (C:\my_git_repos\1807-july-jta\trackforce\NGTrackForce\node_modules\protractor\built\element.js:459:27)
    at ElementArrayFinder.(anonymous function).args [as click] (C:\my_git_repos\1807-july-jta\trackforce\NGTrackForce\node_modules\protractor\built\element.js:91:29)
    at ElementFinder.(anonymous function).args [as click] (C:\my_git_repos\1807-july-jta\trackforce\NGTrackForce\node_modules\protractor\built\element.js:831:22)
    at CreateUserPo.clickAssociateRadio (C:\my_git_repos\1807-july-jta\trackforce\NGTrackForce\e2e\create-user\create-user.po.ts:142:29)
    at UserContext.<anonymous> (C:\my_git_repos\1807-july-jta\trackforce\NGTrackForce\e2e\create-user\create-user.e2e-spec.ts:53:20)
    at C:\my_git_repos\1807-july-jta\trackforce\NGTrackForce\node_modules\jasminewd2\index.js:112:25
    at new ManagedPromise (C:\my_git_repos\1807-july-jta\trackforce\NGTrackForce\node_modules\selenium-webdriver\lib\promise.js:1077:7)
    at ControlFlow.promise (C:\my_git_repos\1807-july-jta\trackforce\NGTrackForce\node_modules\selenium-webdriver\lib\promise.js:2505:12)
    at schedulerExecute (C:\my_git_repos\1807-july-jta\trackforce\NGTrackForce\node_modules\jasminewd2\index.js:95:18)
    at TaskQueue.execute_ (C:\my_git_repos\1807-july-jta\trackforce\NGTrackForce\node_modules\selenium-webdriver\lib\promise.js:3084:14)
From: Task: Run it("should select associate radio button") in control flow
    at UserContext.<anonymous> (C:\my_git_repos\1807-july-jta\trackforce\NGTrackForce\node_modules\jasminewd2\index.js:94:19)
    at attempt (C:\my_git_repos\1807-july-jta\trackforce\NGTrackForce\node_modules\jasmine\node_modules\jasmine-core\lib\jasmine-core\jasmine.js:4486:26)
    at QueueRunner.run (C:\my_git_repos\1807-july-jta\trackforce\NGTrackForce\node_modules\jasmine\node_modules\jasmine-core\lib\jasmine-core\jasmine.js:4402:20)
    at QueueRunner.execute (C:\my_git_repos\1807-july-jta\trackforce\NGTrackForce\node_modules\jasmine\node_modules\jasmine-core\lib\jasmine-core\jasmine.js:4384:10)
    at Spec.queueRunnerFactory (C:\my_git_repos\1807-july-jta\trackforce\NGTrackForce\node_modules\jasmine\node_modules\jasmine-core\lib\jasmine-core\jasmine.js:964:35)
    at Spec.execute (C:\my_git_repos\1807-july-jta\trackforce\NGTrackForce\node_modules\jasmine\node_modules\jasmine-core\lib\jasmine-core\jasmine.js:563:10)
    at UserContext.fn (C:\my_git_repos\1807-july-jta\trackforce\NGTrackForce\node_modules\jasmine\node_modules\jasmine-core\lib\jasmine-core\jasmine.js:5541:37)
    at attempt (C:\my_git_repos\1807-july-jta\trackforce\NGTrackForce\node_modules\jasmine\node_modules\jasmine-core\lib\jasmine-core\jasmine.js:4486:26)
    at QueueRunner.run (C:\my_git_repos\1807-july-jta\trackforce\NGTrackForce\node_modules\jasmine\node_modules\jasmine-core\lib\jasmine-core\jasmine.js:4402:20)
    at runNext (C:\my_git_repos\1807-july-jta\trackforce\NGTrackForce\node_modules\jasmine\node_modules\jasmine-core\lib\jasmine-core\jasmine.js:4446:20)
From asynchronous test: 
Error
    at Suite.<anonymous> (C:\my_git_repos\1807-july-jta\trackforce\NGTrackForce\e2e\create-user\create-user.e2e-spec.ts:52:5)
    at addSpecsToSuite (C:\my_git_repos\1807-july-jta\trackforce\NGTrackForce\node_modules\jasmine\node_modules\jasmine-core\lib\jasmine-core\jasmine.js:1181:25)
    at Env.describe (C:\my_git_repos\1807-july-jta\trackforce\NGTrackForce\node_modules\jasmine\node_modules\jasmine-core\lib\jasmine-core\jasmine.js:1145:7)
    at describe (C:\my_git_repos\1807-july-jta\trackforce\NGTrackForce\node_modules\jasmine\node_modules\jasmine-core\lib\jasmine-core\jasmine.js:4593:18)
    at Object.<anonymous> (C:\my_git_repos\1807-july-jta\trackforce\NGTrackForce\e2e\create-user\create-user.e2e-spec.ts:4:1)
    at Module._compile (module.js:652:30)
    at Module.m._compile (C:\my_git_repos\1807-july-jta\trackforce\NGTrackForce\node_modules\ts-node\src\index.ts:422:23)
    at Module._extensions..js (module.js:663:10)
    at Object.require.extensions.(anonymous function) [as .ts] (C:\my_git_repos\1807-july-jta\trackforce\NGTrackForce\node_modules\ts-node\src\index.ts:425:12)]]>
   </failure>
  </testcase>
  <testcase classname="create-user page input and button fields" name="should select staging manager radio button" time="0.047">
   <failure type="exception" message="Failed: No element found using locator: By(css selector, [value=&quot;4&quot;])"><![CDATA[NoSuchElementError: No element found using locator: By(css selector, [value="4"])
    at elementArrayFinder.getWebElements.then (C:\my_git_repos\1807-july-jta\trackforce\NGTrackForce\node_modules\protractor\built\element.js:814:27)
    at ManagedPromise.invokeCallback_ (C:\my_git_repos\1807-july-jta\trackforce\NGTrackForce\node_modules\selenium-webdriver\lib\promise.js:1376:14)
    at TaskQueue.execute_ (C:\my_git_repos\1807-july-jta\trackforce\NGTrackForce\node_modules\selenium-webdriver\lib\promise.js:3084:14)
    at TaskQueue.executeNext_ (C:\my_git_repos\1807-july-jta\trackforce\NGTrackForce\node_modules\selenium-webdriver\lib\promise.js:3067:27)
    at asyncRun (C:\my_git_repos\1807-july-jta\trackforce\NGTrackForce\node_modules\selenium-webdriver\lib\promise.js:2927:27)
    at C:\my_git_repos\1807-july-jta\trackforce\NGTrackForce\node_modules\selenium-webdriver\lib\promise.js:668:7
    at <anonymous>
    at process._tickCallback (internal/process/next_tick.js:188:7)Error
    at ElementArrayFinder.applyAction_ (C:\my_git_repos\1807-july-jta\trackforce\NGTrackForce\node_modules\protractor\built\element.js:459:27)
    at ElementArrayFinder.(anonymous function).args [as click] (C:\my_git_repos\1807-july-jta\trackforce\NGTrackForce\node_modules\protractor\built\element.js:91:29)
    at ElementFinder.(anonymous function).args [as click] (C:\my_git_repos\1807-july-jta\trackforce\NGTrackForce\node_modules\protractor\built\element.js:831:22)
    at CreateUserPo.clickManagerRadio (C:\my_git_repos\1807-july-jta\trackforce\NGTrackForce\e2e\create-user\create-user.po.ts:156:27)
    at UserContext.<anonymous> (C:\my_git_repos\1807-july-jta\trackforce\NGTrackForce\e2e\create-user\create-user.e2e-spec.ts:58:20)
    at C:\my_git_repos\1807-july-jta\trackforce\NGTrackForce\node_modules\jasminewd2\index.js:112:25
    at new ManagedPromise (C:\my_git_repos\1807-july-jta\trackforce\NGTrackForce\node_modules\selenium-webdriver\lib\promise.js:1077:7)
    at ControlFlow.promise (C:\my_git_repos\1807-july-jta\trackforce\NGTrackForce\node_modules\selenium-webdriver\lib\promise.js:2505:12)
    at schedulerExecute (C:\my_git_repos\1807-july-jta\trackforce\NGTrackForce\node_modules\jasminewd2\index.js:95:18)
    at TaskQueue.execute_ (C:\my_git_repos\1807-july-jta\trackforce\NGTrackForce\node_modules\selenium-webdriver\lib\promise.js:3084:14)
From: Task: Run it("should select staging manager radio button") in control flow
    at UserContext.<anonymous> (C:\my_git_repos\1807-july-jta\trackforce\NGTrackForce\node_modules\jasminewd2\index.js:94:19)
    at attempt (C:\my_git_repos\1807-july-jta\trackforce\NGTrackForce\node_modules\jasmine\node_modules\jasmine-core\lib\jasmine-core\jasmine.js:4486:26)
    at QueueRunner.run (C:\my_git_repos\1807-july-jta\trackforce\NGTrackForce\node_modules\jasmine\node_modules\jasmine-core\lib\jasmine-core\jasmine.js:4402:20)
    at QueueRunner.execute (C:\my_git_repos\1807-july-jta\trackforce\NGTrackForce\node_modules\jasmine\node_modules\jasmine-core\lib\jasmine-core\jasmine.js:4384:10)
    at Spec.queueRunnerFactory (C:\my_git_repos\1807-july-jta\trackforce\NGTrackForce\node_modules\jasmine\node_modules\jasmine-core\lib\jasmine-core\jasmine.js:964:35)
    at Spec.execute (C:\my_git_repos\1807-july-jta\trackforce\NGTrackForce\node_modules\jasmine\node_modules\jasmine-core\lib\jasmine-core\jasmine.js:563:10)
    at UserContext.fn (C:\my_git_repos\1807-july-jta\trackforce\NGTrackForce\node_modules\jasmine\node_modules\jasmine-core\lib\jasmine-core\jasmine.js:5541:37)
    at attempt (C:\my_git_repos\1807-july-jta\trackforce\NGTrackForce\node_modules\jasmine\node_modules\jasmine-core\lib\jasmine-core\jasmine.js:4486:26)
    at QueueRunner.run (C:\my_git_repos\1807-july-jta\trackforce\NGTrackForce\node_modules\jasmine\node_modules\jasmine-core\lib\jasmine-core\jasmine.js:4402:20)
    at runNext (C:\my_git_repos\1807-july-jta\trackforce\NGTrackForce\node_modules\jasmine\node_modules\jasmine-core\lib\jasmine-core\jasmine.js:4446:20)
From asynchronous test: 
Error
    at Suite.<anonymous> (C:\my_git_repos\1807-july-jta\trackforce\NGTrackForce\e2e\create-user\create-user.e2e-spec.ts:57:5)
    at addSpecsToSuite (C:\my_git_repos\1807-july-jta\trackforce\NGTrackForce\node_modules\jasmine\node_modules\jasmine-core\lib\jasmine-core\jasmine.js:1181:25)
    at Env.describe (C:\my_git_repos\1807-july-jta\trackforce\NGTrackForce\node_modules\jasmine\node_modules\jasmine-core\lib\jasmine-core\jasmine.js:1145:7)
    at describe (C:\my_git_repos\1807-july-jta\trackforce\NGTrackForce\node_modules\jasmine\node_modules\jasmine-core\lib\jasmine-core\jasmine.js:4593:18)
    at Object.<anonymous> (C:\my_git_repos\1807-july-jta\trackforce\NGTrackForce\e2e\create-user\create-user.e2e-spec.ts:4:1)
    at Module._compile (module.js:652:30)
    at Module.m._compile (C:\my_git_repos\1807-july-jta\trackforce\NGTrackForce\node_modules\ts-node\src\index.ts:422:23)
    at Module._extensions..js (module.js:663:10)
    at Object.require.extensions.(anonymous function) [as .ts] (C:\my_git_repos\1807-july-jta\trackforce\NGTrackForce\node_modules\ts-node\src\index.ts:425:12)]]>
   </failure>
  </testcase>
  <testcase classname="create-user page input and button fields" name="should select delivery radio button" time="0.047">
   <failure type="exception" message="Failed: No element found using locator: By(css selector, [value=&quot;3&quot;])"><![CDATA[NoSuchElementError: No element found using locator: By(css selector, [value="3"])
    at elementArrayFinder.getWebElements.then (C:\my_git_repos\1807-july-jta\trackforce\NGTrackForce\node_modules\protractor\built\element.js:814:27)
    at ManagedPromise.invokeCallback_ (C:\my_git_repos\1807-july-jta\trackforce\NGTrackForce\node_modules\selenium-webdriver\lib\promise.js:1376:14)
    at TaskQueue.execute_ (C:\my_git_repos\1807-july-jta\trackforce\NGTrackForce\node_modules\selenium-webdriver\lib\promise.js:3084:14)
    at TaskQueue.executeNext_ (C:\my_git_repos\1807-july-jta\trackforce\NGTrackForce\node_modules\selenium-webdriver\lib\promise.js:3067:27)
    at asyncRun (C:\my_git_repos\1807-july-jta\trackforce\NGTrackForce\node_modules\selenium-webdriver\lib\promise.js:2927:27)
    at C:\my_git_repos\1807-july-jta\trackforce\NGTrackForce\node_modules\selenium-webdriver\lib\promise.js:668:7
    at <anonymous>
    at process._tickCallback (internal/process/next_tick.js:188:7)Error
    at ElementArrayFinder.applyAction_ (C:\my_git_repos\1807-july-jta\trackforce\NGTrackForce\node_modules\protractor\built\element.js:459:27)
    at ElementArrayFinder.(anonymous function).args [as click] (C:\my_git_repos\1807-july-jta\trackforce\NGTrackForce\node_modules\protractor\built\element.js:91:29)
    at ElementFinder.(anonymous function).args [as click] (C:\my_git_repos\1807-july-jta\trackforce\NGTrackForce\node_modules\protractor\built\element.js:831:22)
    at CreateUserPo.clickDeliveryRadio (C:\my_git_repos\1807-july-jta\trackforce\NGTrackForce\e2e\create-user\create-user.po.ts:170:28)
    at UserContext.<anonymous> (C:\my_git_repos\1807-july-jta\trackforce\NGTrackForce\e2e\create-user\create-user.e2e-spec.ts:63:20)
    at C:\my_git_repos\1807-july-jta\trackforce\NGTrackForce\node_modules\jasminewd2\index.js:112:25
    at new ManagedPromise (C:\my_git_repos\1807-july-jta\trackforce\NGTrackForce\node_modules\selenium-webdriver\lib\promise.js:1077:7)
    at ControlFlow.promise (C:\my_git_repos\1807-july-jta\trackforce\NGTrackForce\node_modules\selenium-webdriver\lib\promise.js:2505:12)
    at schedulerExecute (C:\my_git_repos\1807-july-jta\trackforce\NGTrackForce\node_modules\jasminewd2\index.js:95:18)
    at TaskQueue.execute_ (C:\my_git_repos\1807-july-jta\trackforce\NGTrackForce\node_modules\selenium-webdriver\lib\promise.js:3084:14)
From: Task: Run it("should select delivery radio button") in control flow
    at UserContext.<anonymous> (C:\my_git_repos\1807-july-jta\trackforce\NGTrackForce\node_modules\jasminewd2\index.js:94:19)
    at attempt (C:\my_git_repos\1807-july-jta\trackforce\NGTrackForce\node_modules\jasmine\node_modules\jasmine-core\lib\jasmine-core\jasmine.js:4486:26)
    at QueueRunner.run (C:\my_git_repos\1807-july-jta\trackforce\NGTrackForce\node_modules\jasmine\node_modules\jasmine-core\lib\jasmine-core\jasmine.js:4402:20)
    at QueueRunner.execute (C:\my_git_repos\1807-july-jta\trackforce\NGTrackForce\node_modules\jasmine\node_modules\jasmine-core\lib\jasmine-core\jasmine.js:4384:10)
    at Spec.queueRunnerFactory (C:\my_git_repos\1807-july-jta\trackforce\NGTrackForce\node_modules\jasmine\node_modules\jasmine-core\lib\jasmine-core\jasmine.js:964:35)
    at Spec.execute (C:\my_git_repos\1807-july-jta\trackforce\NGTrackForce\node_modules\jasmine\node_modules\jasmine-core\lib\jasmine-core\jasmine.js:563:10)
    at UserContext.fn (C:\my_git_repos\1807-july-jta\trackforce\NGTrackForce\node_modules\jasmine\node_modules\jasmine-core\lib\jasmine-core\jasmine.js:5541:37)
    at attempt (C:\my_git_repos\1807-july-jta\trackforce\NGTrackForce\node_modules\jasmine\node_modules\jasmine-core\lib\jasmine-core\jasmine.js:4486:26)
    at QueueRunner.run (C:\my_git_repos\1807-july-jta\trackforce\NGTrackForce\node_modules\jasmine\node_modules\jasmine-core\lib\jasmine-core\jasmine.js:4402:20)
    at runNext (C:\my_git_repos\1807-july-jta\trackforce\NGTrackForce\node_modules\jasmine\node_modules\jasmine-core\lib\jasmine-core\jasmine.js:4446:20)
From asynchronous test: 
Error
    at Suite.<anonymous> (C:\my_git_repos\1807-july-jta\trackforce\NGTrackForce\e2e\create-user\create-user.e2e-spec.ts:62:5)
    at addSpecsToSuite (C:\my_git_repos\1807-july-jta\trackforce\NGTrackForce\node_modules\jasmine\node_modules\jasmine-core\lib\jasmine-core\jasmine.js:1181:25)
    at Env.describe (C:\my_git_repos\1807-july-jta\trackforce\NGTrackForce\node_modules\jasmine\node_modules\jasmine-core\lib\jasmine-core\jasmine.js:1145:7)
    at describe (C:\my_git_repos\1807-july-jta\trackforce\NGTrackForce\node_modules\jasmine\node_modules\jasmine-core\lib\jasmine-core\jasmine.js:4593:18)
    at Object.<anonymous> (C:\my_git_repos\1807-july-jta\trackforce\NGTrackForce\e2e\create-user\create-user.e2e-spec.ts:4:1)
    at Module._compile (module.js:652:30)
    at Module.m._compile (C:\my_git_repos\1807-july-jta\trackforce\NGTrackForce\node_modules\ts-node\src\index.ts:422:23)
    at Module._extensions..js (module.js:663:10)
    at Object.require.extensions.(anonymous function) [as .ts] (C:\my_git_repos\1807-july-jta\trackforce\NGTrackForce\node_modules\ts-node\src\index.ts:425:12)]]>
   </failure>
  </testcase>
 </testsuite>
 <testsuite name="When entering valid data into predictions filter it" timestamp="2018-08-30T09:09:22" hostname="localhost" time="1.666" errors="0" tests="5" skipped="0" disabled="0" failures="3">
  <testcase classname="When entering valid data into predictions filter it" name="should navigate to the predictions page" time="1.559">
   <failure type="exception" message="Failed: No element found using locator: By(link text, Predictions)"><![CDATA[NoSuchElementError: No element found using locator: By(link text, Predictions)
    at elementArrayFinder.getWebElements.then (C:\my_git_repos\1807-july-jta\trackforce\NGTrackForce\node_modules\protractor\built\element.js:814:27)
    at ManagedPromise.invokeCallback_ (C:\my_git_repos\1807-july-jta\trackforce\NGTrackForce\node_modules\selenium-webdriver\lib\promise.js:1376:14)
    at TaskQueue.execute_ (C:\my_git_repos\1807-july-jta\trackforce\NGTrackForce\node_modules\selenium-webdriver\lib\promise.js:3084:14)
    at TaskQueue.executeNext_ (C:\my_git_repos\1807-july-jta\trackforce\NGTrackForce\node_modules\selenium-webdriver\lib\promise.js:3067:27)
    at asyncRun (C:\my_git_repos\1807-july-jta\trackforce\NGTrackForce\node_modules\selenium-webdriver\lib\promise.js:2927:27)
    at C:\my_git_repos\1807-july-jta\trackforce\NGTrackForce\node_modules\selenium-webdriver\lib\promise.js:668:7
    at <anonymous>
    at process._tickCallback (internal/process/next_tick.js:188:7)Error
    at ElementArrayFinder.applyAction_ (C:\my_git_repos\1807-july-jta\trackforce\NGTrackForce\node_modules\protractor\built\element.js:459:27)
    at ElementArrayFinder.(anonymous function).args [as click] (C:\my_git_repos\1807-july-jta\trackforce\NGTrackForce\node_modules\protractor\built\element.js:91:29)
    at ElementFinder.(anonymous function).args [as click] (C:\my_git_repos\1807-july-jta\trackforce\NGTrackForce\node_modules\protractor\built\element.js:831:22)
    at Navbar.goToPredictions (C:\my_git_repos\1807-july-jta\trackforce\NGTrackForce\e2e\navbar\navbar.po.ts:41:43)
    at UserContext.<anonymous> (C:\my_git_repos\1807-july-jta\trackforce\NGTrackForce\e2e\predictions\predictions.e2e-spec.ts:26:14)
    at C:\my_git_repos\1807-july-jta\trackforce\NGTrackForce\node_modules\jasminewd2\index.js:112:25
    at new ManagedPromise (C:\my_git_repos\1807-july-jta\trackforce\NGTrackForce\node_modules\selenium-webdriver\lib\promise.js:1077:7)
    at ControlFlow.promise (C:\my_git_repos\1807-july-jta\trackforce\NGTrackForce\node_modules\selenium-webdriver\lib\promise.js:2505:12)
    at schedulerExecute (C:\my_git_repos\1807-july-jta\trackforce\NGTrackForce\node_modules\jasminewd2\index.js:95:18)
    at TaskQueue.execute_ (C:\my_git_repos\1807-july-jta\trackforce\NGTrackForce\node_modules\selenium-webdriver\lib\promise.js:3084:14)
From: Task: Run it("should navigate to the predictions page") in control flow
    at UserContext.<anonymous> (C:\my_git_repos\1807-july-jta\trackforce\NGTrackForce\node_modules\jasminewd2\index.js:94:19)
    at attempt (C:\my_git_repos\1807-july-jta\trackforce\NGTrackForce\node_modules\jasmine\node_modules\jasmine-core\lib\jasmine-core\jasmine.js:4486:26)
    at QueueRunner.run (C:\my_git_repos\1807-july-jta\trackforce\NGTrackForce\node_modules\jasmine\node_modules\jasmine-core\lib\jasmine-core\jasmine.js:4402:20)
    at QueueRunner.execute (C:\my_git_repos\1807-july-jta\trackforce\NGTrackForce\node_modules\jasmine\node_modules\jasmine-core\lib\jasmine-core\jasmine.js:4384:10)
    at Spec.queueRunnerFactory (C:\my_git_repos\1807-july-jta\trackforce\NGTrackForce\node_modules\jasmine\node_modules\jasmine-core\lib\jasmine-core\jasmine.js:964:35)
    at Spec.execute (C:\my_git_repos\1807-july-jta\trackforce\NGTrackForce\node_modules\jasmine\node_modules\jasmine-core\lib\jasmine-core\jasmine.js:563:10)
    at UserContext.fn (C:\my_git_repos\1807-july-jta\trackforce\NGTrackForce\node_modules\jasmine\node_modules\jasmine-core\lib\jasmine-core\jasmine.js:5541:37)
    at attempt (C:\my_git_repos\1807-july-jta\trackforce\NGTrackForce\node_modules\jasmine\node_modules\jasmine-core\lib\jasmine-core\jasmine.js:4486:26)
    at QueueRunner.run (C:\my_git_repos\1807-july-jta\trackforce\NGTrackForce\node_modules\jasmine\node_modules\jasmine-core\lib\jasmine-core\jasmine.js:4402:20)
    at runNext (C:\my_git_repos\1807-july-jta\trackforce\NGTrackForce\node_modules\jasmine\node_modules\jasmine-core\lib\jasmine-core\jasmine.js:4446:20)
From asynchronous test: 
Error
    at Suite.<anonymous> (C:\my_git_repos\1807-july-jta\trackforce\NGTrackForce\e2e\predictions\predictions.e2e-spec.ts:24:5)
    at addSpecsToSuite (C:\my_git_repos\1807-july-jta\trackforce\NGTrackForce\node_modules\jasmine\node_modules\jasmine-core\lib\jasmine-core\jasmine.js:1181:25)
    at Env.describe (C:\my_git_repos\1807-july-jta\trackforce\NGTrackForce\node_modules\jasmine\node_modules\jasmine-core\lib\jasmine-core\jasmine.js:1145:7)
    at describe (C:\my_git_repos\1807-july-jta\trackforce\NGTrackForce\node_modules\jasmine\node_modules\jasmine-core\lib\jasmine-core\jasmine.js:4593:18)
    at Object.<anonymous> (C:\my_git_repos\1807-july-jta\trackforce\NGTrackForce\e2e\predictions\predictions.e2e-spec.ts:9:1)
    at Module._compile (module.js:652:30)
    at Module.m._compile (C:\my_git_repos\1807-july-jta\trackforce\NGTrackForce\node_modules\ts-node\src\index.ts:422:23)
    at Module._extensions..js (module.js:663:10)
    at Object.require.extensions.(anonymous function) [as .ts] (C:\my_git_repos\1807-july-jta\trackforce\NGTrackForce\node_modules\ts-node\src\index.ts:425:12)]]>
   </failure>
  </testcase>
  <testcase classname="When entering valid data into predictions filter it" name="should allow user to input valid data" time="0.059">
   <failure type="exception" message="Failed: No element found using locator: By(css selector, *[name=&quot;startDate&quot;])"><![CDATA[NoSuchElementError: No element found using locator: By(css selector, *[name="startDate"])
    at elementArrayFinder.getWebElements.then (C:\my_git_repos\1807-july-jta\trackforce\NGTrackForce\node_modules\protractor\built\element.js:814:27)
    at ManagedPromise.invokeCallback_ (C:\my_git_repos\1807-july-jta\trackforce\NGTrackForce\node_modules\selenium-webdriver\lib\promise.js:1376:14)
    at TaskQueue.execute_ (C:\my_git_repos\1807-july-jta\trackforce\NGTrackForce\node_modules\selenium-webdriver\lib\promise.js:3084:14)
    at TaskQueue.executeNext_ (C:\my_git_repos\1807-july-jta\trackforce\NGTrackForce\node_modules\selenium-webdriver\lib\promise.js:3067:27)
    at asyncRun (C:\my_git_repos\1807-july-jta\trackforce\NGTrackForce\node_modules\selenium-webdriver\lib\promise.js:2927:27)
    at C:\my_git_repos\1807-july-jta\trackforce\NGTrackForce\node_modules\selenium-webdriver\lib\promise.js:668:7
    at <anonymous>
    at process._tickCallback (internal/process/next_tick.js:188:7)Error
    at ElementArrayFinder.applyAction_ (C:\my_git_repos\1807-july-jta\trackforce\NGTrackForce\node_modules\protractor\built\element.js:459:27)
    at ElementArrayFinder.(anonymous function).args [as sendKeys] (C:\my_git_repos\1807-july-jta\trackforce\NGTrackForce\node_modules\protractor\built\element.js:91:29)
    at ElementFinder.(anonymous function).args [as sendKeys] (C:\my_git_repos\1807-july-jta\trackforce\NGTrackForce\node_modules\protractor\built\element.js:831:22)
    at PredictionsPage.inputStartDate (C:\my_git_repos\1807-july-jta\trackforce\NGTrackForce\e2e\predictions\predictions.po.ts:10:37)
    at UserContext.<anonymous> (C:\my_git_repos\1807-july-jta\trackforce\NGTrackForce\e2e\predictions\predictions.e2e-spec.ts:31:23)
    at C:\my_git_repos\1807-july-jta\trackforce\NGTrackForce\node_modules\jasminewd2\index.js:112:25
    at new ManagedPromise (C:\my_git_repos\1807-july-jta\trackforce\NGTrackForce\node_modules\selenium-webdriver\lib\promise.js:1077:7)
    at ControlFlow.promise (C:\my_git_repos\1807-july-jta\trackforce\NGTrackForce\node_modules\selenium-webdriver\lib\promise.js:2505:12)
[...]
From: Task: Run it("should navigate to the predictions page") in control flow
    at UserContext.<anonymous> (C:\my_git_repos\1807-july-jta\trackforce\NGTrackForce\node_modules\jasminewd2\index.js:94:19)
    at attempt (C:\my_git_repos\1807-july-jta\trackforce\NGTrackForce\node_modules\jasmine\node_modules\jasmine-core\lib\jasmine-core\jasmine.js:4486:26)
    at QueueRunner.run (C:\my_git_repos\1807-july-jta\trackforce\NGTrackForce\node_modules\jasmine\node_modules\jasmine-core\lib\jasmine-core\jasmine.js:4402:20)
    at QueueRunner.execute (C:\my_git_repos\1807-july-jta\trackforce\NGTrackForce\node_modules\jasmine\node_modules\jasmine-core\lib\jasmine-core\jasmine.js:4384:10)
    at Spec.queueRunnerFactory (C:\my_git_repos\1807-july-jta\trackforce\NGTrackForce\node_modules\jasmine\node_modules\jasmine-core\lib\jasmine-core\jasmine.js:964:35)
    at Spec.execute (C:\my_git_repos\1807-july-jta\trackforce\NGTrackForce\node_modules\jasmine\node_modules\jasmine-core\lib\jasmine-core\jasmine.js:563:10)
    at UserContext.fn (C:\my_git_repos\1807-july-jta\trackforce\NGTrackForce\node_modules\jasmine\node_modules\jasmine-core\lib\jasmine-core\jasmine.js:5541:37)
    at attempt (C:\my_git_repos\1807-july-jta\trackforce\NGTrackForce\node_modules\jasmine\node_modules\jasmine-core\lib\jasmine-core\jasmine.js:4486:26)
    at QueueRunner.run (C:\my_git_repos\1807-july-jta\trackforce\NGTrackForce\node_modules\jasmine\node_modules\jasmine-core\lib\jasmine-core\jasmine.js:4402:20)
    at runNext (C:\my_git_repos\1807-july-jta\trackforce\NGTrackForce\node_modules\jasmine\node_modules\jasmine-core\lib\jasmine-core\jasmine.js:4446:20)
From asynchronous test: 
Error
    at Suite.<anonymous> (C:\my_git_repos\1807-july-jta\trackforce\NGTrackForce\e2e\predictions\predictions.e2e-spec.ts:66:5)
    at addSpecsToSuite (C:\my_git_repos\1807-july-jta\trackforce\NGTrackForce\node_modules\jasmine\node_modules\jasmine-core\lib\jasmine-core\jasmine.js:1181:25)
    at Env.describe (C:\my_git_repos\1807-july-jta\trackforce\NGTrackForce\node_modules\jasmine\node_modules\jasmine-core\lib\jasmine-core\jasmine.js:1145:7)
    at describe (C:\my_git_repos\1807-july-jta\trackforce\NGTrackForce\node_modules\jasmine\node_modules\jasmine-core\lib\jasmine-core\jasmine.js:4593:18)
    at Object.<anonymous> (C:\my_git_repos\1807-july-jta\trackforce\NGTrackForce\e2e\predictions\predictions.e2e-spec.ts:52:1)
    at Module._compile (module.js:652:30)
    at Module.m._compile (C:\my_git_repos\1807-july-jta\trackforce\NGTrackForce\node_modules\ts-node\src\index.ts:422:23)
    at Module._extensions..js (module.js:663:10)
    at Object.require.extensions.(anonymous function) [as .ts] (C:\my_git_repos\1807-july-jta\trackforce\NGTrackForce\node_modules\ts-node\src\index.ts:425:12)]]>
   </failure>
  </testcase>
  <testcase classname="When entering valid data using all filters it" name="should allow a user to input valid data and use all filters" time="0.041">
   <failure type="exception" message="Failed: No element found using locator: By(css selector, *[name=&quot;startDate&quot;])"><![CDATA[NoSuchElementError: No element found using locator: By(css selector, *[name="startDate"])
    at elementArrayFinder.getWebElements.then (C:\my_git_repos\1807-july-jta\trackforce\NGTrackForce\node_modules\protractor\built\element.js:814:27)
    at ManagedPromise.invokeCallback_ (C:\my_git_repos\1807-july-jta\trackforce\NGTrackForce\node_modules\selenium-webdriver\lib\promise.js:1376:14)
    at TaskQueue.execute_ (C:\my_git_repos\1807-july-jta\trackforce\NGTrackForce\node_modules\selenium-webdriver\lib\promise.js:3084:14)
    at TaskQueue.executeNext_ (C:\my_git_repos\1807-july-jta\trackforce\NGTrackForce\node_modules\selenium-webdriver\lib\promise.js:3067:27)
    at asyncRun (C:\my_git_repos\1807-july-jta\trackforce\NGTrackForce\node_modules\selenium-webdriver\lib\promise.js:2927:27)
    at C:\my_git_repos\1807-july-jta\trackforce\NGTrackForce\node_modules\selenium-webdriver\lib\promise.js:668:7
    at <anonymous>
    at process._tickCallback (internal/process/next_tick.js:188:7)Error
    at ElementArrayFinder.applyAction_ (C:\my_git_repos\1807-july-jta\trackforce\NGTrackForce\node_modules\protractor\built\element.js:459:27)
    at ElementArrayFinder.(anonymous function).args [as sendKeys] (C:\my_git_repos\1807-july-jta\trackforce\NGTrackForce\node_modules\protractor\built\element.js:91:29)
    at ElementFinder.(anonymous function).args [as sendKeys] (C:\my_git_repos\1807-july-jta\trackforce\NGTrackForce\node_modules\protractor\built\element.js:831:22)
    at PredictionsPage.inputStartDate (C:\my_git_repos\1807-july-jta\trackforce\NGTrackForce\e2e\predictions\predictions.po.ts:10:37)
    at UserContext.<anonymous> (C:\my_git_repos\1807-july-jta\trackforce\NGTrackForce\e2e\predictions\predictions.e2e-spec.ts:73:23)
    at C:\my_git_repos\1807-july-jta\trackforce\NGTrackForce\node_modules\jasminewd2\index.js:112:25
    at new ManagedPromise (C:\my_git_repos\1807-july-jta\trackforce\NGTrackForce\node_modules\selenium-webdriver\lib\promise.js:1077:7)
    at ControlFlow.promise (C:\my_git_repos\1807-july-jta\trackforce\NGTrackForce\node_modules\selenium-webdriver\lib\promise.js:2505:12)
    at schedulerExecute (C:\my_git_repos\1807-july-jta\trackforce\NGTrackForce\node_modules\jasminewd2\index.js:95:18)
    at TaskQueue.execute_ (C:\my_git_repos\1807-july-jta\trackforce\NGTrackForce\node_modules\selenium-webdriver\lib\promise.js:3084:14)
From: Task: Run it("should allow a user to input valid data and use all filters") in control flow
    at UserContext.<anonymous> (C:\my_git_repos\1807-july-jta\trackforce\NGTrackForce\node_modules\jasminewd2\index.js:94:19)
    at attempt (C:\my_git_repos\1807-july-jta\trackforce\NGTrackForce\node_modules\jasmine\node_modules\jasmine-core\lib\jasmine-core\jasmine.js:4486:26)
    at QueueRunner.run (C:\my_git_repos\1807-july-jta\trackforce\NGTrackForce\node_modules\jasmine\node_modules\jasmine-core\lib\jasmine-core\jasmine.js:4402:20)
    at QueueRunner.execute (C:\my_git_repos\1807-july-jta\trackforce\NGTrackForce\node_modules\jasmine\node_modules\jasmine-core\lib\jasmine-core\jasmine.js:4384:10)
    at Spec.queueRunnerFactory (C:\my_git_repos\1807-july-jta\trackforce\NGTrackForce\node_modules\jasmine\node_modules\jasmine-core\lib\jasmine-core\jasmine.js:964:35)
    at Spec.execute (C:\my_git_repos\1807-july-jta\trackforce\NGTrackForce\node_modules\jasmine\node_modules\jasmine-core\lib\jasmine-core\jasmine.js:563:10)
    at UserContext.fn (C:\my_git_repos\1807-july-jta\trackforce\NGTrackForce\node_modules\jasmine\node_modules\jasmine-core\lib\jasmine-core\jasmine.js:5541:37)
    at attempt (C:\my_git_repos\1807-july-jta\trackforce\NGTrackForce\node_modules\jasmine\node_modules\jasmine-core\lib\jasmine-core\jasmine.js:4486:26)
    at QueueRunner.run (C:\my_git_repos\1807-july-jta\trackforce\NGTrackForce\node_modules\jasmine\node_modules\jasmine-core\lib\jasmine-core\jasmine.js:4402:20)
    at runNext (C:\my_git_repos\1807-july-jta\trackforce\NGTrackForce\node_modules\jasmine\node_modules\jasmine-core\lib\jasmine-core\jasmine.js:4446:20)
From asynchronous test: 
Error
    at Suite.<anonymous> (C:\my_git_repos\1807-july-jta\trackforce\NGTrackForce\e2e\predictions\predictions.e2e-spec.ts:72:5)
    at addSpecsToSuite (C:\my_git_repos\1807-july-jta\trackforce\NGTrackForce\node_modules\jasmine\node_modules\jasmine-core\lib\jasmine-core\jasmine.js:1181:25)
    at Env.describe (C:\my_git_repos\1807-july-jta\trackforce\NGTrackForce\node_modules\jasmine\node_modules\jasmine-core\lib\jasmine-core\jasmine.js:1145:7)
    at describe (C:\my_git_repos\1807-july-jta\trackforce\NGTrackForce\node_modules\jasmine\node_modules\jasmine-core\lib\jasmine-core\jasmine.js:4593:18)
    at Object.<anonymous> (C:\my_git_repos\1807-july-jta\trackforce\NGTrackForce\e2e\predictions\predictions.e2e-spec.ts:52:1)
    at Module._compile (module.js:652:30)
    at Module.m._compile (C:\my_git_repos\1807-july-jta\trackforce\NGTrackForce\node_modules\ts-node\src\index.ts:422:23)
    at Module._extensions..js (module.js:663:10)
    at Object.require.extensions.(anonymous function) [as .ts] (C:\my_git_repos\1807-july-jta\trackforce\NGTrackForce\node_modules\ts-node\src\index.ts:425:12)]]>
   </failure>
  </testcase>
  <testcase classname="When entering valid data using all filters it" name="should provide a table with predictions" time="0.003" />
  <testcase classname="When entering valid data using all filters it" name="should provide the same number of rows entered into the filter" time="0.051" />
  <testcase classname="When entering valid data using all filters it" name="should provide details when prediction row is clicked" time="0.003" />
 </testsuite>
 <testsuite name="When I enter a start date that is more current than the end date it" timestamp="2018-08-30T09:09:24" hostname="localhost" time="0.121" errors="0" tests="2" skipped="0" disabled="0" failures="2">
  <testcase classname="When I enter a start date that is more current than the end date it" name="should navigate to the predictions page" time="0.053">
   <failure type="exception" message="Failed: No element found using locator: By(link text, Client List)"><![CDATA[NoSuchElementError: No element found using locator: By(link text, Client List)
    at elementArrayFinder.getWebElements.then (C:\my_git_repos\1807-july-jta\trackforce\NGTrackForce\node_modules\protractor\built\element.js:814:27)
    at ManagedPromise.invokeCallback_ (C:\my_git_repos\1807-july-jta\trackforce\NGTrackForce\node_modules\selenium-webdriver\lib\promise.js:1376:14)
    at TaskQueue.execute_ (C:\my_git_repos\1807-july-jta\trackforce\NGTrackForce\node_modules\selenium-webdriver\lib\promise.js:3084:14)
    at TaskQueue.executeNext_ (C:\my_git_repos\1807-july-jta\trackforce\NGTrackForce\node_modules\selenium-webdriver\lib\promise.js:3067:27)
    at asyncRun (C:\my_git_repos\1807-july-jta\trackforce\NGTrackForce\node_modules\selenium-webdriver\lib\promise.js:2927:27)
    at C:\my_git_repos\1807-july-jta\trackforce\NGTrackForce\node_modules\selenium-webdriver\lib\promise.js:668:7
    at <anonymous>
    at process._tickCallback (internal/process/next_tick.js:188:7)Error
    at ElementArrayFinder.applyAction_ (C:\my_git_repos\1807-july-jta\trackforce\NGTrackForce\node_modules\protractor\built\element.js:459:27)
    at ElementArrayFinder.(anonymous function).args [as click] (C:\my_git_repos\1807-july-jta\trackforce\NGTrackForce\node_modules\protractor\built\element.js:91:29)
    at ElementFinder.(anonymous function).args [as click] (C:\my_git_repos\1807-july-jta\trackforce\NGTrackForce\node_modules\protractor\built\element.js:831:22)
    at Navbar.goToClientList (C:\my_git_repos\1807-july-jta\trackforce\NGTrackForce\e2e\navbar\navbar.po.ts:16:43)
    at UserContext.<anonymous> (C:\my_git_repos\1807-july-jta\trackforce\NGTrackForce\e2e\predictions\predictions.e2e-spec.ts:112:16)
    at C:\my_git_repos\1807-july-jta\trackforce\NGTrackForce\node_modules\jasminewd2\index.js:112:25
    at new ManagedPromise (C:\my_git_repos\1807-july-jta\trackforce\NGTrackForce\node_modules\selenium-webdriver\lib\promise.js:1077:7)
    at ControlFlow.promise (C:\my_git_repos\1807-july-jta\trackforce\NGTrackForce\node_modules\selenium-webdriver\lib\promise.js:2505:12)
    at schedulerExecute (C:\my_git_repos\1807-july-jta\trackforce\NGTrackForce\node_modules\jasminewd2\index.js:95:18)
    at TaskQueue.execute_ (C:\my_git_repos\1807-july-jta\trackforce\NGTrackForce\node_modules\selenium-webdriver\lib\promise.js:3084:14)
From: Task: Run it("should navigate to the predictions page") in control flow
    at UserContext.<anonymous> (C:\my_git_repos\1807-july-jta\trackforce\NGTrackForce\node_modules\jasminewd2\index.js:94:19)
    at attempt (C:\my_git_repos\1807-july-jta\trackforce\NGTrackForce\node_modules\jasmine\node_modules\jasmine-core\lib\jasmine-core\jasmine.js:4486:26)
    at QueueRunner.run (C:\my_git_repos\1807-july-jta\trackforce\NGTrackForce\node_modules\jasmine\node_modules\jasmine-core\lib\jasmine-core\jasmine.js:4402:20)
    at QueueRunner.execute (C:\my_git_repos\1807-july-jta\trackforce\NGTrackForce\node_modules\jasmine\node_modules\jasmine-core\lib\jasmine-core\jasmine.js:4384:10)
    at Spec.queueRunnerFactory (C:\my_git_repos\1807-july-jta\trackforce\NGTrackForce\node_modules\jasmine\node_modules\jasmine-core\lib\jasmine-core\jasmine.js:964:35)
    at Spec.execute (C:\my_git_repos\1807-july-jta\trackforce\NGTrackForce\node_modules\jasmine\node_modules\jasmine-core\lib\jasmine-core\jasmine.js:563:10)
    at UserContext.fn (C:\my_git_repos\1807-july-jta\trackforce\NGTrackForce\node_modules\jasmine\node_modules\jasmine-core\lib\jasmine-core\jasmine.js:5541:37)
    at attempt (C:\my_git_repos\1807-july-jta\trackforce\NGTrackForce\node_modules\jasmine\node_modules\jasmine-core\lib\jasmine-core\jasmine.js:4486:26)
    at QueueRunner.run (C:\my_git_repos\1807-july-jta\trackforce\NGTrackForce\node_modules\jasmine\node_modules\jasmine-core\lib\jasmine-core\jasmine.js:4402:20)
    at runNext (C:\my_git_repos\1807-july-jta\trackforce\NGTrackForce\node_modules\jasmine\node_modules\jasmine-core\lib\jasmine-core\jasmine.js:4446:20)
From asynchronous test: 
Error
    at Suite.<anonymous> (C:\my_git_repos\1807-july-jta\trackforce\NGTrackForce\e2e\predictions\predictions.e2e-spec.ts:111:5)
    at addSpecsToSuite (C:\my_git_repos\1807-july-jta\trackforce\NGTrackForce\node_modules\jasmine\node_modules\jasmine-core\lib\jasmine-core\jasmine.js:1181:25)
    at Env.describe (C:\my_git_repos\1807-july-jta\trackforce\NGTrackForce\node_modules\jasmine\node_modules\jasmine-core\lib\jasmine-core\jasmine.js:1145:7)
    at describe (C:\my_git_repos\1807-july-jta\trackforce\NGTrackForce\node_modules\jasmine\node_modules\jasmine-core\lib\jasmine-core\jasmine.js:4593:18)
    at Object.<anonymous> (C:\my_git_repos\1807-july-jta\trackforce\NGTrackForce\e2e\predictions\predictions.e2e-spec.ts:98:1)
    at Module._compile (module.js:652:30)
    at Module.m._compile (C:\my_git_repos\1807-july-jta\trackforce\NGTrackForce\node_modules\ts-node\src\index.ts:422:23)
    at Module._extensions..js (module.js:663:10)
    at Object.require.extensions.(anonymous function) [as .ts] (C:\my_git_repos\1807-july-jta\trackforce\NGTrackForce\node_modules\ts-node\src\index.ts:425:12)]]>
   </failure>
  </testcase>
  <testcase classname="When I enter a start date that is more current than the end date it" name="should allow user to input a start date that is more current than the end date" time="0.067">
   <failure type="exception" message="Failed: No element found using locator: By(css selector, *[name=&quot;startDate&quot;])"><![CDATA[NoSuchElementError: No element found using locator: By(css selector, *[name="startDate"])
    at elementArrayFinder.getWebElements.then (C:\my_git_repos\1807-july-jta\trackforce\NGTrackForce\node_modules\protractor\built\element.js:814:27)
    at ManagedPromise.invokeCallback_ (C:\my_git_repos\1807-july-jta\trackforce\NGTrackForce\node_modules\selenium-webdriver\lib\promise.js:1376:14)
    at TaskQueue.execute_ (C:\my_git_repos\1807-july-jta\trackforce\NGTrackForce\node_modules\selenium-webdriver\lib\promise.js:3084:14)
    at TaskQueue.executeNext_ (C:\my_git_repos\1807-july-jta\trackforce\NGTrackForce\node_modules\selenium-webdriver\lib\promise.js:3067:27)
    at asyncRun (C:\my_git_repos\1807-july-jta\trackforce\NGTrackForce\node_modules\selenium-webdriver\lib\promise.js:2927:27)
    at C:\my_git_repos\1807-july-jta\trackforce\NGTrackForce\node_modules\selenium-webdriver\lib\promise.js:668:7
    at <anonymous>
    at process._tickCallback (internal/process/next_tick.js:188:7)Error
    at ElementArrayFinder.applyAction_ (C:\my_git_repos\1807-july-jta\trackforce\NGTrackForce\node_modules\protractor\built\element.js:459:27)
    at ElementArrayFinder.(anonymous function).args [as sendKeys] (C:\my_git_repos\1807-july-jta\trackforce\NGTrackForce\node_modules\protractor\built\element.js:91:29)
    at ElementFinder.(anonymous function).args [as sendKeys] (C:\my_git_repos\1807-july-jta\trackforce\NGTrackForce\node_modules\protractor\built\element.js:831:22)
    at PredictionsPage.inputStartDate (C:\my_git_repos\1807-july-jta\trackforce\NGTrackForce\e2e\predictions\predictions.po.ts:10:37)
    at UserContext.<anonymous> (C:\my_git_repos\1807-july-jta\trackforce\NGTrackForce\e2e\predictions\predictions.e2e-spec.ts:118:25)
    at C:\my_git_repos\1807-july-jta\trackforce\NGTrackForce\node_modules\jasminewd2\index.js:112:25
    at new ManagedPromise (C:\my_git_repos\1807-july-jta\trackforce\NGTrackForce\node_modules\selenium-webdriver\lib\promise.js:1077:7)
    at ControlFlow.promise (C:\my_git_repos\1807-july-jta\trackforce\NGTrackForce\node_modules\selenium-webdriver\lib\promise.js:2505:12)
    at schedulerExecute (C:\my_git_repos\1807-july-jta\trackforce\NGTrackForce\node_modules\jasminewd2\index.js:95:18)
    at TaskQueue.execute_ (C:\my_git_repos\1807-july-jta\trackforce\NGTrackForce\node_modules\selenium-webdriver\lib\promise.js:3084:14)
From: Task: Run it("should allow user to input a start date that is more current than the end date") in control flow
    at UserContext.<anonymous> (C:\my_git_repos\1807-july-jta\trackforce\NGTrackForce\node_modules\jasminewd2\index.js:94:19)
    at attempt (C:\my_git_repos\1807-july-jta\trackforce\NGTrackForce\node_modules\jasmine\node_modules\jasmine-core\lib\jasmine-core\jasmine.js:4486:26)
    at QueueRunner.run (C:\my_git_repos\1807-july-jta\trackforce\NGTrackForce\node_modules\jasmine\node_modules\jasmine-core\lib\jasmine-core\jasmine.js:4402:20)
    at QueueRunner.execute (C:\my_git_repos\1807-july-jta\trackforce\NGTrackForce\node_modules\jasmine\node_modules\jasmine-core\lib\jasmine-core\jasmine.js:4384:10)
    at Spec.queueRunnerFactory (C:\my_git_repos\1807-july-jta\trackforce\NGTrackForce\node_modules\jasmine\node_modules\jasmine-core\lib\jasmine-core\jasmine.js:964:35)
    at Spec.execute (C:\my_git_repos\1807-july-jta\trackforce\NGTrackForce\node_modules\jasmine\node_modules\jasmine-core\lib\jasmine-core\jasmine.js:563:10)
    at UserContext.fn (C:\my_git_repos\1807-july-jta\trackforce\NGTrackForce\node_modules\jasmine\node_modules\jasmine-core\lib\jasmine-core\jasmine.js:5541:37)
    at attempt (C:\my_git_repos\1807-july-jta\trackforce\NGTrackForce\node_modules\jasmine\node_modules\jasmine-core\lib\jasmine-core\jasmine.js:4486:26)
    at QueueRunner.run (C:\my_git_repos\1807-july-jta\trackforce\NGTrackForce\node_modules\jasmine\node_modules\jasmine-core\lib\jasmine-core\jasmine.js:4402:20)
    at runNext (C:\my_git_repos\1807-july-jta\trackforce\NGTrackForce\node_modules\jasmine\node_modules\jasmine-core\lib\jasmine-core\jasmine.js:4446:20)
From asynchronous test: 
Error
    at Suite.<anonymous> (C:\my_git_repos\1807-july-jta\trackforce\NGTrackForce\e2e\predictions\predictions.e2e-spec.ts:117:5)
    at addSpecsToSuite (C:\my_git_repos\1807-july-jta\trackforce\NGTrackForce\node_modules\jasmine\node_modules\jasmine-core\lib\jasmine-core\jasmine.js:1181:25)
    at Env.describe (C:\my_git_repos\1807-july-jta\trackforce\NGTrackForce\node_modules\jasmine\node_modules\jasmine-core\lib\jasmine-core\jasmine.js:1145:7)
    at describe (C:\my_git_repos\1807-july-jta\trackforce\NGTrackForce\node_modules\jasmine\node_modules\jasmine-core\lib\jasmine-core\jasmine.js:4593:18)
    at Object.<anonymous> (C:\my_git_repos\1807-july-jta\trackforce\NGTrackForce\e2e\predictions\predictions.e2e-spec.ts:98:1)
    at Module._compile (module.js:652:30)
    at Module.m._compile (C:\my_git_repos\1807-july-jta\trackforce\NGTrackForce\node_modules\ts-node\src\index.ts:422:23)
    at Module._extensions..js (module.js:663:10)
    at Object.require.extensions.(anonymous function) [as .ts] (C:\my_git_repos\1807-july-jta\trackforce\NGTrackForce\node_modules\ts-node\src\index.ts:425:12)]]>
   </failure>
  </testcase>
 </testsuite>
</testsuites>