<?xml version="1.0" encoding="UTF-8" ?>
<testsuites disabled="0" errors="0" failures="0" tests="4" time="16.121">
 <testsuite name="test assocation pagenation functionality" timestamp="2018-11-07T02:18:00" hostname="localhost" time="16.121" errors="0" tests="4" skipped="0" disabled="0" failures="0">
  <testcase classname="test assocation pagenation functionality" name="should log in" time="3.612" />
  <testcase classname="test assocation pagenation functionality" name="Go to associate list tab" time="8.251" />
  <testcase classname="test assocation pagenation functionality" name="Should load 60 or less associates." time="0.03" />
  <testcase classname="test assocation pagenation functionality" name="Should load more associate if page scrolls down and theres more than 60." time="4.225" />
 </testsuite>
</testsuites>