<?xml version="1.0" encoding="UTF-8" ?>
<testsuites disabled="3" errors="0" failures="5" tests="117" time="228.472">
 <testsuite name="A new user should able to register" timestamp="2018-09-11T14:19:49" hostname="localhost" time="19.255" errors="0" tests="9" skipped="0" disabled="0" failures="1">
  <testcase classname="A new user should able to register" name="should navigate to the login page" time="3.837" />
  <testcase classname="A new user should able to register" name="allow user to click the register button" time="0.09" />
  <testcase classname="A new user should able to register" name="allow associate to enter a username" time="0.126" />
  <testcase classname="A new user should able to register" name="allow associate to enter a valid password" time="0.104" />
  <testcase classname="A new user should able to register" name="allow associate to re-enter a valid password" time="0.107" />
  <testcase classname="A new user should able to register" name="should allow associate to enter first name" time="0.089" />
  <testcase classname="A new user should able to register" name="should allow associate to enter last name" time="0.077" />
  <testcase classname="A new user should able to register" name="show allow associate to pick a role" time="0.076" />
  <testcase classname="A new user should able to register" name="should allow the user to register as an associate" time="14.423">
   <failure type="toContain" message="Expected &apos;Error: New Associate is not created!&apos; to contain &apos;Associate account creation successful.&apos;."><![CDATA[Error: Failed expectation
    at UserContext.<anonymous> (/Users/jacobgolding/Desktop/project_3/trackforce/NGTrackForce/e2e/register-associate/register-associate.e2e-spec.ts:69:63)
    at /usr/local/lib/node_modules/protractor/node_modules/jasminewd2/index.js:112:25
    at new ManagedPromise (/usr/local/lib/node_modules/protractor/node_modules/selenium-webdriver/lib/promise.js:1077:7)
    at ControlFlow.promise (/usr/local/lib/node_modules/protractor/node_modules/selenium-webdriver/lib/promise.js:2505:12)
    at schedulerExecute (/usr/local/lib/node_modules/protractor/node_modules/jasminewd2/index.js:95:18)
    at TaskQueue.execute_ (/usr/local/lib/node_modules/protractor/node_modules/selenium-webdriver/lib/promise.js:3084:14)
    at TaskQueue.executeNext_ (/usr/local/lib/node_modules/protractor/node_modules/selenium-webdriver/lib/promise.js:3067:27)
    at asyncRun (/usr/local/lib/node_modules/protractor/node_modules/selenium-webdriver/lib/promise.js:2974:25)
    at /usr/local/lib/node_modules/protractor/node_modules/selenium-webdriver/lib/promise.js:668:7]]>
   </failure>
  </testcase>
 </testsuite>
 <testsuite name="A new user should not be able to register with a short username" timestamp="2018-09-11T14:20:08" hostname="localhost" time="1.027" errors="0" tests="2" skipped="0" disabled="0" failures="0">
  <testcase classname="A new user should not be able to register with a short username" name="allow associate to enter an invalid username" time="0.075" />
  <testcase classname="A new user should not be able to register with a short username" name="should not allow the user to register with an invalid username" time="0.113" />
 </testsuite>
 <testsuite name="A new user should not be able to register with a weak password" timestamp="2018-09-11T14:20:09" hostname="localhost" time="1.091" errors="0" tests="3" skipped="0" disabled="0" failures="0">
  <testcase classname="A new user should not be able to register with a weak password" name="allow associate to enter an invalid password" time="0.115" />
  <testcase classname="A new user should not be able to register with a weak password" name="allow associate to re-enter an invalid password" time="0.087" />
  <testcase classname="A new user should not be able to register with a weak password" name="should not allow the user to register with an invalid password" time="0.11" />
 </testsuite>
 <testsuite name="A new user should not be able to register with a mismatched paswords" timestamp="2018-09-11T14:20:10" hostname="localhost" time="1.07" errors="0" tests="2" skipped="0" disabled="0" failures="0">
  <testcase classname="A new user should not be able to register with a mismatched paswords" name="allow associate to enter an different password" time="0.087" />
  <testcase classname="A new user should not be able to register with a mismatched paswords" name="should not allow the user to register with an invalid username" time="0.089" />
 </testsuite>
 <testsuite name="A new user should not be able to register with a mismatched paswords" timestamp="2018-09-11T14:20:11" hostname="localhost" time="1.013" errors="0" tests="1" skipped="0" disabled="0" failures="0">
  <testcase classname="A new user should not be able to register with a mismatched paswords" name="should not allow the user to register without selecting a role " time="0.097" />
 </testsuite>
 <testsuite name="login page element existences" timestamp="2018-09-11T14:20:12" hostname="localhost" time="0.338" errors="0" tests="6" skipped="0" disabled="0" failures="0">
  <testcase classname="login page element existences" name="should have a username input box" time="0.002" />
  <testcase classname="login page element existences" name="should have a password input box" time="0.001" />
  <testcase classname="login page element existences" name="should have a login button" time="0.001" />
  <testcase classname="login page element existences" name="should display proper placeholder: Username" time="0.027" />
  <testcase classname="login page element existences" name="should display proper placeholder: Password" time="0.027" />
  <testcase classname="login page element existences" name="should display proper value for button" time="0.062" />
 </testsuite>
 <testsuite name="Confirm login failures" timestamp="2018-09-11T14:20:13" hostname="localhost" time="0.646" errors="0" tests="2" skipped="0" disabled="0" failures="1">
  <testcase classname="Confirm login failures" name="should fail to log in when nothing is entered" time="0.101" />
  <testcase classname="Confirm login failures" name="should fail to login when incorrect credentials are entered" time="0.316">
   <failure type="toContain" message="Expected &apos;The login service could not be reached&apos; to contain &apos;Invalid username and/or password&apos;."><![CDATA[Error: Failed expectation
    at UserContext.<anonymous> (/Users/jacobgolding/Desktop/project_3/trackforce/NGTrackForce/e2e/login/login.e2e-spec.ts:70:43)
    at /usr/local/lib/node_modules/protractor/node_modules/jasminewd2/index.js:112:25
    at new ManagedPromise (/usr/local/lib/node_modules/protractor/node_modules/selenium-webdriver/lib/promise.js:1077:7)
    at ControlFlow.promise (/usr/local/lib/node_modules/protractor/node_modules/selenium-webdriver/lib/promise.js:2505:12)
    at schedulerExecute (/usr/local/lib/node_modules/protractor/node_modules/jasminewd2/index.js:95:18)
    at TaskQueue.execute_ (/usr/local/lib/node_modules/protractor/node_modules/selenium-webdriver/lib/promise.js:3084:14)
    at TaskQueue.executeNext_ (/usr/local/lib/node_modules/protractor/node_modules/selenium-webdriver/lib/promise.js:3067:27)
    at asyncRun (/usr/local/lib/node_modules/protractor/node_modules/selenium-webdriver/lib/promise.js:2974:25)
    at /usr/local/lib/node_modules/protractor/node_modules/selenium-webdriver/lib/promise.js:668:7]]>
   </failure>
  </testcase>
 </testsuite>
 <testsuite name="Login in  with proper credentials" timestamp="2018-09-11T14:20:13" hostname="localhost" time="8.974" errors="0" tests="5" skipped="1" disabled="0" failures="1">
  <testcase classname="Login in  with proper credentials" name="should be able to login in with admin credentials and reach the admin page" time="1.77" />
  <testcase classname="Login in  with proper credentials" name="should be able to login in with associate credentials and reach the associate page" time="0">
   <skipped message="Temporarily disabled with xit" />
  </testcase>
  <testcase classname="Login in  with proper credentials" name="should be able to login in with Manager credentials and reach the Admin page" time="1.45" />
  <testcase classname="Login in  with proper credentials" name="should be able to login in with Trainer credentials and reach the Trainer page" time="4.086">
   <failure type="toEqual" message="Expected &apos;http://34.227.178.103:8090/NGTrackForce/#/login&apos; to equal &apos;http://34.227.178.103:8090/NGTrackForce/#/trainer-view&apos;."><![CDATA[Error: Failed expectation
    at UserContext.<anonymous> (/Users/jacobgolding/Desktop/project_3/trackforce/NGTrackForce/e2e/login/login.e2e-spec.ts:106:34)
    at /usr/local/lib/node_modules/protractor/node_modules/jasminewd2/index.js:112:25
    at new ManagedPromise (/usr/local/lib/node_modules/protractor/node_modules/selenium-webdriver/lib/promise.js:1077:7)
    at ControlFlow.promise (/usr/local/lib/node_modules/protractor/node_modules/selenium-webdriver/lib/promise.js:2505:12)
    at schedulerExecute (/usr/local/lib/node_modules/protractor/node_modules/jasminewd2/index.js:95:18)
    at TaskQueue.execute_ (/usr/local/lib/node_modules/protractor/node_modules/selenium-webdriver/lib/promise.js:3084:14)
    at TaskQueue.executeNext_ (/usr/local/lib/node_modules/protractor/node_modules/selenium-webdriver/lib/promise.js:3067:27)
    at asyncRun (/usr/local/lib/node_modules/protractor/node_modules/selenium-webdriver/lib/promise.js:2974:25)
    at /usr/local/lib/node_modules/protractor/node_modules/selenium-webdriver/lib/promise.js:668:7]]>
   </failure>
  </testcase>
  <testcase classname="Login in  with proper credentials" name="should be able to login in with Sales Team credentials and reach the Admin page" time="1.449" />
 </testsuite>
 <testsuite name="The admin navbar is functional" timestamp="2018-09-11T14:20:22" hostname="localhost" time="48.031" errors="0" tests="8" skipped="0" disabled="0" failures="0">
  <testcase classname="The admin navbar is functional" name="should navigate to home page" time="0.429" />
  <testcase classname="The admin navbar is functional" name="should navigate to client list page" time="4.229" />
  <testcase classname="The admin navbar is functional" name="should navigate to batch list page" time="11.403" />
  <testcase classname="The admin navbar is functional" name="should navigate to associate lising" time="13.901" />
  <testcase classname="The admin navbar is functional" name="should navigate to predictions" time="17.3" />
  <testcase classname="The admin navbar is functional" name="should navigate to create user" time="0.106" />
  <testcase classname="The admin navbar is functional" name="should navigate to salesforce" time="0.085" />
  <testcase classname="The admin navbar is functional" name="should be able to logout" time="0.226" />
 </testsuite>
 <testsuite name="The Asscoiate navbar is functional" timestamp="2018-09-11T14:21:10" hostname="localhost" time="0.001" errors="0" tests="3" skipped="0" disabled="3" failures="0">
  <testcase classname="The Asscoiate navbar is functional" name="should navigate to home page" time="0">
   <skipped />
  </testcase>
  <testcase classname="The Asscoiate navbar is functional" name="should navigate to My Interviews" time="0">
   <skipped />
  </testcase>
  <testcase classname="The Asscoiate navbar is functional" name="should be able to logout" time="0.001">
   <skipped />
  </testcase>
 </testsuite>
 <testsuite name="The Staging Manager navbar is functional" timestamp="2018-09-11T14:21:10" hostname="localhost" time="51.268" errors="0" tests="7" skipped="0" disabled="0" failures="0">
  <testcase classname="The Staging Manager navbar is functional" name="should navigate to home page" time="0.606" />
  <testcase classname="The Staging Manager navbar is functional" name="should navigate to client list page" time="8.111" />
  <testcase classname="The Staging Manager navbar is functional" name="should navigate to batch list page" time="14.177" />
  <testcase classname="The Staging Manager navbar is functional" name="should navigate to associate lising" time="15.808" />
  <testcase classname="The Staging Manager navbar is functional" name="should navigate to predictions" time="11.854" />
  <testcase classname="The Staging Manager navbar is functional" name="should navigate to create user" time="0.102" />
  <testcase classname="The Staging Manager navbar is functional" name="should be able to logout" time="0.137" />
 </testsuite>
 <testsuite name="The Trainer navbar is functional" timestamp="2018-09-11T14:22:02" hostname="localhost" time="15.614" errors="0" tests="4" skipped="0" disabled="0" failures="1">
  <testcase classname="The Trainer navbar is functional" name="should navigate to home page" time="0.147">
   <failure type="exception" message="Failed: No element found using locator: By(css selector, *[id=&quot;home&quot;])"><![CDATA[NoSuchElementError: No element found using locator: By(css selector, *[id="home"])
    at elementArrayFinder.getWebElements.then (/usr/local/lib/node_modules/protractor/built/element.js:814:27)
    at ManagedPromise.invokeCallback_ (/usr/local/lib/node_modules/protractor/node_modules/selenium-webdriver/lib/promise.js:1376:14)
    at TaskQueue.execute_ (/usr/local/lib/node_modules/protractor/node_modules/selenium-webdriver/lib/promise.js:3084:14)
    at TaskQueue.executeNext_ (/usr/local/lib/node_modules/protractor/node_modules/selenium-webdriver/lib/promise.js:3067:27)
    at asyncRun (/usr/local/lib/node_modules/protractor/node_modules/selenium-webdriver/lib/promise.js:2927:27)
    at /usr/local/lib/node_modules/protractor/node_modules/selenium-webdriver/lib/promise.js:668:7
    at process._tickCallback (internal/process/next_tick.js:68:7)Error
    at ElementArrayFinder.applyAction_ (/usr/local/lib/node_modules/protractor/built/element.js:459:27)
    at ElementArrayFinder.(anonymous function).args [as click] (/usr/local/lib/node_modules/protractor/built/element.js:91:29)
    at ElementFinder.(anonymous function).args [as click] (/usr/local/lib/node_modules/protractor/built/element.js:831:22)
    at Navbar.goToTrainerHome (/Users/jacobgolding/Desktop/project_3/trackforce/NGTrackForce/e2e/navbar/navbar.po.ts:17:30)
    at UserContext.<anonymous> (/Users/jacobgolding/Desktop/project_3/trackforce/NGTrackForce/e2e/navbar/navbar.e2e-spec.ts:157:16)
    at /usr/local/lib/node_modules/protractor/node_modules/jasminewd2/index.js:112:25
    at new ManagedPromise (/usr/local/lib/node_modules/protractor/node_modules/selenium-webdriver/lib/promise.js:1077:7)
    at ControlFlow.promise (/usr/local/lib/node_modules/protractor/node_modules/selenium-webdriver/lib/promise.js:2505:12)
    at schedulerExecute (/usr/local/lib/node_modules/protractor/node_modules/jasminewd2/index.js:95:18)
    at TaskQueue.execute_ (/usr/local/lib/node_modules/protractor/node_modules/selenium-webdriver/lib/promise.js:3084:14)
From: Task: Run it("should navigate to home page") in control flow
    at UserContext.<anonymous> (/usr/local/lib/node_modules/protractor/node_modules/jasminewd2/index.js:94:19)
    at attempt (/usr/local/lib/node_modules/protractor/node_modules/jasmine-core/lib/jasmine-core/jasmine.js:4297:26)
    at QueueRunner.run (/usr/local/lib/node_modules/protractor/node_modules/jasmine-core/lib/jasmine-core/jasmine.js:4217:20)
    at QueueRunner.execute (/usr/local/lib/node_modules/protractor/node_modules/jasmine-core/lib/jasmine-core/jasmine.js:4199:10)
    at Spec.queueRunnerFactory (/usr/local/lib/node_modules/protractor/node_modules/jasmine-core/lib/jasmine-core/jasmine.js:909:35)
    at Spec.execute (/usr/local/lib/node_modules/protractor/node_modules/jasmine-core/lib/jasmine-core/jasmine.js:526:10)
    at UserContext.fn (/usr/local/lib/node_modules/protractor/node_modules/jasmine-core/lib/jasmine-core/jasmine.js:5340:37)
    at attempt (/usr/local/lib/node_modules/protractor/node_modules/jasmine-core/lib/jasmine-core/jasmine.js:4297:26)
    at QueueRunner.run (/usr/local/lib/node_modules/protractor/node_modules/jasmine-core/lib/jasmine-core/jasmine.js:4217:20)
    at runNext (/usr/local/lib/node_modules/protractor/node_modules/jasmine-core/lib/jasmine-core/jasmine.js:4257:20)
From asynchronous test: 
Error
    at Suite.<anonymous> (/Users/jacobgolding/Desktop/project_3/trackforce/NGTrackForce/e2e/navbar/navbar.e2e-spec.ts:156:5)
    at addSpecsToSuite (/usr/local/lib/node_modules/protractor/node_modules/jasmine-core/lib/jasmine-core/jasmine.js:1107:25)
    at Env.describe (/usr/local/lib/node_modules/protractor/node_modules/jasmine-core/lib/jasmine-core/jasmine.js:1074:7)
    at describe (/usr/local/lib/node_modules/protractor/node_modules/jasmine-core/lib/jasmine-core/jasmine.js:4399:18)
    at Object.<anonymous> (/Users/jacobgolding/Desktop/project_3/trackforce/NGTrackForce/e2e/navbar/navbar.e2e-spec.ts:145:1)
    at Module._compile (internal/modules/cjs/loader.js:689:30)
    at Module.m._compile (/Users/jacobgolding/Desktop/project_3/trackforce/NGTrackForce/node_modules/ts-node/src/index.ts:422:23)
    at Module._extensions..js (internal/modules/cjs/loader.js:700:10)
    at Object.require.extensions.(anonymous function) [as .ts] (/Users/jacobgolding/Desktop/project_3/trackforce/NGTrackForce/node_modules/ts-node/src/index.ts:425:12)]]>
   </failure>
  </testcase>
  <testcase classname="The Trainer navbar is functional" name="should navigate to batch list page" time="2.67" />
  <testcase classname="The Trainer navbar is functional" name="should navigate to associate lising" time="11.987" />
  <testcase classname="The Trainer navbar is functional" name="should be able to logout" time="0.274" />
 </testsuite>
 <testsuite name="The Delivery/Sales navbar is functional" timestamp="2018-09-11T14:22:17" hostname="localhost" time="23.323" errors="0" tests="7" skipped="0" disabled="0" failures="0">
  <testcase classname="The Delivery/Sales navbar is functional" name="should navigate to home page" time="0.372" />
  <testcase classname="The Delivery/Sales navbar is functional" name="should navigate to client list page" time="2.453" />
  <testcase classname="The Delivery/Sales navbar is functional" name="should navigate to batch list page" time="5.331" />
  <testcase classname="The Delivery/Sales navbar is functional" name="should navigate to associate lising" time="7.89" />
  <testcase classname="The Delivery/Sales navbar is functional" name="should navigate to predictions" time="6.505" />
  <testcase classname="The Delivery/Sales navbar is functional" name="should navigate to create user" time="0.099" />
  <testcase classname="The Delivery/Sales navbar is functional" name="should be able to logout" time="0.152" />
 </testsuite>
 <testsuite name="The create-user page " timestamp="2018-09-11T14:22:41" hostname="localhost" time="1.602" errors="0" tests="8" skipped="0" disabled="0" failures="0">
  <testcase classname="The create-user page " name="should accept username input" time="0.075" />
  <testcase classname="The create-user page " name="should accept password input" time="0.098" />
  <testcase classname="The create-user page " name="should accept password confirmation input" time="0.104" />
  <testcase classname="The create-user page " name="should select admin radio button" time="0.082" />
  <testcase classname="The create-user page " name="should select trainer radio button" time="0.095" />
  <testcase classname="The create-user page " name="should select associate radio button" time="0.113" />
  <testcase classname="The create-user page " name="should select staging manager radio button" time="0.145" />
  <testcase classname="The create-user page " name="should select delivery radio button" time="0.126" />
 </testsuite>
 <testsuite name="An Admin" timestamp="2018-09-11T14:22:42" hostname="localhost" time="8.125" errors="0" tests="5" skipped="4" disabled="0" failures="0">
  <testcase classname="An Admin" name="should be able to create an admin" time="0">
   <skipped message="Temporarily disabled with xit" />
  </testcase>
  <testcase classname="An Admin" name="should be able to create a trainer" time="7.583" />
  <testcase classname="An Admin" name="should be able to create a associate" time="0">
   <skipped message="Temporarily disabled with xit" />
  </testcase>
  <testcase classname="An Admin" name="should be able to create a staging manager" time="0">
   <skipped message="Temporarily disabled with xit" />
  </testcase>
  <testcase classname="An Admin" name="should be able to create a delivery " time="0">
   <skipped message="Temporarily disabled with xit" />
  </testcase>
 </testsuite>
 <testsuite name="A Staging Manager" timestamp="2018-09-11T14:22:50" hostname="localhost" time="7.365" errors="0" tests="4" skipped="3" disabled="0" failures="0">
  <testcase classname="A Staging Manager" name="should be able to create a trainer" time="6.713" />
  <testcase classname="A Staging Manager" name="should be able to create a associate" time="0">
   <skipped message="Temporarily disabled with xit" />
  </testcase>
  <testcase classname="A Staging Manager" name="should be able to create a staging manager" time="0.002">
   <skipped message="Temporarily disabled with xit" />
  </testcase>
  <testcase classname="A Staging Manager" name="should be able to create a delivery " time="0">
   <skipped message="Temporarily disabled with xit" />
  </testcase>
 </testsuite>
 <testsuite name="A Staging Manager" timestamp="2018-09-11T14:22:58" hostname="localhost" time="1.35" errors="0" tests="4" skipped="3" disabled="0" failures="1">
  <testcase classname="A Staging Manager" name="should be able to create a trainer" time="0.746">
   <failure type="exception" message="Failed: No element found using locator: By(css selector, body &gt; app-component &gt; div &gt; app-create-user &gt; form &gt; fieldset:nth-child(2) &gt; div)"><![CDATA[NoSuchElementError: No element found using locator: By(css selector, body > app-component > div > app-create-user > form > fieldset:nth-child(2) > div)
    at elementArrayFinder.getWebElements.then (/usr/local/lib/node_modules/protractor/built/element.js:814:27)
    at ManagedPromise.invokeCallback_ (/usr/local/lib/node_modules/protractor/node_modules/selenium-webdriver/lib/promise.js:1376:14)
    at TaskQueue.execute_ (/usr/local/lib/node_modules/protractor/node_modules/selenium-webdriver/lib/promise.js:3084:14)
    at TaskQueue.executeNext_ (/usr/local/lib/node_modules/protractor/node_modules/selenium-webdriver/lib/promise.js:3067:27)
    at asyncRun (/usr/local/lib/node_modules/protractor/node_modules/selenium-webdriver/lib/promise.js:2927:27)
    at /usr/local/lib/node_modules/protractor/node_modules/selenium-webdriver/lib/promise.js:668:7
    at process._tickCallback (internal/process/next_tick.js:68:7)Error
    at ElementArrayFinder.applyAction_ (/usr/local/lib/node_modules/protractor/built/element.js:459:27)
    at ElementArrayFinder.(anonymous function).args [as getText] (/usr/local/lib/node_modules/protractor/built/element.js:91:29)
    at ElementFinder.(anonymous function).args [as getText] (/usr/local/lib/node_modules/protractor/built/element.js:831:22)
    at UserContext.<anonymous> (/Users/jacobgolding/Desktop/project_3/trackforce/NGTrackForce/e2e/create-user/create-user.e2e-spec.ts:203:38)
    at /usr/local/lib/node_modules/protractor/node_modules/jasminewd2/index.js:112:25
    at new ManagedPromise (/usr/local/lib/node_modules/protractor/node_modules/selenium-webdriver/lib/promise.js:1077:7)
    at ControlFlow.promise (/usr/local/lib/node_modules/protractor/node_modules/selenium-webdriver/lib/promise.js:2505:12)
    at schedulerExecute (/usr/local/lib/node_modules/protractor/node_modules/jasminewd2/index.js:95:18)
    at TaskQueue.execute_ (/usr/local/lib/node_modules/protractor/node_modules/selenium-webdriver/lib/promise.js:3084:14)
    at TaskQueue.executeNext_ (/usr/local/lib/node_modules/protractor/node_modules/selenium-webdriver/lib/promise.js:3067:27)
From: Task: Run it("should be able to create a trainer") in control flow
    at UserContext.<anonymous> (/usr/local/lib/node_modules/protractor/node_modules/jasminewd2/index.js:94:19)
    at attempt (/usr/local/lib/node_modules/protractor/node_modules/jasmine-core/lib/jasmine-core/jasmine.js:4297:26)
    at QueueRunner.run (/usr/local/lib/node_modules/protractor/node_modules/jasmine-core/lib/jasmine-core/jasmine.js:4217:20)
    at runNext (/usr/local/lib/node_modules/protractor/node_modules/jasmine-core/lib/jasmine-core/jasmine.js:4257:20)
    at /usr/local/lib/node_modules/protractor/node_modules/jasmine-core/lib/jasmine-core/jasmine.js:4264:13
    at /usr/local/lib/node_modules/protractor/node_modules/jasmine-core/lib/jasmine-core/jasmine.js:4172:9
    at /usr/local/lib/node_modules/protractor/node_modules/jasminewd2/index.js:64:48
    at ControlFlow.emit (/usr/local/lib/node_modules/protractor/node_modules/selenium-webdriver/lib/events.js:62:21)
    at ControlFlow.shutdown_ (/usr/local/lib/node_modules/protractor/node_modules/selenium-webdriver/lib/promise.js:2674:10)
    at shutdownTask_.MicroTask (/usr/local/lib/node_modules/protractor/node_modules/selenium-webdriver/lib/promise.js:2599:53)
From asynchronous test: 
Error
    at Suite.<anonymous> (/Users/jacobgolding/Desktop/project_3/trackforce/NGTrackForce/e2e/create-user/create-user.e2e-spec.ts:200:5)
    at addSpecsToSuite (/usr/local/lib/node_modules/protractor/node_modules/jasmine-core/lib/jasmine-core/jasmine.js:1107:25)
    at Env.describe (/usr/local/lib/node_modules/protractor/node_modules/jasmine-core/lib/jasmine-core/jasmine.js:1074:7)
    at describe (/usr/local/lib/node_modules/protractor/node_modules/jasmine-core/lib/jasmine-core/jasmine.js:4399:18)
    at Object.<anonymous> (/Users/jacobgolding/Desktop/project_3/trackforce/NGTrackForce/e2e/create-user/create-user.e2e-spec.ts:179:1)
    at Module._compile (internal/modules/cjs/loader.js:689:30)
    at Module.m._compile (/Users/jacobgolding/Desktop/project_3/trackforce/NGTrackForce/node_modules/ts-node/src/index.ts:422:23)
    at Module._extensions..js (internal/modules/cjs/loader.js:700:10)
    at Object.require.extensions.(anonymous function) [as .ts] (/Users/jacobgolding/Desktop/project_3/trackforce/NGTrackForce/node_modules/ts-node/src/index.ts:425:12)]]>
   </failure>
  </testcase>
  <testcase classname="A Staging Manager" name="should be able to create a associate" time="0">
   <skipped message="Temporarily disabled with xit" />
  </testcase>
  <testcase classname="A Staging Manager" name="should be able to create a staging manager" time="0">
   <skipped message="Temporarily disabled with xit" />
  </testcase>
  <testcase classname="A Staging Manager" name="should be able to create a delivery " time="0">
   <skipped message="Temporarily disabled with xit" />
  </testcase>
 </testsuite>
 <testsuite name="A user" timestamp="2018-09-11T14:22:59" hostname="localhost" time="4.233" errors="0" tests="3" skipped="0" disabled="0" failures="0">
  <testcase classname="A user" name="should get an error if they use a sympol in their username" time="1.309" />
  <testcase classname="A user" name="should get an error if they enter in an invalid password in the first password box" time="1.145" />
  <testcase classname="A user" name="should get an error if they enter two different passwords" time="1.222" />
 </testsuite>
 <testsuite name="When an admin navigates to the client-list page it" timestamp="2018-09-11T14:23:03" hostname="localhost" time="5.518" errors="0" tests="9" skipped="0" disabled="0" failures="0">
  <testcase classname="When an admin navigates to the client-list page it" name="should navigate to the client-list page" time="1.819" />
  <testcase classname="When an admin navigates to the client-list page it" name="should accept username input" time="0.141" />
  <testcase classname="When an admin navigates to the client-list page it" name="should yield match for search input in one exists" time="0.029" />
  <testcase classname="When an admin navigates to the client-list page it" name="should yield a match for a search regardless of case" time="0.164" />
  <testcase classname="When an admin navigates to the client-list page it" name="should be able to click a searched for client" time="0.197" />
  <testcase classname="When an admin navigates to the client-list page it" name="should be able to click View Data for all Clients" time="2.11" />
  <testcase classname="When an admin navigates to the client-list page it" name="should yield a match for a search string with spaces" time="0.166" />
  <testcase classname="When an admin navigates to the client-list page it" name="should yield a match for search input if many results exist" time="0.162" />
  <testcase classname="When an admin navigates to the client-list page it" name="should yield no matches if none exist" time="0.148" />
 </testsuite>
 <testsuite name="When an Staging Manager navigates to the client-list page it" timestamp="2018-09-11T14:23:09" hostname="localhost" time="5.539" errors="0" tests="9" skipped="0" disabled="0" failures="0">
  <testcase classname="When an Staging Manager navigates to the client-list page it" name="should navigate to the client-list page" time="1.863" />
  <testcase classname="When an Staging Manager navigates to the client-list page it" name="should accept username input" time="0.132" />
  <testcase classname="When an Staging Manager navigates to the client-list page it" name="should yield match for search input if one exists" time="0.024" />
  <testcase classname="When an Staging Manager navigates to the client-list page it" name="should yield a match for a search regardless of case" time="0.157" />
  <testcase classname="When an Staging Manager navigates to the client-list page it" name="should be able to click a searched for client" time="0.196" />
  <testcase classname="When an Staging Manager navigates to the client-list page it" name="should be able to click View Data for all Clients" time="2.097" />
  <testcase classname="When an Staging Manager navigates to the client-list page it" name="should yield a match for a search string with spaces" time="0.186" />
  <testcase classname="When an Staging Manager navigates to the client-list page it" name="should yield a match for search input if many results exist" time="0.137" />
  <testcase classname="When an Staging Manager navigates to the client-list page it" name="should yield no matches if none exist" time="0.151" />
 </testsuite>
 <testsuite name="When an Delivery/Sales navigates to the client-list page it" timestamp="2018-09-11T14:23:14" hostname="localhost" time="6.171" errors="0" tests="9" skipped="0" disabled="0" failures="0">
  <testcase classname="When an Delivery/Sales navigates to the client-list page it" name="should navigate to the client-list page" time="1.838" />
  <testcase classname="When an Delivery/Sales navigates to the client-list page it" name="should accept username input" time="0.134" />
  <testcase classname="When an Delivery/Sales navigates to the client-list page it" name="should yield match for search input in one exists" time="0.024" />
  <testcase classname="When an Delivery/Sales navigates to the client-list page it" name="should yield a match for a search regardless of case" time="0.176" />
  <testcase classname="When an Delivery/Sales navigates to the client-list page it" name="should be able to click a searched for client" time="0.492" />
  <testcase classname="When an Delivery/Sales navigates to the client-list page it" name="should be able to click View Data for all Clients" time="2.001" />
  <testcase classname="When an Delivery/Sales navigates to the client-list page it" name="should yield a match for a search string with spaces" time="0.189" />
  <testcase classname="When an Delivery/Sales navigates to the client-list page it" name="should yield a match for search input if many results exist" time="0.143" />
  <testcase classname="When an Delivery/Sales navigates to the client-list page it" name="should yield no matches if none exist" time="0.14" />
 </testsuite>
 <testsuite name="the bactch-list tab" timestamp="2018-09-11T14:23:21" hostname="localhost" time="7.157" errors="0" tests="4" skipped="0" disabled="0" failures="0">
  <testcase classname="the bactch-list tab" name="should have a batch list table" time="5.476" />
  <testcase classname="the bactch-list tab" name="should have a start date input" time="0.86" />
  <testcase classname="the bactch-list tab" name="should have a end date input" time="0.023" />
  <testcase classname="the bactch-list tab" name="should have a pie cart" time="0.025" />
 </testsuite>
 <testsuite name="The All Batches table" timestamp="2018-09-11T14:23:28" hostname="localhost" time="9.761" errors="0" tests="3" skipped="0" disabled="0" failures="0">
  <testcase classname="The All Batches table" name="should direct you to a batch page" time="8.104" />
  <testcase classname="The All Batches table" name="should direct you to a batch page with a chart " time="0.956" />
  <testcase classname="The All Batches table" name="should direct you to a batch page with a table " time="0.025" />
 </testsuite>
</testsuites>