<?xml version="1.0" encoding="UTF-8" ?>
<testsuites disabled="0" errors="0" failures="51" tests="47" time="70.874">
 <testsuite name="Registering as a new associate" timestamp="2018-08-16T14:44:25" hostname="localhost" time="22.592" errors="0" tests="7" skipped="1" disabled="0" failures="6">
  <testcase classname="Registering as a new associate" name="should navigate to the login page" time="11.212">
   <failure type="exception" message="Failed: Angular could not be found on the page http://localhost:4200/login.If this is not an Angular application, you may need to turn off waiting for Angular.
                          Please see 
                          https://github.com/angular/protractor/blob/master/docs/timeouts.md#waiting-for-angular-on-page-load"><![CDATA[Error: Angular could not be found on the page http://localhost:4200/login.If this is not an Angular application, you may need to turn off waiting for Angular.
                          Please see 
                          https://github.com/angular/protractor/blob/master/docs/timeouts.md#waiting-for-angular-on-page-load
    at executeAsyncScript_.then (D:\code\java\trackforce\NGTrackForce\node_modules\protractor\built\browser.js:720:27)
    at ManagedPromise.invokeCallback_ (D:\code\java\trackforce\NGTrackForce\node_modules\selenium-webdriver\lib\promise.js:1376:14)
    at TaskQueue.execute_ (D:\code\java\trackforce\NGTrackForce\node_modules\selenium-webdriver\lib\promise.js:3084:14)
    at TaskQueue.executeNext_ (D:\code\java\trackforce\NGTrackForce\node_modules\selenium-webdriver\lib\promise.js:3067:27)
    at asyncRun (D:\code\java\trackforce\NGTrackForce\node_modules\selenium-webdriver\lib\promise.js:2927:27)
    at D:\code\java\trackforce\NGTrackForce\node_modules\selenium-webdriver\lib\promise.js:668:7
    at <anonymous>
    at process._tickCallback (internal/process/next_tick.js:188:7)
From: Task: Run it("should navigate to the login page") in control flow
    at UserContext.<anonymous> (D:\code\java\trackforce\NGTrackForce\node_modules\jasminewd2\index.js:94:19)
    at attempt (D:\code\java\trackforce\NGTrackForce\node_modules\jasmine\node_modules\jasmine-core\lib\jasmine-core\jasmine.js:4486:26)
    at QueueRunner.run (D:\code\java\trackforce\NGTrackForce\node_modules\jasmine\node_modules\jasmine-core\lib\jasmine-core\jasmine.js:4402:20)
    at QueueRunner.execute (D:\code\java\trackforce\NGTrackForce\node_modules\jasmine\node_modules\jasmine-core\lib\jasmine-core\jasmine.js:4384:10)
    at Spec.queueRunnerFactory (D:\code\java\trackforce\NGTrackForce\node_modules\jasmine\node_modules\jasmine-core\lib\jasmine-core\jasmine.js:964:35)
    at Spec.execute (D:\code\java\trackforce\NGTrackForce\node_modules\jasmine\node_modules\jasmine-core\lib\jasmine-core\jasmine.js:563:10)
    at UserContext.fn (D:\code\java\trackforce\NGTrackForce\node_modules\jasmine\node_modules\jasmine-core\lib\jasmine-core\jasmine.js:5541:37)
    at attempt (D:\code\java\trackforce\NGTrackForce\node_modules\jasmine\node_modules\jasmine-core\lib\jasmine-core\jasmine.js:4486:26)
    at QueueRunner.run (D:\code\java\trackforce\NGTrackForce\node_modules\jasmine\node_modules\jasmine-core\lib\jasmine-core\jasmine.js:4402:20)
    at runNext (D:\code\java\trackforce\NGTrackForce\node_modules\jasmine\node_modules\jasmine-core\lib\jasmine-core\jasmine.js:4446:20)
From asynchronous test: 
Error
    at Suite.<anonymous> (D:\code\java\trackforce\NGTrackForce\e2e\register-associate\register-associate.e2e-spec.ts:20:5)
    at addSpecsToSuite (D:\code\java\trackforce\NGTrackForce\node_modules\jasmine\node_modules\jasmine-core\lib\jasmine-core\jasmine.js:1181:25)
    at Env.describe (D:\code\java\trackforce\NGTrackForce\node_modules\jasmine\node_modules\jasmine-core\lib\jasmine-core\jasmine.js:1145:7)
    at describe (D:\code\java\trackforce\NGTrackForce\node_modules\jasmine\node_modules\jasmine-core\lib\jasmine-core\jasmine.js:4593:18)
    at Object.<anonymous> (D:\code\java\trackforce\NGTrackForce\e2e\register-associate\register-associate.e2e-spec.ts:7:1)
    at Module._compile (module.js:652:30)
    at Module.m._compile (D:\code\java\trackforce\NGTrackForce\node_modules\ts-node\src\index.ts:422:23)
    at Module._extensions..js (module.js:663:10)
    at Object.require.extensions.(anonymous function) [as .ts] (D:\code\java\trackforce\NGTrackForce\node_modules\ts-node\src\index.ts:425:12)]]>
   </failure>
  </testcase>
  <testcase classname="Registering as a new associate" name="allow user to click the register button" time="0.125">
   <failure type="exception" message="Failed: Error while waiting for Protractor to sync with the page: &quot;both angularJS testability and angular testability are undefined.  This could be either because this is a non-angular page or because your test involves client-side navigation, which can interfere with Protractor&apos;s bootstrapping.  See http://git.io/v4gXM for details&quot;"><![CDATA[Error: Error while waiting for Protractor to sync with the page: "both angularJS testability and angular testability are undefined.  This could be either because this is a non-angular page or because your test involves client-side navigation, which can interfere with Protractor's bootstrapping.  See http://git.io/v4gXM for details"
    at runWaitForAngularScript.then (D:\code\java\trackforce\NGTrackForce\node_modules\protractor\built\browser.js:463:23)
    at ManagedPromise.invokeCallback_ (D:\code\java\trackforce\NGTrackForce\node_modules\selenium-webdriver\lib\promise.js:1376:14)
    at TaskQueue.execute_ (D:\code\java\trackforce\NGTrackForce\node_modules\selenium-webdriver\lib\promise.js:3084:14)
    at TaskQueue.executeNext_ (D:\code\java\trackforce\NGTrackForce\node_modules\selenium-webdriver\lib\promise.js:3067:27)
    at asyncRun (D:\code\java\trackforce\NGTrackForce\node_modules\selenium-webdriver\lib\promise.js:2927:27)
    at D:\code\java\trackforce\NGTrackForce\node_modules\selenium-webdriver\lib\promise.js:668:7
    at <anonymous>
    at process._tickCallback (internal/process/next_tick.js:188:7)Error
    at ElementArrayFinder.applyAction_ (D:\code\java\trackforce\NGTrackForce\node_modules\protractor\built\element.js:459:27)
    at ElementArrayFinder.(anonymous function).args [as click] (D:\code\java\trackforce\NGTrackForce\node_modules\protractor\built\element.js:91:29)
    at ElementFinder.(anonymous function).args [as click] (D:\code\java\trackforce\NGTrackForce\node_modules\protractor\built\element.js:831:22)
    at RegisterAssociatePage.clickRegisterBtn (D:\code\java\trackforce\NGTrackForce\e2e\register-associate\register-associate.po.ts:55:26)
    at UserContext.<anonymous> (D:\code\java\trackforce\NGTrackForce\e2e\register-associate\register-associate.e2e-spec.ts:25:31)
    at D:\code\java\trackforce\NGTrackForce\node_modules\jasminewd2\index.js:112:25
    at new ManagedPromise (D:\code\java\trackforce\NGTrackForce\node_modules\selenium-webdriver\lib\promise.js:1077:7)
    at ControlFlow.promise (D:\code\java\trackforce\NGTrackForce\node_modules\selenium-webdriver\lib\promise.js:2505:12)
    at schedulerExecute (D:\code\java\trackforce\NGTrackForce\node_modules\jasminewd2\index.js:95:18)
    at TaskQueue.execute_ (D:\code\java\trackforce\NGTrackForce\node_modules\selenium-webdriver\lib\promise.js:3084:14)
From: Task: Run it("allow user to click the register button") in control flow
    at UserContext.<anonymous> (D:\code\java\trackforce\NGTrackForce\node_modules\jasminewd2\index.js:94:19)
    at attempt (D:\code\java\trackforce\NGTrackForce\node_modules\jasmine\node_modules\jasmine-core\lib\jasmine-core\jasmine.js:4486:26)
    at QueueRunner.run (D:\code\java\trackforce\NGTrackForce\node_modules\jasmine\node_modules\jasmine-core\lib\jasmine-core\jasmine.js:4402:20)
    at QueueRunner.execute (D:\code\java\trackforce\NGTrackForce\node_modules\jasmine\node_modules\jasmine-core\lib\jasmine-core\jasmine.js:4384:10)
    at Spec.queueRunnerFactory (D:\code\java\trackforce\NGTrackForce\node_modules\jasmine\node_modules\jasmine-core\lib\jasmine-core\jasmine.js:964:35)
    at Spec.execute (D:\code\java\trackforce\NGTrackForce\node_modules\jasmine\node_modules\jasmine-core\lib\jasmine-core\jasmine.js:563:10)
    at UserContext.fn (D:\code\java\trackforce\NGTrackForce\node_modules\jasmine\node_modules\jasmine-core\lib\jasmine-core\jasmine.js:5541:37)
    at attempt (D:\code\java\trackforce\NGTrackForce\node_modules\jasmine\node_modules\jasmine-core\lib\jasmine-core\jasmine.js:4486:26)
    at QueueRunner.run (D:\code\java\trackforce\NGTrackForce\node_modules\jasmine\node_modules\jasmine-core\lib\jasmine-core\jasmine.js:4402:20)
    at runNext (D:\code\java\trackforce\NGTrackForce\node_modules\jasmine\node_modules\jasmine-core\lib\jasmine-core\jasmine.js:4446:20)
From asynchronous test: 
Error
    at Suite.<anonymous> (D:\code\java\trackforce\NGTrackForce\e2e\register-associate\register-associate.e2e-spec.ts:24:5)
    at addSpecsToSuite (D:\code\java\trackforce\NGTrackForce\node_modules\jasmine\node_modules\jasmine-core\lib\jasmine-core\jasmine.js:1181:25)
    at Env.describe (D:\code\java\trackforce\NGTrackForce\node_modules\jasmine\node_modules\jasmine-core\lib\jasmine-core\jasmine.js:1145:7)
    at describe (D:\code\java\trackforce\NGTrackForce\node_modules\jasmine\node_modules\jasmine-core\lib\jasmine-core\jasmine.js:4593:18)
    at Object.<anonymous> (D:\code\java\trackforce\NGTrackForce\e2e\register-associate\register-associate.e2e-spec.ts:7:1)
    at Module._compile (module.js:652:30)
    at Module.m._compile (D:\code\java\trackforce\NGTrackForce\node_modules\ts-node\src\index.ts:422:23)
    at Module._extensions..js (module.js:663:10)
    at Object.require.extensions.(anonymous function) [as .ts] (D:\code\java\trackforce\NGTrackForce\node_modules\ts-node\src\index.ts:425:12)]]>
   </failure>
  </testcase>
  <testcase classname="Registering as a new associate" name="allow associate to enter info into input fields" time="0.156">
   <failure type="exception" message="Failed: Error while waiting for Protractor to sync with the page: &quot;both angularJS testability and angular testability are undefined.  This could be either because this is a non-angular page or because your test involves client-side navigation, which can interfere with Protractor&apos;s bootstrapping.  See http://git.io/v4gXM for details&quot;"><![CDATA[Error: Error while waiting for Protractor to sync with the page: "both angularJS testability and angular testability are undefined.  This could be either because this is a non-angular page or because your test involves client-side navigation, which can interfere with Protractor's bootstrapping.  See http://git.io/v4gXM for details"
    at runWaitForAngularScript.then (D:\code\java\trackforce\NGTrackForce\node_modules\protractor\built\browser.js:463:23)
    at ManagedPromise.invokeCallback_ (D:\code\java\trackforce\NGTrackForce\node_modules\selenium-webdriver\lib\promise.js:1376:14)
    at TaskQueue.execute_ (D:\code\java\trackforce\NGTrackForce\node_modules\selenium-webdriver\lib\promise.js:3084:14)
    at TaskQueue.executeNext_ (D:\code\java\trackforce\NGTrackForce\node_modules\selenium-webdriver\lib\promise.js:3067:27)
    at asyncRun (D:\code\java\trackforce\NGTrackForce\node_modules\selenium-webdriver\lib\promise.js:2927:27)
    at D:\code\java\trackforce\NGTrackForce\node_modules\selenium-webdriver\lib\promise.js:668:7
    at <anonymous>
    at process._tickCallback (internal/process/next_tick.js:188:7)Error
    at ElementArrayFinder.applyAction_ (D:\code\java\trackforce\NGTrackForce\node_modules\protractor\built\element.js:459:27)
    at ElementArrayFinder.(anonymous function).args [as sendKeys] (D:\code\java\trackforce\NGTrackForce\node_modules\protractor\built\element.js:91:29)
    at ElementFinder.(anonymous function).args [as sendKeys] (D:\code\java\trackforce\NGTrackForce\node_modules\protractor\built\element.js:831:22)
    at RegisterAssociatePage.enterAssociateInfo (D:\code\java\trackforce\NGTrackForce\e2e\register-associate\register-associate.po.ts:59:28)
    at UserContext.<anonymous> (D:\code\java\trackforce\NGTrackForce\e2e\register-associate\register-associate.e2e-spec.ts:29:31)
    at D:\code\java\trackforce\NGTrackForce\node_modules\jasminewd2\index.js:112:25
    at new ManagedPromise (D:\code\java\trackforce\NGTrackForce\node_modules\selenium-webdriver\lib\promise.js:1077:7)
    at ControlFlow.promise (D:\code\java\trackforce\NGTrackForce\node_modules\selenium-webdriver\lib\promise.js:2505:12)
    at schedulerExecute (D:\code\java\trackforce\NGTrackForce\node_modules\jasminewd2\index.js:95:18)
    at TaskQueue.execute_ (D:\code\java\trackforce\NGTrackForce\node_modules\selenium-webdriver\lib\promise.js:3084:14)
From: Task: Run it("allow associate to enter info into input fields") in control flow
    at UserContext.<anonymous> (D:\code\java\trackforce\NGTrackForce\node_modules\jasminewd2\index.js:94:19)
    at attempt (D:\code\java\trackforce\NGTrackForce\node_modules\jasmine\node_modules\jasmine-core\lib\jasmine-core\jasmine.js:4486:26)
    at QueueRunner.run (D:\code\java\trackforce\NGTrackForce\node_modules\jasmine\node_modules\jasmine-core\lib\jasmine-core\jasmine.js:4402:20)
    at QueueRunner.execute (D:\code\java\trackforce\NGTrackForce\node_modules\jasmine\node_modules\jasmine-core\lib\jasmine-core\jasmine.js:4384:10)
    at Spec.queueRunnerFactory (D:\code\java\trackforce\NGTrackForce\node_modules\jasmine\node_modules\jasmine-core\lib\jasmine-core\jasmine.js:964:35)
    at Spec.execute (D:\code\java\trackforce\NGTrackForce\node_modules\jasmine\node_modules\jasmine-core\lib\jasmine-core\jasmine.js:563:10)
    at UserContext.fn (D:\code\java\trackforce\NGTrackForce\node_modules\jasmine\node_modules\jasmine-core\lib\jasmine-core\jasmine.js:5541:37)
    at attempt (D:\code\java\trackforce\NGTrackForce\node_modules\jasmine\node_modules\jasmine-core\lib\jasmine-core\jasmine.js:4486:26)
    at QueueRunner.run (D:\code\java\trackforce\NGTrackForce\node_modules\jasmine\node_modules\jasmine-core\lib\jasmine-core\jasmine.js:4402:20)
    at runNext (D:\code\java\trackforce\NGTrackForce\node_modules\jasmine\node_modules\jasmine-core\lib\jasmine-core\jasmine.js:4446:20)
From asynchronous test: 
Error
    at Suite.<anonymous> (D:\code\java\trackforce\NGTrackForce\e2e\register-associate\register-associate.e2e-spec.ts:28:5)
    at addSpecsToSuite (D:\code\java\trackforce\NGTrackForce\node_modules\jasmine\node_modules\jasmine-core\lib\jasmine-core\jasmine.js:1181:25)
    at Env.describe (D:\code\java\trackforce\NGTrackForce\node_modules\jasmine\node_modules\jasmine-core\lib\jasmine-core\jasmine.js:1145:7)
    at describe (D:\code\java\trackforce\NGTrackForce\node_modules\jasmine\node_modules\jasmine-core\lib\jasmine-core\jasmine.js:4593:18)
    at Object.<anonymous> (D:\code\java\trackforce\NGTrackForce\e2e\register-associate\register-associate.e2e-spec.ts:7:1)
    at Module._compile (module.js:652:30)
    at Module.m._compile (D:\code\java\trackforce\NGTrackForce\node_modules\ts-node\src\index.ts:422:23)
    at Module._extensions..js (module.js:663:10)
    at Object.require.extensions.(anonymous function) [as .ts] (D:\code\java\trackforce\NGTrackForce\node_modules\ts-node\src\index.ts:425:12)]]>
   </failure>
  </testcase>
  <testcase classname="Registering as a new associate" name="should allow associate to click the next page button" time="0">
   <skipped message="Temporarily disabled with xit" />
  </testcase>
  <testcase classname="Registering as a new associate" name="should allow associate to enter first and last name" time="0.094">
   <failure type="exception" message="Failed: Error while waiting for Protractor to sync with the page: &quot;both angularJS testability and angular testability are undefined.  This could be either because this is a non-angular page or because your test involves client-side navigation, which can interfere with Protractor&apos;s bootstrapping.  See http://git.io/v4gXM for details&quot;"><![CDATA[Error: Error while waiting for Protractor to sync with the page: "both angularJS testability and angular testability are undefined.  This could be either because this is a non-angular page or because your test involves client-side navigation, which can interfere with Protractor's bootstrapping.  See http://git.io/v4gXM for details"
    at runWaitForAngularScript.then (D:\code\java\trackforce\NGTrackForce\node_modules\protractor\built\browser.js:463:23)
    at ManagedPromise.invokeCallback_ (D:\code\java\trackforce\NGTrackForce\node_modules\selenium-webdriver\lib\promise.js:1376:14)
    at TaskQueue.execute_ (D:\code\java\trackforce\NGTrackForce\node_modules\selenium-webdriver\lib\promise.js:3084:14)
    at TaskQueue.executeNext_ (D:\code\java\trackforce\NGTrackForce\node_modules\selenium-webdriver\lib\promise.js:3067:27)
    at asyncRun (D:\code\java\trackforce\NGTrackForce\node_modules\selenium-webdriver\lib\promise.js:2927:27)
    at D:\code\java\trackforce\NGTrackForce\node_modules\selenium-webdriver\lib\promise.js:668:7
    at <anonymous>
    at process._tickCallback (internal/process/next_tick.js:188:7)Error
    at ElementArrayFinder.applyAction_ (D:\code\java\trackforce\NGTrackForce\node_modules\protractor\built\element.js:459:27)
    at ElementArrayFinder.(anonymous function).args [as sendKeys] (D:\code\java\trackforce\NGTrackForce\node_modules\protractor\built\element.js:91:29)
    at ElementFinder.(anonymous function).args [as sendKeys] (D:\code\java\trackforce\NGTrackForce\node_modules\protractor\built\element.js:831:22)
    at RegisterAssociatePage.enterFirstName (D:\code\java\trackforce\NGTrackForce\e2e\register-associate\register-associate.po.ts:69:29)
    at UserContext.<anonymous> (D:\code\java\trackforce\NGTrackForce\e2e\register-associate\register-associate.e2e-spec.ts:37:31)
    at D:\code\java\trackforce\NGTrackForce\node_modules\jasminewd2\index.js:112:25
    at new ManagedPromise (D:\code\java\trackforce\NGTrackForce\node_modules\selenium-webdriver\lib\promise.js:1077:7)
    at ControlFlow.promise (D:\code\java\trackforce\NGTrackForce\node_modules\selenium-webdriver\lib\promise.js:2505:12)
    at schedulerExecute (D:\code\java\trackforce\NGTrackForce\node_modules\jasminewd2\index.js:95:18)
    at TaskQueue.execute_ (D:\code\java\trackforce\NGTrackForce\node_modules\selenium-webdriver\lib\promise.js:3084:14)
From: Task: Run it("should allow associate to enter first and last name") in control flow
    at UserContext.<anonymous> (D:\code\java\trackforce\NGTrackForce\node_modules\jasminewd2\index.js:94:19)
    at attempt (D:\code\java\trackforce\NGTrackForce\node_modules\jasmine\node_modules\jasmine-core\lib\jasmine-core\jasmine.js:4486:26)
    at QueueRunner.run (D:\code\java\trackforce\NGTrackForce\node_modules\jasmine\node_modules\jasmine-core\lib\jasmine-core\jasmine.js:4402:20)
    at QueueRunner.execute (D:\code\java\trackforce\NGTrackForce\node_modules\jasmine\node_modules\jasmine-core\lib\jasmine-core\jasmine.js:4384:10)
    at Spec.queueRunnerFactory (D:\code\java\trackforce\NGTrackForce\node_modules\jasmine\node_modules\jasmine-core\lib\jasmine-core\jasmine.js:964:35)
    at Spec.execute (D:\code\java\trackforce\NGTrackForce\node_modules\jasmine\node_modules\jasmine-core\lib\jasmine-core\jasmine.js:563:10)
    at UserContext.fn (D:\code\java\trackforce\NGTrackForce\node_modules\jasmine\node_modules\jasmine-core\lib\jasmine-core\jasmine.js:5541:37)
    at attempt (D:\code\java\trackforce\NGTrackForce\node_modules\jasmine\node_modules\jasmine-core\lib\jasmine-core\jasmine.js:4486:26)
    at QueueRunner.run (D:\code\java\trackforce\NGTrackForce\node_modules\jasmine\node_modules\jasmine-core\lib\jasmine-core\jasmine.js:4402:20)
    at runNext (D:\code\java\trackforce\NGTrackForce\node_modules\jasmine\node_modules\jasmine-core\lib\jasmine-core\jasmine.js:4446:20)
From asynchronous test: 
Error
    at Suite.<anonymous> (D:\code\java\trackforce\NGTrackForce\e2e\register-associate\register-associate.e2e-spec.ts:36:5)
    at addSpecsToSuite (D:\code\java\trackforce\NGTrackForce\node_modules\jasmine\node_modules\jasmine-core\lib\jasmine-core\jasmine.js:1181:25)
    at Env.describe (D:\code\java\trackforce\NGTrackForce\node_modules\jasmine\node_modules\jasmine-core\lib\jasmine-core\jasmine.js:1145:7)
    at describe (D:\code\java\trackforce\NGTrackForce\node_modules\jasmine\node_modules\jasmine-core\lib\jasmine-core\jasmine.js:4593:18)
    at Object.<anonymous> (D:\code\java\trackforce\NGTrackForce\e2e\register-associate\register-associate.e2e-spec.ts:7:1)
    at Module._compile (module.js:652:30)
    at Module.m._compile (D:\code\java\trackforce\NGTrackForce\node_modules\ts-node\src\index.ts:422:23)
    at Module._extensions..js (module.js:663:10)
    at Object.require.extensions.(anonymous function) [as .ts] (D:\code\java\trackforce\NGTrackForce\node_modules\ts-node\src\index.ts:425:12)]]>
   </failure>
  </testcase>
  <testcase classname="Registering as a new associate" name="should allow associate to register as an associate by clicking register button" time="0.109">
   <failure type="exception" message="Failed: Error while waiting for Protractor to sync with the page: &quot;both angularJS testability and angular testability are undefined.  This could be either because this is a non-angular page or because your test involves client-side navigation, which can interfere with Protractor&apos;s bootstrapping.  See http://git.io/v4gXM for details&quot;"><![CDATA[Error: Error while waiting for Protractor to sync with the page: "both angularJS testability and angular testability are undefined.  This could be either because this is a non-angular page or because your test involves client-side navigation, which can interfere with Protractor's bootstrapping.  See http://git.io/v4gXM for details"
    at runWaitForAngularScript.then (D:\code\java\trackforce\NGTrackForce\node_modules\protractor\built\browser.js:463:23)
    at ManagedPromise.invokeCallback_ (D:\code\java\trackforce\NGTrackForce\node_modules\selenium-webdriver\lib\promise.js:1376:14)
    at TaskQueue.execute_ (D:\code\java\trackforce\NGTrackForce\node_modules\selenium-webdriver\lib\promise.js:3084:14)
    at TaskQueue.executeNext_ (D:\code\java\trackforce\NGTrackForce\node_modules\selenium-webdriver\lib\promise.js:3067:27)
    at asyncRun (D:\code\java\trackforce\NGTrackForce\node_modules\selenium-webdriver\lib\promise.js:2927:27)
    at D:\code\java\trackforce\NGTrackForce\node_modules\selenium-webdriver\lib\promise.js:668:7
    at <anonymous>
    at process._tickCallback (internal/process/next_tick.js:188:7)Error
    at ElementArrayFinder.applyAction_ (D:\code\java\trackforce\NGTrackForce\node_modules\protractor\built\element.js:459:27)
    at ElementArrayFinder.(anonymous function).args [as click] (D:\code\java\trackforce\NGTrackForce\node_modules\protractor\built\element.js:91:29)
    at ElementFinder.(anonymous function).args [as click] (D:\code\java\trackforce\NGTrackForce\node_modules\protractor\built\element.js:831:22)
    at RegisterAssociatePage.clickRegisterBtn (D:\code\java\trackforce\NGTrackForce\e2e\register-associate\register-associate.po.ts:55:26)
    at UserContext.<anonymous> (D:\code\java\trackforce\NGTrackForce\e2e\register-associate\register-associate.e2e-spec.ts:42:31)
    at D:\code\java\trackforce\NGTrackForce\node_modules\jasminewd2\index.js:112:25
    at new ManagedPromise (D:\code\java\trackforce\NGTrackForce\node_modules\selenium-webdriver\lib\promise.js:1077:7)
    at ControlFlow.promise (D:\code\java\trackforce\NGTrackForce\node_modules\selenium-webdriver\lib\promise.js:2505:12)
    at schedulerExecute (D:\code\java\trackforce\NGTrackForce\node_modules\jasminewd2\index.js:95:18)
    at TaskQueue.execute_ (D:\code\java\trackforce\NGTrackForce\node_modules\selenium-webdriver\lib\promise.js:3084:14)
From: Task: Run it("should allow associate to register as an associate by clicking register button") in control flow
    at UserContext.<anonymous> (D:\code\java\trackforce\NGTrackForce\node_modules\jasminewd2\index.js:94:19)
    at attempt (D:\code\java\trackforce\NGTrackForce\node_modules\jasmine\node_modules\jasmine-core\lib\jasmine-core\jasmine.js:4486:26)
    at QueueRunner.run (D:\code\java\trackforce\NGTrackForce\node_modules\jasmine\node_modules\jasmine-core\lib\jasmine-core\jasmine.js:4402:20)
    at QueueRunner.execute (D:\code\java\trackforce\NGTrackForce\node_modules\jasmine\node_modules\jasmine-core\lib\jasmine-core\jasmine.js:4384:10)
    at Spec.queueRunnerFactory (D:\code\java\trackforce\NGTrackForce\node_modules\jasmine\node_modules\jasmine-core\lib\jasmine-core\jasmine.js:964:35)
    at Spec.execute (D:\code\java\trackforce\NGTrackForce\node_modules\jasmine\node_modules\jasmine-core\lib\jasmine-core\jasmine.js:563:10)
    at UserContext.fn (D:\code\java\trackforce\NGTrackForce\node_modules\jasmine\node_modules\jasmine-core\lib\jasmine-core\jasmine.js:5541:37)
    at attempt (D:\code\java\trackforce\NGTrackForce\node_modules\jasmine\node_modules\jasmine-core\lib\jasmine-core\jasmine.js:4486:26)
    at QueueRunner.run (D:\code\java\trackforce\NGTrackForce\node_modules\jasmine\node_modules\jasmine-core\lib\jasmine-core\jasmine.js:4402:20)
    at runNext (D:\code\java\trackforce\NGTrackForce\node_modules\jasmine\node_modules\jasmine-core\lib\jasmine-core\jasmine.js:4446:20)
From asynchronous test: 
Error
    at Suite.<anonymous> (D:\code\java\trackforce\NGTrackForce\e2e\register-associate\register-associate.e2e-spec.ts:41:5)
    at addSpecsToSuite (D:\code\java\trackforce\NGTrackForce\node_modules\jasmine\node_modules\jasmine-core\lib\jasmine-core\jasmine.js:1181:25)
    at Env.describe (D:\code\java\trackforce\NGTrackForce\node_modules\jasmine\node_modules\jasmine-core\lib\jasmine-core\jasmine.js:1145:7)
    at describe (D:\code\java\trackforce\NGTrackForce\node_modules\jasmine\node_modules\jasmine-core\lib\jasmine-core\jasmine.js:4593:18)
    at Object.<anonymous> (D:\code\java\trackforce\NGTrackForce\e2e\register-associate\register-associate.e2e-spec.ts:7:1)
    at Module._compile (module.js:652:30)
    at Module.m._compile (D:\code\java\trackforce\NGTrackForce\node_modules\ts-node\src\index.ts:422:23)
    at Module._extensions..js (module.js:663:10)
    at Object.require.extensions.(anonymous function) [as .ts] (D:\code\java\trackforce\NGTrackForce\node_modules\ts-node\src\index.ts:425:12)]]>
   </failure>
  </testcase>
  <testcase classname="Registering as a new associate" name="exit browser" time="10.88">
   <failure type="exception" message="Failed: Angular could not be found on the page http://localhost:4200/login.If this is not an Angular application, you may need to turn off waiting for Angular.
                          Please see 
                          https://github.com/angular/protractor/blob/master/docs/timeouts.md#waiting-for-angular-on-page-load"><![CDATA[Error: Angular could not be found on the page http://localhost:4200/login.If this is not an Angular application, you may need to turn off waiting for Angular.
                          Please see 
                          https://github.com/angular/protractor/blob/master/docs/timeouts.md#waiting-for-angular-on-page-load
    at executeAsyncScript_.then (D:\code\java\trackforce\NGTrackForce\node_modules\protractor\built\browser.js:720:27)
    at ManagedPromise.invokeCallback_ (D:\code\java\trackforce\NGTrackForce\node_modules\selenium-webdriver\lib\promise.js:1376:14)
    at TaskQueue.execute_ (D:\code\java\trackforce\NGTrackForce\node_modules\selenium-webdriver\lib\promise.js:3084:14)
    at TaskQueue.executeNext_ (D:\code\java\trackforce\NGTrackForce\node_modules\selenium-webdriver\lib\promise.js:3067:27)
    at asyncRun (D:\code\java\trackforce\NGTrackForce\node_modules\selenium-webdriver\lib\promise.js:2927:27)
    at D:\code\java\trackforce\NGTrackForce\node_modules\selenium-webdriver\lib\promise.js:668:7
    at <anonymous>
    at process._tickCallback (internal/process/next_tick.js:188:7)
From: Task: Run it("exit browser") in control flow
    at UserContext.<anonymous> (D:\code\java\trackforce\NGTrackForce\node_modules\jasminewd2\index.js:94:19)
    at attempt (D:\code\java\trackforce\NGTrackForce\node_modules\jasmine\node_modules\jasmine-core\lib\jasmine-core\jasmine.js:4486:26)
    at QueueRunner.run (D:\code\java\trackforce\NGTrackForce\node_modules\jasmine\node_modules\jasmine-core\lib\jasmine-core\jasmine.js:4402:20)
    at QueueRunner.execute (D:\code\java\trackforce\NGTrackForce\node_modules\jasmine\node_modules\jasmine-core\lib\jasmine-core\jasmine.js:4384:10)
    at Spec.queueRunnerFactory (D:\code\java\trackforce\NGTrackForce\node_modules\jasmine\node_modules\jasmine-core\lib\jasmine-core\jasmine.js:964:35)
    at Spec.execute (D:\code\java\trackforce\NGTrackForce\node_modules\jasmine\node_modules\jasmine-core\lib\jasmine-core\jasmine.js:563:10)
    at UserContext.fn (D:\code\java\trackforce\NGTrackForce\node_modules\jasmine\node_modules\jasmine-core\lib\jasmine-core\jasmine.js:5541:37)
    at attempt (D:\code\java\trackforce\NGTrackForce\node_modules\jasmine\node_modules\jasmine-core\lib\jasmine-core\jasmine.js:4486:26)
    at QueueRunner.run (D:\code\java\trackforce\NGTrackForce\node_modules\jasmine\node_modules\jasmine-core\lib\jasmine-core\jasmine.js:4402:20)
    at runNext (D:\code\java\trackforce\NGTrackForce\node_modules\jasmine\node_modules\jasmine-core\lib\jasmine-core\jasmine.js:4446:20)
From asynchronous test: 
Error
    at Suite.<anonymous> (D:\code\java\trackforce\NGTrackForce\e2e\register-associate\register-associate.e2e-spec.ts:45:5)
    at addSpecsToSuite (D:\code\java\trackforce\NGTrackForce\node_modules\jasmine\node_modules\jasmine-core\lib\jasmine-core\jasmine.js:1181:25)
    at Env.describe (D:\code\java\trackforce\NGTrackForce\node_modules\jasmine\node_modules\jasmine-core\lib\jasmine-core\jasmine.js:1145:7)
    at describe (D:\code\java\trackforce\NGTrackForce\node_modules\jasmine\node_modules\jasmine-core\lib\jasmine-core\jasmine.js:4593:18)
    at Object.<anonymous> (D:\code\java\trackforce\NGTrackForce\e2e\register-associate\register-associate.e2e-spec.ts:7:1)
    at Module._compile (module.js:652:30)
    at Module.m._compile (D:\code\java\trackforce\NGTrackForce\node_modules\ts-node\src\index.ts:422:23)
    at Module._extensions..js (module.js:663:10)
    at Object.require.extensions.(anonymous function) [as .ts] (D:\code\java\trackforce\NGTrackForce\node_modules\ts-node\src\index.ts:425:12)]]>
   </failure>
  </testcase>
 </testsuite>
 <testsuite name="login page element existences" timestamp="2018-08-16T14:44:47" hostname="localhost" time="11.539" errors="0" tests="6" skipped="0" disabled="0" failures="9">
  <testcase classname="login page element existences" name="should have a username input box" time="0.078">
   <failure type="exception" message="Failed: Angular could not be found on the page http://localhost:4200/login.If this is not an Angular application, you may need to turn off waiting for Angular.
                          Please see 
                          https://github.com/angular/protractor/blob/master/docs/timeouts.md#waiting-for-angular-on-page-load"><![CDATA[Error: Angular could not be found on the page http://localhost:4200/login.If this is not an Angular application, you may need to turn off waiting for Angular.
                          Please see 
                          https://github.com/angular/protractor/blob/master/docs/timeouts.md#waiting-for-angular-on-page-load
    at executeAsyncScript_.then (D:\code\java\trackforce\NGTrackForce\node_modules\protractor\built\browser.js:720:27)
    at ManagedPromise.invokeCallback_ (D:\code\java\trackforce\NGTrackForce\node_modules\selenium-webdriver\lib\promise.js:1376:14)
    at TaskQueue.execute_ (D:\code\java\trackforce\NGTrackForce\node_modules\selenium-webdriver\lib\promise.js:3084:14)
    at TaskQueue.executeNext_ (D:\code\java\trackforce\NGTrackForce\node_modules\selenium-webdriver\lib\promise.js:3067:27)
    at asyncRun (D:\code\java\trackforce\NGTrackForce\node_modules\selenium-webdriver\lib\promise.js:2927:27)
    at D:\code\java\trackforce\NGTrackForce\node_modules\selenium-webdriver\lib\promise.js:668:7
    at <anonymous>
    at process._tickCallback (internal/process/next_tick.js:188:7)
From: Task: Run beforeAll in control flow
    at UserContext.<anonymous> (D:\code\java\trackforce\NGTrackForce\node_modules\jasminewd2\index.js:94:19)
    at attempt (D:\code\java\trackforce\NGTrackForce\node_modules\jasmine\node_modules\jasmine-core\lib\jasmine-core\jasmine.js:4486:26)
    at QueueRunner.run (D:\code\java\trackforce\NGTrackForce\node_modules\jasmine\node_modules\jasmine-core\lib\jasmine-core\jasmine.js:4402:20)
    at QueueRunner.execute (D:\code\java\trackforce\NGTrackForce\node_modules\jasmine\node_modules\jasmine-core\lib\jasmine-core\jasmine.js:4384:10)
    at queueRunnerFactory (D:\code\java\trackforce\NGTrackForce\node_modules\jasmine\node_modules\jasmine-core\lib\jasmine-core\jasmine.js:964:35)
    at UserContext.fn (D:\code\java\trackforce\NGTrackForce\node_modules\jasmine\node_modules\jasmine-core\lib\jasmine-core\jasmine.js:5526:13)
    at attempt (D:\code\java\trackforce\NGTrackForce\node_modules\jasmine\node_modules\jasmine-core\lib\jasmine-core\jasmine.js:4486:26)
    at QueueRunner.run (D:\code\java\trackforce\NGTrackForce\node_modules\jasmine\node_modules\jasmine-core\lib\jasmine-core\jasmine.js:4402:20)
    at runNext (D:\code\java\trackforce\NGTrackForce\node_modules\jasmine\node_modules\jasmine-core\lib\jasmine-core\jasmine.js:4446:20)
    at D:\code\java\trackforce\NGTrackForce\node_modules\jasmine\node_modules\jasmine-core\lib\jasmine-core\jasmine.js:4453:13
From asynchronous test: 
Error
    at Suite.<anonymous> (D:\code\java\trackforce\NGTrackForce\e2e\login\login.e2e-spec.ts:10:3)
    at addSpecsToSuite (D:\code\java\trackforce\NGTrackForce\node_modules\jasmine\node_modules\jasmine-core\lib\jasmine-core\jasmine.js:1181:25)
    at Env.describe (D:\code\java\trackforce\NGTrackForce\node_modules\jasmine\node_modules\jasmine-core\lib\jasmine-core\jasmine.js:1145:7)
    at describe (D:\code\java\trackforce\NGTrackForce\node_modules\jasmine\node_modules\jasmine-core\lib\jasmine-core\jasmine.js:4593:18)
    at Object.<anonymous> (D:\code\java\trackforce\NGTrackForce\e2e\login\login.e2e-spec.ts:7:1)
    at Module._compile (module.js:652:30)
    at Module.m._compile (D:\code\java\trackforce\NGTrackForce\node_modules\ts-node\src\index.ts:422:23)
    at Module._extensions..js (module.js:663:10)
    at Object.require.extensions.(anonymous function) [as .ts] (D:\code\java\trackforce\NGTrackForce\node_modules\ts-node\src\index.ts:425:12)]]>
   </failure>
  </testcase>
  <testcase classname="login page element existences" name="should have a password input box" time="0.063">
   <failure type="exception" message="Failed: Angular could not be found on the page http://localhost:4200/login.If this is not an Angular application, you may need to turn off waiting for Angular.
                          Please see 
                          https://github.com/angular/protractor/blob/master/docs/timeouts.md#waiting-for-angular-on-page-load"><![CDATA[Error: Angular could not be found on the page http://localhost:4200/login.If this is not an Angular application, you may need to turn off waiting for Angular.
                          Please see 
                          https://github.com/angular/protractor/blob/master/docs/timeouts.md#waiting-for-angular-on-page-load
    at executeAsyncScript_.then (D:\code\java\trackforce\NGTrackForce\node_modules\protractor\built\browser.js:720:27)
    at ManagedPromise.invokeCallback_ (D:\code\java\trackforce\NGTrackForce\node_modules\selenium-webdriver\lib\promise.js:1376:14)
    at TaskQueue.execute_ (D:\code\java\trackforce\NGTrackForce\node_modules\selenium-webdriver\lib\promise.js:3084:14)
    at TaskQueue.executeNext_ (D:\code\java\trackforce\NGTrackForce\node_modules\selenium-webdriver\lib\promise.js:3067:27)
    at asyncRun (D:\code\java\trackforce\NGTrackForce\node_modules\selenium-webdriver\lib\promise.js:2927:27)
    at D:\code\java\trackforce\NGTrackForce\node_modules\selenium-webdriver\lib\promise.js:668:7
    at <anonymous>
    at process._tickCallback (internal/process/next_tick.js:188:7)
From: Task: Run beforeAll in control flow
    at UserContext.<anonymous> (D:\code\java\trackforce\NGTrackForce\node_modules\jasminewd2\index.js:94:19)
    at attempt (D:\code\java\trackforce\NGTrackForce\node_modules\jasmine\node_modules\jasmine-core\lib\jasmine-core\jasmine.js:4486:26)
    at QueueRunner.run (D:\code\java\trackforce\NGTrackForce\node_modules\jasmine\node_modules\jasmine-core\lib\jasmine-core\jasmine.js:4402:20)
    at QueueRunner.execute (D:\code\java\trackforce\NGTrackForce\node_modules\jasmine\node_modules\jasmine-core\lib\jasmine-core\jasmine.js:4384:10)
    at queueRunnerFactory (D:\code\java\trackforce\NGTrackForce\node_modules\jasmine\node_modules\jasmine-core\lib\jasmine-core\jasmine.js:964:35)
    at UserContext.fn (D:\code\java\trackforce\NGTrackForce\node_modules\jasmine\node_modules\jasmine-core\lib\jasmine-core\jasmine.js:5526:13)
    at attempt (D:\code\java\trackforce\NGTrackForce\node_modules\jasmine\node_modules\jasmine-core\lib\jasmine-core\jasmine.js:4486:26)
    at QueueRunner.run (D:\code\java\trackforce\NGTrackForce\node_modules\jasmine\node_modules\jasmine-core\lib\jasmine-core\jasmine.js:4402:20)
    at runNext (D:\code\java\trackforce\NGTrackForce\node_modules\jasmine\node_modules\jasmine-core\lib\jasmine-core\jasmine.js:4446:20)
    at D:\code\java\trackforce\NGTrackForce\node_modules\jasmine\node_modules\jasmine-core\lib\jasmine-core\jasmine.js:4453:13
From asynchronous test: 
Error
    at Suite.<anonymous> (D:\code\java\trackforce\NGTrackForce\e2e\login\login.e2e-spec.ts:10:3)
    at addSpecsToSuite (D:\code\java\trackforce\NGTrackForce\node_modules\jasmine\node_modules\jasmine-core\lib\jasmine-core\jasmine.js:1181:25)
    at Env.describe (D:\code\java\trackforce\NGTrackForce\node_modules\jasmine\node_modules\jasmine-core\lib\jasmine-core\jasmine.js:1145:7)
    at describe (D:\code\java\trackforce\NGTrackForce\node_modules\jasmine\node_modules\jasmine-core\lib\jasmine-core\jasmine.js:4593:18)
    at Object.<anonymous> (D:\code\java\trackforce\NGTrackForce\e2e\login\login.e2e-spec.ts:7:1)
    at Module._compile (module.js:652:30)
    at Module.m._compile (D:\code\java\trackforce\NGTrackForce\node_modules\ts-node\src\index.ts:422:23)
    at Module._extensions..js (module.js:663:10)
    at Object.require.extensions.(anonymous function) [as .ts] (D:\code\java\trackforce\NGTrackForce\node_modules\ts-node\src\index.ts:425:12)]]>
   </failure>
  </testcase>
  <testcase classname="login page element existences" name="should have a login button" time="0.078">
   <failure type="exception" message="Failed: Angular could not be found on the page http://localhost:4200/login.If this is not an Angular application, you may need to turn off waiting for Angular.
                          Please see 
                          https://github.com/angular/protractor/blob/master/docs/timeouts.md#waiting-for-angular-on-page-load"><![CDATA[Error: Angular could not be found on the page http://localhost:4200/login.If this is not an Angular application, you may need to turn off waiting for Angular.
                          Please see 
                          https://github.com/angular/protractor/blob/master/docs/timeouts.md#waiting-for-angular-on-page-load
    at executeAsyncScript_.then (D:\code\java\trackforce\NGTrackForce\node_modules\protractor\built\browser.js:720:27)
    at ManagedPromise.invokeCallback_ (D:\code\java\trackforce\NGTrackForce\node_modules\selenium-webdriver\lib\promise.js:1376:14)
    at TaskQueue.execute_ (D:\code\java\trackforce\NGTrackForce\node_modules\selenium-webdriver\lib\promise.js:3084:14)
    at TaskQueue.executeNext_ (D:\code\java\trackforce\NGTrackForce\node_modules\selenium-webdriver\lib\promise.js:3067:27)
    at asyncRun (D:\code\java\trackforce\NGTrackForce\node_modules\selenium-webdriver\lib\promise.js:2927:27)
    at D:\code\java\trackforce\NGTrackForce\node_modules\selenium-webdriver\lib\promise.js:668:7
    at <anonymous>
    at process._tickCallback (internal/process/next_tick.js:188:7)
From: Task: Run beforeAll in control flow
    at UserContext.<anonymous> (D:\code\java\trackforce\NGTrackForce\node_modules\jasminewd2\index.js:94:19)
    at attempt (D:\code\java\trackforce\NGTrackForce\node_modules\jasmine\node_modules\jasmine-core\lib\jasmine-core\jasmine.js:4486:26)
    at QueueRunner.run (D:\code\java\trackforce\NGTrackForce\node_modules\jasmine\node_modules\jasmine-core\lib\jasmine-core\jasmine.js:4402:20)
    at QueueRunner.execute (D:\code\java\trackforce\NGTrackForce\node_modules\jasmine\node_modules\jasmine-core\lib\jasmine-core\jasmine.js:4384:10)
    at queueRunnerFactory (D:\code\java\trackforce\NGTrackForce\node_modules\jasmine\node_modules\jasmine-core\lib\jasmine-core\jasmine.js:964:35)
    at UserContext.fn (D:\code\java\trackforce\NGTrackForce\node_modules\jasmine\node_modules\jasmine-core\lib\jasmine-core\jasmine.js:5526:13)
    at attempt (D:\code\java\trackforce\NGTrackForce\node_modules\jasmine\node_modules\jasmine-core\lib\jasmine-core\jasmine.js:4486:26)
    at QueueRunner.run (D:\code\java\trackforce\NGTrackForce\node_modules\jasmine\node_modules\jasmine-core\lib\jasmine-core\jasmine.js:4402:20)
    at runNext (D:\code\java\trackforce\NGTrackForce\node_modules\jasmine\node_modules\jasmine-core\lib\jasmine-core\jasmine.js:4446:20)
    at D:\code\java\trackforce\NGTrackForce\node_modules\jasmine\node_modules\jasmine-core\lib\jasmine-core\jasmine.js:4453:13
From asynchronous test: 
Error
    at Suite.<anonymous> (D:\code\java\trackforce\NGTrackForce\e2e\login\login.e2e-spec.ts:10:3)
    at addSpecsToSuite (D:\code\java\trackforce\NGTrackForce\node_modules\jasmine\node_modules\jasmine-core\lib\jasmine-core\jasmine.js:1181:25)
    at Env.describe (D:\code\java\trackforce\NGTrackForce\node_modules\jasmine\node_modules\jasmine-core\lib\jasmine-core\jasmine.js:1145:7)
    at describe (D:\code\java\trackforce\NGTrackForce\node_modules\jasmine\node_modules\jasmine-core\lib\jasmine-core\jasmine.js:4593:18)
    at Object.<anonymous> (D:\code\java\trackforce\NGTrackForce\e2e\login\login.e2e-spec.ts:7:1)
    at Module._compile (module.js:652:30)
    at Module.m._compile (D:\code\java\trackforce\NGTrackForce\node_modules\ts-node\src\index.ts:422:23)
    at Module._extensions..js (module.js:663:10)
    at Object.require.extensions.(anonymous function) [as .ts] (D:\code\java\trackforce\NGTrackForce\node_modules\ts-node\src\index.ts:425:12)]]>
   </failure>
  </testcase>
  <testcase classname="login page element existences" name="should display proper placeholder: Username" time="0.156">
   <failure type="exception" message="Failed: Angular could not be found on the page http://localhost:4200/login.If this is not an Angular application, you may need to turn off waiting for Angular.
                          Please see 
                          https://github.com/angular/protractor/blob/master/docs/timeouts.md#waiting-for-angular-on-page-load"><![CDATA[Error: Angular could not be found on the page http://localhost:4200/login.If this is not an Angular application, you may need to turn off waiting for Angular.
                          Please see 
                          https://github.com/angular/protractor/blob/master/docs/timeouts.md#waiting-for-angular-on-page-load
    at executeAsyncScript_.then (D:\code\java\trackforce\NGTrackForce\node_modules\protractor\built\browser.js:720:27)
    at ManagedPromise.invokeCallback_ (D:\code\java\trackforce\NGTrackForce\node_modules\selenium-webdriver\lib\promise.js:1376:14)
    at TaskQueue.execute_ (D:\code\java\trackforce\NGTrackForce\node_modules\selenium-webdriver\lib\promise.js:3084:14)
    at TaskQueue.executeNext_ (D:\code\java\trackforce\NGTrackForce\node_modules\selenium-webdriver\lib\promise.js:3067:27)
    at asyncRun (D:\code\java\trackforce\NGTrackForce\node_modules\selenium-webdriver\lib\promise.js:2927:27)
    at D:\code\java\trackforce\NGTrackForce\node_modules\selenium-webdriver\lib\promise.js:668:7
    at <anonymous>
    at process._tickCallback (internal/process/next_tick.js:188:7)
From: Task: Run beforeAll in control flow
    at UserContext.<anonymous> (D:\code\java\trackforce\NGTrackForce\node_modules\jasminewd2\index.js:94:19)
    at attempt (D:\code\java\trackforce\NGTrackForce\node_modules\jasmine\node_modules\jasmine-core\lib\jasmine-core\jasmine.js:4486:26)
    at QueueRunner.run (D:\code\java\trackforce\NGTrackForce\node_modules\jasmine\node_modules\jasmine-core\lib\jasmine-core\jasmine.js:4402:20)
    at QueueRunner.execute (D:\code\java\trackforce\NGTrackForce\node_modules\jasmine\node_modules\jasmine-core\lib\jasmine-core\jasmine.js:4384:10)
    at queueRunnerFactory (D:\code\java\trackforce\NGTrackForce\node_modules\jasmine\node_modules\jasmine-core\lib\jasmine-core\jasmine.js:964:35)
    at UserContext.fn (D:\code\java\trackforce\NGTrackForce\node_modules\jasmine\node_modules\jasmine-core\lib\jasmine-core\jasmine.js:5526:13)
    at attempt (D:\code\java\trackforce\NGTrackForce\node_modules\jasmine\node_modules\jasmine-core\lib\jasmine-core\jasmine.js:4486:26)
    at QueueRunner.run (D:\code\java\trackforce\NGTrackForce\node_modules\jasmine\node_modules\jasmine-core\lib\jasmine-core\jasmine.js:4402:20)
    at runNext (D:\code\java\trackforce\NGTrackForce\node_modules\jasmine\node_modules\jasmine-core\lib\jasmine-core\jasmine.js:4446:20)
    at D:\code\java\trackforce\NGTrackForce\node_modules\jasmine\node_modules\jasmine-core\lib\jasmine-core\jasmine.js:4453:13
From asynchronous test: 
Error
    at Suite.<anonymous> (D:\code\java\trackforce\NGTrackForce\e2e\login\login.e2e-spec.ts:10:3)
    at addSpecsToSuite (D:\code\java\trackforce\NGTrackForce\node_modules\jasmine\node_modules\jasmine-core\lib\jasmine-core\jasmine.js:1181:25)
    at Env.describe (D:\code\java\trackforce\NGTrackForce\node_modules\jasmine\node_modules\jasmine-core\lib\jasmine-core\jasmine.js:1145:7)
    at describe (D:\code\java\trackforce\NGTrackForce\node_modules\jasmine\node_modules\jasmine-core\lib\jasmine-core\jasmine.js:4593:18)
    at Object.<anonymous> (D:\code\java\trackforce\NGTrackForce\e2e\login\login.e2e-spec.ts:7:1)
    at Module._compile (module.js:652:30)
    at Module.m._compile (D:\code\java\trackforce\NGTrackForce\node_modules\ts-node\src\index.ts:422:23)
    at Module._extensions..js (module.js:663:10)
    at Object.require.extensions.(anonymous function) [as .ts] (D:\code\java\trackforce\NGTrackForce\node_modules\ts-node\src\index.ts:425:12)]]>
   </failure>
   <failure type="exception" message="Failed: Error while waiting for Protractor to sync with the page: &quot;both angularJS testability and angular testability are undefined.  This could be either because this is a non-angular page or because your test involves client-side navigation, which can interfere with Protractor&apos;s bootstrapping.  See http://git.io/v4gXM for details&quot;"><![CDATA[Error: Error while waiting for Protractor to sync with the page: "both angularJS testability and angular testability are undefined.  This could be either because this is a non-angular page or because your test involves client-side navigation, which can interfere with Protractor's bootstrapping.  See http://git.io/v4gXM for details"
    at runWaitForAngularScript.then (D:\code\java\trackforce\NGTrackForce\node_modules\protractor\built\browser.js:463:23)
    at ManagedPromise.invokeCallback_ (D:\code\java\trackforce\NGTrackForce\node_modules\selenium-webdriver\lib\promise.js:1376:14)
    at TaskQueue.execute_ (D:\code\java\trackforce\NGTrackForce\node_modules\selenium-webdriver\lib\promise.js:3084:14)
    at TaskQueue.executeNext_ (D:\code\java\trackforce\NGTrackForce\node_modules\selenium-webdriver\lib\promise.js:3067:27)
    at asyncRun (D:\code\java\trackforce\NGTrackForce\node_modules\selenium-webdriver\lib\promise.js:2927:27)
    at D:\code\java\trackforce\NGTrackForce\node_modules\selenium-webdriver\lib\promise.js:668:7
    at <anonymous>
    at process._tickCallback (internal/process/next_tick.js:188:7)Error
    at ElementArrayFinder.applyAction_ (D:\code\java\trackforce\NGTrackForce\node_modules\protractor\built\element.js:459:27)
    at ElementArrayFinder.(anonymous function).args [as getAttribute] (D:\code\java\trackforce\NGTrackForce\node_modules\protractor\built\element.js:91:29)
    at ElementFinder.(anonymous function).args [as getAttribute] (D:\code\java\trackforce\NGTrackForce\node_modules\protractor\built\element.js:831:22)
    at LoginPage.getUsernamePlaceholder (D:\code\java\trackforce\NGTrackForce\e2e\login\login.po.ts:14:41)
    at UserContext.<anonymous> (D:\code\java\trackforce\NGTrackForce\e2e\login\login.e2e-spec.ts:28:17)
    at D:\code\java\trackforce\NGTrackForce\node_modules\jasminewd2\index.js:112:25
    at new ManagedPromise (D:\code\java\trackforce\NGTrackForce\node_modules\selenium-webdriver\lib\promise.js:1077:7)
    at ControlFlow.promise (D:\code\java\trackforce\NGTrackForce\node_modules\selenium-webdriver\lib\promise.js:2505:12)
    at schedulerExecute (D:\code\java\trackforce\NGTrackForce\node_modules\jasminewd2\index.js:95:18)
    at TaskQueue.execute_ (D:\code\java\trackforce\NGTrackForce\node_modules\selenium-webdriver\lib\promise.js:3084:14)
From: Task: Run it("should display proper placeholder: Username") in control flow
    at UserContext.<anonymous> (D:\code\java\trackforce\NGTrackForce\node_modules\jasminewd2\index.js:94:19)
    at attempt (D:\code\java\trackforce\NGTrackForce\node_modules\jasmine\node_modules\jasmine-core\lib\jasmine-core\jasmine.js:4486:26)
    at QueueRunner.run (D:\code\java\trackforce\NGTrackForce\node_modules\jasmine\node_modules\jasmine-core\lib\jasmine-core\jasmine.js:4402:20)
    at QueueRunner.execute (D:\code\java\trackforce\NGTrackForce\node_modules\jasmine\node_modules\jasmine-core\lib\jasmine-core\jasmine.js:4384:10)
    at Spec.queueRunnerFactory (D:\code\java\trackforce\NGTrackForce\node_modules\jasmine\node_modules\jasmine-core\lib\jasmine-core\jasmine.js:964:35)
    at Spec.execute (D:\code\java\trackforce\NGTrackForce\node_modules\jasmine\node_modules\jasmine-core\lib\jasmine-core\jasmine.js:563:10)
    at UserContext.fn (D:\code\java\trackforce\NGTrackForce\node_modules\jasmine\node_modules\jasmine-core\lib\jasmine-core\jasmine.js:5541:37)
    at attempt (D:\code\java\trackforce\NGTrackForce\node_modules\jasmine\node_modules\jasmine-core\lib\jasmine-core\jasmine.js:4486:26)
    at QueueRunner.run (D:\code\java\trackforce\NGTrackForce\node_modules\jasmine\node_modules\jasmine-core\lib\jasmine-core\jasmine.js:4402:20)
    at runNext (D:\code\java\trackforce\NGTrackForce\node_modules\jasmine\node_modules\jasmine-core\lib\jasmine-core\jasmine.js:4446:20)
From asynchronous test: 
Error
    at Suite.<anonymous> (D:\code\java\trackforce\NGTrackForce\e2e\login\login.e2e-spec.ts:27:3)
    at addSpecsToSuite (D:\code\java\trackforce\NGTrackForce\node_modules\jasmine\node_modules\jasmine-core\lib\jasmine-core\jasmine.js:1181:25)
    at Env.describe (D:\code\java\trackforce\NGTrackForce\node_modules\jasmine\node_modules\jasmine-core\lib\jasmine-core\jasmine.js:1145:7)
    at describe (D:\code\java\trackforce\NGTrackForce\node_modules\jasmine\node_modules\jasmine-core\lib\jasmine-core\jasmine.js:4593:18)
    at Object.<anonymous> (D:\code\java\trackforce\NGTrackForce\e2e\login\login.e2e-spec.ts:7:1)
    at Module._compile (module.js:652:30)
    at Module.m._compile (D:\code\java\trackforce\NGTrackForce\node_modules\ts-node\src\index.ts:422:23)
    at Module._extensions..js (module.js:663:10)
    at Object.require.extensions.(anonymous function) [as .ts] (D:\code\java\trackforce\NGTrackForce\node_modules\ts-node\src\index.ts:425:12)]]>
   </failure>
  </testcase>
  <testcase classname="login page element existences" name="should display proper placeholder: Password" time="0.156">
   <failure type="exception" message="Failed: Angular could not be found on the page http://localhost:4200/login.If this is not an Angular application, you may need to turn off waiting for Angular.
                          Please see 
                          https://github.com/angular/protractor/blob/master/docs/timeouts.md#waiting-for-angular-on-page-load"><![CDATA[Error: Angular could not be found on the page http://localhost:4200/login.If this is not an Angular application, you may need to turn off waiting for Angular.
                          Please see 
                          https://github.com/angular/protractor/blob/master/docs/timeouts.md#waiting-for-angular-on-page-load
    at executeAsyncScript_.then (D:\code\java\trackforce\NGTrackForce\node_modules\protractor\built\browser.js:720:27)
    at ManagedPromise.invokeCallback_ (D:\code\java\trackforce\NGTrackForce\node_modules\selenium-webdriver\lib\promise.js:1376:14)
    at TaskQueue.execute_ (D:\code\java\trackforce\NGTrackForce\node_modules\selenium-webdriver\lib\promise.js:3084:14)
    at TaskQueue.executeNext_ (D:\code\java\trackforce\NGTrackForce\node_modules\selenium-webdriver\lib\promise.js:3067:27)
    at asyncRun (D:\code\java\trackforce\NGTrackForce\node_modules\selenium-webdriver\lib\promise.js:2927:27)
    at D:\code\java\trackforce\NGTrackForce\node_modules\selenium-webdriver\lib\promise.js:668:7
    at <anonymous>
    at process._tickCallback (internal/process/next_tick.js:188:7)
From: Task: Run beforeAll in control flow
    at UserContext.<anonymous> (D:\code\java\trackforce\NGTrackForce\node_modules\jasminewd2\index.js:94:19)
    at attempt (D:\code\java\trackforce\NGTrackForce\node_modules\jasmine\node_modules\jasmine-core\lib\jasmine-core\jasmine.js:4486:26)
    at QueueRunner.run (D:\code\java\trackforce\NGTrackForce\node_modules\jasmine\node_modules\jasmine-core\lib\jasmine-core\jasmine.js:4402:20)
    at QueueRunner.execute (D:\code\java\trackforce\NGTrackForce\node_modules\jasmine\node_modules\jasmine-core\lib\jasmine-core\jasmine.js:4384:10)
    at queueRunnerFactory (D:\code\java\trackforce\NGTrackForce\node_modules\jasmine\node_modules\jasmine-core\lib\jasmine-core\jasmine.js:964:35)
    at UserContext.fn (D:\code\java\trackforce\NGTrackForce\node_modules\jasmine\node_modules\jasmine-core\lib\jasmine-core\jasmine.js:5526:13)
    at attempt (D:\code\java\trackforce\NGTrackForce\node_modules\jasmine\node_modules\jasmine-core\lib\jasmine-core\jasmine.js:4486:26)
    at QueueRunner.run (D:\code\java\trackforce\NGTrackForce\node_modules\jasmine\node_modules\jasmine-core\lib\jasmine-core\jasmine.js:4402:20)
    at runNext (D:\code\java\trackforce\NGTrackForce\node_modules\jasmine\node_modules\jasmine-core\lib\jasmine-core\jasmine.js:4446:20)
    at D:\code\java\trackforce\NGTrackForce\node_modules\jasmine\node_modules\jasmine-core\lib\jasmine-core\jasmine.js:4453:13
From asynchronous test: 
Error
    at Suite.<anonymous> (D:\code\java\trackforce\NGTrackForce\e2e\login\login.e2e-spec.ts:10:3)
    at addSpecsToSuite (D:\code\java\trackforce\NGTrackForce\node_modules\jasmine\node_modules\jasmine-core\lib\jasmine-core\jasmine.js:1181:25)
    at Env.describe (D:\code\java\trackforce\NGTrackForce\node_modules\jasmine\node_modules\jasmine-core\lib\jasmine-core\jasmine.js:1145:7)
    at describe (D:\code\java\trackforce\NGTrackForce\node_modules\jasmine\node_modules\jasmine-core\lib\jasmine-core\jasmine.js:4593:18)
    at Object.<anonymous> (D:\code\java\trackforce\NGTrackForce\e2e\login\login.e2e-spec.ts:7:1)
    at Module._compile (module.js:652:30)
    at Module.m._compile (D:\code\java\trackforce\NGTrackForce\node_modules\ts-node\src\index.ts:422:23)
    at Module._extensions..js (module.js:663:10)
    at Object.require.extensions.(anonymous function) [as .ts] (D:\code\java\trackforce\NGTrackForce\node_modules\ts-node\src\index.ts:425:12)]]>
   </failure>
   <failure type="exception" message="Failed: Error while waiting for Protractor to sync with the page: &quot;both angularJS testability and angular testability are undefined.  This could be either because this is a non-angular page or because your test involves client-side navigation, which can interfere with Protractor&apos;s bootstrapping.  See http://git.io/v4gXM for details&quot;"><![CDATA[Error: Error while waiting for Protractor to sync with the page: "both angularJS testability and angular testability are undefined.  This could be either because this is a non-angular page or because your test involves client-side navigation, which can interfere with Protractor's bootstrapping.  See http://git.io/v4gXM for details"
    at runWaitForAngularScript.then (D:\code\java\trackforce\NGTrackForce\node_modules\protractor\built\browser.js:463:23)
    at ManagedPromise.invokeCallback_ (D:\code\java\trackforce\NGTrackForce\node_modules\selenium-webdriver\lib\promise.js:1376:14)
    at TaskQueue.execute_ (D:\code\java\trackforce\NGTrackForce\node_modules\selenium-webdriver\lib\promise.js:3084:14)
    at TaskQueue.executeNext_ (D:\code\java\trackforce\NGTrackForce\node_modules\selenium-webdriver\lib\promise.js:3067:27)
    at asyncRun (D:\code\java\trackforce\NGTrackForce\node_modules\selenium-webdriver\lib\promise.js:2927:27)
    at D:\code\java\trackforce\NGTrackForce\node_modules\selenium-webdriver\lib\promise.js:668:7
    at <anonymous>
    at process._tickCallback (internal/process/next_tick.js:188:7)Error
    at ElementArrayFinder.applyAction_ (D:\code\java\trackforce\NGTrackForce\node_modules\protractor\built\element.js:459:27)
    at ElementArrayFinder.(anonymous function).args [as getAttribute] (D:\code\java\trackforce\NGTrackForce\node_modules\protractor\built\element.js:91:29)
    at ElementFinder.(anonymous function).args [as getAttribute] (D:\code\java\trackforce\NGTrackForce\node_modules\protractor\built\element.js:831:22)
    at LoginPage.getPasswordPlaceholder (D:\code\java\trackforce\NGTrackForce\e2e\login\login.po.ts:22:41)
    at UserContext.<anonymous> (D:\code\java\trackforce\NGTrackForce\e2e\login\login.e2e-spec.ts:32:17)
    at D:\code\java\trackforce\NGTrackForce\node_modules\jasminewd2\index.js:112:25
    at new ManagedPromise (D:\code\java\trackforce\NGTrackForce\node_modules\selenium-webdriver\lib\promise.js:1077:7)
    at ControlFlow.promise (D:\code\java\trackforce\NGTrackForce\node_modules\selenium-webdriver\lib\promise.js:2505:12)
    at schedulerExecute (D:\code\java\trackforce\NGTrackForce\node_modules\jasminewd2\index.js:95:18)
    at TaskQueue.execute_ (D:\code\java\trackforce\NGTrackForce\node_modules\selenium-webdriver\lib\promise.js:3084:14)
From: Task: Run it("should display proper placeholder: Password") in control flow
    at UserContext.<anonymous> (D:\code\java\trackforce\NGTrackForce\node_modules\jasminewd2\index.js:94:19)
    at attempt (D:\code\java\trackforce\NGTrackForce\node_modules\jasmine\node_modules\jasmine-core\lib\jasmine-core\jasmine.js:4486:26)
    at QueueRunner.run (D:\code\java\trackforce\NGTrackForce\node_modules\jasmine\node_modules\jasmine-core\lib\jasmine-core\jasmine.js:4402:20)
    at QueueRunner.execute (D:\code\java\trackforce\NGTrackForce\node_modules\jasmine\node_modules\jasmine-core\lib\jasmine-core\jasmine.js:4384:10)
    at Spec.queueRunnerFactory (D:\code\java\trackforce\NGTrackForce\node_modules\jasmine\node_modules\jasmine-core\lib\jasmine-core\jasmine.js:964:35)
    at Spec.execute (D:\code\java\trackforce\NGTrackForce\node_modules\jasmine\node_modules\jasmine-core\lib\jasmine-core\jasmine.js:563:10)
    at UserContext.fn (D:\code\java\trackforce\NGTrackForce\node_modules\jasmine\node_modules\jasmine-core\lib\jasmine-core\jasmine.js:5541:37)
    at attempt (D:\code\java\trackforce\NGTrackForce\node_modules\jasmine\node_modules\jasmine-core\lib\jasmine-core\jasmine.js:4486:26)
    at QueueRunner.run (D:\code\java\trackforce\NGTrackForce\node_modules\jasmine\node_modules\jasmine-core\lib\jasmine-core\jasmine.js:4402:20)
    at runNext (D:\code\java\trackforce\NGTrackForce\node_modules\jasmine\node_modules\jasmine-core\lib\jasmine-core\jasmine.js:4446:20)
From asynchronous test: 
Error
    at Suite.<anonymous> (D:\code\java\trackforce\NGTrackForce\e2e\login\login.e2e-spec.ts:31:3)
    at addSpecsToSuite (D:\code\java\trackforce\NGTrackForce\node_modules\jasmine\node_modules\jasmine-core\lib\jasmine-core\jasmine.js:1181:25)
    at Env.describe (D:\code\java\trackforce\NGTrackForce\node_modules\jasmine\node_modules\jasmine-core\lib\jasmine-core\jasmine.js:1145:7)
    at describe (D:\code\java\trackforce\NGTrackForce\node_modules\jasmine\node_modules\jasmine-core\lib\jasmine-core\jasmine.js:4593:18)
    at Object.<anonymous> (D:\code\java\trackforce\NGTrackForce\e2e\login\login.e2e-spec.ts:7:1)
    at Module._compile (module.js:652:30)
    at Module.m._compile (D:\code\java\trackforce\NGTrackForce\node_modules\ts-node\src\index.ts:422:23)
    at Module._extensions..js (module.js:663:10)
    at Object.require.extensions.(anonymous function) [as .ts] (D:\code\java\trackforce\NGTrackForce\node_modules\ts-node\src\index.ts:425:12)]]>
   </failure>
  </testcase>
  <testcase classname="login page element existences" name="should display proper value for button" time="0.156">
   <failure type="exception" message="Failed: Angular could not be found on the page http://localhost:4200/login.If this is not an Angular application, you may need to turn off waiting for Angular.
                          Please see 
                          https://github.com/angular/protractor/blob/master/docs/timeouts.md#waiting-for-angular-on-page-load"><![CDATA[Error: Angular could not be found on the page http://localhost:4200/login.If this is not an Angular application, you may need to turn off waiting for Angular.
                          Please see 
                          https://github.com/angular/protractor/blob/master/docs/timeouts.md#waiting-for-angular-on-page-load
    at executeAsyncScript_.then (D:\code\java\trackforce\NGTrackForce\node_modules\protractor\built\browser.js:720:27)
    at ManagedPromise.invokeCallback_ (D:\code\java\trackforce\NGTrackForce\node_modules\selenium-webdriver\lib\promise.js:1376:14)
    at TaskQueue.execute_ (D:\code\java\trackforce\NGTrackForce\node_modules\selenium-webdriver\lib\promise.js:3084:14)
    at TaskQueue.executeNext_ (D:\code\java\trackforce\NGTrackForce\node_modules\selenium-webdriver\lib\promise.js:3067:27)
    at asyncRun (D:\code\java\trackforce\NGTrackForce\node_modules\selenium-webdriver\lib\promise.js:2927:27)
    at D:\code\java\trackforce\NGTrackForce\node_modules\selenium-webdriver\lib\promise.js:668:7
    at <anonymous>
    at process._tickCallback (internal/process/next_tick.js:188:7)
From: Task: Run beforeAll in control flow
    at UserContext.<anonymous> (D:\code\java\trackforce\NGTrackForce\node_modules\jasminewd2\index.js:94:19)
    at attempt (D:\code\java\trackforce\NGTrackForce\node_modules\jasmine\node_modules\jasmine-core\lib\jasmine-core\jasmine.js:4486:26)
    at QueueRunner.run (D:\code\java\trackforce\NGTrackForce\node_modules\jasmine\node_modules\jasmine-core\lib\jasmine-core\jasmine.js:4402:20)
    at QueueRunner.execute (D:\code\java\trackforce\NGTrackForce\node_modules\jasmine\node_modules\jasmine-core\lib\jasmine-core\jasmine.js:4384:10)
    at queueRunnerFactory (D:\code\java\trackforce\NGTrackForce\node_modules\jasmine\node_modules\jasmine-core\lib\jasmine-core\jasmine.js:964:35)
    at UserContext.fn (D:\code\java\trackforce\NGTrackForce\node_modules\jasmine\node_modules\jasmine-core\lib\jasmine-core\jasmine.js:5526:13)
    at attempt (D:\code\java\trackforce\NGTrackForce\node_modules\jasmine\node_modules\jasmine-core\lib\jasmine-core\jasmine.js:4486:26)
    at QueueRunner.run (D:\code\java\trackforce\NGTrackForce\node_modules\jasmine\node_modules\jasmine-core\lib\jasmine-core\jasmine.js:4402:20)
    at runNext (D:\code\java\trackforce\NGTrackForce\node_modules\jasmine\node_modules\jasmine-core\lib\jasmine-core\jasmine.js:4446:20)
    at D:\code\java\trackforce\NGTrackForce\node_modules\jasmine\node_modules\jasmine-core\lib\jasmine-core\jasmine.js:4453:13
From asynchronous test: 
Error
    at Suite.<anonymous> (D:\code\java\trackforce\NGTrackForce\e2e\login\login.e2e-spec.ts:10:3)
    at addSpecsToSuite (D:\code\java\trackforce\NGTrackForce\node_modules\jasmine\node_modules\jasmine-core\lib\jasmine-core\jasmine.js:1181:25)
    at Env.describe (D:\code\java\trackforce\NGTrackForce\node_modules\jasmine\node_modules\jasmine-core\lib\jasmine-core\jasmine.js:1145:7)
    at describe (D:\code\java\trackforce\NGTrackForce\node_modules\jasmine\node_modules\jasmine-core\lib\jasmine-core\jasmine.js:4593:18)
    at Object.<anonymous> (D:\code\java\trackforce\NGTrackForce\e2e\login\login.e2e-spec.ts:7:1)
    at Module._compile (module.js:652:30)
    at Module.m._compile (D:\code\java\trackforce\NGTrackForce\node_modules\ts-node\src\index.ts:422:23)
    at Module._extensions..js (module.js:663:10)
    at Object.require.extensions.(anonymous function) [as .ts] (D:\code\java\trackforce\NGTrackForce\node_modules\ts-node\src\index.ts:425:12)]]>
   </failure>
   <failure type="exception" message="Failed: Error while waiting for Protractor to sync with the page: &quot;both angularJS testability and angular testability are undefined.  This could be either because this is a non-angular page or because your test involves client-side navigation, which can interfere with Protractor&apos;s bootstrapping.  See http://git.io/v4gXM for details&quot;"><![CDATA[Error: Error while waiting for Protractor to sync with the page: "both angularJS testability and angular testability are undefined.  This could be either because this is a non-angular page or because your test involves client-side navigation, which can interfere with Protractor's bootstrapping.  See http://git.io/v4gXM for details"
    at runWaitForAngularScript.then (D:\code\java\trackforce\NGTrackForce\node_modules\protractor\built\browser.js:463:23)
    at ManagedPromise.invokeCallback_ (D:\code\java\trackforce\NGTrackForce\node_modules\selenium-webdriver\lib\promise.js:1376:14)
    at TaskQueue.execute_ (D:\code\java\trackforce\NGTrackForce\node_modules\selenium-webdriver\lib\promise.js:3084:14)
    at TaskQueue.executeNext_ (D:\code\java\trackforce\NGTrackForce\node_modules\selenium-webdriver\lib\promise.js:3067:27)
    at asyncRun (D:\code\java\trackforce\NGTrackForce\node_modules\selenium-webdriver\lib\promise.js:2927:27)
    at D:\code\java\trackforce\NGTrackForce\node_modules\selenium-webdriver\lib\promise.js:668:7
    at <anonymous>
    at process._tickCallback (internal/process/next_tick.js:188:7)Error
    at ElementArrayFinder.applyAction_ (D:\code\java\trackforce\NGTrackForce\node_modules\protractor\built\element.js:459:27)
    at ElementArrayFinder.(anonymous function).args [as getText] (D:\code\java\trackforce\NGTrackForce\node_modules\protractor\built\element.js:91:29)
    at ElementFinder.(anonymous function).args [as getText] (D:\code\java\trackforce\NGTrackForce\node_modules\protractor\built\element.js:831:22)
    at LoginPage.getLoginButtonText (D:\code\java\trackforce\NGTrackForce\e2e\login\login.po.ts:30:42)
    at UserContext.<anonymous> (D:\code\java\trackforce\NGTrackForce\e2e\login\login.e2e-spec.ts:36:17)
    at D:\code\java\trackforce\NGTrackForce\node_modules\jasminewd2\index.js:112:25
    at new ManagedPromise (D:\code\java\trackforce\NGTrackForce\node_modules\selenium-webdriver\lib\promise.js:1077:7)
    at ControlFlow.promise (D:\code\java\trackforce\NGTrackForce\node_modules\selenium-webdriver\lib\promise.js:2505:12)
    at schedulerExecute (D:\code\java\trackforce\NGTrackForce\node_modules\jasminewd2\index.js:95:18)
    at TaskQueue.execute_ (D:\code\java\trackforce\NGTrackForce\node_modules\selenium-webdriver\lib\promise.js:3084:14)
From: Task: Run it("should display proper value for button") in control flow
    at UserContext.<anonymous> (D:\code\java\trackforce\NGTrackForce\node_modules\jasminewd2\index.js:94:19)
    at attempt (D:\code\java\trackforce\NGTrackForce\node_modules\jasmine\node_modules\jasmine-core\lib\jasmine-core\jasmine.js:4486:26)
    at QueueRunner.run (D:\code\java\trackforce\NGTrackForce\node_modules\jasmine\node_modules\jasmine-core\lib\jasmine-core\jasmine.js:4402:20)
    at QueueRunner.execute (D:\code\java\trackforce\NGTrackForce\node_modules\jasmine\node_modules\jasmine-core\lib\jasmine-core\jasmine.js:4384:10)
    at Spec.queueRunnerFactory (D:\code\java\trackforce\NGTrackForce\node_modules\jasmine\node_modules\jasmine-core\lib\jasmine-core\jasmine.js:964:35)
    at Spec.execute (D:\code\java\trackforce\NGTrackForce\node_modules\jasmine\node_modules\jasmine-core\lib\jasmine-core\jasmine.js:563:10)
    at UserContext.fn (D:\code\java\trackforce\NGTrackForce\node_modules\jasmine\node_modules\jasmine-core\lib\jasmine-core\jasmine.js:5541:37)
    at attempt (D:\code\java\trackforce\NGTrackForce\node_modules\jasmine\node_modules\jasmine-core\lib\jasmine-core\jasmine.js:4486:26)
    at QueueRunner.run (D:\code\java\trackforce\NGTrackForce\node_modules\jasmine\node_modules\jasmine-core\lib\jasmine-core\jasmine.js:4402:20)
    at runNext (D:\code\java\trackforce\NGTrackForce\node_modules\jasmine\node_modules\jasmine-core\lib\jasmine-core\jasmine.js:4446:20)
From asynchronous test: 
Error
    at Suite.<anonymous> (D:\code\java\trackforce\NGTrackForce\e2e\login\login.e2e-spec.ts:35:3)
    at addSpecsToSuite (D:\code\java\trackforce\NGTrackForce\node_modules\jasmine\node_modules\jasmine-core\lib\jasmine-core\jasmine.js:1181:25)
    at Env.describe (D:\code\java\trackforce\NGTrackForce\node_modules\jasmine\node_modules\jasmine-core\lib\jasmine-core\jasmine.js:1145:7)
    at describe (D:\code\java\trackforce\NGTrackForce\node_modules\jasmine\node_modules\jasmine-core\lib\jasmine-core\jasmine.js:4593:18)
    at Object.<anonymous> (D:\code\java\trackforce\NGTrackForce\e2e\login\login.e2e-spec.ts:7:1)
    at Module._compile (module.js:652:30)
    at Module.m._compile (D:\code\java\trackforce\NGTrackForce\node_modules\ts-node\src\index.ts:422:23)
    at Module._extensions..js (module.js:663:10)
    at Object.require.extensions.(anonymous function) [as .ts] (D:\code\java\trackforce\NGTrackForce\node_modules\ts-node\src\index.ts:425:12)]]>
   </failure>
  </testcase>
 </testsuite>
 <testsuite name="Confirm login failures" timestamp="2018-08-16T14:44:59" hostname="localhost" time="11.181" errors="0" tests="2" skipped="0" disabled="0" failures="4">
  <testcase classname="Confirm login failures" name="should fail to log in when nothing is entered" time="0.219">
   <failure type="exception" message="Failed: Angular could not be found on the page http://localhost:4200/login.If this is not an Angular application, you may need to turn off waiting for Angular.
                          Please see 
                          https://github.com/angular/protractor/blob/master/docs/timeouts.md#waiting-for-angular-on-page-load"><![CDATA[Error: Angular could not be found on the page http://localhost:4200/login.If this is not an Angular application, you may need to turn off waiting for Angular.
                          Please see 
                          https://github.com/angular/protractor/blob/master/docs/timeouts.md#waiting-for-angular-on-page-load
    at executeAsyncScript_.then (D:\code\java\trackforce\NGTrackForce\node_modules\protractor\built\browser.js:720:27)
    at ManagedPromise.invokeCallback_ (D:\code\java\trackforce\NGTrackForce\node_modules\selenium-webdriver\lib\promise.js:1376:14)
    at TaskQueue.execute_ (D:\code\java\trackforce\NGTrackForce\node_modules\selenium-webdriver\lib\promise.js:3084:14)
    at TaskQueue.executeNext_ (D:\code\java\trackforce\NGTrackForce\node_modules\selenium-webdriver\lib\promise.js:3067:27)
    at asyncRun (D:\code\java\trackforce\NGTrackForce\node_modules\selenium-webdriver\lib\promise.js:2927:27)
    at D:\code\java\trackforce\NGTrackForce\node_modules\selenium-webdriver\lib\promise.js:668:7
    at <anonymous>
    at process._tickCallback (internal/process/next_tick.js:188:7)
From: Task: Run beforeAll in control flow
    at UserContext.<anonymous> (D:\code\java\trackforce\NGTrackForce\node_modules\jasminewd2\index.js:94:19)
    at attempt (D:\code\java\trackforce\NGTrackForce\node_modules\jasmine\node_modules\jasmine-core\lib\jasmine-core\jasmine.js:4486:26)
    at QueueRunner.run (D:\code\java\trackforce\NGTrackForce\node_modules\jasmine\node_modules\jasmine-core\lib\jasmine-core\jasmine.js:4402:20)
    at QueueRunner.execute (D:\code\java\trackforce\NGTrackForce\node_modules\jasmine\node_modules\jasmine-core\lib\jasmine-core\jasmine.js:4384:10)
    at queueRunnerFactory (D:\code\java\trackforce\NGTrackForce\node_modules\jasmine\node_modules\jasmine-core\lib\jasmine-core\jasmine.js:964:35)
    at UserContext.fn (D:\code\java\trackforce\NGTrackForce\node_modules\jasmine\node_modules\jasmine-core\lib\jasmine-core\jasmine.js:5526:13)
    at attempt (D:\code\java\trackforce\NGTrackForce\node_modules\jasmine\node_modules\jasmine-core\lib\jasmine-core\jasmine.js:4486:26)
    at QueueRunner.run (D:\code\java\trackforce\NGTrackForce\node_modules\jasmine\node_modules\jasmine-core\lib\jasmine-core\jasmine.js:4402:20)
    at runNext (D:\code\java\trackforce\NGTrackForce\node_modules\jasmine\node_modules\jasmine-core\lib\jasmine-core\jasmine.js:4446:20)
    at D:\code\java\trackforce\NGTrackForce\node_modules\jasmine\node_modules\jasmine-core\lib\jasmine-core\jasmine.js:4453:13
From asynchronous test: 
Error
    at Suite.<anonymous> (D:\code\java\trackforce\NGTrackForce\e2e\login\login.e2e-spec.ts:43:3)
    at addSpecsToSuite (D:\code\java\trackforce\NGTrackForce\node_modules\jasmine\node_modules\jasmine-core\lib\jasmine-core\jasmine.js:1181:25)
    at Env.describe (D:\code\java\trackforce\NGTrackForce\node_modules\jasmine\node_modules\jasmine-core\lib\jasmine-core\jasmine.js:1145:7)
    at describe (D:\code\java\trackforce\NGTrackForce\node_modules\jasmine\node_modules\jasmine-core\lib\jasmine-core\jasmine.js:4593:18)
    at Object.<anonymous> (D:\code\java\trackforce\NGTrackForce\e2e\login\login.e2e-spec.ts:40:1)
    at Module._compile (module.js:652:30)
    at Module.m._compile (D:\code\java\trackforce\NGTrackForce\node_modules\ts-node\src\index.ts:422:23)
    at Module._extensions..js (module.js:663:10)
    at Object.require.extensions.(anonymous function) [as .ts] (D:\code\java\trackforce\NGTrackForce\node_modules\ts-node\src\index.ts:425:12)]]>
   </failure>
   <failure type="exception" message="Failed: Error while waiting for Protractor to sync with the page: &quot;both angularJS testability and angular testability are undefined.  This could be either because this is a non-angular page or because your test involves client-side navigation, which can interfere with Protractor&apos;s bootstrapping.  See http://git.io/v4gXM for details&quot;"><![CDATA[Error: Error while waiting for Protractor to sync with the page: "both angularJS testability and angular testability are undefined.  This could be either because this is a non-angular page or because your test involves client-side navigation, which can interfere with Protractor's bootstrapping.  See http://git.io/v4gXM for details"
    at runWaitForAngularScript.then (D:\code\java\trackforce\NGTrackForce\node_modules\protractor\built\browser.js:463:23)
    at ManagedPromise.invokeCallback_ (D:\code\java\trackforce\NGTrackForce\node_modules\selenium-webdriver\lib\promise.js:1376:14)
    at TaskQueue.execute_ (D:\code\java\trackforce\NGTrackForce\node_modules\selenium-webdriver\lib\promise.js:3084:14)
    at TaskQueue.executeNext_ (D:\code\java\trackforce\NGTrackForce\node_modules\selenium-webdriver\lib\promise.js:3067:27)
    at asyncRun (D:\code\java\trackforce\NGTrackForce\node_modules\selenium-webdriver\lib\promise.js:2927:27)
    at D:\code\java\trackforce\NGTrackForce\node_modules\selenium-webdriver\lib\promise.js:668:7
    at <anonymous>
    at process._tickCallback (internal/process/next_tick.js:188:7)Error
    at ElementArrayFinder.applyAction_ (D:\code\java\trackforce\NGTrackForce\node_modules\protractor\built\element.js:459:27)
    at ElementArrayFinder.(anonymous function).args [as click] (D:\code\java\trackforce\NGTrackForce\node_modules\protractor\built\element.js:91:29)
    at ElementFinder.(anonymous function).args [as click] (D:\code\java\trackforce\NGTrackForce\node_modules\protractor\built\element.js:831:22)
    at UserContext.<anonymous> (D:\code\java\trackforce\NGTrackForce\e2e\login\login.e2e-spec.ts:49:27)
    at D:\code\java\trackforce\NGTrackForce\node_modules\jasminewd2\index.js:112:25
    at new ManagedPromise (D:\code\java\trackforce\NGTrackForce\node_modules\selenium-webdriver\lib\promise.js:1077:7)
    at ControlFlow.promise (D:\code\java\trackforce\NGTrackForce\node_modules\selenium-webdriver\lib\promise.js:2505:12)
    at schedulerExecute (D:\code\java\trackforce\NGTrackForce\node_modules\jasminewd2\index.js:95:18)
    at TaskQueue.execute_ (D:\code\java\trackforce\NGTrackForce\node_modules\selenium-webdriver\lib\promise.js:3084:14)
    at TaskQueue.executeNext_ (D:\code\java\trackforce\NGTrackForce\node_modules\selenium-webdriver\lib\promise.js:3067:27)
From: Task: Run it("should fail to log in when nothing is entered") in control flow
    at UserContext.<anonymous> (D:\code\java\trackforce\NGTrackForce\node_modules\jasminewd2\index.js:94:19)
    at attempt (D:\code\java\trackforce\NGTrackForce\node_modules\jasmine\node_modules\jasmine-core\lib\jasmine-core\jasmine.js:4486:26)
    at QueueRunner.run (D:\code\java\trackforce\NGTrackForce\node_modules\jasmine\node_modules\jasmine-core\lib\jasmine-core\jasmine.js:4402:20)
    at QueueRunner.execute (D:\code\java\trackforce\NGTrackForce\node_modules\jasmine\node_modules\jasmine-core\lib\jasmine-core\jasmine.js:4384:10)
    at Spec.queueRunnerFactory (D:\code\java\trackforce\NGTrackForce\node_modules\jasmine\node_modules\jasmine-core\lib\jasmine-core\jasmine.js:964:35)
    at Spec.execute (D:\code\java\trackforce\NGTrackForce\node_modules\jasmine\node_modules\jasmine-core\lib\jasmine-core\jasmine.js:563:10)
    at UserContext.fn (D:\code\java\trackforce\NGTrackForce\node_modules\jasmine\node_modules\jasmine-core\lib\jasmine-core\jasmine.js:5541:37)
    at attempt (D:\code\java\trackforce\NGTrackForce\node_modules\jasmine\node_modules\jasmine-core\lib\jasmine-core\jasmine.js:4486:26)
    at QueueRunner.run (D:\code\java\trackforce\NGTrackForce\node_modules\jasmine\node_modules\jasmine-core\lib\jasmine-core\jasmine.js:4402:20)
    at runNext (D:\code\java\trackforce\NGTrackForce\node_modules\jasmine\node_modules\jasmine-core\lib\jasmine-core\jasmine.js:4446:20)
From asynchronous test: 
Error
    at Suite.<anonymous> (D:\code\java\trackforce\NGTrackForce\e2e\login\login.e2e-spec.ts:48:3)
    at addSpecsToSuite (D:\code\java\trackforce\NGTrackForce\node_modules\jasmine\node_modules\jasmine-core\lib\jasmine-core\jasmine.js:1181:25)
    at Env.describe (D:\code\java\trackforce\NGTrackForce\node_modules\jasmine\node_modules\jasmine-core\lib\jasmine-core\jasmine.js:1145:7)
    at describe (D:\code\java\trackforce\NGTrackForce\node_modules\jasmine\node_modules\jasmine-core\lib\jasmine-core\jasmine.js:4593:18)
    at Object.<anonymous> (D:\code\java\trackforce\NGTrackForce\e2e\login\login.e2e-spec.ts:40:1)
    at Module._compile (module.js:652:30)
    at Module.m._compile (D:\code\java\trackforce\NGTrackForce\node_modules\ts-node\src\index.ts:422:23)
    at Module._extensions..js (module.js:663:10)
    at Object.require.extensions.(anonymous function) [as .ts] (D:\code\java\trackforce\NGTrackForce\node_modules\ts-node\src\index.ts:425:12)]]>
   </failure>
  </testcase>
[...]
    at <anonymous>
    at process._tickCallback (internal/process/next_tick.js:188:7)Error
    at ElementArrayFinder.applyAction_ (D:\code\java\trackforce\NGTrackForce\node_modules\protractor\built\element.js:459:27)
    at ElementArrayFinder.(anonymous function).args [as click] (D:\code\java\trackforce\NGTrackForce\node_modules\protractor\built\element.js:91:29)
    at ElementFinder.(anonymous function).args [as click] (D:\code\java\trackforce\NGTrackForce\node_modules\protractor\built\element.js:831:22)
    at Navbar.goToClientList (D:\code\java\trackforce\NGTrackForce\e2e\navbar\navbar.po.ts:16:43)
    at UserContext.<anonymous> (D:\code\java\trackforce\NGTrackForce\e2e\predictions\predictions.e2e-spec.ts:143:16)
    at D:\code\java\trackforce\NGTrackForce\node_modules\jasminewd2\index.js:112:25
    at new ManagedPromise (D:\code\java\trackforce\NGTrackForce\node_modules\selenium-webdriver\lib\promise.js:1077:7)
    at ControlFlow.promise (D:\code\java\trackforce\NGTrackForce\node_modules\selenium-webdriver\lib\promise.js:2505:12)
    at schedulerExecute (D:\code\java\trackforce\NGTrackForce\node_modules\jasminewd2\index.js:95:18)
    at TaskQueue.execute_ (D:\code\java\trackforce\NGTrackForce\node_modules\selenium-webdriver\lib\promise.js:3084:14)
From: Task: Run it("should navigate to the predictions page") in control flow
    at UserContext.<anonymous> (D:\code\java\trackforce\NGTrackForce\node_modules\jasminewd2\index.js:94:19)
    at attempt (D:\code\java\trackforce\NGTrackForce\node_modules\jasmine\node_modules\jasmine-core\lib\jasmine-core\jasmine.js:4486:26)
    at QueueRunner.run (D:\code\java\trackforce\NGTrackForce\node_modules\jasmine\node_modules\jasmine-core\lib\jasmine-core\jasmine.js:4402:20)
    at QueueRunner.execute (D:\code\java\trackforce\NGTrackForce\node_modules\jasmine\node_modules\jasmine-core\lib\jasmine-core\jasmine.js:4384:10)
    at Spec.queueRunnerFactory (D:\code\java\trackforce\NGTrackForce\node_modules\jasmine\node_modules\jasmine-core\lib\jasmine-core\jasmine.js:964:35)
    at Spec.execute (D:\code\java\trackforce\NGTrackForce\node_modules\jasmine\node_modules\jasmine-core\lib\jasmine-core\jasmine.js:563:10)
    at UserContext.fn (D:\code\java\trackforce\NGTrackForce\node_modules\jasmine\node_modules\jasmine-core\lib\jasmine-core\jasmine.js:5541:37)
    at attempt (D:\code\java\trackforce\NGTrackForce\node_modules\jasmine\node_modules\jasmine-core\lib\jasmine-core\jasmine.js:4486:26)
    at QueueRunner.run (D:\code\java\trackforce\NGTrackForce\node_modules\jasmine\node_modules\jasmine-core\lib\jasmine-core\jasmine.js:4402:20)
    at runNext (D:\code\java\trackforce\NGTrackForce\node_modules\jasmine\node_modules\jasmine-core\lib\jasmine-core\jasmine.js:4446:20)
From asynchronous test: 
Error
    at Suite.<anonymous> (D:\code\java\trackforce\NGTrackForce\e2e\predictions\predictions.e2e-spec.ts:142:5)
    at addSpecsToSuite (D:\code\java\trackforce\NGTrackForce\node_modules\jasmine\node_modules\jasmine-core\lib\jasmine-core\jasmine.js:1181:25)
    at Env.describe (D:\code\java\trackforce\NGTrackForce\node_modules\jasmine\node_modules\jasmine-core\lib\jasmine-core\jasmine.js:1145:7)
    at describe (D:\code\java\trackforce\NGTrackForce\node_modules\jasmine\node_modules\jasmine-core\lib\jasmine-core\jasmine.js:4593:18)
    at Object.<anonymous> (D:\code\java\trackforce\NGTrackForce\e2e\predictions\predictions.e2e-spec.ts:129:1)
    at Module._compile (module.js:652:30)
    at Module.m._compile (D:\code\java\trackforce\NGTrackForce\node_modules\ts-node\src\index.ts:422:23)
    at Module._extensions..js (module.js:663:10)
    at Object.require.extensions.(anonymous function) [as .ts] (D:\code\java\trackforce\NGTrackForce\node_modules\ts-node\src\index.ts:425:12)]]>
   </failure>
  </testcase>
  <testcase classname="When I enter a very large numeric input it" name="should allow user to input a very large number" time="0.109">
   <failure type="exception" message="Failed: Error while waiting for Protractor to sync with the page: &quot;both angularJS testability and angular testability are undefined.  This could be either because this is a non-angular page or because your test involves client-side navigation, which can interfere with Protractor&apos;s bootstrapping.  See http://git.io/v4gXM for details&quot;"><![CDATA[Error: Error while waiting for Protractor to sync with the page: "both angularJS testability and angular testability are undefined.  This could be either because this is a non-angular page or because your test involves client-side navigation, which can interfere with Protractor's bootstrapping.  See http://git.io/v4gXM for details"
    at runWaitForAngularScript.then (D:\code\java\trackforce\NGTrackForce\node_modules\protractor\built\browser.js:463:23)
    at ManagedPromise.invokeCallback_ (D:\code\java\trackforce\NGTrackForce\node_modules\selenium-webdriver\lib\promise.js:1376:14)
    at TaskQueue.execute_ (D:\code\java\trackforce\NGTrackForce\node_modules\selenium-webdriver\lib\promise.js:3084:14)
    at TaskQueue.executeNext_ (D:\code\java\trackforce\NGTrackForce\node_modules\selenium-webdriver\lib\promise.js:3067:27)
    at asyncRun (D:\code\java\trackforce\NGTrackForce\node_modules\selenium-webdriver\lib\promise.js:2927:27)
    at D:\code\java\trackforce\NGTrackForce\node_modules\selenium-webdriver\lib\promise.js:668:7
    at <anonymous>
    at process._tickCallback (internal/process/next_tick.js:188:7)Error
    at ElementArrayFinder.applyAction_ (D:\code\java\trackforce\NGTrackForce\node_modules\protractor\built\element.js:459:27)
    at ElementArrayFinder.(anonymous function).args [as sendKeys] (D:\code\java\trackforce\NGTrackForce\node_modules\protractor\built\element.js:91:29)
    at ElementFinder.(anonymous function).args [as sendKeys] (D:\code\java\trackforce\NGTrackForce\node_modules\protractor\built\element.js:831:22)
    at PredictionsPage.inputStartDate (D:\code\java\trackforce\NGTrackForce\e2e\predictions\predictions.po.ts:90:24)
    at UserContext.<anonymous> (D:\code\java\trackforce\NGTrackForce\e2e\predictions\predictions.e2e-spec.ts:149:25)
    at D:\code\java\trackforce\NGTrackForce\node_modules\jasminewd2\index.js:112:25
    at new ManagedPromise (D:\code\java\trackforce\NGTrackForce\node_modules\selenium-webdriver\lib\promise.js:1077:7)
    at ControlFlow.promise (D:\code\java\trackforce\NGTrackForce\node_modules\selenium-webdriver\lib\promise.js:2505:12)
    at schedulerExecute (D:\code\java\trackforce\NGTrackForce\node_modules\jasminewd2\index.js:95:18)
    at TaskQueue.execute_ (D:\code\java\trackforce\NGTrackForce\node_modules\selenium-webdriver\lib\promise.js:3084:14)
From: Task: Run it("should allow user to input a very large number") in control flow
    at UserContext.<anonymous> (D:\code\java\trackforce\NGTrackForce\node_modules\jasminewd2\index.js:94:19)
    at attempt (D:\code\java\trackforce\NGTrackForce\node_modules\jasmine\node_modules\jasmine-core\lib\jasmine-core\jasmine.js:4486:26)
    at QueueRunner.run (D:\code\java\trackforce\NGTrackForce\node_modules\jasmine\node_modules\jasmine-core\lib\jasmine-core\jasmine.js:4402:20)
    at QueueRunner.execute (D:\code\java\trackforce\NGTrackForce\node_modules\jasmine\node_modules\jasmine-core\lib\jasmine-core\jasmine.js:4384:10)
    at Spec.queueRunnerFactory (D:\code\java\trackforce\NGTrackForce\node_modules\jasmine\node_modules\jasmine-core\lib\jasmine-core\jasmine.js:964:35)
    at Spec.execute (D:\code\java\trackforce\NGTrackForce\node_modules\jasmine\node_modules\jasmine-core\lib\jasmine-core\jasmine.js:563:10)
    at UserContext.fn (D:\code\java\trackforce\NGTrackForce\node_modules\jasmine\node_modules\jasmine-core\lib\jasmine-core\jasmine.js:5541:37)
    at attempt (D:\code\java\trackforce\NGTrackForce\node_modules\jasmine\node_modules\jasmine-core\lib\jasmine-core\jasmine.js:4486:26)
    at QueueRunner.run (D:\code\java\trackforce\NGTrackForce\node_modules\jasmine\node_modules\jasmine-core\lib\jasmine-core\jasmine.js:4402:20)
    at runNext (D:\code\java\trackforce\NGTrackForce\node_modules\jasmine\node_modules\jasmine-core\lib\jasmine-core\jasmine.js:4446:20)
From asynchronous test: 
Error
    at Suite.<anonymous> (D:\code\java\trackforce\NGTrackForce\e2e\predictions\predictions.e2e-spec.ts:148:5)
    at addSpecsToSuite (D:\code\java\trackforce\NGTrackForce\node_modules\jasmine\node_modules\jasmine-core\lib\jasmine-core\jasmine.js:1181:25)
    at Env.describe (D:\code\java\trackforce\NGTrackForce\node_modules\jasmine\node_modules\jasmine-core\lib\jasmine-core\jasmine.js:1145:7)
    at describe (D:\code\java\trackforce\NGTrackForce\node_modules\jasmine\node_modules\jasmine-core\lib\jasmine-core\jasmine.js:4593:18)
    at Object.<anonymous> (D:\code\java\trackforce\NGTrackForce\e2e\predictions\predictions.e2e-spec.ts:129:1)
    at Module._compile (module.js:652:30)
    at Module.m._compile (D:\code\java\trackforce\NGTrackForce\node_modules\ts-node\src\index.ts:422:23)
    at Module._extensions..js (module.js:663:10)
    at Object.require.extensions.(anonymous function) [as .ts] (D:\code\java\trackforce\NGTrackForce\node_modules\ts-node\src\index.ts:425:12)]]>
   </failure>
  </testcase>
  <testcase classname="When I enter a very large numeric input it" name="should yield some associates" time="0.094">
   <failure type="exception" message="Failed: Error while waiting for Protractor to sync with the page: &quot;both angularJS testability and angular testability are undefined.  This could be either because this is a non-angular page or because your test involves client-side navigation, which can interfere with Protractor&apos;s bootstrapping.  See http://git.io/v4gXM for details&quot;"><![CDATA[Error: Error while waiting for Protractor to sync with the page: "both angularJS testability and angular testability are undefined.  This could be either because this is a non-angular page or because your test involves client-side navigation, which can interfere with Protractor's bootstrapping.  See http://git.io/v4gXM for details"
    at runWaitForAngularScript.then (D:\code\java\trackforce\NGTrackForce\node_modules\protractor\built\browser.js:463:23)
    at ManagedPromise.invokeCallback_ (D:\code\java\trackforce\NGTrackForce\node_modules\selenium-webdriver\lib\promise.js:1376:14)
    at TaskQueue.execute_ (D:\code\java\trackforce\NGTrackForce\node_modules\selenium-webdriver\lib\promise.js:3084:14)
    at TaskQueue.executeNext_ (D:\code\java\trackforce\NGTrackForce\node_modules\selenium-webdriver\lib\promise.js:3067:27)
    at asyncRun (D:\code\java\trackforce\NGTrackForce\node_modules\selenium-webdriver\lib\promise.js:2927:27)
    at D:\code\java\trackforce\NGTrackForce\node_modules\selenium-webdriver\lib\promise.js:668:7
    at <anonymous>
    at process._tickCallback (internal/process/next_tick.js:188:7)Error
    at ElementArrayFinder.applyAction_ (D:\code\java\trackforce\NGTrackForce\node_modules\protractor\built\element.js:459:27)
    at ElementArrayFinder.(anonymous function).args [as getText] (D:\code\java\trackforce\NGTrackForce\node_modules\protractor\built\element.js:91:29)
    at ElementFinder.(anonymous function).args [as getText] (D:\code\java\trackforce\NGTrackForce\node_modules\protractor\built\element.js:831:22)
    at UserContext.<anonymous> (D:\code\java\trackforce\NGTrackForce\e2e\predictions\predictions.e2e-spec.ts:157:76)
    at D:\code\java\trackforce\NGTrackForce\node_modules\jasminewd2\index.js:112:25
    at new ManagedPromise (D:\code\java\trackforce\NGTrackForce\node_modules\selenium-webdriver\lib\promise.js:1077:7)
    at ControlFlow.promise (D:\code\java\trackforce\NGTrackForce\node_modules\selenium-webdriver\lib\promise.js:2505:12)
    at schedulerExecute (D:\code\java\trackforce\NGTrackForce\node_modules\jasminewd2\index.js:95:18)
    at TaskQueue.execute_ (D:\code\java\trackforce\NGTrackForce\node_modules\selenium-webdriver\lib\promise.js:3084:14)
    at TaskQueue.executeNext_ (D:\code\java\trackforce\NGTrackForce\node_modules\selenium-webdriver\lib\promise.js:3067:27)
From: Task: Run it("should yield some associates") in control flow
    at UserContext.<anonymous> (D:\code\java\trackforce\NGTrackForce\node_modules\jasminewd2\index.js:94:19)
    at attempt (D:\code\java\trackforce\NGTrackForce\node_modules\jasmine\node_modules\jasmine-core\lib\jasmine-core\jasmine.js:4486:26)
    at QueueRunner.run (D:\code\java\trackforce\NGTrackForce\node_modules\jasmine\node_modules\jasmine-core\lib\jasmine-core\jasmine.js:4402:20)
    at QueueRunner.execute (D:\code\java\trackforce\NGTrackForce\node_modules\jasmine\node_modules\jasmine-core\lib\jasmine-core\jasmine.js:4384:10)
    at Spec.queueRunnerFactory (D:\code\java\trackforce\NGTrackForce\node_modules\jasmine\node_modules\jasmine-core\lib\jasmine-core\jasmine.js:964:35)
    at Spec.execute (D:\code\java\trackforce\NGTrackForce\node_modules\jasmine\node_modules\jasmine-core\lib\jasmine-core\jasmine.js:563:10)
    at UserContext.fn (D:\code\java\trackforce\NGTrackForce\node_modules\jasmine\node_modules\jasmine-core\lib\jasmine-core\jasmine.js:5541:37)
    at attempt (D:\code\java\trackforce\NGTrackForce\node_modules\jasmine\node_modules\jasmine-core\lib\jasmine-core\jasmine.js:4486:26)
    at QueueRunner.run (D:\code\java\trackforce\NGTrackForce\node_modules\jasmine\node_modules\jasmine-core\lib\jasmine-core\jasmine.js:4402:20)
    at runNext (D:\code\java\trackforce\NGTrackForce\node_modules\jasmine\node_modules\jasmine-core\lib\jasmine-core\jasmine.js:4446:20)
From asynchronous test: 
Error
    at Suite.<anonymous> (D:\code\java\trackforce\NGTrackForce\e2e\predictions\predictions.e2e-spec.ts:156:5)
    at addSpecsToSuite (D:\code\java\trackforce\NGTrackForce\node_modules\jasmine\node_modules\jasmine-core\lib\jasmine-core\jasmine.js:1181:25)
    at Env.describe (D:\code\java\trackforce\NGTrackForce\node_modules\jasmine\node_modules\jasmine-core\lib\jasmine-core\jasmine.js:1145:7)
    at describe (D:\code\java\trackforce\NGTrackForce\node_modules\jasmine\node_modules\jasmine-core\lib\jasmine-core\jasmine.js:4593:18)
    at Object.<anonymous> (D:\code\java\trackforce\NGTrackForce\e2e\predictions\predictions.e2e-spec.ts:129:1)
    at Module._compile (module.js:652:30)
    at Module.m._compile (D:\code\java\trackforce\NGTrackForce\node_modules\ts-node\src\index.ts:422:23)
    at Module._extensions..js (module.js:663:10)
    at Object.require.extensions.(anonymous function) [as .ts] (D:\code\java\trackforce\NGTrackForce\node_modules\ts-node\src\index.ts:425:12)]]>
   </failure>
  </testcase>
  <testcase classname="When I enter a very large numeric input it" name="should have a negative amount in Difference" time="0.156">
   <failure type="exception" message="Failed: Error while waiting for Protractor to sync with the page: &quot;both angularJS testability and angular testability are undefined.  This could be either because this is a non-angular page or because your test involves client-side navigation, which can interfere with Protractor&apos;s bootstrapping.  See http://git.io/v4gXM for details&quot;"><![CDATA[Error: Error while waiting for Protractor to sync with the page: "both angularJS testability and angular testability are undefined.  This could be either because this is a non-angular page or because your test involves client-side navigation, which can interfere with Protractor's bootstrapping.  See http://git.io/v4gXM for details"
    at runWaitForAngularScript.then (D:\code\java\trackforce\NGTrackForce\node_modules\protractor\built\browser.js:463:23)
    at ManagedPromise.invokeCallback_ (D:\code\java\trackforce\NGTrackForce\node_modules\selenium-webdriver\lib\promise.js:1376:14)
    at TaskQueue.execute_ (D:\code\java\trackforce\NGTrackForce\node_modules\selenium-webdriver\lib\promise.js:3084:14)
    at TaskQueue.executeNext_ (D:\code\java\trackforce\NGTrackForce\node_modules\selenium-webdriver\lib\promise.js:3067:27)
    at asyncRun (D:\code\java\trackforce\NGTrackForce\node_modules\selenium-webdriver\lib\promise.js:2927:27)
    at D:\code\java\trackforce\NGTrackForce\node_modules\selenium-webdriver\lib\promise.js:668:7
    at <anonymous>
    at process._tickCallback (internal/process/next_tick.js:188:7)Error
    at ElementArrayFinder.applyAction_ (D:\code\java\trackforce\NGTrackForce\node_modules\protractor\built\element.js:459:27)
    at ElementArrayFinder.(anonymous function).args [as getText] (D:\code\java\trackforce\NGTrackForce\node_modules\protractor\built\element.js:91:29)
    at ElementFinder.(anonymous function).args [as getText] (D:\code\java\trackforce\NGTrackForce\node_modules\protractor\built\element.js:831:22)
    at UserContext.<anonymous> (D:\code\java\trackforce\NGTrackForce\e2e\predictions\predictions.e2e-spec.ts:164:65)
    at D:\code\java\trackforce\NGTrackForce\node_modules\jasminewd2\index.js:112:25
    at new ManagedPromise (D:\code\java\trackforce\NGTrackForce\node_modules\selenium-webdriver\lib\promise.js:1077:7)
    at ControlFlow.promise (D:\code\java\trackforce\NGTrackForce\node_modules\selenium-webdriver\lib\promise.js:2505:12)
    at schedulerExecute (D:\code\java\trackforce\NGTrackForce\node_modules\jasminewd2\index.js:95:18)
    at TaskQueue.execute_ (D:\code\java\trackforce\NGTrackForce\node_modules\selenium-webdriver\lib\promise.js:3084:14)
    at TaskQueue.executeNext_ (D:\code\java\trackforce\NGTrackForce\node_modules\selenium-webdriver\lib\promise.js:3067:27)
From: Task: Run it("should have a negative amount in Difference") in control flow
    at UserContext.<anonymous> (D:\code\java\trackforce\NGTrackForce\node_modules\jasminewd2\index.js:94:19)
    at attempt (D:\code\java\trackforce\NGTrackForce\node_modules\jasmine\node_modules\jasmine-core\lib\jasmine-core\jasmine.js:4486:26)
    at QueueRunner.run (D:\code\java\trackforce\NGTrackForce\node_modules\jasmine\node_modules\jasmine-core\lib\jasmine-core\jasmine.js:4402:20)
    at QueueRunner.execute (D:\code\java\trackforce\NGTrackForce\node_modules\jasmine\node_modules\jasmine-core\lib\jasmine-core\jasmine.js:4384:10)
    at Spec.queueRunnerFactory (D:\code\java\trackforce\NGTrackForce\node_modules\jasmine\node_modules\jasmine-core\lib\jasmine-core\jasmine.js:964:35)
    at Spec.execute (D:\code\java\trackforce\NGTrackForce\node_modules\jasmine\node_modules\jasmine-core\lib\jasmine-core\jasmine.js:563:10)
    at UserContext.fn (D:\code\java\trackforce\NGTrackForce\node_modules\jasmine\node_modules\jasmine-core\lib\jasmine-core\jasmine.js:5541:37)
    at attempt (D:\code\java\trackforce\NGTrackForce\node_modules\jasmine\node_modules\jasmine-core\lib\jasmine-core\jasmine.js:4486:26)
    at QueueRunner.run (D:\code\java\trackforce\NGTrackForce\node_modules\jasmine\node_modules\jasmine-core\lib\jasmine-core\jasmine.js:4402:20)
    at runNext (D:\code\java\trackforce\NGTrackForce\node_modules\jasmine\node_modules\jasmine-core\lib\jasmine-core\jasmine.js:4446:20)
From asynchronous test: 
Error
    at Suite.<anonymous> (D:\code\java\trackforce\NGTrackForce\e2e\predictions\predictions.e2e-spec.ts:163:5)
    at addSpecsToSuite (D:\code\java\trackforce\NGTrackForce\node_modules\jasmine\node_modules\jasmine-core\lib\jasmine-core\jasmine.js:1181:25)
    at Env.describe (D:\code\java\trackforce\NGTrackForce\node_modules\jasmine\node_modules\jasmine-core\lib\jasmine-core\jasmine.js:1145:7)
    at describe (D:\code\java\trackforce\NGTrackForce\node_modules\jasmine\node_modules\jasmine-core\lib\jasmine-core\jasmine.js:4593:18)
    at Object.<anonymous> (D:\code\java\trackforce\NGTrackForce\e2e\predictions\predictions.e2e-spec.ts:129:1)
    at Module._compile (module.js:652:30)
    at Module.m._compile (D:\code\java\trackforce\NGTrackForce\node_modules\ts-node\src\index.ts:422:23)
    at Module._extensions..js (module.js:663:10)
    at Object.require.extensions.(anonymous function) [as .ts] (D:\code\java\trackforce\NGTrackForce\node_modules\ts-node\src\index.ts:425:12)]]>
   </failure>
  </testcase>
 </testsuite>
</testsuites>