<?xml version="1.0" encoding="UTF-8" ?>
<testsuites disabled="3" errors="0" failures="75" tests="117" time="122.441">
 <testsuite name="A new user should able to register" timestamp="2018-10-29T10:39:38" hostname="localhost" time="5.771" errors="0" tests="9" skipped="0" disabled="0" failures="1">
  <testcase classname="A new user should able to register" name="should navigate to the login page" time="1.499" />
  <testcase classname="A new user should able to register" name="allow user to click the register button" time="0.314" />
  <testcase classname="A new user should able to register" name="allow associate to enter a username" time="0.384" />
  <testcase classname="A new user should able to register" name="allow associate to enter a valid password" time="0.377" />
  <testcase classname="A new user should able to register" name="allow associate to re-enter a valid password" time="0.363" />
  <testcase classname="A new user should able to register" name="should allow associate to enter first name" time="0.177" />
  <testcase classname="A new user should able to register" name="should allow associate to enter last name" time="0.224" />
  <testcase classname="A new user should able to register" name="show allow associate to pick a role" time="0.301" />
  <testcase classname="A new user should able to register" name="should allow the user to register as an associate" time="0.544">
   <failure type="toContain" message="Expected &apos;Error: New Associate is not created!&apos; to contain &apos;Associate account creation successful.&apos;."><![CDATA[Error: Failed expectation
    at UserContext.<anonymous> (C:\Users\Segal\Desktop\Revature\project3\Updated\trackforce\NGTrackForce\e2e\register-associate\register-associate.e2e-spec.ts:69:63)
    at C:\Users\Segal\AppData\Roaming\npm\node_modules\protractor\node_modules\jasminewd2\index.js:112:25
    at new ManagedPromise (C:\Users\Segal\AppData\Roaming\npm\node_modules\protractor\node_modules\selenium-webdriver\lib\promise.js:1077:7)
    at ControlFlow.promise (C:\Users\Segal\AppData\Roaming\npm\node_modules\protractor\node_modules\selenium-webdriver\lib\promise.js:2505:12)
    at schedulerExecute (C:\Users\Segal\AppData\Roaming\npm\node_modules\protractor\node_modules\jasminewd2\index.js:95:18)
    at TaskQueue.execute_ (C:\Users\Segal\AppData\Roaming\npm\node_modules\protractor\node_modules\selenium-webdriver\lib\promise.js:3084:14)
    at TaskQueue.executeNext_ (C:\Users\Segal\AppData\Roaming\npm\node_modules\protractor\node_modules\selenium-webdriver\lib\promise.js:3067:27)
    at asyncRun (C:\Users\Segal\AppData\Roaming\npm\node_modules\protractor\node_modules\selenium-webdriver\lib\promise.js:2974:25)
    at C:\Users\Segal\AppData\Roaming\npm\node_modules\protractor\node_modules\selenium-webdriver\lib\promise.js:668:7]]>
   </failure>
  </testcase>
 </testsuite>
 <testsuite name="A new user should not be able to register with a short username" timestamp="2018-10-29T10:39:44" hostname="localhost" time="2.724" errors="0" tests="2" skipped="0" disabled="0" failures="0">
  <testcase classname="A new user should not be able to register with a short username" name="allow associate to enter an invalid username" time="0.301" />
  <testcase classname="A new user should not be able to register with a short username" name="should not allow the user to register with an invalid username" time="0.364" />
 </testsuite>
 <testsuite name="A new user should not be able to register with a weak password" timestamp="2018-10-29T10:39:46" hostname="localhost" time="1.874" errors="0" tests="3" skipped="0" disabled="0" failures="0">
  <testcase classname="A new user should not be able to register with a weak password" name="allow associate to enter an invalid password" time="0.21" />
  <testcase classname="A new user should not be able to register with a weak password" name="allow associate to re-enter an invalid password" time="0.206" />
  <testcase classname="A new user should not be able to register with a weak password" name="should not allow the user to register with an invalid password" time="0.211" />
 </testsuite>
 <testsuite name="A new user should not be able to register with a mismatched paswords" timestamp="2018-10-29T10:39:48" hostname="localhost" time="2.015" errors="0" tests="2" skipped="0" disabled="0" failures="0">
  <testcase classname="A new user should not be able to register with a mismatched paswords" name="allow associate to enter an different password" time="0.233" />
  <testcase classname="A new user should not be able to register with a mismatched paswords" name="should not allow the user to register with an invalid username" time="0.21" />
 </testsuite>
 <testsuite name="A new user should not be able to register with a mismatched paswords" timestamp="2018-10-29T10:39:50" hostname="localhost" time="1.641" errors="0" tests="1" skipped="0" disabled="0" failures="0">
  <testcase classname="A new user should not be able to register with a mismatched paswords" name="should not allow the user to register without selecting a role " time="0.214" />
 </testsuite>
 <testsuite name="login page element existences" timestamp="2018-10-29T10:39:52" hostname="localhost" time="0.508" errors="0" tests="6" skipped="0" disabled="0" failures="0">
  <testcase classname="login page element existences" name="should have a username input box" time="0.004" />
  <testcase classname="login page element existences" name="should have a password input box" time="0.003" />
  <testcase classname="login page element existences" name="should have a login button" time="0.005" />
  <testcase classname="login page element existences" name="should display proper placeholder: Username" time="0.064" />
  <testcase classname="login page element existences" name="should display proper placeholder: Password" time="0.073" />
  <testcase classname="login page element existences" name="should display proper value for button" time="0.1" />
 </testsuite>
 <testsuite name="Confirm login failures" timestamp="2018-10-29T10:39:52" hostname="localhost" time="1.777" errors="0" tests="2" skipped="0" disabled="0" failures="1">
  <testcase classname="Confirm login failures" name="should fail to log in when nothing is entered" time="0.417" />
  <testcase classname="Confirm login failures" name="should fail to login when incorrect credentials are entered" time="0.939">
   <failure type="toContain" message="Expected &apos;The login service could not be reached&apos; to contain &apos;Invalid username and/or password&apos;."><![CDATA[Error: Failed expectation
    at UserContext.<anonymous> (C:\Users\Segal\Desktop\Revature\project3\Updated\trackforce\NGTrackForce\e2e\login\login.e2e-spec.ts:70:43)
    at C:\Users\Segal\AppData\Roaming\npm\node_modules\protractor\node_modules\jasminewd2\index.js:112:25
    at new ManagedPromise (C:\Users\Segal\AppData\Roaming\npm\node_modules\protractor\node_modules\selenium-webdriver\lib\promise.js:1077:7)
    at ControlFlow.promise (C:\Users\Segal\AppData\Roaming\npm\node_modules\protractor\node_modules\selenium-webdriver\lib\promise.js:2505:12)
    at schedulerExecute (C:\Users\Segal\AppData\Roaming\npm\node_modules\protractor\node_modules\jasminewd2\index.js:95:18)
    at TaskQueue.execute_ (C:\Users\Segal\AppData\Roaming\npm\node_modules\protractor\node_modules\selenium-webdriver\lib\promise.js:3084:14)
    at TaskQueue.executeNext_ (C:\Users\Segal\AppData\Roaming\npm\node_modules\protractor\node_modules\selenium-webdriver\lib\promise.js:3067:27)
    at asyncRun (C:\Users\Segal\AppData\Roaming\npm\node_modules\protractor\node_modules\selenium-webdriver\lib\promise.js:2974:25)
    at C:\Users\Segal\AppData\Roaming\npm\node_modules\protractor\node_modules\selenium-webdriver\lib\promise.js:668:7]]>
   </failure>
  </testcase>
 </testsuite>
 <testsuite name="Login in with proper credentials" timestamp="2018-10-29T10:39:54" hostname="localhost" time="13.982" errors="0" tests="5" skipped="1" disabled="0" failures="5">
  <testcase classname="Login in with proper credentials" name="should be able to login in with admin credentials and reach the admin page" time="3.402">
   <failure type="toEqual" message="Expected &apos;http://ec2-34-227-178-103.compute-1.amazonaws.com:8090/NGTrackForce/login&apos; to equal &apos;http://ec2-34-227-178-103.compute-1.amazonaws.com:8090/NGTrackForce/app-home&apos;."><![CDATA[Error: Failed expectation
    at UserContext.<anonymous> (C:\Users\Segal\Desktop\Revature\project3\Updated\trackforce\NGTrackForce\e2e\login\login.e2e-spec.ts:91:34)
    at C:\Users\Segal\AppData\Roaming\npm\node_modules\protractor\node_modules\jasminewd2\index.js:112:25
    at new ManagedPromise (C:\Users\Segal\AppData\Roaming\npm\node_modules\protractor\node_modules\selenium-webdriver\lib\promise.js:1077:7)
    at ControlFlow.promise (C:\Users\Segal\AppData\Roaming\npm\node_modules\protractor\node_modules\selenium-webdriver\lib\promise.js:2505:12)
    at schedulerExecute (C:\Users\Segal\AppData\Roaming\npm\node_modules\protractor\node_modules\jasminewd2\index.js:95:18)
    at TaskQueue.execute_ (C:\Users\Segal\AppData\Roaming\npm\node_modules\protractor\node_modules\selenium-webdriver\lib\promise.js:3084:14)
    at TaskQueue.executeNext_ (C:\Users\Segal\AppData\Roaming\npm\node_modules\protractor\node_modules\selenium-webdriver\lib\promise.js:3067:27)
    at asyncRun (C:\Users\Segal\AppData\Roaming\npm\node_modules\protractor\node_modules\selenium-webdriver\lib\promise.js:2974:25)
    at C:\Users\Segal\AppData\Roaming\npm\node_modules\protractor\node_modules\selenium-webdriver\lib\promise.js:668:7]]>
   </failure>
  </testcase>
  <testcase classname="Login in with proper credentials" name="should be able to login in with associate credentials and reach the associate page" time="0.002">
   <skipped message="Temporarily disabled with xit" />
  </testcase>
  <testcase classname="Login in with proper credentials" name="should be able to login in with Manager credentials and reach the Admin page" time="4.464">
   <failure type="toEqual" message="Expected &apos;http://ec2-34-227-178-103.compute-1.amazonaws.com:8090/NGTrackForce/login&apos; to equal &apos;http://ec2-34-227-178-103.compute-1.amazonaws.com:8090/NGTrackForce/app-home&apos;."><![CDATA[Error: Failed expectation
    at UserContext.<anonymous> (C:\Users\Segal\Desktop\Revature\project3\Updated\trackforce\NGTrackForce\e2e\login\login.e2e-spec.ts:101:34)
    at C:\Users\Segal\AppData\Roaming\npm\node_modules\protractor\node_modules\jasminewd2\index.js:112:25
    at new ManagedPromise (C:\Users\Segal\AppData\Roaming\npm\node_modules\protractor\node_modules\selenium-webdriver\lib\promise.js:1077:7)
    at ControlFlow.promise (C:\Users\Segal\AppData\Roaming\npm\node_modules\protractor\node_modules\selenium-webdriver\lib\promise.js:2505:12)
    at schedulerExecute (C:\Users\Segal\AppData\Roaming\npm\node_modules\protractor\node_modules\jasminewd2\index.js:95:18)
    at TaskQueue.execute_ (C:\Users\Segal\AppData\Roaming\npm\node_modules\protractor\node_modules\selenium-webdriver\lib\promise.js:3084:14)
    at TaskQueue.executeNext_ (C:\Users\Segal\AppData\Roaming\npm\node_modules\protractor\node_modules\selenium-webdriver\lib\promise.js:3067:27)
    at asyncRun (C:\Users\Segal\AppData\Roaming\npm\node_modules\protractor\node_modules\selenium-webdriver\lib\promise.js:2974:25)
    at C:\Users\Segal\AppData\Roaming\npm\node_modules\protractor\node_modules\selenium-webdriver\lib\promise.js:668:7]]>
   </failure>
  </testcase>
  <testcase classname="Login in with proper credentials" name="should be able to login in with Trainer credentials and reach the Trainer page" time="3.09">
   <failure type="toEqual" message="Expected &apos;http://ec2-34-227-178-103.compute-1.amazonaws.com:8090/NGTrackForce/login&apos; to equal &apos;http://ec2-34-227-178-103.compute-1.amazonaws.com:8090/NGTrackForce/trainer-view&apos;."><![CDATA[Error: Failed expectation
    at UserContext.<anonymous> (C:\Users\Segal\Desktop\Revature\project3\Updated\trackforce\NGTrackForce\e2e\login\login.e2e-spec.ts:106:34)
    at C:\Users\Segal\AppData\Roaming\npm\node_modules\protractor\node_modules\jasminewd2\index.js:112:25
    at new ManagedPromise (C:\Users\Segal\AppData\Roaming\npm\node_modules\protractor\node_modules\selenium-webdriver\lib\promise.js:1077:7)
    at ControlFlow.promise (C:\Users\Segal\AppData\Roaming\npm\node_modules\protractor\node_modules\selenium-webdriver\lib\promise.js:2505:12)
    at schedulerExecute (C:\Users\Segal\AppData\Roaming\npm\node_modules\protractor\node_modules\jasminewd2\index.js:95:18)
    at TaskQueue.execute_ (C:\Users\Segal\AppData\Roaming\npm\node_modules\protractor\node_modules\selenium-webdriver\lib\promise.js:3084:14)
    at TaskQueue.executeNext_ (C:\Users\Segal\AppData\Roaming\npm\node_modules\protractor\node_modules\selenium-webdriver\lib\promise.js:3067:27)
    at asyncRun (C:\Users\Segal\AppData\Roaming\npm\node_modules\protractor\node_modules\selenium-webdriver\lib\promise.js:2927:27)
    at C:\Users\Segal\AppData\Roaming\npm\node_modules\protractor\node_modules\selenium-webdriver\lib\promise.js:668:7]]>
   </failure>
   <failure type="exception" message="Failed: No element found using locator: By(xpath, //*[@id=&quot;navbarDropdown&quot;])"><![CDATA[NoSuchElementError: No element found using locator: By(xpath, //*[@id="navbarDropdown"])
    at elementArrayFinder.getWebElements.then (C:\Users\Segal\AppData\Roaming\npm\node_modules\protractor\built\element.js:814:27)
    at ManagedPromise.invokeCallback_ (C:\Users\Segal\AppData\Roaming\npm\node_modules\protractor\node_modules\selenium-webdriver\lib\promise.js:1376:14)
    at TaskQueue.execute_ (C:\Users\Segal\AppData\Roaming\npm\node_modules\protractor\node_modules\selenium-webdriver\lib\promise.js:3084:14)
    at TaskQueue.executeNext_ (C:\Users\Segal\AppData\Roaming\npm\node_modules\protractor\node_modules\selenium-webdriver\lib\promise.js:3067:27)
    at asyncRun (C:\Users\Segal\AppData\Roaming\npm\node_modules\protractor\node_modules\selenium-webdriver\lib\promise.js:2927:27)
    at C:\Users\Segal\AppData\Roaming\npm\node_modules\protractor\node_modules\selenium-webdriver\lib\promise.js:668:7
    at <anonymous>
    at process._tickCallback (internal/process/next_tick.js:189:7)Error
    at ElementArrayFinder.applyAction_ (C:\Users\Segal\AppData\Roaming\npm\node_modules\protractor\built\element.js:459:27)
    at ElementArrayFinder.(anonymous function).args [as click] (C:\Users\Segal\AppData\Roaming\npm\node_modules\protractor\built\element.js:91:29)
    at ElementFinder.(anonymous function).args [as click] (C:\Users\Segal\AppData\Roaming\npm\node_modules\protractor\built\element.js:831:22)
    at LoginPage.getlogoutButton (C:\Users\Segal\Desktop\Revature\project3\Updated\trackforce\NGTrackForce\e2e\login\login.po.ts:43:52)
    at UserContext.<anonymous> (C:\Users\Segal\Desktop\Revature\project3\Updated\trackforce\NGTrackForce\e2e\login\login.e2e-spec.ts:114:10)
    at C:\Users\Segal\AppData\Roaming\npm\node_modules\protractor\node_modules\jasminewd2\index.js:112:25
    at new ManagedPromise (C:\Users\Segal\AppData\Roaming\npm\node_modules\protractor\node_modules\selenium-webdriver\lib\promise.js:1077:7)
    at ControlFlow.promise (C:\Users\Segal\AppData\Roaming\npm\node_modules\protractor\node_modules\selenium-webdriver\lib\promise.js:2505:12)
    at schedulerExecute (C:\Users\Segal\AppData\Roaming\npm\node_modules\protractor\node_modules\jasminewd2\index.js:95:18)
    at TaskQueue.execute_ (C:\Users\Segal\AppData\Roaming\npm\node_modules\protractor\node_modules\selenium-webdriver\lib\promise.js:3084:14)
From: Task: Run afterEach in control flow
    at UserContext.<anonymous> (C:\Users\Segal\AppData\Roaming\npm\node_modules\protractor\node_modules\jasminewd2\index.js:94:19)
    at attempt (C:\Users\Segal\AppData\Roaming\npm\node_modules\protractor\node_modules\jasmine-core\lib\jasmine-core\jasmine.js:4297:26)
    at QueueRunner.run (C:\Users\Segal\AppData\Roaming\npm\node_modules\protractor\node_modules\jasmine-core\lib\jasmine-core\jasmine.js:4217:20)
    at runNext (C:\Users\Segal\AppData\Roaming\npm\node_modules\protractor\node_modules\jasmine-core\lib\jasmine-core\jasmine.js:4257:20)
    at C:\Users\Segal\AppData\Roaming\npm\node_modules\protractor\node_modules\jasmine-core\lib\jasmine-core\jasmine.js:4264:13
    at C:\Users\Segal\AppData\Roaming\npm\node_modules\protractor\node_modules\jasmine-core\lib\jasmine-core\jasmine.js:4172:9
    at C:\Users\Segal\AppData\Roaming\npm\node_modules\protractor\node_modules\jasminewd2\index.js:64:48
    at ControlFlow.emit (C:\Users\Segal\AppData\Roaming\npm\node_modules\protractor\node_modules\selenium-webdriver\lib\events.js:62:21)
    at ControlFlow.shutdown_ (C:\Users\Segal\AppData\Roaming\npm\node_modules\protractor\node_modules\selenium-webdriver\lib\promise.js:2674:10)
    at shutdownTask_.MicroTask (C:\Users\Segal\AppData\Roaming\npm\node_modules\protractor\node_modules\selenium-webdriver\lib\promise.js:2599:53)
From asynchronous test: 
Error
    at Suite.<anonymous> (C:\Users\Segal\Desktop\Revature\project3\Updated\trackforce\NGTrackForce\e2e\login\login.e2e-spec.ts:113:3)
    at addSpecsToSuite (C:\Users\Segal\AppData\Roaming\npm\node_modules\protractor\node_modules\jasmine-core\lib\jasmine-core\jasmine.js:1107:25)
    at Env.describe (C:\Users\Segal\AppData\Roaming\npm\node_modules\protractor\node_modules\jasmine-core\lib\jasmine-core\jasmine.js:1074:7)
    at describe (C:\Users\Segal\AppData\Roaming\npm\node_modules\protractor\node_modules\jasmine-core\lib\jasmine-core\jasmine.js:4399:18)
    at Object.<anonymous> (C:\Users\Segal\Desktop\Revature\project3\Updated\trackforce\NGTrackForce\e2e\login\login.e2e-spec.ts:80:1)
    at Module._compile (module.js:653:30)
    at Module.m._compile (C:\Users\Segal\Desktop\Revature\project3\Updated\trackforce\NGTrackForce\node_modules\ts-node\src\index.ts:422:23)
    at Module._extensions..js (module.js:664:10)
    at Object.require.extensions.(anonymous function) [as .ts] (C:\Users\Segal\Desktop\Revature\project3\Updated\trackforce\NGTrackForce\node_modules\ts-node\src\index.ts:425:12)]]>
   </failure>
  </testcase>
  <testcase classname="Login in with proper credentials" name="should be able to login in with Sales Team credentials and reach the Admin page" time="1.671">
   <failure type="exception" message="Failed: No element found using locator: By(css selector, *[name=&quot;username&quot;])"><![CDATA[NoSuchElementError: No element found using locator: By(css selector, *[name="username"])
    at elementArrayFinder.getWebElements.then (C:\Users\Segal\AppData\Roaming\npm\node_modules\protractor\built\element.js:814:27)
    at ManagedPromise.invokeCallback_ (C:\Users\Segal\AppData\Roaming\npm\node_modules\protractor\node_modules\selenium-webdriver\lib\promise.js:1376:14)
    at TaskQueue.execute_ (C:\Users\Segal\AppData\Roaming\npm\node_modules\protractor\node_modules\selenium-webdriver\lib\promise.js:3084:14)
    at TaskQueue.executeNext_ (C:\Users\Segal\AppData\Roaming\npm\node_modules\protractor\node_modules\selenium-webdriver\lib\promise.js:3067:27)
    at asyncRun (C:\Users\Segal\AppData\Roaming\npm\node_modules\protractor\node_modules\selenium-webdriver\lib\promise.js:2927:27)
    at C:\Users\Segal\AppData\Roaming\npm\node_modules\protractor\node_modules\selenium-webdriver\lib\promise.js:668:7
    at <anonymous>
    at process._tickCallback (internal/process/next_tick.js:189:7)Error
    at ElementArrayFinder.applyAction_ (C:\Users\Segal\AppData\Roaming\npm\node_modules\protractor\built\element.js:459:27)
    at ElementArrayFinder.(anonymous function).args [as sendKeys] (C:\Users\Segal\AppData\Roaming\npm\node_modules\protractor\built\element.js:91:29)
    at ElementFinder.(anonymous function).args [as sendKeys] (C:\Users\Segal\AppData\Roaming\npm\node_modules\protractor\built\element.js:831:22)
    at logIn (C:\Users\Segal\Desktop\Revature\project3\Updated\trackforce\NGTrackForce\e2e\login\login.e2e-spec.ts:75:30)
    at UserContext.<anonymous> (C:\Users\Segal\Desktop\Revature\project3\Updated\trackforce\NGTrackForce\e2e\login\login.e2e-spec.ts:110:5)
    at C:\Users\Segal\AppData\Roaming\npm\node_modules\protractor\node_modules\jasminewd2\index.js:112:25
    at new ManagedPromise (C:\Users\Segal\AppData\Roaming\npm\node_modules\protractor\node_modules\selenium-webdriver\lib\promise.js:1077:7)
    at ControlFlow.promise (C:\Users\Segal\AppData\Roaming\npm\node_modules\protractor\node_modules\selenium-webdriver\lib\promise.js:2505:12)
    at schedulerExecute (C:\Users\Segal\AppData\Roaming\npm\node_modules\protractor\node_modules\jasminewd2\index.js:95:18)
    at TaskQueue.execute_ (C:\Users\Segal\AppData\Roaming\npm\node_modules\protractor\node_modules\selenium-webdriver\lib\promise.js:3084:14)
From: Task: Run it("should be able to login in with Sales Team credentials and reach the Admin page") in control flow
    at UserContext.<anonymous> (C:\Users\Segal\AppData\Roaming\npm\node_modules\protractor\node_modules\jasminewd2\index.js:94:19)
    at attempt (C:\Users\Segal\AppData\Roaming\npm\node_modules\protractor\node_modules\jasmine-core\lib\jasmine-core\jasmine.js:4297:26)
    at QueueRunner.run (C:\Users\Segal\AppData\Roaming\npm\node_modules\protractor\node_modules\jasmine-core\lib\jasmine-core\jasmine.js:4217:20)
    at QueueRunner.execute (C:\Users\Segal\AppData\Roaming\npm\node_modules\protractor\node_modules\jasmine-core\lib\jasmine-core\jasmine.js:4199:10)
    at Spec.queueRunnerFactory (C:\Users\Segal\AppData\Roaming\npm\node_modules\protractor\node_modules\jasmine-core\lib\jasmine-core\jasmine.js:909:35)
    at Spec.execute (C:\Users\Segal\AppData\Roaming\npm\node_modules\protractor\node_modules\jasmine-core\lib\jasmine-core\jasmine.js:526:10)
    at UserContext.fn (C:\Users\Segal\AppData\Roaming\npm\node_modules\protractor\node_modules\jasmine-core\lib\jasmine-core\jasmine.js:5340:37)
    at attempt (C:\Users\Segal\AppData\Roaming\npm\node_modules\protractor\node_modules\jasmine-core\lib\jasmine-core\jasmine.js:4297:26)
    at QueueRunner.run (C:\Users\Segal\AppData\Roaming\npm\node_modules\protractor\node_modules\jasmine-core\lib\jasmine-core\jasmine.js:4217:20)
    at runNext (C:\Users\Segal\AppData\Roaming\npm\node_modules\protractor\node_modules\jasmine-core\lib\jasmine-core\jasmine.js:4257:20)
From asynchronous test: 
Error
    at Suite.<anonymous> (C:\Users\Segal\Desktop\Revature\project3\Updated\trackforce\NGTrackForce\e2e\login\login.e2e-spec.ts:109:3)
    at addSpecsToSuite (C:\Users\Segal\AppData\Roaming\npm\node_modules\protractor\node_modules\jasmine-core\lib\jasmine-core\jasmine.js:1107:25)
    at Env.describe (C:\Users\Segal\AppData\Roaming\npm\node_modules\protractor\node_modules\jasmine-core\lib\jasmine-core\jasmine.js:1074:7)
    at describe (C:\Users\Segal\AppData\Roaming\npm\node_modules\protractor\node_modules\jasmine-core\lib\jasmine-core\jasmine.js:4399:18)
    at Object.<anonymous> (C:\Users\Segal\Desktop\Revature\project3\Updated\trackforce\NGTrackForce\e2e\login\login.e2e-spec.ts:80:1)
    at Module._compile (module.js:653:30)
    at Module.m._compile (C:\Users\Segal\Desktop\Revature\project3\Updated\trackforce\NGTrackForce\node_modules\ts-node\src\index.ts:422:23)
    at Module._extensions..js (module.js:664:10)
    at Object.require.extensions.(anonymous function) [as .ts] (C:\Users\Segal\Desktop\Revature\project3\Updated\trackforce\NGTrackForce\node_modules\ts-node\src\index.ts:425:12)]]>
   </failure>
  </testcase>
 </testsuite>
 <testsuite name="The admin navbar is functional" timestamp="2018-10-29T10:40:08" hostname="localhost" time="11.614" errors="0" tests="8" skipped="0" disabled="0" failures="1">
  <testcase classname="The admin navbar is functional" name="should navigate to home page" time="0.299">
   <failure type="exception" message="Failed: No element found using locator: By(link text, Home)"><![CDATA[NoSuchElementError: No element found using locator: By(link text, Home)
    at elementArrayFinder.getWebElements.then (C:\Users\Segal\AppData\Roaming\npm\node_modules\protractor\built\element.js:814:27)
    at ManagedPromise.invokeCallback_ (C:\Users\Segal\AppData\Roaming\npm\node_modules\protractor\node_modules\selenium-webdriver\lib\promise.js:1376:14)
    at TaskQueue.execute_ (C:\Users\Segal\AppData\Roaming\npm\node_modules\protractor\node_modules\selenium-webdriver\lib\promise.js:3084:14)
    at TaskQueue.executeNext_ (C:\Users\Segal\AppData\Roaming\npm\node_modules\protractor\node_modules\selenium-webdriver\lib\promise.js:3067:27)
    at asyncRun (C:\Users\Segal\AppData\Roaming\npm\node_modules\protractor\node_modules\selenium-webdriver\lib\promise.js:2927:27)
    at C:\Users\Segal\AppData\Roaming\npm\node_modules\protractor\node_modules\selenium-webdriver\lib\promise.js:668:7
    at <anonymous>
    at process._tickCallback (internal/process/next_tick.js:189:7)Error
    at ElementArrayFinder.applyAction_ (C:\Users\Segal\AppData\Roaming\npm\node_modules\protractor\built\element.js:459:27)
    at ElementArrayFinder.(anonymous function).args [as click] (C:\Users\Segal\AppData\Roaming\npm\node_modules\protractor\built\element.js:91:29)
    at ElementFinder.(anonymous function).args [as click] (C:\Users\Segal\AppData\Roaming\npm\node_modules\protractor\built\element.js:831:22)
    at Navbar.goToAdminHome (C:\Users\Segal\Desktop\Revature\project3\Updated\trackforce\NGTrackForce\e2e\navbar\navbar.po.ts:12:36)
    at UserContext.<anonymous> (C:\Users\Segal\Desktop\Revature\project3\Updated\trackforce\NGTrackForce\e2e\navbar\navbar.e2e-spec.ts:22:16)
    at C:\Users\Segal\AppData\Roaming\npm\node_modules\protractor\node_modules\jasminewd2\index.js:112:25
    at new ManagedPromise (C:\Users\Segal\AppData\Roaming\npm\node_modules\protractor\node_modules\selenium-webdriver\lib\promise.js:1077:7)
    at ControlFlow.promise (C:\Users\Segal\AppData\Roaming\npm\node_modules\protractor\node_modules\selenium-webdriver\lib\promise.js:2505:12)
    at schedulerExecute (C:\Users\Segal\AppData\Roaming\npm\node_modules\protractor\node_modules\jasminewd2\index.js:95:18)
    at TaskQueue.execute_ (C:\Users\Segal\AppData\Roaming\npm\node_modules\protractor\node_modules\selenium-webdriver\lib\promise.js:3084:14)
From: Task: Run it("should navigate to home page") in control flow
    at UserContext.<anonymous> (C:\Users\Segal\AppData\Roaming\npm\node_modules\protractor\node_modules\jasminewd2\index.js:94:19)
    at attempt (C:\Users\Segal\AppData\Roaming\npm\node_modules\protractor\node_modules\jasmine-core\lib\jasmine-core\jasmine.js:4297:26)
    at QueueRunner.run (C:\Users\Segal\AppData\Roaming\npm\node_modules\protractor\node_modules\jasmine-core\lib\jasmine-core\jasmine.js:4217:20)
    at QueueRunner.execute (C:\Users\Segal\AppData\Roaming\npm\node_modules\protractor\node_modules\jasmine-core\lib\jasmine-core\jasmine.js:4199:10)
    at Spec.queueRunnerFactory (C:\Users\Segal\AppData\Roaming\npm\node_modules\protractor\node_modules\jasmine-core\lib\jasmine-core\jasmine.js:909:35)
    at Spec.execute (C:\Users\Segal\AppData\Roaming\npm\node_modules\protractor\node_modules\jasmine-core\lib\jasmine-core\jasmine.js:526:10)
    at UserContext.fn (C:\Users\Segal\AppData\Roaming\npm\node_modules\protractor\node_modules\jasmine-core\lib\jasmine-core\jasmine.js:5340:37)
    at attempt (C:\Users\Segal\AppData\Roaming\npm\node_modules\protractor\node_modules\jasmine-core\lib\jasmine-core\jasmine.js:4297:26)
    at QueueRunner.run (C:\Users\Segal\AppData\Roaming\npm\node_modules\protractor\node_modules\jasmine-core\lib\jasmine-core\jasmine.js:4217:20)
    at runNext (C:\Users\Segal\AppData\Roaming\npm\node_modules\protractor\node_modules\jasmine-core\lib\jasmine-core\jasmine.js:4257:20)
From asynchronous test: 
Error
    at Suite.<anonymous> (C:\Users\Segal\Desktop\Revature\project3\Updated\trackforce\NGTrackForce\e2e\navbar\navbar.e2e-spec.ts:21:5)
    at addSpecsToSuite (C:\Users\Segal\AppData\Roaming\npm\node_modules\protractor\node_modules\jasmine-core\lib\jasmine-core\jasmine.js:1107:25)
    at Env.describe (C:\Users\Segal\AppData\Roaming\npm\node_modules\protractor\node_modules\jasmine-core\lib\jasmine-core\jasmine.js:1074:7)
    at describe (C:\Users\Segal\AppData\Roaming\npm\node_modules\protractor\node_modules\jasmine-core\lib\jasmine-core\jasmine.js:4399:18)
    at Object.<anonymous> (C:\Users\Segal\Desktop\Revature\project3\Updated\trackforce\NGTrackForce\e2e\navbar\navbar.e2e-spec.ts:10:1)
    at Module._compile (module.js:653:30)
    at Module.m._compile (C:\Users\Segal\Desktop\Revature\project3\Updated\trackforce\NGTrackForce\node_modules\ts-node\src\index.ts:422:23)
    at Module._extensions..js (module.js:664:10)
    at Object.require.extensions.(anonymous function) [as .ts] (C:\Users\Segal\Desktop\Revature\project3\Updated\trackforce\NGTrackForce\node_modules\ts-node\src\index.ts:425:12)]]>
   </failure>
  </testcase>
  <testcase classname="The admin navbar is functional" name="should navigate to client list page" time="3.888" />
  <testcase classname="The admin navbar is functional" name="should navigate to batch list page" time="1.378" />
  <testcase classname="The admin navbar is functional" name="should navigate to associate lising" time="1.652" />
  <testcase classname="The admin navbar is functional" name="should navigate to predictions" time="0.887" />
  <testcase classname="The admin navbar is functional" name="should navigate to create user" time="0.387" />
  <testcase classname="The admin navbar is functional" name="should navigate to salesforce" time="0.306" />
  <testcase classname="The admin navbar is functional" name="should be able to logout" time="0.714" />
 </testsuite>
 <testsuite name="The Asscoiate navbar is functional" timestamp="2018-10-29T10:40:20" hostname="localhost" time="0.003" errors="0" tests="3" skipped="0" disabled="3" failures="0">
  <testcase classname="The Asscoiate navbar is functional" name="should navigate to home page" time="0">
   <skipped />
  </testcase>
  <testcase classname="The Asscoiate navbar is functional" name="should navigate to My Interviews" time="0">
   <skipped />
  </testcase>
  <testcase classname="The Asscoiate navbar is functional" name="should be able to logout" time="0.002">
   <skipped />
  </testcase>
 </testsuite>
 <testsuite name="The Staging Manager navbar is functional" timestamp="2018-10-29T10:40:20" hostname="localhost" time="8.709" errors="0" tests="7" skipped="0" disabled="0" failures="1">
  <testcase classname="The Staging Manager navbar is functional" name="should navigate to home page" time="0.226">
   <failure type="exception" message="Failed: No element found using locator: By(link text, Home)"><![CDATA[NoSuchElementError: No element found using locator: By(link text, Home)
    at elementArrayFinder.getWebElements.then (C:\Users\Segal\AppData\Roaming\npm\node_modules\protractor\built\element.js:814:27)
    at ManagedPromise.invokeCallback_ (C:\Users\Segal\AppData\Roaming\npm\node_modules\protractor\node_modules\selenium-webdriver\lib\promise.js:1376:14)
    at TaskQueue.execute_ (C:\Users\Segal\AppData\Roaming\npm\node_modules\protractor\node_modules\selenium-webdriver\lib\promise.js:3084:14)
    at TaskQueue.executeNext_ (C:\Users\Segal\AppData\Roaming\npm\node_modules\protractor\node_modules\selenium-webdriver\lib\promise.js:3067:27)
    at asyncRun (C:\Users\Segal\AppData\Roaming\npm\node_modules\protractor\node_modules\selenium-webdriver\lib\promise.js:2927:27)
    at C:\Users\Segal\AppData\Roaming\npm\node_modules\protractor\node_modules\selenium-webdriver\lib\promise.js:668:7
    at <anonymous>
    at process._tickCallback (internal/process/next_tick.js:189:7)Error
    at ElementArrayFinder.applyAction_ (C:\Users\Segal\AppData\Roaming\npm\node_modules\protractor\built\element.js:459:27)
    at ElementArrayFinder.(anonymous function).args [as click] (C:\Users\Segal\AppData\Roaming\npm\node_modules\protractor\built\element.js:91:29)
    at ElementFinder.(anonymous function).args [as click] (C:\Users\Segal\AppData\Roaming\npm\node_modules\protractor\built\element.js:831:22)
    at Navbar.goToAdminHome (C:\Users\Segal\Desktop\Revature\project3\Updated\trackforce\NGTrackForce\e2e\navbar\navbar.po.ts:12:36)
    at UserContext.<anonymous> (C:\Users\Segal\Desktop\Revature\project3\Updated\trackforce\NGTrackForce\e2e\navbar\navbar.e2e-spec.ts:105:16)
    at C:\Users\Segal\AppData\Roaming\npm\node_modules\protractor\node_modules\jasminewd2\index.js:112:25
    at new ManagedPromise (C:\Users\Segal\AppData\Roaming\npm\node_modules\protractor\node_modules\selenium-webdriver\lib\promise.js:1077:7)
    at ControlFlow.promise (C:\Users\Segal\AppData\Roaming\npm\node_modules\protractor\node_modules\selenium-webdriver\lib\promise.js:2505:12)
    at schedulerExecute (C:\Users\Segal\AppData\Roaming\npm\node_modules\protractor\node_modules\jasminewd2\index.js:95:18)
    at TaskQueue.execute_ (C:\Users\Segal\AppData\Roaming\npm\node_modules\protractor\node_modules\selenium-webdriver\lib\promise.js:3084:14)
From: Task: Run it("should navigate to home page") in control flow
    at UserContext.<anonymous> (C:\Users\Segal\AppData\Roaming\npm\node_modules\protractor\node_modules\jasminewd2\index.js:94:19)
    at attempt (C:\Users\Segal\AppData\Roaming\npm\node_modules\protractor\node_modules\jasmine-core\lib\jasmine-core\jasmine.js:4297:26)
    at QueueRunner.run (C:\Users\Segal\AppData\Roaming\npm\node_modules\protractor\node_modules\jasmine-core\lib\jasmine-core\jasmine.js:4217:20)
    at QueueRunner.execute (C:\Users\Segal\AppData\Roaming\npm\node_modules\protractor\node_modules\jasmine-core\lib\jasmine-core\jasmine.js:4199:10)
    at Spec.queueRunnerFactory (C:\Users\Segal\AppData\Roaming\npm\node_modules\protractor\node_modules\jasmine-core\lib\jasmine-core\jasmine.js:909:35)
    at Spec.execute (C:\Users\Segal\AppData\Roaming\npm\node_modules\protractor\node_modules\jasmine-core\lib\jasmine-core\jasmine.js:526:10)
    at UserContext.fn (C:\Users\Segal\AppData\Roaming\npm\node_modules\protractor\node_modules\jasmine-core\lib\jasmine-core\jasmine.js:5340:37)
    at attempt (C:\Users\Segal\AppData\Roaming\npm\node_modules\protractor\node_modules\jasmine-core\lib\jasmine-core\jasmine.js:4297:26)
    at QueueRunner.run (C:\Users\Segal\AppData\Roaming\npm\node_modules\protractor\node_modules\jasmine-core\lib\jasmine-core\jasmine.js:4217:20)
    at runNext (C:\Users\Segal\AppData\Roaming\npm\node_modules\protractor\node_modules\jasmine-core\lib\jasmine-core\jasmine.js:4257:20)
From asynchronous test: 
Error
    at Suite.<anonymous> (C:\Users\Segal\Desktop\Revature\project3\Updated\trackforce\NGTrackForce\e2e\navbar\navbar.e2e-spec.ts:104:5)
    at addSpecsToSuite (C:\Users\Segal\AppData\Roaming\npm\node_modules\protractor\node_modules\jasmine-core\lib\jasmine-core\jasmine.js:1107:25)
    at Env.describe (C:\Users\Segal\AppData\Roaming\npm\node_modules\protractor\node_modules\jasmine-core\lib\jasmine-core\jasmine.js:1074:7)
    at describe (C:\Users\Segal\AppData\Roaming\npm\node_modules\protractor\node_modules\jasmine-core\lib\jasmine-core\jasmine.js:4399:18)
    at Object.<anonymous> (C:\Users\Segal\Desktop\Revature\project3\Updated\trackforce\NGTrackForce\e2e\navbar\navbar.e2e-spec.ts:93:1)
    at Module._compile (module.js:653:30)
    at Module.m._compile (C:\Users\Segal\Desktop\Revature\project3\Updated\trackforce\NGTrackForce\node_modules\ts-node\src\index.ts:422:23)
    at Module._extensions..js (module.js:664:10)
    at Object.require.extensions.(anonymous function) [as .ts] (C:\Users\Segal\Desktop\Revature\project3\Updated\trackforce\NGTrackForce\node_modules\ts-node\src\index.ts:425:12)]]>
   </failure>
  </testcase>
  <testcase classname="The Staging Manager navbar is functional" name="should navigate to client list page" time="3.543" />
  <testcase classname="The Staging Manager navbar is functional" name="should navigate to batch list page" time="0.66" />
  <testcase classname="The Staging Manager navbar is functional" name="should navigate to associate lising" time="1.717" />
  <testcase classname="The Staging Manager navbar is functional" name="should navigate to predictions" time="0.899" />
  <testcase classname="The Staging Manager navbar is functional" name="should navigate to create user" time="0.311" />
  <testcase classname="The Staging Manager navbar is functional" name="should be able to logout" time="0.651" />
 </testsuite>
 <testsuite name="The Trainer navbar is functional" timestamp="2018-10-29T10:40:28" hostname="localhost" time="4.998" errors="0" tests="4" skipped="0" disabled="0" failures="1">
  <testcase classname="The Trainer navbar is functional" name="should navigate to home page" time="0.51">
   <failure type="exception" message="Failed: No element found using locator: By(css selector, *[id=&quot;home&quot;])"><![CDATA[NoSuchElementError: No element found using locator: By(css selector, *[id="home"])
    at elementArrayFinder.getWebElements.then (C:\Users\Segal\AppData\Roaming\npm\node_modules\protractor\built\element.js:814:27)
    at ManagedPromise.invokeCallback_ (C:\Users\Segal\AppData\Roaming\npm\node_modules\protractor\node_modules\selenium-webdriver\lib\promise.js:1376:14)
    at TaskQueue.execute_ (C:\Users\Segal\AppData\Roaming\npm\node_modules\protractor\node_modules\selenium-webdriver\lib\promise.js:3084:14)
    at TaskQueue.executeNext_ (C:\Users\Segal\AppData\Roaming\npm\node_modules\protractor\node_modules\selenium-webdriver\lib\promise.js:3067:27)
    at asyncRun (C:\Users\Segal\AppData\Roaming\npm\node_modules\protractor\node_modules\selenium-webdriver\lib\promise.js:2927:27)
    at C:\Users\Segal\AppData\Roaming\npm\node_modules\protractor\node_modules\selenium-webdriver\lib\promise.js:668:7
    at <anonymous>
    at process._tickCallback (internal/process/next_tick.js:189:7)Error
    at ElementArrayFinder.applyAction_ (C:\Users\Segal\AppData\Roaming\npm\node_modules\protractor\built\element.js:459:27)
    at ElementArrayFinder.(anonymous function).args [as click] (C:\Users\Segal\AppData\Roaming\npm\node_modules\protractor\built\element.js:91:29)
    at ElementFinder.(anonymous function).args [as click] (C:\Users\Segal\AppData\Roaming\npm\node_modules\protractor\built\element.js:831:22)
    at Navbar.goToTrainerHome (C:\Users\Segal\Desktop\Revature\project3\Updated\trackforce\NGTrackForce\e2e\navbar\navbar.po.ts:17:30)
    at UserContext.<anonymous> (C:\Users\Segal\Desktop\Revature\project3\Updated\trackforce\NGTrackForce\e2e\navbar\navbar.e2e-spec.ts:157:16)
    at C:\Users\Segal\AppData\Roaming\npm\node_modules\protractor\node_modules\jasminewd2\index.js:112:25
    at new ManagedPromise (C:\Users\Segal\AppData\Roaming\npm\node_modules\protractor\node_modules\selenium-webdriver\lib\promise.js:1077:7)
    at ControlFlow.promise (C:\Users\Segal\AppData\Roaming\npm\node_modules\protractor\node_modules\selenium-webdriver\lib\promise.js:2505:12)
    at schedulerExecute (C:\Users\Segal\AppData\Roaming\npm\node_modules\protractor\node_modules\jasminewd2\index.js:95:18)
    at TaskQueue.execute_ (C:\Users\Segal\AppData\Roaming\npm\node_modules\protractor\node_modules\selenium-webdriver\lib\promise.js:3084:14)
From: Task: Run it("should navigate to home page") in control flow
    at UserContext.<anonymous> (C:\Users\Segal\AppData\Roaming\npm\node_modules\protractor\node_modules\jasminewd2\index.js:94:19)
    at attempt (C:\Users\Segal\AppData\Roaming\npm\node_modules\protractor\node_modules\jasmine-core\lib\jasmine-core\jasmine.js:4297:26)
    at QueueRunner.run (C:\Users\Segal\AppData\Roaming\npm\node_modules\protractor\node_modules\jasmine-core\lib\jasmine-core\jasmine.js:4217:20)
    at QueueRunner.execute (C:\Users\Segal\AppData\Roaming\npm\node_modules\protractor\node_modules\jasmine-core\lib\jasmine-core\jasmine.js:4199:10)
    at Spec.queueRunnerFactory (C:\Users\Segal\AppData\Roaming\npm\node_modules\protractor\node_modules\jasmine-core\lib\jasmine-core\jasmine.js:909:35)
    at Spec.execute (C:\Users\Segal\AppData\Roaming\npm\node_modules\protractor\node_modules\jasmine-core\lib\jasmine-core\jasmine.js:526:10)
    at UserContext.fn (C:\Users\Segal\AppData\Roaming\npm\node_modules\protractor\node_modules\jasmine-core\lib\jasmine-core\jasmine.js:5340:37)
    at attempt (C:\Users\Segal\AppData\Roaming\npm\node_modules\protractor\node_modules\jasmine-core\lib\jasmine-core\jasmine.js:4297:26)
    at QueueRunner.run (C:\Users\Segal\AppData\Roaming\npm\node_modules\protractor\node_modules\jasmine-core\lib\jasmine-core\jasmine.js:4217:20)
    at runNext (C:\Users\Segal\AppData\Roaming\npm\node_modules\protractor\node_modules\jasmine-core\lib\jasmine-core\jasmine.js:4257:20)
From asynchronous test: 
Error
    at Suite.<anonymous> (C:\Users\Segal\Desktop\Revature\project3\Updated\trackforce\NGTrackForce\e2e\navbar\navbar.e2e-spec.ts:156:5)
    at addSpecsToSuite (C:\Users\Segal\AppData\Roaming\npm\node_modules\protractor\node_modules\jasmine-core\lib\jasmine-core\jasmine.js:1107:25)
    at Env.describe (C:\Users\Segal\AppData\Roaming\npm\node_modules\protractor\node_modules\jasmine-core\lib\jasmine-core\jasmine.js:1074:7)
    at describe (C:\Users\Segal\AppData\Roaming\npm\node_modules\protractor\node_modules\jasmine-core\lib\jasmine-core\jasmine.js:4399:18)
    at Object.<anonymous> (C:\Users\Segal\Desktop\Revature\project3\Updated\trackforce\NGTrackForce\e2e\navbar\navbar.e2e-spec.ts:145:1)
    at Module._compile (module.js:653:30)
    at Module.m._compile (C:\Users\Segal\Desktop\Revature\project3\Updated\trackforce\NGTrackForce\node_modules\ts-node\src\index.ts:422:23)
    at Module._extensions..js (module.js:664:10)
    at Object.require.extensions.(anonymous function) [as .ts] (C:\Users\Segal\Desktop\Revature\project3\Updated\trackforce\NGTrackForce\node_modules\ts-node\src\index.ts:425:12)]]>
   </failure>
  </testcase>
  <testcase classname="The Trainer navbar is functional" name="should navigate to batch list page" time="2.393" />
  <testcase classname="The Trainer navbar is functional" name="should navigate to associate lising" time="0.783" />
  <testcase classname="The Trainer navbar is functional" name="should be able to logout" time="0.601" />
 </testsuite>
 <testsuite name="The Delivery/Sales navbar is functional" timestamp="2018-10-29T10:40:33" hostname="localhost" time="8.94" errors="0" tests="7" skipped="0" disabled="0" failures="1">
  <testcase classname="The Delivery/Sales navbar is functional" name="should navigate to home page" time="0.287">
   <failure type="exception" message="Failed: No element found using locator: By(link text, Home)"><![CDATA[NoSuchElementError: No element found using locator: By(link text, Home)
    at elementArrayFinder.getWebElements.then (C:\Users\Segal\AppData\Roaming\npm\node_modules\protractor\built\element.js:814:27)
    at ManagedPromise.invokeCallback_ (C:\Users\Segal\AppData\Roaming\npm\node_modules\protractor\node_modules\selenium-webdriver\lib\promise.js:1376:14)
    at TaskQueue.execute_ (C:\Users\Segal\AppData\Roaming\npm\node_modules\protractor\node_modules\selenium-webdriver\lib\promise.js:3084:14)
    at TaskQueue.executeNext_ (C:\Users\Segal\AppData\Roaming\npm\node_modules\protractor\node_modules\selenium-webdriver\lib\promise.js:3067:27)
    at asyncRun (C:\Users\Segal\AppData\Roaming\npm\node_modules\protractor\node_modules\selenium-webdriver\lib\promise.js:2927:27)
    at C:\Users\Segal\AppData\Roaming\npm\node_modules\protractor\node_modules\selenium-webdriver\lib\promise.js:668:7
    at <anonymous>
    at process._tickCallback (internal/process/next_tick.js:189:7)Error
    at ElementArrayFinder.applyAction_ (C:\Users\Segal\AppData\Roaming\npm\node_modules\protractor\built\element.js:459:27)
    at ElementArrayFinder.(anonymous function).args [as click] (C:\Users\Segal\AppData\Roaming\npm\node_modules\protractor\built\element.js:91:29)
    at ElementFinder.(anonymous function).args [as click] (C:\Users\Segal\AppData\Roaming\npm\node_modules\protractor\built\element.js:831:22)
    at Navbar.goToAdminHome (C:\Users\Segal\Desktop\Revature\project3\Updated\trackforce\NGTrackForce\e2e\navbar\navbar.po.ts:12:36)
    at UserContext.<anonymous> (C:\Users\Segal\Desktop\Revature\project3\Updated\trackforce\NGTrackForce\e2e\navbar\navbar.e2e-spec.ts:190:16)
    at C:\Users\Segal\AppData\Roaming\npm\node_modules\protractor\node_modules\jasminewd2\index.js:112:25
    at new ManagedPromise (C:\Users\Segal\AppData\Roaming\npm\node_modules\protractor\node_modules\selenium-webdriver\lib\promise.js:1077:7)
    at ControlFlow.promise (C:\Users\Segal\AppData\Roaming\npm\node_modules\protractor\node_modules\selenium-webdriver\lib\promise.js:2505:12)
    at schedulerExecute (C:\Users\Segal\AppData\Roaming\npm\node_modules\protractor\node_modules\jasminewd2\index.js:95:18)
    at TaskQueue.execute_ (C:\Users\Segal\AppData\Roaming\npm\node_modules\protractor\node_modules\selenium-webdriver\lib\promise.js:3084:14)
From: Task: Run it("should navigate to home page") in control flow
    at UserContext.<anonymous> (C:\Users\Segal\AppData\Roaming\npm\node_modules\protractor\node_modules\jasminewd2\index.js:94:19)
    at attempt (C:\Users\Segal\AppData\Roaming\npm\node_modules\protractor\node_modules\jasmine-core\lib\jasmine-core\jasmine.js:4297:26)
    at QueueRunner.run (C:\Users\Segal\AppData\Roaming\npm\node_modules\protractor\node_modules\jasmine-core\lib\jasmine-core\jasmine.js:4217:20)
    at QueueRunner.execute (C:\Users\Segal\AppData\Roaming\npm\node_modules\protractor\node_modules\jasmine-core\lib\jasmine-core\jasmine.js:4199:10)
    at Spec.queueRunnerFactory (C:\Users\Segal\AppData\Roaming\npm\node_modules\protractor\node_modules\jasmine-core\lib\jasmine-core\jasmine.js:909:35)
    at Spec.execute (C:\Users\Segal\AppData\Roaming\npm\node_modules\protractor\node_modules\jasmine-core\lib\jasmine-core\jasmine.js:526:10)
    at UserContext.fn (C:\Users\Segal\AppData\Roaming\npm\node_modules\protractor\node_modules\jasmine-core\lib\jasmine-core\jasmine.js:5340:37)
    at attempt (C:\Users\Segal\AppData\Roaming\npm\node_modules\protractor\node_modules\jasmine-core\lib\jasmine-core\jasmine.js:4297:26)
    at QueueRunner.run (C:\Users\Segal\AppData\Roaming\npm\node_modules\protractor\node_modules\jasmine-core\lib\jasmine-core\jasmine.js:4217:20)
    at runNext (C:\Users\Segal\AppData\Roaming\npm\node_modules\protractor\node_modules\jasmine-core\lib\jasmine-core\jasmine.js:4257:20)
From asynchronous test: 
Error
    at Suite.<anonymous> (C:\Users\Segal\Desktop\Revature\project3\Updated\trackforce\NGTrackForce\e2e\navbar\navbar.e2e-spec.ts:189:5)
    at addSpecsToSuite (C:\Users\Segal\AppData\Roaming\npm\node_modules\protractor\node_modules\jasmine-core\lib\jasmine-core\jasmine.js:1107:25)
    at Env.describe (C:\Users\Segal\AppData\Roaming\npm\node_modules\protractor\node_modules\jasmine-core\lib\jasmine-core\jasmine.js:1074:7)
    at describe (C:\Users\Segal\AppData\Roaming\npm\node_modules\protractor\node_modules\jasmine-core\lib\jasmine-core\jasmine.js:4399:18)
    at Object.<anonymous> (C:\Users\Segal\Desktop\Revature\project3\Updated\trackforce\NGTrackForce\e2e\navbar\navbar.e2e-spec.ts:178:1)
    at Module._compile (module.js:653:30)
    at Module.m._compile (C:\Users\Segal\Desktop\Revature\project3\Updated\trackforce\NGTrackForce\node_modules\ts-node\src\index.ts:422:23)
    at Module._extensions..js (module.js:664:10)
    at Object.require.extensions.(anonymous function) [as .ts] (C:\Users\Segal\Desktop\Revature\project3\Updated\trackforce\NGTrackForce\node_modules\ts-node\src\index.ts:425:12)]]>
   </failure>
  </testcase>
  <testcase classname="The Delivery/Sales navbar is functional" name="should navigate to client list page" time="3.681" />
  <testcase classname="The Delivery/Sales navbar is functional" name="should navigate to batch list page" time="0.627" />
  <testcase classname="The Delivery/Sales navbar is functional" name="should navigate to associate lising" time="1.631" />
  <testcase classname="The Delivery/Sales navbar is functional" name="should navigate to predictions" time="0.833" />
  <testcase classname="The Delivery/Sales navbar is functional" name="should navigate to create user" time="0.304" />
  <testcase classname="The Delivery/Sales navbar is functional" name="should be able to logout" time="0.873" />
 </testsuite>
 <testsuite name="The create-user page " timestamp="2018-10-29T10:40:42" hostname="localhost" time="7.343" errors="0" tests="8" skipped="0" disabled="0" failures="16">
  <testcase classname="The create-user page " name="should accept username input" time="1.428">
   <failure type="exception" message="Failed: No element found using locator: By(link text, Create User)"><![CDATA[NoSuchElementError: No element found using locator: By(link text, Create User)
    at elementArrayFinder.getWebElements.then (C:\Users\Segal\AppData\Roaming\npm\node_modules\protractor\built\element.js:814:27)
    at ManagedPromise.invokeCallback_ (C:\Users\Segal\AppData\Roaming\npm\node_modules\protractor\node_modules\selenium-webdriver\lib\promise.js:1376:14)
    at TaskQueue.execute_ (C:\Users\Segal\AppData\Roaming\npm\node_modules\protractor\node_modules\selenium-webdriver\lib\promise.js:3084:14)
    at TaskQueue.executeNext_ (C:\Users\Segal\AppData\Roaming\npm\node_modules\protractor\node_modules\selenium-webdriver\lib\promise.js:3067:27)
    at asyncRun (C:\Users\Segal\AppData\Roaming\npm\node_modules\protractor\node_modules\selenium-webdriver\lib\promise.js:2927:27)
    at C:\Users\Segal\AppData\Roaming\npm\node_modules\protractor\node_modules\selenium-webdriver\lib\promise.js:668:7
    at <anonymous>
    at process._tickCallback (internal/process/next_tick.js:189:7)Error
    at ElementArrayFinder.applyAction_ (C:\Users\Segal\AppData\Roaming\npm\node_modules\protractor\built\element.js:459:27)
    at ElementArrayFinder.(anonymous function).args [as click] (C:\Users\Segal\AppData\Roaming\npm\node_modules\protractor\built\element.js:91:29)
    at ElementFinder.(anonymous function).args [as click] (C:\Users\Segal\AppData\Roaming\npm\node_modules\protractor\built\element.js:831:22)
    at Navbar.goToCreateUser (C:\Users\Segal\Desktop\Revature\project3\Updated\trackforce\NGTrackForce\e2e\navbar\navbar.po.ts:37:43)
    at UserContext.<anonymous> (C:\Users\Segal\Desktop\Revature\project3\Updated\trackforce\NGTrackForce\e2e\create-user\create-user.e2e-spec.ts:27:16)
    at C:\Users\Segal\AppData\Roaming\npm\node_modules\protractor\node_modules\jasminewd2\index.js:112:25
    at new ManagedPromise (C:\Users\Segal\AppData\Roaming\npm\node_modules\protractor\node_modules\selenium-webdriver\lib\promise.js:1077:7)
    at ControlFlow.promise (C:\Users\Segal\AppData\Roaming\npm\node_modules\protractor\node_modules\selenium-webdriver\lib\promise.js:2505:12)
    at schedulerExecute (C:\Users\Segal\AppData\Roaming\npm\node_modules\protractor\node_modules\jasminewd2\index.js:95:18)
    at TaskQueue.execute_ (C:\Users\Segal\AppData\Roaming\npm\node_modules\protractor\node_modules\selenium-webdriver\lib\promise.js:3084:14)
From: Task: Run beforeAll in control flow
    at UserContext.<anonymous> (C:\Users\Segal\AppData\Roaming\npm\node_modules\protractor\node_modules\jasminewd2\index.js:94:19)
    at attempt (C:\Users\Segal\AppData\Roaming\npm\node_modules\protractor\node_modules\jasmine-core\lib\jasmine-core\jasmine.js:4297:26)
    at QueueRunner.run (C:\Users\Segal\AppData\Roaming\npm\node_modules\protractor\node_modules\jasmine-core\lib\jasmine-core\jasmine.js:4217:20)
    at QueueRunner.execute (C:\Users\Segal\AppData\Roaming\npm\node_modules\protractor\node_modules\jasmine-core\lib\jasmine-core\jasmine.js:4199:10)
    at queueRunnerFactory (C:\Users\Segal\AppData\Roaming\npm\node_modules\protractor\node_modules\jasmine-core\lib\jasmine-core\jasmine.js:909:35)
    at UserContext.fn (C:\Users\Segal\AppData\Roaming\npm\node_modules\protractor\node_modules\jasmine-core\lib\jasmine-core\jasmine.js:5325:13)
    at attempt (C:\Users\Segal\AppData\Roaming\npm\node_modules\protractor\node_modules\jasmine-core\lib\jasmine-core\jasmine.js:4297:26)
    at QueueRunner.run (C:\Users\Segal\AppData\Roaming\npm\node_modules\protractor\node_modules\jasmine-core\lib\jasmine-core\jasmine.js:4217:20)
    at runNext (C:\Users\Segal\AppData\Roaming\npm\node_modules\protractor\node_modules\jasmine-core\lib\jasmine-core\jasmine.js:4257:20)
    at C:\Users\Segal\AppData\Roaming\npm\node_modules\protractor\node_modules\jasmine-core\lib\jasmine-core\jasmine.js:4264:13
From asynchronous test: 
Error
    at Suite.<anonymous> (C:\Users\Segal\Desktop\Revature\project3\Updated\trackforce\NGTrackForce\e2e\create-user\create-user.e2e-spec.ts:16:5)
    at addSpecsToSuite (C:\Users\Segal\AppData\Roaming\npm\node_modules\protractor\node_modules\jasmine-core\lib\jasmine-core\jasmine.js:1107:25)
    at Env.describe (C:\Users\Segal\AppData\Roaming\npm\node_modules\protractor\node_modules\jasmine-core\lib\jasmine-core\jasmine.js:1074:7)
    at describe (C:\Users\Segal\AppData\Roaming\npm\node_modules\protractor\node_modules\jasmine-core\lib\jasmine-core\jasmine.js:4399:18)
    at Object.<anonymous> (C:\Users\Segal\Desktop\Revature\project3\Updated\trackforce\NGTrackForce\e2e\create-user\create-user.e2e-spec.ts:14:1)
    at Module._compile (module.js:653:30)
    at Module.m._compile (C:\Users\Segal\Desktop\Revature\project3\Updated\trackforce\NGTrackForce\node_modules\ts-node\src\index.ts:422:23)
    at Module._extensions..js (module.js:664:10)
    at Object.require.extensions.(anonymous function) [as .ts] (C:\Users\Segal\Desktop\Revature\project3\Updated\trackforce\NGTrackForce\node_modules\ts-node\src\index.ts:425:12)]]>
   </failure>
   <failure type="exception" message="Failed: No element found using locator: By(css selector, [name=&quot;username&quot;])"><![CDATA[NoSuchElementError: No element found using locator: By(css selector, [name="username"])
    at elementArrayFinder.getWebElements.then (C:\Users\Segal\AppData\Roaming\npm\node_modules\protractor\built\element.js:814:27)
    at ManagedPromise.invokeCallback_ (C:\Users\Segal\AppData\Roaming\npm\node_modules\protractor\node_modules\selenium-webdriver\lib\promise.js:1376:14)
    at TaskQueue.execute_ (C:\Users\Segal\AppData\Roaming\npm\node_modules\protractor\node_modules\selenium-webdriver\lib\promise.js:3084:14)
    at TaskQueue.executeNext_ (C:\Users\Segal\AppData\Roaming\npm\node_modules\protractor\node_modules\selenium-webdriver\lib\promise.js:3067:27)
    at asyncRun (C:\Users\Segal\AppData\Roaming\npm\node_modules\protractor\node_modules\selenium-webdriver\lib\promise.js:2927:27)
    at C:\Users\Segal\AppData\Roaming\npm\node_modules\protractor\node_modules\selenium-webdriver\lib\promise.js:668:7
    at <anonymous>
    at process._tickCallback (internal/process/next_tick.js:189:7)Error
    at ElementArrayFinder.applyAction_ (C:\Users\Segal\AppData\Roaming\npm\node_modules\protractor\built\element.js:459:27)
    at ElementArrayFinder.(anonymous function).args [as sendKeys] (C:\Users\Segal\AppData\Roaming\npm\node_modules\protractor\built\element.js:91:29)
    at ElementFinder.(anonymous function).args [as sendKeys] (C:\Users\Segal\AppData\Roaming\npm\node_modules\protractor\built\element.js:831:22)
    at CreateUserPo.inputUsername (C:\Users\Segal\Desktop\Revature\project3\Updated\trackforce\NGTrackForce\e2e\create-user\create-user.po.ts:62:23)
    at UserContext.<anonymous> (C:\Users\Segal\Desktop\Revature\project3\Updated\trackforce\NGTrackForce\e2e\create-user\create-user.e2e-spec.ts:31:20)
    at C:\Users\Segal\AppData\Roaming\npm\node_modules\protractor\node_modules\jasminewd2\index.js:112:25
    at new ManagedPromise (C:\Users\Segal\AppData\Roaming\npm\node_modules\protractor\node_modules\selenium-webdriver\lib\promise.js:1077:7)
    at ControlFlow.promise (C:\Users\Segal\AppData\Roaming\npm\node_modules\protractor\node_modules\selenium-webdriver\lib\promise.js:2505:12)
    at schedulerExecute (C:\Users\Segal\AppData\Roaming\npm\node_modules\protractor\node_modules\jasminewd2\index.js:95:18)
    at TaskQueue.execute_ (C:\Users\Segal\AppData\Roaming\npm\node_modules\protractor\node_modules\selenium-webdriver\lib\promise.js:3084:14)
From: Task: Run it("should accept username input") in control flow
    at UserContext.<anonymous> (C:\Users\Segal\AppData\Roaming\npm\node_modules\protractor\node_modules\jasminewd2\index.js:94:19)
    at attempt (C:\Users\Segal\AppData\Roaming\npm\node_modules\protractor\node_modules\jasmine-core\lib\jasmine-core\jasmine.js:4297:26)
    at QueueRunner.run (C:\Users\Segal\AppData\Roaming\npm\node_modules\protractor\node_modules\jasmine-core\lib\jasmine-core\jasmine.js:4217:20)
    at QueueRunner.execute (C:\Users\Segal\AppData\Roaming\npm\node_modules\protractor\node_modules\jasmine-core\lib\jasmine-core\jasmine.js:4199:10)
    at Spec.queueRunnerFactory (C:\Users\Segal\AppData\Roaming\npm\node_modules\protractor\node_modules\jasmine-core\lib\jasmine-core\jasmine.js:909:35)
    at Spec.execute (C:\Users\Segal\AppData\Roaming\npm\node_modules\protractor\node_modules\jasmine-core\lib\jasmine-core\jasmine.js:526:10)
    at UserContext.fn (C:\Users\Segal\AppData\Roaming\npm\node_modules\protractor\node_modules\jasmine-core\lib\jasmine-core\jasmine.js:5340:37)
    at attempt (C:\Users\Segal\AppData\Roaming\npm\node_modules\protractor\node_modules\jasmine-core\lib\jasmine-core\jasmine.js:4297:26)
    at QueueRunner.run (C:\Users\Segal\AppData\Roaming\npm\node_modules\protractor\node_modules\jasmine-core\lib\jasmine-core\jasmine.js:4217:20)
    at runNext (C:\Users\Segal\AppData\Roaming\npm\node_modules\protractor\node_modules\jasmine-core\lib\jasmine-core\jasmine.js:4257:20)
From asynchronous test: 
Error
    at Suite.<anonymous> (C:\Users\Segal\Desktop\Revature\project3\Updated\trackforce\NGTrackForce\e2e\create-user\create-user.e2e-spec.ts:30:5)
    at addSpecsToSuite (C:\Users\Segal\AppData\Roaming\npm\node_modules\protractor\node_modules\jasmine-core\lib\jasmine-core\jasmine.js:1107:25)
    at Env.describe (C:\Users\Segal\AppData\Roaming\npm\node_modules\protractor\node_modules\jasmine-core\lib\jasmine-core\jasmine.js:1074:7)
    at describe (C:\Users\Segal\AppData\Roaming\npm\node_modules\protractor\node_modules\jasmine-core\lib\jasmine-core\jasmine.js:4399:18)
    at Object.<anonymous> (C:\Users\Segal\Desktop\Revature\project3\Updated\trackforce\NGTrackForce\e2e\create-user\create-user.e2e-spec.ts:14:1)
    at Module._compile (module.js:653:30)
    at Module.m._compile (C:\Users\Segal\Desktop\Revature\project3\Updated\trackforce\NGTrackForce\node_modules\ts-node\src\index.ts:422:23)
    at Module._extensions..js (module.js:664:10)
    at Object.require.extensions.(anonymous function) [as .ts] (C:\Users\Segal\Desktop\Revature\project3\Updated\trackforce\NGTrackForce\node_modules\ts-node\src\index.ts:425:12)]]>
   </failure>
  </testcase>
  <testcase classname="The create-user page " name="should accept password input" time="1.119">
   <failure type="exception" message="Failed: No element found using locator: By(link text, Create User)"><![CDATA[NoSuchElementError: No element found using locator: By(link text, Create User)
    at elementArrayFinder.getWebElements.then (C:\Users\Segal\AppData\Roaming\npm\node_modules\protractor\built\element.js:814:27)
    at ManagedPromise.invokeCallback_ (C:\Users\Segal\AppData\Roaming\npm\node_modules\protractor\node_modules\selenium-webdriver\lib\promise.js:1376:14)
    at TaskQueue.execute_ (C:\Users\Segal\AppData\Roaming\npm\node_modules\protractor\node_modules\selenium-webdriver\lib\promise.js:3084:14)
    at TaskQueue.executeNext_ (C:\Users\Segal\AppData\Roaming\npm\node_modules\protractor\node_modules\selenium-webdriver\lib\promise.js:3067:27)
    at asyncRun (C:\Users\Segal\AppData\Roaming\npm\node_modules\protractor\node_modules\selenium-webdriver\lib\promise.js:2927:27)
    at C:\Users\Segal\AppData\Roaming\npm\node_modules\protractor\node_modules\selenium-webdriver\lib\promise.js:668:7
    at <anonymous>
    at process._tickCallback (internal/process/next_tick.js:189:7)Error
    at ElementArrayFinder.applyAction_ (C:\Users\Segal\AppData\Roaming\npm\node_modules\protractor\built\element.js:459:27)
    at ElementArrayFinder.(anonymous function).args [as click] (C:\Users\Segal\AppData\Roaming\npm\node_modules\protractor\built\element.js:91:29)
    at ElementFinder.(anonymous function).args [as click] (C:\Users\Segal\AppData\Roaming\npm\node_modules\protractor\built\element.js:831:22)
    at Navbar.goToCreateUser (C:\Users\Segal\Desktop\Revature\project3\Updated\trackforce\NGTrackForce\e2e\navbar\navbar.po.ts:37:43)
    at UserContext.<anonymous> (C:\Users\Segal\Desktop\Revature\project3\Updated\trackforce\NGTrackForce\e2e\create-user\create-user.e2e-spec.ts:27:16)
    at C:\Users\Segal\AppData\Roaming\npm\node_modules\protractor\node_modules\jasminewd2\index.js:112:25
    at new ManagedPromise (C:\Users\Segal\AppData\Roaming\npm\node_modules\protractor\node_modules\selenium-webdriver\lib\promise.js:1077:7)
    at ControlFlow.promise (C:\Users\Segal\AppData\Roaming\npm\node_modules\protractor\node_modules\selenium-webdriver\lib\promise.js:2505:12)
    at schedulerExecute (C:\Users\Segal\AppData\Roaming\npm\node_modules\protractor\node_modules\jasminewd2\index.js:95:18)
    at TaskQueue.execute_ (C:\Users\Segal\AppData\Roaming\npm\node_modules\protractor\node_modules\selenium-webdriver\lib\promise.js:3084:14)
From: Task: Run beforeAll in control flow
    at UserContext.<anonymous> (C:\Users\Segal\AppData\Roaming\npm\node_modules\protractor\node_modules\jasminewd2\index.js:94:19)
    at attempt (C:\Users\Segal\AppData\Roaming\npm\node_modules\protractor\node_modules\jasmine-core\lib\jasmine-core\jasmine.js:4297:26)
    at QueueRunner.run (C:\Users\Segal\AppData\Roaming\npm\node_modules\protractor\node_modules\jasmine-core\lib\jasmine-core\jasmine.js:4217:20)
    at QueueRunner.execute (C:\Users\Segal\AppData\Roaming\npm\node_modules\protractor\node_modules\jasmine-core\lib\jasmine-core\jasmine.js:4199:10)
    at queueRunnerFactory (C:\Users\Segal\AppData\Roaming\npm\node_modules\protractor\node_modules\jasmine-core\lib\jasmine-core\jasmine.js:909:35)
    at UserContext.fn (C:\Users\Segal\AppData\Roaming\npm\node_modules\protractor\node_modules\jasmine-core\lib\jasmine-core\jasmine.js:5325:13)
    at attempt (C:\Users\Segal\AppData\Roaming\npm\node_modules\protractor\node_modules\jasmine-core\lib\jasmine-core\jasmine.js:4297:26)
    at QueueRunner.run (C:\Users\Segal\AppData\Roaming\npm\node_modules\protractor\node_modules\jasmine-core\lib\jasmine-core\jasmine.js:4217:20)
    at runNext (C:\Users\Segal\AppData\Roaming\npm\node_modules\protractor\node_modules\jasmine-core\lib\jasmine-core\jasmine.js:4257:20)
    at C:\Users\Segal\AppData\Roaming\npm\node_modules\protractor\node_modules\jasmine-core\lib\jasmine-core\jasmine.js:4264:13
From asynchronous test: 
Error
    at Suite.<anonymous> (C:\Users\Segal\Desktop\Revature\project3\Updated\trackforce\NGTrackForce\e2e\create-user\create-user.e2e-spec.ts:16:5)
    at addSpecsToSuite (C:\Users\Segal\AppData\Roaming\npm\node_modules\protractor\node_modules\jasmine-core\lib\jasmine-core\jasmine.js:1107:25)
    at Env.describe (C:\Users\Segal\AppData\Roaming\npm\node_modules\protractor\node_modules\jasmine-core\lib\jasmine-core\jasmine.js:1074:7)
    at describe (C:\Users\Segal\AppData\Roaming\npm\node_modules\protractor\node_modules\jasmine-core\lib\jasmine-core\jasmine.js:4399:18)
    at Object.<anonymous> (C:\Users\Segal\Desktop\Revature\project3\Updated\trackforce\NGTrackForce\e2e\create-user\create-user.e2e-spec.ts:14:1)
    at Module._compile (module.js:653:30)
    at Module.m._compile (C:\Users\Segal\Desktop\Revature\project3\Updated\trackforce\NGTrackForce\node_modules\ts-node\src\index.ts:422:23)
    at Module._extensions..js (module.js:664:10)
    at Object.require.extensions.(anonymous function) [as .ts] (C:\Users\Segal\Desktop\Revature\project3\Updated\trackforce\NGTrackForce\node_modules\ts-node\src\index.ts:425:12)]]>
   </failure>
   <failure type="exception" message="Failed: No element found using locator: By(css selector, [name=&quot;password&quot;])"><![CDATA[NoSuchElementError: No element found using locator: By(css selector, [name="password"])
    at elementArrayFinder.getWebElements.then (C:\Users\Segal\AppData\Roaming\npm\node_modules\protractor\built\element.js:814:27)
    at ManagedPromise.invokeCallback_ (C:\Users\Segal\AppData\Roaming\npm\node_modules\protractor\node_modules\selenium-webdriver\lib\promise.js:1376:14)
    at TaskQueue.execute_ (C:\Users\Segal\AppData\Roaming\npm\node_modules\protractor\node_modules\selenium-webdriver\lib\promise.js:3084:14)
    at TaskQueue.executeNext_ (C:\Users\Segal\AppData\Roaming\npm\node_modules\protractor\node_modules\selenium-webdriver\lib\promise.js:3067:27)
    at asyncRun (C:\Users\Segal\AppData\Roaming\npm\node_modules\protractor\node_modules\selenium-webdriver\lib\promise.js:2927:27)
    at C:\Users\Segal\AppData\Roaming\npm\node_modules\protractor\node_modules\selenium-webdriver\lib\promise.js:668:7
    at <anonymous>
    at process._tickCallback (internal/process/next_tick.js:189:7)Error
    at ElementArrayFinder.applyAction_ (C:\Users\Segal\AppData\Roaming\npm\node_modules\protractor\built\element.js:459:27)
    at ElementArrayFinder.(anonymous function).args [as sendKeys] (C:\Users\Segal\AppData\Roaming\npm\node_modules\protractor\built\element.js:91:29)
    at ElementFinder.(anonymous function).args [as sendKeys] (C:\Users\Segal\AppData\Roaming\npm\node_modules\protractor\built\element.js:831:22)
    at CreateUserPo.inputPassword (C:\Users\Segal\Desktop\Revature\project3\Updated\trackforce\NGTrackForce\e2e\create-user\create-user.po.ts:84:23)
    at UserContext.<anonymous> (C:\Users\Segal\Desktop\Revature\project3\Updated\trackforce\NGTrackForce\e2e\create-user\create-user.e2e-spec.ts:36:20)
    at C:\Users\Segal\AppData\Roaming\npm\node_modules\protractor\node_modules\jasminewd2\index.js:112:25
    at new ManagedPromise (C:\Users\Segal\AppData\Roaming\npm\node_modules\protractor\node_modules\selenium-webdriver\lib\promise.js:1077:7)
    at ControlFlow.promise (C:\Users\Segal\AppData\Roaming\npm\node_modules\protractor\node_modules\selenium-webdriver\lib\promise.js:2505:12)
    at schedulerExecute (C:\Users\Segal\AppData\Roaming\npm\node_modules\protractor\node_modules\jasminewd2\index.js:95:18)
    at TaskQueue.execute_ (C:\Users\Segal\AppData\Roaming\npm\node_modules\protractor\node_modules\selenium-webdriver\lib\promise.js:3084:14)
From: Task: Run it("should accept password input") in control flow
    at UserContext.<anonymous> (C:\Users\Segal\AppData\Roaming\npm\node_modules\protractor\node_modules\jasminewd2\index.js:94:19)
    at attempt (C:\Users\Segal\AppData\Roaming\npm\node_modules\protractor\node_modules\jasmine-core\lib\jasmine-core\jasmine.js:4297:26)
    at QueueRunner.run (C:\Users\Segal\AppData\Roaming\npm\node_modules\protractor\node_modules\jasmine-core\lib\jasmine-core\jasmine.js:4217:20)
    at QueueRunner.execute (C:\Users\Segal\AppData\Roaming\npm\node_modules\protractor\node_modules\jasmine-core\lib\jasmine-core\jasmine.js:4199:10)
    at Spec.queueRunnerFactory (C:\Users\Segal\AppData\Roaming\npm\node_modules\protractor\node_modules\jasmine-core\lib\jasmine-core\jasmine.js:909:35)
    at Spec.execute (C:\Users\Segal\AppData\Roaming\npm\node_modules\protractor\node_modules\jasmine-core\lib\jasmine-core\jasmine.js:526:10)
    at UserContext.fn (C:\Users\Segal\AppData\Roaming\npm\node_modules\protractor\node_modules\jasmine-core\lib\jasmine-core\jasmine.js:5340:37)
    at attempt (C:\Users\Segal\AppData\Roaming\npm\node_modules\protractor\node_modules\jasmine-core\lib\jasmine-core\jasmine.js:4297:26)
    at QueueRunner.run (C:\Users\Segal\AppData\Roaming\npm\node_modules\protractor\node_modules\jasmine-core\lib\jasmine-core\jasmine.js:4217:20)
    at runNext (C:\Users\Segal\AppData\Roaming\npm\node_modules\protractor\node_modules\jasmine-core\lib\jasmine-core\jasmine.js:4257:20)
From asynchronous test: 
Error
    at Suite.<anonymous> (C:\Users\Segal\Desktop\Revature\project3\Updated\trackforce\NGTrackForce\e2e\create-user\create-user.e2e-spec.ts:35:5)
    at addSpecsToSuite (C:\Users\Segal\AppData\Roaming\npm\node_modules\protractor\node_modules\jasmine-core\lib\jasmine-core\jasmine.js:1107:25)
    at Env.describe (C:\Users\Segal\AppData\Roaming\npm\node_modules\protractor\node_modules\jasmine-core\lib\jasmine-core\jasmine.js:1074:7)
    at describe (C:\Users\Segal\AppData\Roaming\npm\node_modules\protractor\node_modules\jasmine-core\lib\jasmine-core\jasmine.js:4399:18)
    at Object.<anonymous> (C:\Users\Segal\Desktop\Revature\project3\Updated\trackforce\NGTrackForce\e2e\create-user\create-user.e2e-spec.ts:14:1)
    at Module._compile (module.js:653:30)
    at Module.m._compile (C:\Users\Segal\Desktop\Revature\project3\Updated\trackforce\NGTrackForce\node_modules\ts-node\src\index.ts:422:23)
    at Module._extensions..js (module.js:664:10)
    at Object.require.extensions.(anonymous function) [as .ts] (C:\Users\Segal\Desktop\Revature\project3\Updated\trackforce\NGTrackForce\node_modules\ts-node\src\index.ts:425:12)]]>
   </failure>
  </testcase>
  <testcase classname="The create-user page " name="should accept password confirmation input" time="0.514">
   <failure type="exception" message="Failed: No element found using locator: By(link text, Create User)"><![CDATA[NoSuchElementError: No element found using locator: By(link text, Create User)
    at elementArrayFinder.getWebElements.then (C:\Users\Segal\AppData\Roaming\npm\node_modules\protractor\built\element.js:814:27)
    at ManagedPromise.invokeCallback_ (C:\Users\Segal\AppData\Roaming\npm\node_modules\protractor\node_modules\selenium-webdriver\lib\promise.js:1376:14)
    at TaskQueue.execute_ (C:\Users\Segal\AppData\Roaming\npm\node_modules\protractor\node_modules\selenium-webdriver\lib\promise.js:3084:14)
    at TaskQueue.executeNext_ (C:\Users\Segal\AppData\Roaming\npm\node_modules\protractor\node_modules\selenium-webdriver\lib\promise.js:3067:27)
    at asyncRun (C:\Users\Segal\AppData\Roaming\npm\node_modules\protractor\node_modules\selenium-webdriver\lib\promise.js:2927:27)
    at C:\Users\Segal\AppData\Roaming\npm\node_modules\protractor\node_modules\selenium-webdriver\lib\promise.js:668:7
    at <anonymous>
    at process._tickCallback (internal/process/next_tick.js:189:7)Error
    at ElementArrayFinder.applyAction_ (C:\Users\Segal\AppData\Roaming\npm\node_modules\protractor\built\element.js:459:27)
    at ElementArrayFinder.(anonymous function).args [as click] (C:\Users\Segal\AppData\Roaming\npm\node_modules\protractor\built\element.js:91:29)
    at ElementFinder.(anonymous function).args [as click] (C:\Users\Segal\AppData\Roaming\npm\node_modules\protractor\built\element.js:831:22)
    at Navbar.goToCreateUser (C:\Users\Segal\Desktop\Revature\project3\Updated\trackforce\NGTrackForce\e2e\navbar\navbar.po.ts:37:43)
    at UserContext.<anonymous> (C:\Users\Segal\Desktop\Revature\project3\Updated\trackforce\NGTrackForce\e2e\create-user\create-user.e2e-spec.ts:27:16)
    at C:\Users\Segal\AppData\Roaming\npm\node_modules\protractor\node_modules\jasminewd2\index.js:112:25
    at new ManagedPromise (C:\Users\Segal\AppData\Roaming\npm\node_modules\protractor\node_modules\selenium-webdriver\lib\promise.js:1077:7)
    at ControlFlow.promise (C:\Users\Segal\AppData\Roaming\npm\node_modules\protractor\node_modules\selenium-webdriver\lib\promise.js:2505:12)
    at schedulerExecute (C:\Users\Segal\AppData\Roaming\npm\node_modules\protractor\node_modules\jasminewd2\index.js:95:18)
    at TaskQueue.execute_ (C:\Users\Segal\AppData\Roaming\npm\node_modules\protractor\node_modules\selenium-webdriver\lib\promise.js:3084:14)
From: Task: Run beforeAll in control flow
    at UserContext.<anonymous> (C:\Users\Segal\AppData\Roaming\npm\node_modules\protractor\node_modules\jasminewd2\index.js:94:19)
    at attempt (C:\Users\Segal\AppData\Roaming\npm\node_modules\protractor\node_modules\jasmine-core\lib\jasmine-core\jasmine.js:4297:26)
    at QueueRunner.run (C:\Users\Segal\AppData\Roaming\npm\node_modules\protractor\node_modules\jasmine-core\lib\jasmine-core\jasmine.js:4217:20)
    at QueueRunner.execute (C:\Users\Segal\AppData\Roaming\npm\node_modules\protractor\node_modules\jasmine-core\lib\jasmine-core\jasmine.js:4199:10)
    at queueRunnerFactory (C:\Users\Segal\AppData\Roaming\npm\node_modules\protractor\node_modules\jasmine-core\lib\jasmine-core\jasmine.js:909:35)
    at UserContext.fn (C:\Users\Segal\AppData\Roaming\npm\node_modules\protractor\node_modules\jasmine-core\lib\jasmine-core\jasmine.js:5325:13)
    at attempt (C:\Users\Segal\AppData\Roaming\npm\node_modules\protractor\node_modules\jasmine-core\lib\jasmine-core\jasmine.js:4297:26)
    at QueueRunner.run (C:\Users\Segal\AppData\Roaming\npm\node_modules\protractor\node_modules\jasmine-core\lib\jasmine-core\jasmine.js:4217:20)
    at runNext (C:\Users\Segal\AppData\Roaming\npm\node_modules\protractor\node_modules\jasmine-core\lib\jasmine-core\jasmine.js:4257:20)
    at C:\Users\Segal\AppData\Roaming\npm\node_modules\protractor\node_modules\jasmine-core\lib\jasmine-core\jasmine.js:4264:13
From asynchronous test: 
Error
    at Suite.<anonymous> (C:\Users\Segal\Desktop\Revature\project3\Updated\trackforce\NGTrackForce\e2e\create-user\create-user.e2e-spec.ts:16:5)
    at addSpecsToSuite (C:\Users\Segal\AppData\Roaming\npm\node_modules\protractor\node_modules\jasmine-core\lib\jasmine-core\jasmine.js:1107:25)
    at Env.describe (C:\Users\Segal\AppData\Roaming\npm\node_modules\protractor\node_modules\jasmine-core\lib\jasmine-core\jasmine.js:1074:7)
    at describe (C:\Users\Segal\AppData\Roaming\npm\node_modules\protractor\node_modules\jasmine-core\lib\jasmine-core\jasmine.js:4399:18)
    at Object.<anonymous> (C:\Users\Segal\Desktop\Revature\project3\Updated\trackforce\NGTrackForce\e2e\create-user\create-user.e2e-spec.ts:14:1)
    at Module._compile (module.js:653:30)
    at Module.m._compile (C:\Users\Segal\Desktop\Revature\project3\Updated\trackforce\NGTrackForce\node_modules\ts-node\src\index.ts:422:23)
    at Module._extensions..js (module.js:664:10)
    at Object.require.extensions.(anonymous function) [as .ts] (C:\Users\Segal\Desktop\Revature\project3\Updated\trackforce\NGTrackForce\node_modules\ts-node\src\index.ts:425:12)]]>
   </failure>
   <failure type="exception" message="Failed: No element found using locator: By(css selector, [name=&quot;password2&quot;])"><![CDATA[NoSuchElementError: No element found using locator: By(css selector, [name="password2"])
    at elementArrayFinder.getWebElements.then (C:\Users\Segal\AppData\Roaming\npm\node_modules\protractor\built\element.js:814:27)
    at ManagedPromise.invokeCallback_ (C:\Users\Segal\AppData\Roaming\npm\node_modules\protractor\node_modules\selenium-webdriver\lib\promise.js:1376:14)
    at TaskQueue.execute_ (C:\Users\Segal\AppData\Roaming\npm\node_modules\protractor\node_modules\selenium-webdriver\lib\promise.js:3084:14)
    at TaskQueue.executeNext_ (C:\Users\Segal\AppData\Roaming\npm\node_modules\protractor\node_modules\selenium-webdriver\lib\promise.js:3067:27)
    at asyncRun (C:\Users\Segal\AppData\Roaming\npm\node_modules\protractor\node_modules\selenium-webdriver\lib\promise.js:2927:27)
    at C:\Users\Segal\AppData\Roaming\npm\node_modules\protractor\node_modules\selenium-webdriver\lib\promise.js:668:7
    at <anonymous>
    at process._tickCallback (internal/process/next_tick.js:189:7)Error
    at ElementArrayFinder.applyAction_ (C:\Users\Segal\AppData\Roaming\npm\node_modules\protractor\built\element.js:459:27)
    at ElementArrayFinder.(anonymous function).args [as sendKeys] (C:\Users\Segal\AppData\Roaming\npm\node_modules\protractor\built\element.js:91:29)
    at ElementFinder.(anonymous function).args [as sendKeys] (C:\Users\Segal\AppData\Roaming\npm\node_modules\protractor\built\element.js:831:22)
    at CreateUserPo.inputPasswordConfirm (C:\Users\Segal\Desktop\Revature\project3\Updated\trackforce\NGTrackForce\e2e\create-user\create-user.po.ts:106:30)
    at UserContext.<anonymous> (C:\Users\Segal\Desktop\Revature\project3\Updated\trackforce\NGTrackForce\e2e\create-user\create-user.e2e-spec.ts:41:20)
    at C:\Users\Segal\AppData\Roaming\npm\node_modules\protractor\node_modules\jasminewd2\index.js:112:25
    at new ManagedPromise (C:\Users\Segal\AppData\Roaming\npm\node_modules\protractor\node_modules\selenium-webdriver\lib\promise.js:1077:7)
    at ControlFlow.promise (C:\Users\Segal\AppData\Roaming\npm\node_modules\protractor\node_modules\selenium-webdriver\lib\promise.js:2505:12)
    at schedulerExecute (C:\Users\Segal\AppData\Roaming\npm\node_modules\protractor\node_modules\jasminewd2\index.js:95:18)
    at TaskQueue.execute_ (C:\Users\Segal\AppData\Roaming\npm\node_modules\protractor\node_modules\selenium-webdriver\lib\promise.js:3084:14)
From: Task: Run it("should accept password confirmation input") in control flow
    at UserContext.<anonymous> (C:\Users\Segal\AppData\Roaming\npm\node_modules\protractor\node_modules\jasminewd2\index.js:94:19)
    at attempt (C:\Users\Segal\AppData\Roaming\npm\node_modules\protractor\node_modules\jasmine-core\lib\jasmine-core\jasmine.js:4297:26)
    at QueueRunner.run (C:\Users\Segal\AppData\Roaming\npm\node_modules\protractor\node_modules\jasmine-core\lib\jasmine-core\jasmine.js:4217:20)
    at QueueRunner.execute (C:\Users\Segal\AppData\Roaming\npm\node_modules\protractor\node_modules\jasmine-core\lib\jasmine-core\jasmine.js:4199:10)
    at Spec.queueRunnerFactory (C:\Users\Segal\AppData\Roaming\npm\node_modules\protractor\node_modules\jasmine-core\lib\jasmine-core\jasmine.js:909:35)
    at Spec.execute (C:\Users\Segal\AppData\Roaming\npm\node_modules\protractor\node_modules\jasmine-core\lib\jasmine-core\jasmine.js:526:10)
    at UserContext.fn (C:\Users\Segal\AppData\Roaming\npm\node_modules\protractor\node_modules\jasmine-core\lib\jasmine-core\jasmine.js:5340:37)
    at attempt (C:\Users\Segal\AppData\Roaming\npm\node_modules\protractor\node_modules\jasmine-core\lib\jasmine-core\jasmine.js:4297:26)
    at QueueRunner.run (C:\Users\Segal\AppData\Roaming\npm\node_modules\protractor\node_modules\jasmine-core\lib\jasmine-core\jasmine.js:4217:20)
    at runNext (C:\Users\Segal\AppData\Roaming\npm\node_modules\protractor\node_modules\jasmine-core\lib\jasmine-core\jasmine.js:4257:20)
From asynchronous test: 
Error
    at Suite.<anonymous> (C:\Users\Segal\Desktop\Revature\project3\Updated\trackforce\NGTrackForce\e2e\create-user\create-user.e2e-spec.ts:40:5)
    at addSpecsToSuite (C:\Users\Segal\AppData\Roaming\npm\node_modules\protractor\node_modules\jasmine-core\lib\jasmine-core\jasmine.js:1107:25)
    at Env.describe (C:\Users\Segal\AppData\Roaming\npm\node_modules\protractor\node_modules\jasmine-core\lib\jasmine-core\jasmine.js:1074:7)
    at describe (C:\Users\Segal\AppData\Roaming\npm\node_modules\protractor\node_modules\jasmine-core\lib\jasmine-core\jasmine.js:4399:18)
    at Object.<anonymous> (C:\Users\Segal\Desktop\Revature\project3\Updated\trackforce\NGTrackForce\e2e\create-user\create-user.e2e-spec.ts:14:1)
    at Module._compile (module.js:653:30)
    at Module.m._compile (C:\Users\Segal\Desktop\Revature\project3\Updated\trackforce\NGTrackForce\node_modules\ts-node\src\index.ts:422:23)
    at Module._extensions..js (module.js:664:10)
    at Object.require.extensions.(anonymous function) [as .ts] (C:\Users\Segal\Desktop\Revature\project3\Updated\trackforce\NGTrackForce\node_modules\ts-node\src\index.ts:425:12)]]>
   </failure>
  </testcase>
  <testcase classname="The create-user page " name="should select admin radio button" time="0.466">
[...]
    at QueueRunner.run (C:\Users\Segal\AppData\Roaming\npm\node_modules\protractor\node_modules\jasmine-core\lib\jasmine-core\jasmine.js:4217:20)
    at runNext (C:\Users\Segal\AppData\Roaming\npm\node_modules\protractor\node_modules\jasmine-core\lib\jasmine-core\jasmine.js:4257:20)
    at C:\Users\Segal\AppData\Roaming\npm\node_modules\protractor\node_modules\jasmine-core\lib\jasmine-core\jasmine.js:4264:13
From asynchronous test: 
Error
    at Suite.<anonymous> (C:\Users\Segal\Desktop\Revature\project3\Updated\trackforce\NGTrackForce\e2e\batch-list\batch-list.e2e-spec.ts:46:3)
    at addSpecsToSuite (C:\Users\Segal\AppData\Roaming\npm\node_modules\protractor\node_modules\jasmine-core\lib\jasmine-core\jasmine.js:1107:25)
    at Env.describe (C:\Users\Segal\AppData\Roaming\npm\node_modules\protractor\node_modules\jasmine-core\lib\jasmine-core\jasmine.js:1074:7)
    at describe (C:\Users\Segal\AppData\Roaming\npm\node_modules\protractor\node_modules\jasmine-core\lib\jasmine-core\jasmine.js:4399:18)
    at Object.<anonymous> (C:\Users\Segal\Desktop\Revature\project3\Updated\trackforce\NGTrackForce\e2e\batch-list\batch-list.e2e-spec.ts:44:1)
    at Module._compile (module.js:653:30)
    at Module.m._compile (C:\Users\Segal\Desktop\Revature\project3\Updated\trackforce\NGTrackForce\node_modules\ts-node\src\index.ts:422:23)
    at Module._extensions..js (module.js:664:10)
    at Object.require.extensions.(anonymous function) [as .ts] (C:\Users\Segal\Desktop\Revature\project3\Updated\trackforce\NGTrackForce\node_modules\ts-node\src\index.ts:425:12)]]>
   </failure>
   <failure type="exception" message="Failed: No element found using locator: By(xpath, /html/body/app-component/div/app-batch-list/div/div/div[1]/table/tbody/tr[1]/td[1]/a)"><![CDATA[NoSuchElementError: No element found using locator: By(xpath, /html/body/app-component/div/app-batch-list/div/div/div[1]/table/tbody/tr[1]/td[1]/a)
    at elementArrayFinder.getWebElements.then (C:\Users\Segal\AppData\Roaming\npm\node_modules\protractor\built\element.js:814:27)
    at ManagedPromise.invokeCallback_ (C:\Users\Segal\AppData\Roaming\npm\node_modules\protractor\node_modules\selenium-webdriver\lib\promise.js:1376:14)
    at TaskQueue.execute_ (C:\Users\Segal\AppData\Roaming\npm\node_modules\protractor\node_modules\selenium-webdriver\lib\promise.js:3084:14)
    at TaskQueue.executeNext_ (C:\Users\Segal\AppData\Roaming\npm\node_modules\protractor\node_modules\selenium-webdriver\lib\promise.js:3067:27)
    at asyncRun (C:\Users\Segal\AppData\Roaming\npm\node_modules\protractor\node_modules\selenium-webdriver\lib\promise.js:2927:27)
    at C:\Users\Segal\AppData\Roaming\npm\node_modules\protractor\node_modules\selenium-webdriver\lib\promise.js:668:7
    at <anonymous>
    at process._tickCallback (internal/process/next_tick.js:189:7)Error
    at ElementArrayFinder.applyAction_ (C:\Users\Segal\AppData\Roaming\npm\node_modules\protractor\built\element.js:459:27)
    at ElementArrayFinder.(anonymous function).args [as click] (C:\Users\Segal\AppData\Roaming\npm\node_modules\protractor\built\element.js:91:29)
    at ElementFinder.(anonymous function).args [as click] (C:\Users\Segal\AppData\Roaming\npm\node_modules\protractor\built\element.js:831:22)
    at UserContext.<anonymous> (C:\Users\Segal\Desktop\Revature\project3\Updated\trackforce\NGTrackForce\e2e\batch-list\batch-list.e2e-spec.ts:59:26)
    at C:\Users\Segal\AppData\Roaming\npm\node_modules\protractor\node_modules\jasminewd2\index.js:112:25
    at new ManagedPromise (C:\Users\Segal\AppData\Roaming\npm\node_modules\protractor\node_modules\selenium-webdriver\lib\promise.js:1077:7)
    at ControlFlow.promise (C:\Users\Segal\AppData\Roaming\npm\node_modules\protractor\node_modules\selenium-webdriver\lib\promise.js:2505:12)
    at schedulerExecute (C:\Users\Segal\AppData\Roaming\npm\node_modules\protractor\node_modules\jasminewd2\index.js:95:18)
    at TaskQueue.execute_ (C:\Users\Segal\AppData\Roaming\npm\node_modules\protractor\node_modules\selenium-webdriver\lib\promise.js:3084:14)
    at TaskQueue.executeNext_ (C:\Users\Segal\AppData\Roaming\npm\node_modules\protractor\node_modules\selenium-webdriver\lib\promise.js:3067:27)
From: Task: Run it("should direct you to a batch page") in control flow
    at UserContext.<anonymous> (C:\Users\Segal\AppData\Roaming\npm\node_modules\protractor\node_modules\jasminewd2\index.js:94:19)
    at attempt (C:\Users\Segal\AppData\Roaming\npm\node_modules\protractor\node_modules\jasmine-core\lib\jasmine-core\jasmine.js:4297:26)
    at QueueRunner.run (C:\Users\Segal\AppData\Roaming\npm\node_modules\protractor\node_modules\jasmine-core\lib\jasmine-core\jasmine.js:4217:20)
    at QueueRunner.execute (C:\Users\Segal\AppData\Roaming\npm\node_modules\protractor\node_modules\jasmine-core\lib\jasmine-core\jasmine.js:4199:10)
    at Spec.queueRunnerFactory (C:\Users\Segal\AppData\Roaming\npm\node_modules\protractor\node_modules\jasmine-core\lib\jasmine-core\jasmine.js:909:35)
    at Spec.execute (C:\Users\Segal\AppData\Roaming\npm\node_modules\protractor\node_modules\jasmine-core\lib\jasmine-core\jasmine.js:526:10)
    at UserContext.fn (C:\Users\Segal\AppData\Roaming\npm\node_modules\protractor\node_modules\jasmine-core\lib\jasmine-core\jasmine.js:5340:37)
    at attempt (C:\Users\Segal\AppData\Roaming\npm\node_modules\protractor\node_modules\jasmine-core\lib\jasmine-core\jasmine.js:4297:26)
    at QueueRunner.run (C:\Users\Segal\AppData\Roaming\npm\node_modules\protractor\node_modules\jasmine-core\lib\jasmine-core\jasmine.js:4217:20)
    at runNext (C:\Users\Segal\AppData\Roaming\npm\node_modules\protractor\node_modules\jasmine-core\lib\jasmine-core\jasmine.js:4257:20)
From asynchronous test: 
Error
    at Suite.<anonymous> (C:\Users\Segal\Desktop\Revature\project3\Updated\trackforce\NGTrackForce\e2e\batch-list\batch-list.e2e-spec.ts:57:3)
    at addSpecsToSuite (C:\Users\Segal\AppData\Roaming\npm\node_modules\protractor\node_modules\jasmine-core\lib\jasmine-core\jasmine.js:1107:25)
    at Env.describe (C:\Users\Segal\AppData\Roaming\npm\node_modules\protractor\node_modules\jasmine-core\lib\jasmine-core\jasmine.js:1074:7)
    at describe (C:\Users\Segal\AppData\Roaming\npm\node_modules\protractor\node_modules\jasmine-core\lib\jasmine-core\jasmine.js:4399:18)
    at Object.<anonymous> (C:\Users\Segal\Desktop\Revature\project3\Updated\trackforce\NGTrackForce\e2e\batch-list\batch-list.e2e-spec.ts:44:1)
    at Module._compile (module.js:653:30)
    at Module.m._compile (C:\Users\Segal\Desktop\Revature\project3\Updated\trackforce\NGTrackForce\node_modules\ts-node\src\index.ts:422:23)
    at Module._extensions..js (module.js:664:10)
    at Object.require.extensions.(anonymous function) [as .ts] (C:\Users\Segal\Desktop\Revature\project3\Updated\trackforce\NGTrackForce\node_modules\ts-node\src\index.ts:425:12)]]>
   </failure>
  </testcase>
  <testcase classname="The All Batches table" name="should direct you to a batch page with a chart " time="0.5">
   <failure type="exception" message="Failed: No element found using locator: By(link text, Batch List)"><![CDATA[NoSuchElementError: No element found using locator: By(link text, Batch List)
    at elementArrayFinder.getWebElements.then (C:\Users\Segal\AppData\Roaming\npm\node_modules\protractor\built\element.js:814:27)
    at ManagedPromise.invokeCallback_ (C:\Users\Segal\AppData\Roaming\npm\node_modules\protractor\node_modules\selenium-webdriver\lib\promise.js:1376:14)
    at TaskQueue.execute_ (C:\Users\Segal\AppData\Roaming\npm\node_modules\protractor\node_modules\selenium-webdriver\lib\promise.js:3084:14)
    at TaskQueue.executeNext_ (C:\Users\Segal\AppData\Roaming\npm\node_modules\protractor\node_modules\selenium-webdriver\lib\promise.js:3067:27)
    at asyncRun (C:\Users\Segal\AppData\Roaming\npm\node_modules\protractor\node_modules\selenium-webdriver\lib\promise.js:2927:27)
    at C:\Users\Segal\AppData\Roaming\npm\node_modules\protractor\node_modules\selenium-webdriver\lib\promise.js:668:7
    at <anonymous>
    at process._tickCallback (internal/process/next_tick.js:189:7)Error
    at ElementArrayFinder.applyAction_ (C:\Users\Segal\AppData\Roaming\npm\node_modules\protractor\built\element.js:459:27)
    at ElementArrayFinder.(anonymous function).args [as click] (C:\Users\Segal\AppData\Roaming\npm\node_modules\protractor\built\element.js:91:29)
    at ElementFinder.(anonymous function).args [as click] (C:\Users\Segal\AppData\Roaming\npm\node_modules\protractor\built\element.js:831:22)
    at Navbar.goToBatchList (C:\Users\Segal\Desktop\Revature\project3\Updated\trackforce\NGTrackForce\e2e\navbar\navbar.po.ts:26:42)
    at UserContext.<anonymous> (C:\Users\Segal\Desktop\Revature\project3\Updated\trackforce\NGTrackForce\e2e\batch-list\batch-list.e2e-spec.ts:54:14)
    at C:\Users\Segal\AppData\Roaming\npm\node_modules\protractor\node_modules\jasminewd2\index.js:112:25
    at new ManagedPromise (C:\Users\Segal\AppData\Roaming\npm\node_modules\protractor\node_modules\selenium-webdriver\lib\promise.js:1077:7)
    at ControlFlow.promise (C:\Users\Segal\AppData\Roaming\npm\node_modules\protractor\node_modules\selenium-webdriver\lib\promise.js:2505:12)
    at schedulerExecute (C:\Users\Segal\AppData\Roaming\npm\node_modules\protractor\node_modules\jasminewd2\index.js:95:18)
    at TaskQueue.execute_ (C:\Users\Segal\AppData\Roaming\npm\node_modules\protractor\node_modules\selenium-webdriver\lib\promise.js:3084:14)
From: Task: Run beforeAll in control flow
    at UserContext.<anonymous> (C:\Users\Segal\AppData\Roaming\npm\node_modules\protractor\node_modules\jasminewd2\index.js:94:19)
    at attempt (C:\Users\Segal\AppData\Roaming\npm\node_modules\protractor\node_modules\jasmine-core\lib\jasmine-core\jasmine.js:4297:26)
    at QueueRunner.run (C:\Users\Segal\AppData\Roaming\npm\node_modules\protractor\node_modules\jasmine-core\lib\jasmine-core\jasmine.js:4217:20)
    at QueueRunner.execute (C:\Users\Segal\AppData\Roaming\npm\node_modules\protractor\node_modules\jasmine-core\lib\jasmine-core\jasmine.js:4199:10)
    at queueRunnerFactory (C:\Users\Segal\AppData\Roaming\npm\node_modules\protractor\node_modules\jasmine-core\lib\jasmine-core\jasmine.js:909:35)
    at UserContext.fn (C:\Users\Segal\AppData\Roaming\npm\node_modules\protractor\node_modules\jasmine-core\lib\jasmine-core\jasmine.js:5325:13)
    at attempt (C:\Users\Segal\AppData\Roaming\npm\node_modules\protractor\node_modules\jasmine-core\lib\jasmine-core\jasmine.js:4297:26)
    at QueueRunner.run (C:\Users\Segal\AppData\Roaming\npm\node_modules\protractor\node_modules\jasmine-core\lib\jasmine-core\jasmine.js:4217:20)
    at runNext (C:\Users\Segal\AppData\Roaming\npm\node_modules\protractor\node_modules\jasmine-core\lib\jasmine-core\jasmine.js:4257:20)
    at C:\Users\Segal\AppData\Roaming\npm\node_modules\protractor\node_modules\jasmine-core\lib\jasmine-core\jasmine.js:4264:13
From asynchronous test: 
Error
    at Suite.<anonymous> (C:\Users\Segal\Desktop\Revature\project3\Updated\trackforce\NGTrackForce\e2e\batch-list\batch-list.e2e-spec.ts:46:3)
    at addSpecsToSuite (C:\Users\Segal\AppData\Roaming\npm\node_modules\protractor\node_modules\jasmine-core\lib\jasmine-core\jasmine.js:1107:25)
    at Env.describe (C:\Users\Segal\AppData\Roaming\npm\node_modules\protractor\node_modules\jasmine-core\lib\jasmine-core\jasmine.js:1074:7)
    at describe (C:\Users\Segal\AppData\Roaming\npm\node_modules\protractor\node_modules\jasmine-core\lib\jasmine-core\jasmine.js:4399:18)
    at Object.<anonymous> (C:\Users\Segal\Desktop\Revature\project3\Updated\trackforce\NGTrackForce\e2e\batch-list\batch-list.e2e-spec.ts:44:1)
    at Module._compile (module.js:653:30)
    at Module.m._compile (C:\Users\Segal\Desktop\Revature\project3\Updated\trackforce\NGTrackForce\node_modules\ts-node\src\index.ts:422:23)
    at Module._extensions..js (module.js:664:10)
    at Object.require.extensions.(anonymous function) [as .ts] (C:\Users\Segal\Desktop\Revature\project3\Updated\trackforce\NGTrackForce\node_modules\ts-node\src\index.ts:425:12)]]>
   </failure>
   <failure type="toBe" message="Expected false to be true."><![CDATA[Error: Failed expectation
    at UserContext.<anonymous> (C:\Users\Segal\Desktop\Revature\project3\Updated\trackforce\NGTrackForce\e2e\batch-list\batch-list.e2e-spec.ts:64:50)
    at C:\Users\Segal\AppData\Roaming\npm\node_modules\protractor\node_modules\jasminewd2\index.js:112:25
    at new ManagedPromise (C:\Users\Segal\AppData\Roaming\npm\node_modules\protractor\node_modules\selenium-webdriver\lib\promise.js:1077:7)
    at ControlFlow.promise (C:\Users\Segal\AppData\Roaming\npm\node_modules\protractor\node_modules\selenium-webdriver\lib\promise.js:2505:12)
    at schedulerExecute (C:\Users\Segal\AppData\Roaming\npm\node_modules\protractor\node_modules\jasminewd2\index.js:95:18)
    at TaskQueue.execute_ (C:\Users\Segal\AppData\Roaming\npm\node_modules\protractor\node_modules\selenium-webdriver\lib\promise.js:3084:14)
    at TaskQueue.executeNext_ (C:\Users\Segal\AppData\Roaming\npm\node_modules\protractor\node_modules\selenium-webdriver\lib\promise.js:3067:27)
    at asyncRun (C:\Users\Segal\AppData\Roaming\npm\node_modules\protractor\node_modules\selenium-webdriver\lib\promise.js:2927:27)
    at C:\Users\Segal\AppData\Roaming\npm\node_modules\protractor\node_modules\selenium-webdriver\lib\promise.js:668:7]]>
   </failure>
  </testcase>
  <testcase classname="The All Batches table" name="should direct you to a batch page with a table " time="0.442">
   <failure type="exception" message="Failed: No element found using locator: By(link text, Batch List)"><![CDATA[NoSuchElementError: No element found using locator: By(link text, Batch List)
    at elementArrayFinder.getWebElements.then (C:\Users\Segal\AppData\Roaming\npm\node_modules\protractor\built\element.js:814:27)
    at ManagedPromise.invokeCallback_ (C:\Users\Segal\AppData\Roaming\npm\node_modules\protractor\node_modules\selenium-webdriver\lib\promise.js:1376:14)
    at TaskQueue.execute_ (C:\Users\Segal\AppData\Roaming\npm\node_modules\protractor\node_modules\selenium-webdriver\lib\promise.js:3084:14)
    at TaskQueue.executeNext_ (C:\Users\Segal\AppData\Roaming\npm\node_modules\protractor\node_modules\selenium-webdriver\lib\promise.js:3067:27)
    at asyncRun (C:\Users\Segal\AppData\Roaming\npm\node_modules\protractor\node_modules\selenium-webdriver\lib\promise.js:2927:27)
    at C:\Users\Segal\AppData\Roaming\npm\node_modules\protractor\node_modules\selenium-webdriver\lib\promise.js:668:7
    at <anonymous>
    at process._tickCallback (internal/process/next_tick.js:189:7)Error
    at ElementArrayFinder.applyAction_ (C:\Users\Segal\AppData\Roaming\npm\node_modules\protractor\built\element.js:459:27)
    at ElementArrayFinder.(anonymous function).args [as click] (C:\Users\Segal\AppData\Roaming\npm\node_modules\protractor\built\element.js:91:29)
    at ElementFinder.(anonymous function).args [as click] (C:\Users\Segal\AppData\Roaming\npm\node_modules\protractor\built\element.js:831:22)
    at Navbar.goToBatchList (C:\Users\Segal\Desktop\Revature\project3\Updated\trackforce\NGTrackForce\e2e\navbar\navbar.po.ts:26:42)
    at UserContext.<anonymous> (C:\Users\Segal\Desktop\Revature\project3\Updated\trackforce\NGTrackForce\e2e\batch-list\batch-list.e2e-spec.ts:54:14)
    at C:\Users\Segal\AppData\Roaming\npm\node_modules\protractor\node_modules\jasminewd2\index.js:112:25
    at new ManagedPromise (C:\Users\Segal\AppData\Roaming\npm\node_modules\protractor\node_modules\selenium-webdriver\lib\promise.js:1077:7)
    at ControlFlow.promise (C:\Users\Segal\AppData\Roaming\npm\node_modules\protractor\node_modules\selenium-webdriver\lib\promise.js:2505:12)
    at schedulerExecute (C:\Users\Segal\AppData\Roaming\npm\node_modules\protractor\node_modules\jasminewd2\index.js:95:18)
    at TaskQueue.execute_ (C:\Users\Segal\AppData\Roaming\npm\node_modules\protractor\node_modules\selenium-webdriver\lib\promise.js:3084:14)
From: Task: Run beforeAll in control flow
    at UserContext.<anonymous> (C:\Users\Segal\AppData\Roaming\npm\node_modules\protractor\node_modules\jasminewd2\index.js:94:19)
    at attempt (C:\Users\Segal\AppData\Roaming\npm\node_modules\protractor\node_modules\jasmine-core\lib\jasmine-core\jasmine.js:4297:26)
    at QueueRunner.run (C:\Users\Segal\AppData\Roaming\npm\node_modules\protractor\node_modules\jasmine-core\lib\jasmine-core\jasmine.js:4217:20)
    at QueueRunner.execute (C:\Users\Segal\AppData\Roaming\npm\node_modules\protractor\node_modules\jasmine-core\lib\jasmine-core\jasmine.js:4199:10)
    at queueRunnerFactory (C:\Users\Segal\AppData\Roaming\npm\node_modules\protractor\node_modules\jasmine-core\lib\jasmine-core\jasmine.js:909:35)
    at UserContext.fn (C:\Users\Segal\AppData\Roaming\npm\node_modules\protractor\node_modules\jasmine-core\lib\jasmine-core\jasmine.js:5325:13)
    at attempt (C:\Users\Segal\AppData\Roaming\npm\node_modules\protractor\node_modules\jasmine-core\lib\jasmine-core\jasmine.js:4297:26)
    at QueueRunner.run (C:\Users\Segal\AppData\Roaming\npm\node_modules\protractor\node_modules\jasmine-core\lib\jasmine-core\jasmine.js:4217:20)
    at runNext (C:\Users\Segal\AppData\Roaming\npm\node_modules\protractor\node_modules\jasmine-core\lib\jasmine-core\jasmine.js:4257:20)
    at C:\Users\Segal\AppData\Roaming\npm\node_modules\protractor\node_modules\jasmine-core\lib\jasmine-core\jasmine.js:4264:13
From asynchronous test: 
Error
    at Suite.<anonymous> (C:\Users\Segal\Desktop\Revature\project3\Updated\trackforce\NGTrackForce\e2e\batch-list\batch-list.e2e-spec.ts:46:3)
    at addSpecsToSuite (C:\Users\Segal\AppData\Roaming\npm\node_modules\protractor\node_modules\jasmine-core\lib\jasmine-core\jasmine.js:1107:25)
    at Env.describe (C:\Users\Segal\AppData\Roaming\npm\node_modules\protractor\node_modules\jasmine-core\lib\jasmine-core\jasmine.js:1074:7)
    at describe (C:\Users\Segal\AppData\Roaming\npm\node_modules\protractor\node_modules\jasmine-core\lib\jasmine-core\jasmine.js:4399:18)
    at Object.<anonymous> (C:\Users\Segal\Desktop\Revature\project3\Updated\trackforce\NGTrackForce\e2e\batch-list\batch-list.e2e-spec.ts:44:1)
    at Module._compile (module.js:653:30)
    at Module.m._compile (C:\Users\Segal\Desktop\Revature\project3\Updated\trackforce\NGTrackForce\node_modules\ts-node\src\index.ts:422:23)
    at Module._extensions..js (module.js:664:10)
    at Object.require.extensions.(anonymous function) [as .ts] (C:\Users\Segal\Desktop\Revature\project3\Updated\trackforce\NGTrackForce\node_modules\ts-node\src\index.ts:425:12)]]>
   </failure>
   <failure type="toBe" message="Expected false to be true."><![CDATA[Error: Failed expectation
    at UserContext.<anonymous> (C:\Users\Segal\Desktop\Revature\project3\Updated\trackforce\NGTrackForce\e2e\batch-list\batch-list.e2e-spec.ts:68:51)
    at C:\Users\Segal\AppData\Roaming\npm\node_modules\protractor\node_modules\jasminewd2\index.js:112:25
    at new ManagedPromise (C:\Users\Segal\AppData\Roaming\npm\node_modules\protractor\node_modules\selenium-webdriver\lib\promise.js:1077:7)
    at ControlFlow.promise (C:\Users\Segal\AppData\Roaming\npm\node_modules\protractor\node_modules\selenium-webdriver\lib\promise.js:2505:12)
    at schedulerExecute (C:\Users\Segal\AppData\Roaming\npm\node_modules\protractor\node_modules\jasminewd2\index.js:95:18)
    at TaskQueue.execute_ (C:\Users\Segal\AppData\Roaming\npm\node_modules\protractor\node_modules\selenium-webdriver\lib\promise.js:3084:14)
    at TaskQueue.executeNext_ (C:\Users\Segal\AppData\Roaming\npm\node_modules\protractor\node_modules\selenium-webdriver\lib\promise.js:3067:27)
    at asyncRun (C:\Users\Segal\AppData\Roaming\npm\node_modules\protractor\node_modules\selenium-webdriver\lib\promise.js:2927:27)
    at C:\Users\Segal\AppData\Roaming\npm\node_modules\protractor\node_modules\selenium-webdriver\lib\promise.js:668:7]]>
   </failure>
  </testcase>
 </testsuite>
</testsuites>