<?xml version="1.0" encoding="UTF-8" ?>
<testsuites disabled="0" errors="0" failures="0" tests="49" time="20.85">
 <testsuite name="login page element existences" timestamp="2018-06-04T16:07:14" hostname="localhost" time="5.213" errors="0" tests="6" skipped="0" disabled="0" failures="0">
  <testcase classname="login page element existences" name="should have a username input box" time="0.009" />
  <testcase classname="login page element existences" name="should have a password input box" time="0.002" />
  <testcase classname="login page element existences" name="should have a login button" time="0.005" />
  <testcase classname="login page element existences" name="should display proper placeholder: Username" time="0.058" />
  <testcase classname="login page element existences" name="should display proper placeholder: Password" time="0.051" />
  <testcase classname="login page element existences" name="should display proper value for button" time="0.059" />
 </testsuite>
 <testsuite name="Confirm login failures" timestamp="2018-06-04T16:07:19" hostname="localhost" time="1.902" errors="0" tests="2" skipped="0" disabled="0" failures="0">
  <testcase classname="Confirm login failures" name="should fail to log in when nothing is entered" time="0.167" />
  <testcase classname="Confirm login failures" name="should fail to login when incorrect credentials are entered" time="0.418" />
 </testsuite>
 <testsuite name="confirm login navigation" timestamp="2018-06-04T16:07:21" hostname="localhost" time="2.221" errors="0" tests="1" skipped="0" disabled="0" failures="0">
  <testcase classname="confirm login navigation" name="should reach the index page" time="0.876" />
 </testsuite>
 <testsuite name="Open the browser and get to the website" timestamp="2018-06-04T16:07:24" hostname="localhost" time="0" errors="0" tests="0" skipped="0" disabled="0" failures="0">
 </testsuite>
 <testsuite name="Go to associate list tab" timestamp="2018-06-04T16:07:24" hostname="localhost" time="1.814" errors="0" tests="2" skipped="0" disabled="0" failures="0">
  <testcase classname="Go to associate list tab" name="Should be able to go to associate list tab." time="1.76" />
  <testcase classname="Go to associate list tab" name="We should be on the associate tab" time="0.054" />
 </testsuite>
 <testsuite name="Now ordering by ..." timestamp="2018-06-04T16:07:25" hostname="localhost" time="2.503" errors="0" tests="6" skipped="0" disabled="0" failures="0">
  <testcase classname="Now ordering by ..." name="should order by ID" time="0.076" />
  <testcase classname="Now ordering by ..." name="should order by first name" time="0.08" />
  <testcase classname="Now ordering by ..." name="should order by last name" time="0.091" />
  <testcase classname="Now ordering by ..." name="should order by Marketing status" time="1.507" />
  <testcase classname="Now ordering by ..." name="should order by Client name" time="0.464" />
  <testcase classname="Now ordering by ..." name="should order by Batch name" time="0.284" />
 </testsuite>
 <testsuite name="Lets do some stuff in the associates list tab..." timestamp="2018-06-04T16:07:28" hostname="localhost" time="2.086" errors="0" tests="6" skipped="0" disabled="0" failures="0">
  <testcase classname="Lets do some stuff in the associates list tab..." name="Test out search by name of associate" time="0.422" />
  <testcase classname="Lets do some stuff in the associates list tab..." name="Check return results of entered values, with name of associate" time="0.043" />
  <testcase classname="Lets do some stuff in the associates list tab..." name="Clear the search input box" time="0.658" />
  <testcase classname="Lets do some stuff in the associates list tab..." name="Test out search by last name" time="0.255" />
  <testcase classname="Lets do some stuff in the associates list tab..." name="Check results of search by associates last name" time="0.042" />
  <testcase classname="Lets do some stuff in the associates list tab..." name="Clear out search input once more" time="0.664" />
 </testsuite>
 <testsuite name="Testing associate list page further by changing search status." timestamp="2018-06-04T16:07:30" hostname="localhost" time="1.788" errors="0" tests="11" skipped="0" disabled="0" failures="0">
  <testcase classname="Testing associate list page further by changing search status." name="Select mapped: training" time="0.233" />
  <testcase classname="Testing associate list page further by changing search status." name="Select mapped: reserved" time="0.103" />
  <testcase classname="Testing associate list page further by changing search status." name="Select MAPPED: SELECTED" time="0.072" />
  <testcase classname="Testing associate list page further by changing search status." name="Select MAPPED: CONFIRMED" time="0.071" />
  <testcase classname="Testing associate list page further by changing search status." name="Select MAPPED: DEPLOYED" time="0.123" />
  <testcase classname="Testing associate list page further by changing search status." name="Select UNMAPPED: TRAINING" time="0.289" />
  <testcase classname="Testing associate list page further by changing search status." name="Select UNMAPPED: OPEN" time="0.142" />
  <testcase classname="Testing associate list page further by changing search status." name="Select UNMAPPED: SELECTED" time="0.076" />
  <testcase classname="Testing associate list page further by changing search status." name="Select UNMAPPED: CONFIRMED" time="0.076" />
  <testcase classname="Testing associate list page further by changing search status." name="Select UNMAPPED: DEPLOYED" time="0.095" />
  <testcase classname="Testing associate list page further by changing search status." name="Select default" time="0.507" />
 </testsuite>
 <testsuite name="Testing associate list by curriculum" timestamp="2018-06-04T16:07:32" hostname="localhost" time="1.524" errors="0" tests="9" skipped="0" disabled="0" failures="0">
  <testcase classname="Testing associate list by curriculum" name="Should select Java option" time="0.182" />
  <testcase classname="Testing associate list by curriculum" name="Should select .Net option" time="0.143" />
  <testcase classname="Testing associate list by curriculum" name="Should select SEED option" time="0.075" />
  <testcase classname="Testing associate list by curriculum" name="Should select Salesfoce option" time="0.086" />
  <testcase classname="Testing associate list by curriculum" name="Should select JTA option" time="0.094" />
  <testcase classname="Testing associate list by curriculum" name="Should select None option" time="0.159" />
  <testcase classname="Testing associate list by curriculum" name="Should select DynamicCRM option" time="0.116" />
  <testcase classname="Testing associate list by curriculum" name="Should select PEGA option" time="0.093" />
  <testcase classname="Testing associate list by curriculum" name="Should select default option" time="0.567" />
 </testsuite>
 <testsuite name="Testing associate list via Client Search" timestamp="2018-06-04T16:07:33" hostname="localhost" time="1.799" errors="0" tests="6" skipped="0" disabled="0" failures="0">
  <testcase classname="Testing associate list via Client Search" name="Should select None" time="0.136" />
  <testcase classname="Testing associate list via Client Search" name="Should select 22nd Century Technologies" time="0.116" />
  <testcase classname="Testing associate list via Client Search" name="Should select 3 Edge USA Group, LLC" time="0.107" />
  <testcase classname="Testing associate list via Client Search" name="Should select 3 S Business Corporation Inc (, LLC" time="0.064" />
  <testcase classname="Testing associate list via Client Search" name="Should select some more" time="1.106" />
  <testcase classname="Testing associate list via Client Search" name="should log out" time="0.27" />
 </testsuite>
</testsuites>