<?xml version="1.0" encoding="UTF-8" ?>
<testsuites disabled="0" errors="0" failures="1" tests="28" time="111.859">
 <testsuite name="The admin navbar is functional" timestamp="2019-07-26T13:53:43" hostname="localhost" time="28.271" errors="0" tests="7" skipped="0" disabled="0" failures="0">
  <testcase classname="The admin navbar is functional" name="should navigate to home page" time="2.324" />
  <testcase classname="The admin navbar is functional" name="should navigate to client list page" time="4.108" />
  <testcase classname="The admin navbar is functional" name="should navigate to batch list page" time="4.516" />
  <testcase classname="The admin navbar is functional" name="should navigate to associate lising" time="2.521" />
  <testcase classname="The admin navbar is functional" name="should navigate to predictions" time="7.947" />
  <testcase classname="The admin navbar is functional" name="should navigate to create user" time="0.924" />
  <testcase classname="The admin navbar is functional" name="should be able to logout" time="0.344" />
 </testsuite>
 <testsuite name="The Asscoiate navbar is functional" timestamp="2019-07-26T13:54:11" hostname="localhost" time="4.935" errors="0" tests="3" skipped="0" disabled="0" failures="0">
  <testcase classname="The Asscoiate navbar is functional" name="should navigate to home page" time="0.748" />
  <testcase classname="The Asscoiate navbar is functional" name="should navigate to My Interviews" time="1.037" />
  <testcase classname="The Asscoiate navbar is functional" name="should be able to logout" time="0.52" />
 </testsuite>
 <testsuite name="The Staging Manager navbar is functional" timestamp="2019-07-26T13:54:16" hostname="localhost" time="19.726" errors="0" tests="7" skipped="0" disabled="0" failures="0">
  <testcase classname="The Staging Manager navbar is functional" name="should navigate to home page" time="2.135" />
  <testcase classname="The Staging Manager navbar is functional" name="should navigate to client list page" time="1.778" />
  <testcase classname="The Staging Manager navbar is functional" name="should navigate to batch list page" time="5.056" />
  <testcase classname="The Staging Manager navbar is functional" name="should navigate to associate lising" time="2.78" />
  <testcase classname="The Staging Manager navbar is functional" name="should navigate to predictions" time="5.008" />
  <testcase classname="The Staging Manager navbar is functional" name="should navigate to create user" time="0.587" />
  <testcase classname="The Staging Manager navbar is functional" name="should be able to logout" time="0.31" />
 </testsuite>
 <testsuite name="The Trainer navbar is functional" timestamp="2019-07-26T13:54:36" hostname="localhost" time="38.353" errors="0" tests="4" skipped="0" disabled="0" failures="1">
  <testcase classname="The Trainer navbar is functional" name="should navigate to home page" time="1.516" />
  <testcase classname="The Trainer navbar is functional" name="should navigate to batch list page" time="4.878" />
  <testcase classname="The Trainer navbar is functional" name="should navigate to associate lising" time="20.562">
   <failure type="exception" message="Failed: script timeout: result was not received in 20 seconds
  (Session info: headless chrome=75.0.3770.142)
Build info: version: &apos;3.141.59&apos;, revision: &apos;e82be7d358&apos;, time: &apos;2018-11-14T08:25:53&apos;
System info: host: &apos;DESKTOP-C97TA8O&apos;, ip: &apos;10.1.10.162&apos;, os.name: &apos;Windows 10&apos;, os.arch: &apos;amd64&apos;, os.version: &apos;10.0&apos;, java.version: &apos;1.8.0_221&apos;
Driver info: driver.version: unknown"><![CDATA[ScriptTimeoutError: script timeout: result was not received in 20 seconds
  (Session info: headless chrome=75.0.3770.142)
Build info: version: '3.141.59', revision: 'e82be7d358', time: '2018-11-14T08:25:53'
System info: host: 'DESKTOP-C97TA8O', ip: '10.1.10.162', os.name: 'Windows 10', os.arch: 'amd64', os.version: '10.0', java.version: '1.8.0_221'
Driver info: driver.version: unknown
    at Object.checkLegacyResponse (D:\Vajira\Revature\Projects\Project 03\trackforce\NGTrackForce\node_modules\selenium-webdriver\lib\error.js:546:15)
    at parseHttpResponse (D:\Vajira\Revature\Projects\Project 03\trackforce\NGTrackForce\node_modules\selenium-webdriver\lib\http.js:509:13)
    at doSend.then.response (D:\Vajira\Revature\Projects\Project 03\trackforce\NGTrackForce\node_modules\selenium-webdriver\lib\http.js:441:30)
    at process._tickCallback (internal/process/next_tick.js:68:7)
From: Task: Protractor.waitForAngular()
    at thenableWebDriverProxy.schedule (D:\Vajira\Revature\Projects\Project 03\trackforce\NGTrackForce\node_modules\selenium-webdriver\lib\webdriver.js:807:17)
    at ProtractorBrowser.executeAsyncScript_ (D:\Vajira\Revature\Projects\Project 03\trackforce\NGTrackForce\node_modules\protractor\built\browser.js:425:28)
    at angularAppRoot.then (D:\Vajira\Revature\Projects\Project 03\trackforce\NGTrackForce\node_modules\protractor\built\browser.js:456:33)
    at ManagedPromise.invokeCallback_ (D:\Vajira\Revature\Projects\Project 03\trackforce\NGTrackForce\node_modules\selenium-webdriver\lib\promise.js:1376:14)
    at TaskQueue.execute_ (D:\Vajira\Revature\Projects\Project 03\trackforce\NGTrackForce\node_modules\selenium-webdriver\lib\promise.js:3084:14)
    at TaskQueue.executeNext_ (D:\Vajira\Revature\Projects\Project 03\trackforce\NGTrackForce\node_modules\selenium-webdriver\lib\promise.js:3067:27)
    at asyncRun (D:\Vajira\Revature\Projects\Project 03\trackforce\NGTrackForce\node_modules\selenium-webdriver\lib\promise.js:2927:27)
    at D:\Vajira\Revature\Projects\Project 03\trackforce\NGTrackForce\node_modules\selenium-webdriver\lib\promise.js:668:7
    at process._tickCallback (internal/process/next_tick.js:68:7)
From: Task: Run it("should navigate to associate lising") in control flow
    at UserContext.<anonymous> (D:\Vajira\Revature\Projects\Project 03\trackforce\NGTrackForce\node_modules\jasminewd2\index.js:94:19)
    at attempt (D:\Vajira\Revature\Projects\Project 03\trackforce\NGTrackForce\node_modules\jasmine\node_modules\jasmine-core\lib\jasmine-core\jasmine.js:4297:26)
    at QueueRunner.run (D:\Vajira\Revature\Projects\Project 03\trackforce\NGTrackForce\node_modules\jasmine\node_modules\jasmine-core\lib\jasmine-core\jasmine.js:4217:20)
    at QueueRunner.execute (D:\Vajira\Revature\Projects\Project 03\trackforce\NGTrackForce\node_modules\jasmine\node_modules\jasmine-core\lib\jasmine-core\jasmine.js:4199:10)
    at Spec.queueRunnerFactory (D:\Vajira\Revature\Projects\Project 03\trackforce\NGTrackForce\node_modules\jasmine\node_modules\jasmine-core\lib\jasmine-core\jasmine.js:909:35)
    at Spec.execute (D:\Vajira\Revature\Projects\Project 03\trackforce\NGTrackForce\node_modules\jasmine\node_modules\jasmine-core\lib\jasmine-core\jasmine.js:526:10)
    at UserContext.fn (D:\Vajira\Revature\Projects\Project 03\trackforce\NGTrackForce\node_modules\jasmine\node_modules\jasmine-core\lib\jasmine-core\jasmine.js:5340:37)
    at attempt (D:\Vajira\Revature\Projects\Project 03\trackforce\NGTrackForce\node_modules\jasmine\node_modules\jasmine-core\lib\jasmine-core\jasmine.js:4297:26)
    at QueueRunner.run (D:\Vajira\Revature\Projects\Project 03\trackforce\NGTrackForce\node_modules\jasmine\node_modules\jasmine-core\lib\jasmine-core\jasmine.js:4217:20)
    at runNext (D:\Vajira\Revature\Projects\Project 03\trackforce\NGTrackForce\node_modules\jasmine\node_modules\jasmine-core\lib\jasmine-core\jasmine.js:4257:20)
From asynchronous test: 
Error
    at Suite.<anonymous> (D:\Vajira\Revature\Projects\Project 03\trackforce\NGTrackForce\e2e\navbar\navbar.e2e-spec.ts:162:5)
    at addSpecsToSuite (D:\Vajira\Revature\Projects\Project 03\trackforce\NGTrackForce\node_modules\jasmine\node_modules\jasmine-core\lib\jasmine-core\jasmine.js:1107:25)
    at Env.describe (D:\Vajira\Revature\Projects\Project 03\trackforce\NGTrackForce\node_modules\jasmine\node_modules\jasmine-core\lib\jasmine-core\jasmine.js:1074:7)
    at describe (D:\Vajira\Revature\Projects\Project 03\trackforce\NGTrackForce\node_modules\jasmine\node_modules\jasmine-core\lib\jasmine-core\jasmine.js:4399:18)
    at Object.<anonymous> (D:\Vajira\Revature\Projects\Project 03\trackforce\NGTrackForce\e2e\navbar\navbar.e2e-spec.ts:141:1)
    at Module._compile (internal/modules/cjs/loader.js:776:30)
    at Module.m._compile (D:\Vajira\Revature\Projects\Project 03\trackforce\NGTrackForce\node_modules\ts-node\src\index.ts:414:23)
    at Module._extensions..js (internal/modules/cjs/loader.js:787:10)
    at Object.require.extensions.(anonymous function) [as .ts] (D:\Vajira\Revature\Projects\Project 03\trackforce\NGTrackForce\node_modules\ts-node\src\index.ts:417:12)]]>
   </failure>
  </testcase>
  <testcase classname="The Trainer navbar is functional" name="should be able to logout" time="9.405" />
 </testsuite>
 <testsuite name="The Delivery/Sales navbar is functional" timestamp="2019-07-26T13:55:14" hostname="localhost" time="20.574" errors="0" tests="7" skipped="0" disabled="0" failures="0">
  <testcase classname="The Delivery/Sales navbar is functional" name="should navigate to home page" time="1.898" />
  <testcase classname="The Delivery/Sales navbar is functional" name="should navigate to client list page" time="1.736" />
  <testcase classname="The Delivery/Sales navbar is functional" name="should navigate to batch list page" time="5.001" />
  <testcase classname="The Delivery/Sales navbar is functional" name="should navigate to associate lising" time="2.986" />
  <testcase classname="The Delivery/Sales navbar is functional" name="should navigate to predictions" time="5.248" />
  <testcase classname="The Delivery/Sales navbar is functional" name="should navigate to create user" time="0.865" />
  <testcase classname="The Delivery/Sales navbar is functional" name="should be able to logout" time="0.397" />
 </testsuite>
</testsuites>