<?xml version="1.0" encoding="UTF-8" ?>
<testsuites disabled="0" errors="0" failures="3" tests="70" time="80.708">
 <testsuite name="login page element existences" timestamp="2018-09-05T15:13:55" hostname="localhost" time="4.902" errors="0" tests="6" skipped="0" disabled="0" failures="0">
  <testcase classname="login page element existences" name="should have a username input box" time="0.005" />
  <testcase classname="login page element existences" name="should have a password input box" time="0.001" />
  <testcase classname="login page element existences" name="should have a login button" time="0.001" />
  <testcase classname="login page element existences" name="should display proper placeholder: Username" time="0.031" />
  <testcase classname="login page element existences" name="should display proper placeholder: Password" time="0.033" />
  <testcase classname="login page element existences" name="should display proper value for button" time="0.046" />
 </testsuite>
 <testsuite name="Confirm login failures" timestamp="2018-09-05T15:14:00" hostname="localhost" time="1.711" errors="0" tests="2" skipped="0" disabled="0" failures="0">
  <testcase classname="Confirm login failures" name="should fail to log in when nothing is entered" time="0.109" />
  <testcase classname="Confirm login failures" name="should fail to login when incorrect credentials are entered" time="0.414" />
 </testsuite>
 <testsuite name="Login in  with proper credentials" timestamp="2018-09-05T15:14:01" hostname="localhost" time="8.543" errors="0" tests="4" skipped="0" disabled="0" failures="0">
  <testcase classname="Login in  with proper credentials" name="should be able to login in with admin credentials and reach the admin page" time="1.33" />
  <testcase classname="Login in  with proper credentials" name="should be able to login in with associate credentials and reach the associate page" time="3.342" />
  <testcase classname="Login in  with proper credentials" name="should be able to login in with Manager credentials and reach the Admin page" time="1.426" />
  <testcase classname="Login in  with proper credentials" name="should be able to login in with Sales Team credentials and reach the Admin page" time="1.325" />
 </testsuite>
 <testsuite name="The admin navbar is functional" timestamp="2018-09-05T15:14:10" hostname="localhost" time="12.194" errors="0" tests="8" skipped="0" disabled="0" failures="0">
  <testcase classname="The admin navbar is functional" name="should navigate to home page" time="0.908" />
  <testcase classname="The admin navbar is functional" name="should navigate to client list page" time="2.382" />
  <testcase classname="The admin navbar is functional" name="should navigate to batch list page" time="1.956" />
  <testcase classname="The admin navbar is functional" name="should navigate to associate lising" time="3.017" />
  <testcase classname="The admin navbar is functional" name="should navigate to predictions" time="1.853" />
  <testcase classname="The admin navbar is functional" name="should navigate to create user" time="0.15" />
  <testcase classname="The admin navbar is functional" name="should navigate to salesforce" time="0.076" />
  <testcase classname="The admin navbar is functional" name="should be able to logout" time="0.084" />
 </testsuite>
 <testsuite name="The Asscoiate navbar is functional" timestamp="2018-09-05T15:14:22" hostname="localhost" time="11.537" errors="0" tests="3" skipped="0" disabled="0" failures="1">
  <testcase classname="The Asscoiate navbar is functional" name="should navigate to home page" time="3.87" />
  <testcase classname="The Asscoiate navbar is functional" name="should navigate to My Interviews" time="5.708">
   <failure type="toEqual" message="Expected &apos;http://localhost:4200/#/associate-view&apos; to equal &apos;http://localhost:4200/#/myinterview-view&apos;."><![CDATA[Error: Failed expectation
    at UserContext.<anonymous> (/Users/jacobgolding/Desktop/project_3/trackforce/NGTrackForce/e2e/navbar/navbar.e2e-spec.ts:82:40)
    at /usr/local/lib/node_modules/protractor/node_modules/jasminewd2/index.js:112:25
    at new ManagedPromise (/usr/local/lib/node_modules/protractor/node_modules/selenium-webdriver/lib/promise.js:1077:7)
    at ControlFlow.promise (/usr/local/lib/node_modules/protractor/node_modules/selenium-webdriver/lib/promise.js:2505:12)
    at schedulerExecute (/usr/local/lib/node_modules/protractor/node_modules/jasminewd2/index.js:95:18)
    at TaskQueue.execute_ (/usr/local/lib/node_modules/protractor/node_modules/selenium-webdriver/lib/promise.js:3084:14)
    at TaskQueue.executeNext_ (/usr/local/lib/node_modules/protractor/node_modules/selenium-webdriver/lib/promise.js:3067:27)
    at asyncRun (/usr/local/lib/node_modules/protractor/node_modules/selenium-webdriver/lib/promise.js:2974:25)
    at /usr/local/lib/node_modules/protractor/node_modules/selenium-webdriver/lib/promise.js:668:7]]>
   </failure>
  </testcase>
  <testcase classname="The Asscoiate navbar is functional" name="should be able to logout" time="0.134" />
 </testsuite>
 <testsuite name="The Staging Manager navbar is functional" timestamp="2018-09-05T15:14:34" hostname="localhost" time="11.548" errors="0" tests="7" skipped="0" disabled="0" failures="0">
  <testcase classname="The Staging Manager navbar is functional" name="should navigate to home page" time="0.936" />
  <testcase classname="The Staging Manager navbar is functional" name="should navigate to client list page" time="2.149" />
  <testcase classname="The Staging Manager navbar is functional" name="should navigate to batch list page" time="1.524" />
  <testcase classname="The Staging Manager navbar is functional" name="should navigate to associate lising" time="2.81" />
  <testcase classname="The Staging Manager navbar is functional" name="should navigate to predictions" time="2.04" />
  <testcase classname="The Staging Manager navbar is functional" name="should navigate to create user" time="0.149" />
  <testcase classname="The Staging Manager navbar is functional" name="should be able to logout" time="0.079" />
 </testsuite>
 <testsuite name="The Delivery/Sales navbar is functional" timestamp="2018-09-05T15:14:45" hostname="localhost" time="11.314" errors="0" tests="7" skipped="0" disabled="0" failures="0">
  <testcase classname="The Delivery/Sales navbar is functional" name="should navigate to home page" time="0.893" />
  <testcase classname="The Delivery/Sales navbar is functional" name="should navigate to client list page" time="2.093" />
  <testcase classname="The Delivery/Sales navbar is functional" name="should navigate to batch list page" time="1.524" />
  <testcase classname="The Delivery/Sales navbar is functional" name="should navigate to associate lising" time="2.849" />
  <testcase classname="The Delivery/Sales navbar is functional" name="should navigate to predictions" time="1.919" />
  <testcase classname="The Delivery/Sales navbar is functional" name="should navigate to create user" time="0.136" />
  <testcase classname="The Delivery/Sales navbar is functional" name="should be able to logout" time="0.071" />
 </testsuite>
 <testsuite name="When an admin navigates to the client-list page it" timestamp="2018-09-05T15:14:56" hostname="localhost" time="6.125" errors="0" tests="11" skipped="2" disabled="0" failures="1">
  <testcase classname="When an admin navigates to the client-list page it" name="should navigate to the client-list page" time="1.442" />
  <testcase classname="When an admin navigates to the client-list page it" name="should accept username input" time="0.093" />
  <testcase classname="When an admin navigates to the client-list page it" name="should yield match for search input in one exists" time="0.035" />
  <testcase classname="When an admin navigates to the client-list page it" name="should yield a match for a search regardless of case" time="0.104" />
  <testcase classname="When an admin navigates to the client-list page it" name="should be able to click a searched for client" time="0.395" />
  <testcase classname="When an admin navigates to the client-list page it" name="should be able to click View Data for all Clients" time="1.205" />
  <testcase classname="When an admin navigates to the client-list page it" name="should yield a match for a search string with spaces" time="0.001">
   <skipped message="Temporarily disabled with xit" />
  </testcase>
  <testcase classname="When an admin navigates to the client-list page it" name="should trim the spaces between words in a search string" time="0">
   <skipped message="Temporarily disabled with xit" />
  </testcase>
  <testcase classname="When an admin navigates to the client-list page it" name="should yield a match for search input if many results exist" time="0.9">
   <failure type="toBeGreaterThan" message="Expected 1 to be greater than 1."><![CDATA[Error: Failed expectation
    at /Users/jacobgolding/Desktop/project_3/trackforce/NGTrackForce/e2e/client-list/client-list-spec.ts:94:27
    at ManagedPromise.invokeCallback_ (/usr/local/lib/node_modules/protractor/node_modules/selenium-webdriver/lib/promise.js:1376:14)
    at TaskQueue.execute_ (/usr/local/lib/node_modules/protractor/node_modules/selenium-webdriver/lib/promise.js:3084:14)
    at TaskQueue.executeNext_ (/usr/local/lib/node_modules/protractor/node_modules/selenium-webdriver/lib/promise.js:3067:27)
    at asyncRun (/usr/local/lib/node_modules/protractor/node_modules/selenium-webdriver/lib/promise.js:2927:27)
    at /usr/local/lib/node_modules/protractor/node_modules/selenium-webdriver/lib/promise.js:668:7
    at process._tickCallback (internal/process/next_tick.js:68:7)]]>
   </failure>
  </testcase>
  <testcase classname="When an admin navigates to the client-list page it" name="should yield no matches if none exist" time="0.099" />
  <testcase classname="When an admin navigates to the client-list page it" name="should logout" time="0.061" />
 </testsuite>
 <testsuite name="When an Staging Manager navigates to the client-list page it" timestamp="2018-09-05T15:15:02" hostname="localhost" time="6.502" errors="0" tests="11" skipped="2" disabled="0" failures="0">
  <testcase classname="When an Staging Manager navigates to the client-list page it" name="should navigate to the client-list page" time="1.533" />
  <testcase classname="When an Staging Manager navigates to the client-list page it" name="should accept username input" time="0.083" />
  <testcase classname="When an Staging Manager navigates to the client-list page it" name="should yield match for search input in one exists" time="0.028" />
  <testcase classname="When an Staging Manager navigates to the client-list page it" name="should yield a match for a search regardless of case" time="0.1" />
  <testcase classname="When an Staging Manager navigates to the client-list page it" name="should be able to click a searched for client" time="0.388" />
  <testcase classname="When an Staging Manager navigates to the client-list page it" name="should be able to click View Data for all Clients" time="1.294" />
  <testcase classname="When an Staging Manager navigates to the client-list page it" name="should yield a match for a search string with spaces" time="0">
   <skipped message="Temporarily disabled with xit" />
  </testcase>
  <testcase classname="When an Staging Manager navigates to the client-list page it" name="should trim the spaces between words in a search string" time="0">
   <skipped message="Temporarily disabled with xit" />
  </testcase>
  <testcase classname="When an Staging Manager navigates to the client-list page it" name="should yield a match for search input if many results exist" time="1.019" />
  <testcase classname="When an Staging Manager navigates to the client-list page it" name="should yield no matches if none exist" time="0.114" />
  <testcase classname="When an Staging Manager navigates to the client-list page it" name="should logout" time="0.063" />
 </testsuite>
 <testsuite name="When an Delivery/Sales navigates to the client-list page it" timestamp="2018-09-05T15:15:09" hostname="localhost" time="6.332" errors="0" tests="11" skipped="2" disabled="0" failures="1">
  <testcase classname="When an Delivery/Sales navigates to the client-list page it" name="should navigate to the client-list page" time="1.473" />
  <testcase classname="When an Delivery/Sales navigates to the client-list page it" name="should accept username input" time="0.091" />
  <testcase classname="When an Delivery/Sales navigates to the client-list page it" name="should yield match for search input in one exists" time="0.025" />
  <testcase classname="When an Delivery/Sales navigates to the client-list page it" name="should yield a match for a search regardless of case" time="0.099" />
  <testcase classname="When an Delivery/Sales navigates to the client-list page it" name="should be able to click a searched for client" time="0.385" />
  <testcase classname="When an Delivery/Sales navigates to the client-list page it" name="should be able to click View Data for all Clients" time="1.312" />
  <testcase classname="When an Delivery/Sales navigates to the client-list page it" name="should yield a match for a search string with spaces" time="0">
   <skipped message="Temporarily disabled with xit" />
  </testcase>
  <testcase classname="When an Delivery/Sales navigates to the client-list page it" name="should trim the spaces between words in a search string" time="0">
   <skipped message="Temporarily disabled with xit" />
  </testcase>
  <testcase classname="When an Delivery/Sales navigates to the client-list page it" name="should yield a match for search input if many results exist" time="0.914">
   <failure type="toBeGreaterThan" message="Expected 1 to be greater than 1."><![CDATA[Error: Failed expectation
    at /Users/jacobgolding/Desktop/project_3/trackforce/NGTrackForce/e2e/client-list/client-list-spec.ts:310:27
    at ManagedPromise.invokeCallback_ (/usr/local/lib/node_modules/protractor/node_modules/selenium-webdriver/lib/promise.js:1376:14)
    at TaskQueue.execute_ (/usr/local/lib/node_modules/protractor/node_modules/selenium-webdriver/lib/promise.js:3084:14)
    at TaskQueue.executeNext_ (/usr/local/lib/node_modules/protractor/node_modules/selenium-webdriver/lib/promise.js:3067:27)
    at asyncRun (/usr/local/lib/node_modules/protractor/node_modules/selenium-webdriver/lib/promise.js:2927:27)
    at /usr/local/lib/node_modules/protractor/node_modules/selenium-webdriver/lib/promise.js:668:7
    at process._tickCallback (internal/process/next_tick.js:68:7)]]>
   </failure>
  </testcase>
  <testcase classname="When an Delivery/Sales navigates to the client-list page it" name="should yield no matches if none exist" time="0.102" />
  <testcase classname="When an Delivery/Sales navigates to the client-list page it" name="should logout" time="0.061" />
 </testsuite>
</testsuites>