<?xml version="1.0" encoding="UTF-8" ?>
<testsuites disabled="0" errors="0" failures="1" tests="22" time="28.262">
 <testsuite name="login page element existences" timestamp="2018-09-05T10:35:32" hostname="localhost" time="1.762" errors="0" tests="6" skipped="0" disabled="0" failures="0">
  <testcase classname="login page element existences" name="should have a username input box" time="0.005" />
  <testcase classname="login page element existences" name="should have a password input box" time="0.002" />
  <testcase classname="login page element existences" name="should have a login button" time="0.002" />
  <testcase classname="login page element existences" name="should display proper placeholder: Username" time="0.038" />
  <testcase classname="login page element existences" name="should display proper placeholder: Password" time="0.034" />
  <testcase classname="login page element existences" name="should display proper value for button" time="0.039" />
 </testsuite>
 <testsuite name="Confirm login failures" timestamp="2018-09-05T10:35:34" hostname="localhost" time="1.715" errors="0" tests="2" skipped="0" disabled="0" failures="0">
  <testcase classname="Confirm login failures" name="should fail to log in when nothing is entered" time="0.146" />
  <testcase classname="Confirm login failures" name="should fail to login when incorrect credentials are entered" time="0.369" />
 </testsuite>
 <testsuite name="Login in  with proper credentials" timestamp="2018-09-05T10:35:36" hostname="localhost" time="7.001" errors="0" tests="4" skipped="0" disabled="0" failures="0">
  <testcase classname="Login in  with proper credentials" name="should be able to login in with admin credentials and reach the admin page" time="0.825" />
  <testcase classname="Login in  with proper credentials" name="should be able to login in with associate credentials and reach the associate page" time="2.247" />
  <testcase classname="Login in  with proper credentials" name="should be able to login in with Manager credentials and reach the Admin page" time="1.371" />
  <testcase classname="Login in  with proper credentials" name="should be able to login in with Sales Team credentials and reach the Admin page" time="1.342" />
 </testsuite>
 <testsuite name="The admin navbar is functional" timestamp="2018-09-05T10:35:43" hostname="localhost" time="9.379" errors="0" tests="7" skipped="0" disabled="0" failures="0">
  <testcase classname="The admin navbar is functional" name="should navigate to home page" time="0.511" />
  <testcase classname="The admin navbar is functional" name="should navigate to client list page" time="1.987" />
  <testcase classname="The admin navbar is functional" name="should navigate to batch list page" time="1.229" />
  <testcase classname="The admin navbar is functional" name="should navigate to associate lising" time="2.201" />
  <testcase classname="The admin navbar is functional" name="should navigate to predictions" time="1.425" />
  <testcase classname="The admin navbar is functional" name="should navigate to create user" time="0.156" />
  <testcase classname="The admin navbar is functional" name="should be able to logout" time="0.079" />
 </testsuite>
 <testsuite name="The Asscoiate navbar is functional" timestamp="2018-09-05T10:35:52" hostname="localhost" time="8.405" errors="0" tests="3" skipped="0" disabled="0" failures="1">
  <testcase classname="The Asscoiate navbar is functional" name="should navigate to home page" time="2.227" />
  <testcase classname="The Asscoiate navbar is functional" name="should navigate to My Interviews" time="3.258">
   <failure type="toEqual" message="Expected &apos;http://localhost:4200/#/associate-view&apos; to equal &apos;http://localhost:4200/#/myinterview-view&apos;."><![CDATA[Error: Failed expectation
    at UserContext.<anonymous> (/Users/jacobgolding/Desktop/project_3/trackforce/NGTrackForce/e2e/navbar/navbar.e2e-spec.ts:74:40)
    at /usr/local/lib/node_modules/protractor/node_modules/jasminewd2/index.js:112:25
    at new ManagedPromise (/usr/local/lib/node_modules/protractor/node_modules/selenium-webdriver/lib/promise.js:1077:7)
    at ControlFlow.promise (/usr/local/lib/node_modules/protractor/node_modules/selenium-webdriver/lib/promise.js:2505:12)
    at schedulerExecute (/usr/local/lib/node_modules/protractor/node_modules/jasminewd2/index.js:95:18)
    at TaskQueue.execute_ (/usr/local/lib/node_modules/protractor/node_modules/selenium-webdriver/lib/promise.js:3084:14)
    at TaskQueue.executeNext_ (/usr/local/lib/node_modules/protractor/node_modules/selenium-webdriver/lib/promise.js:3067:27)
    at asyncRun (/usr/local/lib/node_modules/protractor/node_modules/selenium-webdriver/lib/promise.js:2974:25)
    at /usr/local/lib/node_modules/protractor/node_modules/selenium-webdriver/lib/promise.js:668:7]]>
   </failure>
  </testcase>
  <testcase classname="The Asscoiate navbar is functional" name="should be able to logout" time="1.1" />
 </testsuite>
</testsuites>