<?xml version="1.0" encoding="UTF-8" ?>
<testsuites disabled="0" errors="0" failures="0" tests="42" time="44.149">
 <testsuite name="Registering as a new associate" timestamp="2018-08-28T13:32:44" hostname="localhost" time="4.787" errors="0" tests="7" skipped="1" disabled="0" failures="0">
  <testcase classname="Registering as a new associate" name="should navigate to the login page" time="3.905" />
  <testcase classname="Registering as a new associate" name="allow user to click the register button" time="0.136" />
  <testcase classname="Registering as a new associate" name="allow associate to enter info into input fields" time="0.214" />
  <testcase classname="Registering as a new associate" name="should allow associate to click the next page button" time="0">
   <skipped message="Temporarily disabled with xit" />
  </testcase>
  <testcase classname="Registering as a new associate" name="should allow associate to enter first and last name" time="0.148" />
  <testcase classname="Registering as a new associate" name="should allow associate to register as an associate by clicking register button" time="0.082" />
  <testcase classname="Registering as a new associate" name="exit browser" time="0.299" />
 </testsuite>
 <testsuite name="login page element existences" timestamp="2018-08-28T13:32:49" hostname="localhost" time="0.393" errors="0" tests="6" skipped="0" disabled="0" failures="0">
  <testcase classname="login page element existences" name="should have a username input box" time="0.004" />
  <testcase classname="login page element existences" name="should have a password input box" time="0.003" />
  <testcase classname="login page element existences" name="should have a login button" time="0.001" />
  <testcase classname="login page element existences" name="should display proper placeholder: Username" time="0.038" />
  <testcase classname="login page element existences" name="should display proper placeholder: Password" time="0.042" />
  <testcase classname="login page element existences" name="should display proper value for button" time="0.051" />
 </testsuite>
 <testsuite name="Confirm login failures" timestamp="2018-08-28T13:32:49" hostname="localhost" time="0.82" errors="0" tests="2" skipped="0" disabled="0" failures="0">
  <testcase classname="Confirm login failures" name="should fail to log in when nothing is entered" time="0.129" />
  <testcase classname="Confirm login failures" name="should fail to login when incorrect credentials are entered" time="0.43" />
 </testsuite>
 <testsuite name="confirm login navigation" timestamp="2018-08-28T13:32:50" hostname="localhost" time="0.847" errors="0" tests="1" skipped="0" disabled="0" failures="0">
  <testcase classname="confirm login navigation" name="should reach the index page" time="0.591" />
 </testsuite>
 <testsuite name="navbar functionality" timestamp="2018-08-28T13:32:51" hostname="localhost" time="21.994" errors="0" tests="6" skipped="0" disabled="0" failures="0">
  <testcase classname="navbar functionality" name="should navigate to home page" time="1.007" />
  <testcase classname="navbar functionality" name="should navigate to client list page" time="3.115" />
  <testcase classname="navbar functionality" name="should navigate to batch list page" time="4.307" />
  <testcase classname="navbar functionality" name="should navigate to associate lising" time="12.833" />
  <testcase classname="navbar functionality" name="should navigate to predictions" time="0.603" />
  <testcase classname="navbar functionality" name="should navigate to create user" time="0.129" />
 </testsuite>
 <testsuite name="create-user page input and button fields" timestamp="2018-08-28T13:33:13" hostname="localhost" time="0.868" errors="0" tests="8" skipped="0" disabled="0" failures="0">
  <testcase classname="create-user page input and button fields" name="should accept username input" time="0.089" />
  <testcase classname="create-user page input and button fields" name="should accept password input" time="0.204" />
  <testcase classname="create-user page input and button fields" name="should accept password confirmation input" time="0.1" />
  <testcase classname="create-user page input and button fields" name="should select admin radio button" time="0.109" />
  <testcase classname="create-user page input and button fields" name="should select trainer radio button" time="0.096" />
  <testcase classname="create-user page input and button fields" name="should select associate radio button" time="0.083" />
  <testcase classname="create-user page input and button fields" name="should select staging manager radio button" time="0.096" />
  <testcase classname="create-user page input and button fields" name="should select delivery radio button" time="0.088" />
 </testsuite>
 <testsuite name="When entering valid data into predictions filter it" timestamp="2018-08-28T13:33:14" hostname="localhost" time="2.134" errors="0" tests="5" skipped="0" disabled="0" failures="0">
  <testcase classname="When entering valid data into predictions filter it" name="should navigate to the predictions page" time="1.458" />
  <testcase classname="When entering valid data into predictions filter it" name="should allow user to input valid data" time="0.533" />
  <testcase classname="When entering valid data into predictions filter it" name="should provide a table with predictions" time="0.002" />
  <testcase classname="When entering valid data into predictions filter it" name="should provide the same number of rows entered into the filter" time="0.14" />
  <testcase classname="When entering valid data into predictions filter it" name="should provide details when prediction row is clicked" time="0.001" />
 </testsuite>
 <testsuite name="When entering valid data using all filters it" timestamp="2018-08-28T13:33:16" hostname="localhost" time="5.917" errors="0" tests="5" skipped="0" disabled="0" failures="0">
  <testcase classname="When entering valid data using all filters it" name="should navigate to the predictions page" time="3.171" />
  <testcase classname="When entering valid data using all filters it" name="should allow a user to input valid data and use all filters" time="2.579" />
  <testcase classname="When entering valid data using all filters it" name="should provide a table with predictions" time="0.001" />
  <testcase classname="When entering valid data using all filters it" name="should provide the same number of rows entered into the filter" time="0.158" />
  <testcase classname="When entering valid data using all filters it" name="should provide details when prediction row is clicked" time="0.001" />
 </testsuite>
 <testsuite name="When I enter a start date that is more current than the end date it" timestamp="2018-08-28T13:33:22" hostname="localhost" time="6.389" errors="0" tests="2" skipped="0" disabled="0" failures="0">
  <testcase classname="When I enter a start date that is more current than the end date it" name="should navigate to the predictions page" time="6.013" />
  <testcase classname="When I enter a start date that is more current than the end date it" name="should allow user to input a start date that is more current than the end date" time="0.376" />
 </testsuite>
</testsuites>