<?xml version="1.0" encoding="UTF-8" ?>
<testsuites disabled="0" errors="0" failures="0" tests="33" time="57.685">
 <testsuite name="login page element existences" timestamp="2018-06-01T14:01:31" hostname="localhost" time="6.824" errors="0" tests="6" skipped="0" disabled="0" failures="0">
  <testcase classname="login page element existences" name="should have a username input box" time="0.028" />
  <testcase classname="login page element existences" name="should have a password input box" time="0.003" />
  <testcase classname="login page element existences" name="should have a login button" time="0.004" />
  <testcase classname="login page element existences" name="should display proper placeholder: Username" time="0.082" />
  <testcase classname="login page element existences" name="should display proper placeholder: Password" time="0.115" />
  <testcase classname="login page element existences" name="should display proper value for button" time="0.076" />
 </testsuite>
 <testsuite name="Confirm login failures" timestamp="2018-06-01T14:01:38" hostname="localhost" time="3.444" errors="0" tests="2" skipped="0" disabled="0" failures="0">
  <testcase classname="Confirm login failures" name="should fail to log in when nothing is entered" time="0.355" />
  <testcase classname="Confirm login failures" name="should fail to login when incorrect credentials are entered" time="0.82" />
 </testsuite>
 <testsuite name="confirm login navigation" timestamp="2018-06-01T14:01:42" hostname="localhost" time="3.239" errors="0" tests="1" skipped="0" disabled="0" failures="0">
  <testcase classname="confirm login navigation" name="should reach the index page" time="1.288" />
 </testsuite>
 <testsuite name="When entering valid data into predictions filter it" timestamp="2018-06-01T14:01:45" hostname="localhost" time="2.685" errors="0" tests="5" skipped="0" disabled="0" failures="0">
  <testcase classname="When entering valid data into predictions filter it" name="should navigate to the predictions page" time="1.366" />
  <testcase classname="When entering valid data into predictions filter it" name="should allow user to input valid data" time="1.059" />
  <testcase classname="When entering valid data into predictions filter it" name="should provide a table with predictions" time="0.002" />
  <testcase classname="When entering valid data into predictions filter it" name="should provide the same number of rows entered into the filter" time="0.144" />
  <testcase classname="When entering valid data into predictions filter it" name="should provide details when the details button is pressed" time="0.111" />
 </testsuite>
 <testsuite name="When entering valid data using all filters it" timestamp="2018-06-01T14:01:48" hostname="localhost" time="3.926" errors="0" tests="4" skipped="0" disabled="0" failures="0">
  <testcase classname="When entering valid data using all filters it" name="should navigate to the predictions page" time="1.732" />
  <testcase classname="When entering valid data using all filters it" name="should allow a user to input valid data and use all filters" time="1.917" />
  <testcase classname="When entering valid data using all filters it" name="should provide the same number of rows entered into the filter" time="0.134" />
  <testcase classname="When entering valid data using all filters it" name="should provide details when the details button is pressed" time="0.142" />
 </testsuite>
 <testsuite name="When I enter a start date that is more current than the end date it" timestamp="2018-06-01T14:01:51" hostname="localhost" time="2.839" errors="0" tests="4" skipped="0" disabled="0" failures="0">
  <testcase classname="When I enter a start date that is more current than the end date it" name="should navigate to the predictions page" time="1.581" />
  <testcase classname="When I enter a start date that is more current than the end date it" name="should allow user to input a start date that is more current than the end date" time="0.996" />
  <testcase classname="When I enter a start date that is more current than the end date it" name="should yield 0 associates" time="0.189" />
  <testcase classname="When I enter a start date that is more current than the end date it" name="should have a negative amount in Difference" time="0.066" />
 </testsuite>
 <testsuite name="When I enter a very large numeric input it" timestamp="2018-06-01T14:01:54" hostname="localhost" time="3.315" errors="0" tests="4" skipped="0" disabled="0" failures="0">
  <testcase classname="When I enter a very large numeric input it" name="should navigate to the predictions page" time="1.754" />
  <testcase classname="When I enter a very large numeric input it" name="should allow user to input a very large number" time="1.395" />
  <testcase classname="When I enter a very large numeric input it" name="should yield some associates" time="0.092" />
  <testcase classname="When I enter a very large numeric input it" name="should have a negative amount in Difference" time="0.072" />
 </testsuite>
 <testsuite name="When navigating to the client-list page it" timestamp="2018-06-01T14:01:58" hostname="localhost" time="31.413" errors="0" tests="7" skipped="0" disabled="0" failures="0">
  <testcase classname="When navigating to the client-list page it" name="should navigate to the client-list page" time="3.089" />
  <testcase classname="When navigating to the client-list page it" name="should accept username input" time="0.298" />
  <testcase classname="When navigating to the client-list page it" name="should yield match for search input in one exists" time="6.835" />
  <testcase classname="When navigating to the client-list page it" name="should yield a match for a search regardless of case" time="3.843" />
  <testcase classname="When navigating to the client-list page it" name="should yield a match for search input if many results exist" time="7.128" />
  <testcase classname="When navigating to the client-list page it" name="should yield no matches if none exist" time="10.061" />
  <testcase classname="When navigating to the client-list page it" name="should logout" time="0.158" />
 </testsuite>
</testsuites>