<?xml version="1.0" encoding="UTF-8" ?>
<testsuites disabled="0" errors="0" failures="8" tests="87" time="200.099">
 <testsuite name="A new user should able to register" timestamp="2018-09-07T15:25:22" hostname="localhost" time="17.184" errors="0" tests="9" skipped="0" disabled="0" failures="1">
  <testcase classname="A new user should able to register" name="should navigate to the login page" time="5.07" />
  <testcase classname="A new user should able to register" name="allow user to click the register button" time="0.11" />
  <testcase classname="A new user should able to register" name="allow associate to enter a username" time="0.209" />
  <testcase classname="A new user should able to register" name="allow associate to enter a valid password" time="0.135" />
  <testcase classname="A new user should able to register" name="allow associate to re-enter a valid password" time="0.103" />
  <testcase classname="A new user should able to register" name="should allow associate to enter first name" time="0.086" />
  <testcase classname="A new user should able to register" name="should allow associate to enter last name" time="0.082" />
  <testcase classname="A new user should able to register" name="show allow associate to pick a role" time="0.076" />
  <testcase classname="A new user should able to register" name="should allow the user to register as an associate" time="10.157">
   <failure type="toContain" message="Expected &apos;Error: New Associate is not created!&apos; to contain &apos;Associate account creation successful.&apos;."><![CDATA[Error: Failed expectation
    at UserContext.<anonymous> (/Users/jacobgolding/Desktop/project_3/trackforce/NGTrackForce/e2e/register-associate/register-associate.e2e-spec.ts:69:63)
    at /usr/local/lib/node_modules/protractor/node_modules/jasminewd2/index.js:112:25
    at new ManagedPromise (/usr/local/lib/node_modules/protractor/node_modules/selenium-webdriver/lib/promise.js:1077:7)
    at ControlFlow.promise (/usr/local/lib/node_modules/protractor/node_modules/selenium-webdriver/lib/promise.js:2505:12)
    at schedulerExecute (/usr/local/lib/node_modules/protractor/node_modules/jasminewd2/index.js:95:18)
    at TaskQueue.execute_ (/usr/local/lib/node_modules/protractor/node_modules/selenium-webdriver/lib/promise.js:3084:14)
    at TaskQueue.executeNext_ (/usr/local/lib/node_modules/protractor/node_modules/selenium-webdriver/lib/promise.js:3067:27)
    at asyncRun (/usr/local/lib/node_modules/protractor/node_modules/selenium-webdriver/lib/promise.js:2974:25)
    at /usr/local/lib/node_modules/protractor/node_modules/selenium-webdriver/lib/promise.js:668:7]]>
   </failure>
  </testcase>
 </testsuite>
 <testsuite name="A new user should not be able to register with a short username" timestamp="2018-09-07T15:25:39" hostname="localhost" time="3.432" errors="0" tests="2" skipped="0" disabled="0" failures="0">
  <testcase classname="A new user should not be able to register with a short username" name="allow associate to enter an invalid username" time="0.085" />
  <testcase classname="A new user should not be able to register with a short username" name="should not allow the user to register with an invalid username" time="0.109" />
 </testsuite>
 <testsuite name="A new user should not be able to register with a weak password" timestamp="2018-09-07T15:25:43" hostname="localhost" time="3.854" errors="0" tests="3" skipped="0" disabled="0" failures="0">
  <testcase classname="A new user should not be able to register with a weak password" name="allow associate to enter an invalid password" time="0.126" />
  <testcase classname="A new user should not be able to register with a weak password" name="allow associate to re-enter an invalid password" time="0.108" />
  <testcase classname="A new user should not be able to register with a weak password" name="should not allow the user to register with an invalid password" time="0.11" />
 </testsuite>
 <testsuite name="A new user should not be able to register with a mismatched paswords" timestamp="2018-09-07T15:25:47" hostname="localhost" time="3.745" errors="0" tests="2" skipped="0" disabled="0" failures="0">
  <testcase classname="A new user should not be able to register with a mismatched paswords" name="allow associate to enter an different password" time="0.111" />
  <testcase classname="A new user should not be able to register with a mismatched paswords" name="should not allow the user to register with an invalid username" time="0.089" />
 </testsuite>
 <testsuite name="A new user should not be able to register with a mismatched paswords" timestamp="2018-09-07T15:25:50" hostname="localhost" time="3.612" errors="0" tests="1" skipped="0" disabled="0" failures="0">
  <testcase classname="A new user should not be able to register with a mismatched paswords" name="should not allow the user to register without selecting a role " time="0.102" />
 </testsuite>
 <testsuite name="login page element existences" timestamp="2018-09-07T15:25:54" hostname="localhost" time="1.594" errors="0" tests="6" skipped="0" disabled="0" failures="0">
  <testcase classname="login page element existences" name="should have a username input box" time="0.001" />
  <testcase classname="login page element existences" name="should have a password input box" time="0.002" />
  <testcase classname="login page element existences" name="should have a login button" time="0.002" />
  <testcase classname="login page element existences" name="should display proper placeholder: Username" time="0.028" />
  <testcase classname="login page element existences" name="should display proper placeholder: Password" time="0.033" />
  <testcase classname="login page element existences" name="should display proper value for button" time="0.055" />
 </testsuite>
 <testsuite name="Confirm login failures" timestamp="2018-09-07T15:25:56" hostname="localhost" time="2.341" errors="0" tests="2" skipped="0" disabled="0" failures="0">
  <testcase classname="Confirm login failures" name="should fail to log in when nothing is entered" time="0.114" />
  <testcase classname="Confirm login failures" name="should fail to login when incorrect credentials are entered" time="0.582" />
 </testsuite>
 <testsuite name="Login in  with proper credentials" timestamp="2018-09-07T15:25:58" hostname="localhost" time="9.663" errors="0" tests="4" skipped="0" disabled="0" failures="0">
  <testcase classname="Login in  with proper credentials" name="should be able to login in with admin credentials and reach the admin page" time="1.256" />
  <testcase classname="Login in  with proper credentials" name="should be able to login in with associate credentials and reach the associate page" time="3.776" />
  <testcase classname="Login in  with proper credentials" name="should be able to login in with Manager credentials and reach the Admin page" time="1.441" />
  <testcase classname="Login in  with proper credentials" name="should be able to login in with Sales Team credentials and reach the Admin page" time="1.335" />
 </testsuite>
 <testsuite name="The admin navbar is functional" timestamp="2018-09-07T15:26:08" hostname="localhost" time="39.289" errors="0" tests="8" skipped="0" disabled="0" failures="0">
  <testcase classname="The admin navbar is functional" name="should navigate to home page" time="0.824" />
  <testcase classname="The admin navbar is functional" name="should navigate to client list page" time="5.25" />
  <testcase classname="The admin navbar is functional" name="should navigate to batch list page" time="7.907" />
  <testcase classname="The admin navbar is functional" name="should navigate to associate lising" time="13.325" />
  <testcase classname="The admin navbar is functional" name="should navigate to predictions" time="10.071" />
  <testcase classname="The admin navbar is functional" name="should navigate to create user" time="0.134" />
  <testcase classname="The admin navbar is functional" name="should navigate to salesforce" time="0.069" />
  <testcase classname="The admin navbar is functional" name="should be able to logout" time="0.077" />
 </testsuite>
 <testsuite name="The Asscoiate navbar is functional" timestamp="2018-09-07T15:26:47" hostname="localhost" time="8.255" errors="0" tests="3" skipped="0" disabled="0" failures="1">
  <testcase classname="The Asscoiate navbar is functional" name="should navigate to home page" time="3.039" />
  <testcase classname="The Asscoiate navbar is functional" name="should navigate to My Interviews" time="3.985">
   <failure type="toEqual" message="Expected &apos;http://localhost:4200/#/associate-view&apos; to equal &apos;http://localhost:4200/#/myinterview-view&apos;."><![CDATA[Error: Failed expectation
    at UserContext.<anonymous> (/Users/jacobgolding/Desktop/project_3/trackforce/NGTrackForce/e2e/navbar/navbar.e2e-spec.ts:82:40)
    at /usr/local/lib/node_modules/protractor/node_modules/jasminewd2/index.js:112:25
    at new ManagedPromise (/usr/local/lib/node_modules/protractor/node_modules/selenium-webdriver/lib/promise.js:1077:7)
    at ControlFlow.promise (/usr/local/lib/node_modules/protractor/node_modules/selenium-webdriver/lib/promise.js:2505:12)
    at schedulerExecute (/usr/local/lib/node_modules/protractor/node_modules/jasminewd2/index.js:95:18)
    at TaskQueue.execute_ (/usr/local/lib/node_modules/protractor/node_modules/selenium-webdriver/lib/promise.js:3084:14)
    at TaskQueue.executeNext_ (/usr/local/lib/node_modules/protractor/node_modules/selenium-webdriver/lib/promise.js:3067:27)
    at asyncRun (/usr/local/lib/node_modules/protractor/node_modules/selenium-webdriver/lib/promise.js:2974:25)
    at /usr/local/lib/node_modules/protractor/node_modules/selenium-webdriver/lib/promise.js:668:7]]>
   </failure>
  </testcase>
  <testcase classname="The Asscoiate navbar is functional" name="should be able to logout" time="0.07" />
 </testsuite>
 <testsuite name="The Staging Manager navbar is functional" timestamp="2018-09-07T15:26:55" hostname="localhost" time="32.96" errors="0" tests="7" skipped="0" disabled="0" failures="0">
  <testcase classname="The Staging Manager navbar is functional" name="should navigate to home page" time="0.733" />
  <testcase classname="The Staging Manager navbar is functional" name="should navigate to client list page" time="4.692" />
  <testcase classname="The Staging Manager navbar is functional" name="should navigate to batch list page" time="6.957" />
  <testcase classname="The Staging Manager navbar is functional" name="should navigate to associate lising" time="10.164" />
  <testcase classname="The Staging Manager navbar is functional" name="should navigate to predictions" time="8.825" />
  <testcase classname="The Staging Manager navbar is functional" name="should navigate to create user" time="0.129" />
  <testcase classname="The Staging Manager navbar is functional" name="should be able to logout" time="0.077" />
 </testsuite>
 <testsuite name="The Delivery/Sales navbar is functional" timestamp="2018-09-07T15:27:28" hostname="localhost" time="36.318" errors="0" tests="7" skipped="0" disabled="0" failures="0">
  <testcase classname="The Delivery/Sales navbar is functional" name="should navigate to home page" time="0.743" />
  <testcase classname="The Delivery/Sales navbar is functional" name="should navigate to client list page" time="4.373" />
  <testcase classname="The Delivery/Sales navbar is functional" name="should navigate to batch list page" time="7.469" />
  <testcase classname="The Delivery/Sales navbar is functional" name="should navigate to associate lising" time="10.765" />
  <testcase classname="The Delivery/Sales navbar is functional" name="should navigate to predictions" time="11.509" />
  <testcase classname="The Delivery/Sales navbar is functional" name="should navigate to create user" time="0.135" />
  <testcase classname="The Delivery/Sales navbar is functional" name="should be able to logout" time="0.073" />
 </testsuite>
 <testsuite name="When an admin navigates to the client-list page it" timestamp="2018-09-07T15:28:04" hostname="localhost" time="9.783" errors="0" tests="11" skipped="2" disabled="0" failures="3">
  <testcase classname="When an admin navigates to the client-list page it" name="should navigate to the client-list page" time="4.771" />
  <testcase classname="When an admin navigates to the client-list page it" name="should accept username input" time="0.149" />
  <testcase classname="When an admin navigates to the client-list page it" name="should yield match for search input in one exists" time="0.035">
   <failure type="toEqual" message="Expected &apos;Accenture / Cigna&apos; to equal &apos;Accenture&apos;."><![CDATA[Error: Failed expectation
    at /Users/jacobgolding/Desktop/project_3/trackforce/NGTrackForce/e2e/client-list/client-list-spec.ts:35:26
    at elementArrayFinder_.then (/usr/local/lib/node_modules/protractor/built/element.js:804:32)
    at ManagedPromise.invokeCallback_ (/usr/local/lib/node_modules/protractor/node_modules/selenium-webdriver/lib/promise.js:1376:14)
    at TaskQueue.execute_ (/usr/local/lib/node_modules/protractor/node_modules/selenium-webdriver/lib/promise.js:3084:14)
    at TaskQueue.executeNext_ (/usr/local/lib/node_modules/protractor/node_modules/selenium-webdriver/lib/promise.js:3067:27)
    at asyncRun (/usr/local/lib/node_modules/protractor/node_modules/selenium-webdriver/lib/promise.js:2927:27)
    at /usr/local/lib/node_modules/protractor/node_modules/selenium-webdriver/lib/promise.js:668:7
    at process._tickCallback (internal/process/next_tick.js:68:7)]]>
   </failure>
  </testcase>
  <testcase classname="When an admin navigates to the client-list page it" name="should yield a match for a search regardless of case" time="0.176">
   <failure type="toEqual" message="Expected &apos;Accenture / Cigna&apos; to equal &apos;Accenture&apos;."><![CDATA[Error: Failed expectation
    at /Users/jacobgolding/Desktop/project_3/trackforce/NGTrackForce/e2e/client-list/client-list-spec.ts:44:26
    at elementArrayFinder_.then (/usr/local/lib/node_modules/protractor/built/element.js:804:32)
    at ManagedPromise.invokeCallback_ (/usr/local/lib/node_modules/protractor/node_modules/selenium-webdriver/lib/promise.js:1376:14)
    at TaskQueue.execute_ (/usr/local/lib/node_modules/protractor/node_modules/selenium-webdriver/lib/promise.js:3084:14)
    at TaskQueue.executeNext_ (/usr/local/lib/node_modules/protractor/node_modules/selenium-webdriver/lib/promise.js:3067:27)
    at asyncRun (/usr/local/lib/node_modules/protractor/node_modules/selenium-webdriver/lib/promise.js:2927:27)
    at /usr/local/lib/node_modules/protractor/node_modules/selenium-webdriver/lib/promise.js:668:7
    at process._tickCallback (internal/process/next_tick.js:68:7)]]>
   </failure>
  </testcase>
  <testcase classname="When an admin navigates to the client-list page it" name="should be able to click a searched for client" time="0.306">
   <failure type="toEqual" message="Expected &apos;Accenture / Cigna&apos; to equal &apos;Accenture&apos;."><![CDATA[Error: Failed expectation
    at /Users/jacobgolding/Desktop/project_3/trackforce/NGTrackForce/e2e/client-list/client-list-spec.ts:51:22
    at elementArrayFinder_.then (/usr/local/lib/node_modules/protractor/built/element.js:804:32)
    at ManagedPromise.invokeCallback_ (/usr/local/lib/node_modules/protractor/node_modules/selenium-webdriver/lib/promise.js:1376:14)
    at TaskQueue.execute_ (/usr/local/lib/node_modules/protractor/node_modules/selenium-webdriver/lib/promise.js:3084:14)
    at TaskQueue.executeNext_ (/usr/local/lib/node_modules/protractor/node_modules/selenium-webdriver/lib/promise.js:3067:27)
    at asyncRun (/usr/local/lib/node_modules/protractor/node_modules/selenium-webdriver/lib/promise.js:2927:27)
    at /usr/local/lib/node_modules/protractor/node_modules/selenium-webdriver/lib/promise.js:668:7
    at process._tickCallback (internal/process/next_tick.js:68:7)]]>
   </failure>
  </testcase>
  <testcase classname="When an admin navigates to the client-list page it" name="should be able to click View Data for all Clients" time="1.602" />
  <testcase classname="When an admin navigates to the client-list page it" name="should yield a match for a search string with spaces" time="0.001">
   <skipped message="Temporarily disabled with xit" />
  </testcase>
  <testcase classname="When an admin navigates to the client-list page it" name="should trim the spaces between words in a search string" time="0">
   <skipped message="Temporarily disabled with xit" />
  </testcase>
  <testcase classname="When an admin navigates to the client-list page it" name="should yield a match for search input if many results exist" time="1.092" />
  <testcase classname="When an admin navigates to the client-list page it" name="should yield no matches if none exist" time="0.166" />
  <testcase classname="When an admin navigates to the client-list page it" name="should logout" time="0.063" />
 </testsuite>
 <testsuite name="When an Staging Manager navigates to the client-list page it" timestamp="2018-09-07T15:28:14" hostname="localhost" time="12.292" errors="0" tests="11" skipped="2" disabled="0" failures="0">
  <testcase classname="When an Staging Manager navigates to the client-list page it" name="should navigate to the client-list page" time="7.241" />
  <testcase classname="When an Staging Manager navigates to the client-list page it" name="should accept username input" time="0.154" />
  <testcase classname="When an Staging Manager navigates to the client-list page it" name="should yield match for search input in one exists" time="0.027" />
  <testcase classname="When an Staging Manager navigates to the client-list page it" name="should yield a match for a search regardless of case" time="0.207" />
  <testcase classname="When an Staging Manager navigates to the client-list page it" name="should be able to click a searched for client" time="0.295" />
  <testcase classname="When an Staging Manager navigates to the client-list page it" name="should be able to click View Data for all Clients" time="1.717" />
  <testcase classname="When an Staging Manager navigates to the client-list page it" name="should yield a match for a search string with spaces" time="0.001">
   <skipped message="Temporarily disabled with xit" />
  </testcase>
  <testcase classname="When an Staging Manager navigates to the client-list page it" name="should trim the spaces between words in a search string" time="0">
   <skipped message="Temporarily disabled with xit" />
  </testcase>
  <testcase classname="When an Staging Manager navigates to the client-list page it" name="should yield a match for search input if many results exist" time="0.981" />
  <testcase classname="When an Staging Manager navigates to the client-list page it" name="should yield no matches if none exist" time="0.151" />
  <testcase classname="When an Staging Manager navigates to the client-list page it" name="should logout" time="0.064" />
 </testsuite>
 <testsuite name="When an Delivery/Sales navigates to the client-list page it" timestamp="2018-09-07T15:28:26" hostname="localhost" time="15.777" errors="0" tests="11" skipped="2" disabled="0" failures="3">
  <testcase classname="When an Delivery/Sales navigates to the client-list page it" name="should navigate to the client-list page" time="10.73" />
  <testcase classname="When an Delivery/Sales navigates to the client-list page it" name="should accept username input" time="0.134" />
  <testcase classname="When an Delivery/Sales navigates to the client-list page it" name="should yield match for search input in one exists" time="0.029">
   <failure type="toEqual" message="Expected &apos;Revature India&apos; to equal &apos;Revature&apos;."><![CDATA[Error: Failed expectation
    at /Users/jacobgolding/Desktop/project_3/trackforce/NGTrackForce/e2e/client-list/client-list-spec.ts:251:26
    at elementArrayFinder_.then (/usr/local/lib/node_modules/protractor/built/element.js:804:32)
    at ManagedPromise.invokeCallback_ (/usr/local/lib/node_modules/protractor/node_modules/selenium-webdriver/lib/promise.js:1376:14)
    at TaskQueue.execute_ (/usr/local/lib/node_modules/protractor/node_modules/selenium-webdriver/lib/promise.js:3084:14)
    at TaskQueue.executeNext_ (/usr/local/lib/node_modules/protractor/node_modules/selenium-webdriver/lib/promise.js:3067:27)
    at asyncRun (/usr/local/lib/node_modules/protractor/node_modules/selenium-webdriver/lib/promise.js:2927:27)
    at /usr/local/lib/node_modules/protractor/node_modules/selenium-webdriver/lib/promise.js:668:7
    at process._tickCallback (internal/process/next_tick.js:68:7)]]>
   </failure>
  </testcase>
  <testcase classname="When an Delivery/Sales navigates to the client-list page it" name="should yield a match for a search regardless of case" time="0.17">
   <failure type="toEqual" message="Expected &apos;Revature India&apos; to equal &apos;Revature&apos;."><![CDATA[Error: Failed expectation
    at /Users/jacobgolding/Desktop/project_3/trackforce/NGTrackForce/e2e/client-list/client-list-spec.ts:260:26
    at elementArrayFinder_.then (/usr/local/lib/node_modules/protractor/built/element.js:804:32)
    at ManagedPromise.invokeCallback_ (/usr/local/lib/node_modules/protractor/node_modules/selenium-webdriver/lib/promise.js:1376:14)
    at TaskQueue.execute_ (/usr/local/lib/node_modules/protractor/node_modules/selenium-webdriver/lib/promise.js:3084:14)
    at TaskQueue.executeNext_ (/usr/local/lib/node_modules/protractor/node_modules/selenium-webdriver/lib/promise.js:3067:27)
    at asyncRun (/usr/local/lib/node_modules/protractor/node_modules/selenium-webdriver/lib/promise.js:2927:27)
    at /usr/local/lib/node_modules/protractor/node_modules/selenium-webdriver/lib/promise.js:668:7
    at process._tickCallback (internal/process/next_tick.js:68:7)]]>
   </failure>
  </testcase>
  <testcase classname="When an Delivery/Sales navigates to the client-list page it" name="should be able to click a searched for client" time="0.388">
   <failure type="toEqual" message="Expected &apos;Revature India&apos; to equal &apos;Revature&apos;."><![CDATA[Error: Failed expectation
    at /Users/jacobgolding/Desktop/project_3/trackforce/NGTrackForce/e2e/client-list/client-list-spec.ts:267:22
    at elementArrayFinder_.then (/usr/local/lib/node_modules/protractor/built/element.js:804:32)
    at ManagedPromise.invokeCallback_ (/usr/local/lib/node_modules/protractor/node_modules/selenium-webdriver/lib/promise.js:1376:14)
    at TaskQueue.execute_ (/usr/local/lib/node_modules/protractor/node_modules/selenium-webdriver/lib/promise.js:3084:14)
    at TaskQueue.executeNext_ (/usr/local/lib/node_modules/protractor/node_modules/selenium-webdriver/lib/promise.js:3067:27)
    at asyncRun (/usr/local/lib/node_modules/protractor/node_modules/selenium-webdriver/lib/promise.js:2927:27)
    at /usr/local/lib/node_modules/protractor/node_modules/selenium-webdriver/lib/promise.js:668:7
    at process._tickCallback (internal/process/next_tick.js:68:7)]]>
   </failure>
  </testcase>
  <testcase classname="When an Delivery/Sales navigates to the client-list page it" name="should be able to click View Data for all Clients" time="1.407" />
  <testcase classname="When an Delivery/Sales navigates to the client-list page it" name="should yield a match for a search string with spaces" time="0.001">
   <skipped message="Temporarily disabled with xit" />
  </testcase>
  <testcase classname="When an Delivery/Sales navigates to the client-list page it" name="should trim the spaces between words in a search string" time="0">
   <skipped message="Temporarily disabled with xit" />
  </testcase>
  <testcase classname="When an Delivery/Sales navigates to the client-list page it" name="should yield a match for search input if many results exist" time="0.979" />
  <testcase classname="When an Delivery/Sales navigates to the client-list page it" name="should yield no matches if none exist" time="0.159" />
  <testcase classname="When an Delivery/Sales navigates to the client-list page it" name="should logout" time="0.055" />
 </testsuite>
</testsuites>