<?xml version="1.0" encoding="UTF-8" ?>
<testsuites disabled="0" errors="0" failures="32" tests="104" time="137.265">
 <testsuite name="login page element existences" timestamp="2018-06-01T09:18:56" hostname="localhost" time="5.194" errors="0" tests="6" skipped="0" disabled="0" failures="0">
  <testcase classname="login page element existences" name="should have a username input box" time="0.012" />
  <testcase classname="login page element existences" name="should have a password input box" time="0.002" />
  <testcase classname="login page element existences" name="should have a login button" time="0.002" />
  <testcase classname="login page element existences" name="should display proper placeholder: Username" time="0.035" />
  <testcase classname="login page element existences" name="should display proper placeholder: Password" time="0.026" />
  <testcase classname="login page element existences" name="should display proper value for button" time="0.046" />
 </testsuite>
 <testsuite name="Confirm login failures" timestamp="2018-06-01T09:19:01" hostname="localhost" time="1.287" errors="0" tests="2" skipped="0" disabled="0" failures="0">
  <testcase classname="Confirm login failures" name="should fail to log in when nothing is entered" time="0.118" />
  <testcase classname="Confirm login failures" name="should fail to login when incorrect credentials are entered" time="0.429" />
 </testsuite>
 <testsuite name="confirm login navigation" timestamp="2018-06-01T09:19:03" hostname="localhost" time="1.312" errors="0" tests="1" skipped="0" disabled="0" failures="0">
  <testcase classname="confirm login navigation" name="should reach the index page" time="0.535" />
 </testsuite>
 <testsuite name="navbar functionality" timestamp="2018-06-01T09:19:04" hostname="localhost" time="4.84" errors="0" tests="6" skipped="0" disabled="0" failures="0">
  <testcase classname="navbar functionality" name="should navigate to home page" time="1.815" />
  <testcase classname="navbar functionality" name="should navigate to client list page" time="1.554" />
  <testcase classname="navbar functionality" name="should navigate to batch list page" time="0.206" />
  <testcase classname="navbar functionality" name="should navigate to associate lising" time="0.922" />
  <testcase classname="navbar functionality" name="should navigate to predictions" time="0.242" />
  <testcase classname="navbar functionality" name="should navigate to create user" time="0.099" />
 </testsuite>
 <testsuite name="create-user page input and button fields" timestamp="2018-06-01T09:19:09" hostname="localhost" time="1.437" errors="0" tests="9" skipped="0" disabled="0" failures="0">
  <testcase classname="create-user page input and button fields" name="should navigate to the create-user page" time="0.799" />
  <testcase classname="create-user page input and button fields" name="should accept username input" time="0.086" />
  <testcase classname="create-user page input and button fields" name="should accept password input" time="0.085" />
  <testcase classname="create-user page input and button fields" name="should accept password confirmation input" time="0.078" />
  <testcase classname="create-user page input and button fields" name="should select admin radio button" time="0.111" />
  <testcase classname="create-user page input and button fields" name="should select trainer radio button" time="0.076" />
  <testcase classname="create-user page input and button fields" name="should select associate radio button" time="0.069" />
  <testcase classname="create-user page input and button fields" name="should select staging manager radio button" time="0.068" />
  <testcase classname="create-user page input and button fields" name="should select delivery radio button" time="0.065" />
 </testsuite>
 <testsuite name="Successfully input valid data into predictions filter" timestamp="2018-06-01T09:19:10" hostname="localhost" time="0.808" errors="0" tests="5" skipped="0" disabled="0" failures="0">
  <testcase classname="Successfully input valid data into predictions filter" name="should navigate to the predictions page" time="0.091" />
  <testcase classname="Successfully input valid data into predictions filter" name="should allow user to input valid data" time="0.407" />
  <testcase classname="Successfully input valid data into predictions filter" name="should provide a table with predictions" time="0.001" />
  <testcase classname="Successfully input valid data into predictions filter" name="should provide the same number of rows entered into the filter" time="0.228" />
  <testcase classname="Successfully input valid data into predictions filter" name="should provide details when the details button is pressed" time="0.054" />
 </testsuite>
 <testsuite name="Successfully input valid data using all filters" timestamp="2018-06-01T09:19:11" hostname="localhost" time="2.429" errors="0" tests="4" skipped="0" disabled="0" failures="0">
  <testcase classname="Successfully input valid data using all filters" name="should navigate to the predictions page" time="1.502" />
  <testcase classname="Successfully input valid data using all filters" name="should allow user to input valid data and use all filters" time="0.704" />
  <testcase classname="Successfully input valid data using all filters" name="should provide the same number of rows entered into the filter" time="0.143" />
  <testcase classname="Successfully input valid data using all filters" name="should provide details when the details button is pressed" time="0.078" />
 </testsuite>
 <testsuite name="A start date that is more current than the end data returns 0 associates" timestamp="2018-06-01T09:19:13" hostname="localhost" time="2.1" errors="0" tests="4" skipped="0" disabled="0" failures="0">
  <testcase classname="A start date that is more current than the end data returns 0 associates" name="should navigate to the predictions page" time="1.548" />
  <testcase classname="A start date that is more current than the end data returns 0 associates" name="should allow user to input a start date that is more current than the end date" time="0.353" />
  <testcase classname="A start date that is more current than the end data returns 0 associates" name="should yield 0 associates" time="0.168" />
  <testcase classname="A start date that is more current than the end data returns 0 associates" name="should have a negative amount in Difference" time="0.031" />
 </testsuite>
 <testsuite name="The number of associates input can handle a very large numeric input" timestamp="2018-06-01T09:19:16" hostname="localhost" time="2.159" errors="0" tests="4" skipped="0" disabled="0" failures="0">
  <testcase classname="The number of associates input can handle a very large numeric input" name="should navigate to the predictions page" time="1.531" />
  <testcase classname="The number of associates input can handle a very large numeric input" name="should allow user to input a very large number" time="0.434" />
  <testcase classname="The number of associates input can handle a very large numeric input" name="should yield some associates" time="0.167" />
  <testcase classname="The number of associates input can handle a very large numeric input" name="should have a negative amount in Difference" time="0.024" />
 </testsuite>
 <testsuite name="client-list page input and button fields" timestamp="2018-06-01T09:19:18" hostname="localhost" time="1.865" errors="0" tests="3" skipped="0" disabled="0" failures="1">
  <testcase classname="client-list page input and button fields" name="should navigate to the client-list page" time="1.788" />
  <testcase classname="client-list page input and button fields" name="should accept username input" time="0.006">
   <failure type="exception" message="Failed: Cannot read property &apos;sendKeys&apos; of undefined"><![CDATA[TypeError: Cannot read property 'sendKeys' of undefined
    at ClientListPo.inputClientName (C:\my_git_repos\trackforce\NGTrackForce\e2e\client-list\client-list.po.ts:54:33)
    at UserContext.<anonymous> (C:\my_git_repos\trackforce\NGTrackForce\e2e\client-list\client-list-spec.ts:26:20)
    at C:\Users\joeyi\AppData\Roaming\npm\node_modules\protractor\node_modules\jasminewd2\index.js:112:25
    at new ManagedPromise (C:\Users\joeyi\AppData\Roaming\npm\node_modules\protractor\node_modules\selenium-webdriver\lib\promise.js:1077:7)
    at ControlFlow.promise (C:\Users\joeyi\AppData\Roaming\npm\node_modules\protractor\node_modules\selenium-webdriver\lib\promise.js:2505:12)
    at schedulerExecute (C:\Users\joeyi\AppData\Roaming\npm\node_modules\protractor\node_modules\jasminewd2\index.js:95:18)
    at TaskQueue.execute_ (C:\Users\joeyi\AppData\Roaming\npm\node_modules\protractor\node_modules\selenium-webdriver\lib\promise.js:3084:14)
    at TaskQueue.executeNext_ (C:\Users\joeyi\AppData\Roaming\npm\node_modules\protractor\node_modules\selenium-webdriver\lib\promise.js:3067:27)
    at asyncRun (C:\Users\joeyi\AppData\Roaming\npm\node_modules\protractor\node_modules\selenium-webdriver\lib\promise.js:2974:25)
    at C:\Users\joeyi\AppData\Roaming\npm\node_modules\protractor\node_modules\selenium-webdriver\lib\promise.js:668:7
From: Task: Run it("should accept username input") in control flow
    at UserContext.<anonymous> (C:\Users\joeyi\AppData\Roaming\npm\node_modules\protractor\node_modules\jasminewd2\index.js:94:19)
    at attempt (C:\Users\joeyi\AppData\Roaming\npm\node_modules\protractor\node_modules\jasmine-core\lib\jasmine-core\jasmine.js:4297:26)
    at QueueRunner.run (C:\Users\joeyi\AppData\Roaming\npm\node_modules\protractor\node_modules\jasmine-core\lib\jasmine-core\jasmine.js:4217:20)
    at QueueRunner.execute (C:\Users\joeyi\AppData\Roaming\npm\node_modules\protractor\node_modules\jasmine-core\lib\jasmine-core\jasmine.js:4199:10)
    at Spec.queueRunnerFactory (C:\Users\joeyi\AppData\Roaming\npm\node_modules\protractor\node_modules\jasmine-core\lib\jasmine-core\jasmine.js:909:35)
    at Spec.execute (C:\Users\joeyi\AppData\Roaming\npm\node_modules\protractor\node_modules\jasmine-core\lib\jasmine-core\jasmine.js:526:10)
    at UserContext.fn (C:\Users\joeyi\AppData\Roaming\npm\node_modules\protractor\node_modules\jasmine-core\lib\jasmine-core\jasmine.js:5340:37)
    at attempt (C:\Users\joeyi\AppData\Roaming\npm\node_modules\protractor\node_modules\jasmine-core\lib\jasmine-core\jasmine.js:4297:26)
    at QueueRunner.run (C:\Users\joeyi\AppData\Roaming\npm\node_modules\protractor\node_modules\jasmine-core\lib\jasmine-core\jasmine.js:4217:20)
    at runNext (C:\Users\joeyi\AppData\Roaming\npm\node_modules\protractor\node_modules\jasmine-core\lib\jasmine-core\jasmine.js:4257:20)
From asynchronous test: 
Error
    at Suite.<anonymous> (C:\my_git_repos\trackforce\NGTrackForce\e2e\client-list\client-list-spec.ts:25:5)
    at addSpecsToSuite (C:\Users\joeyi\AppData\Roaming\npm\node_modules\protractor\node_modules\jasmine-core\lib\jasmine-core\jasmine.js:1107:25)
    at Env.describe (C:\Users\joeyi\AppData\Roaming\npm\node_modules\protractor\node_modules\jasmine-core\lib\jasmine-core\jasmine.js:1074:7)
    at describe (C:\Users\joeyi\AppData\Roaming\npm\node_modules\protractor\node_modules\jasmine-core\lib\jasmine-core\jasmine.js:4399:18)
    at Object.<anonymous> (C:\my_git_repos\trackforce\NGTrackForce\e2e\client-list\client-list-spec.ts:4:1)
    at Module._compile (module.js:652:30)
    at Module.m._compile (C:\my_git_repos\trackforce\NGTrackForce\node_modules\ts-node\src\index.ts:422:23)
    at Module._extensions..js (module.js:663:10)
    at Object.require.extensions.(anonymous function) [as .ts] (C:\my_git_repos\trackforce\NGTrackForce\node_modules\ts-node\src\index.ts:425:12)]]>
   </failure>
  </testcase>
  <testcase classname="client-list page input and button fields" name="should logout" time="0.071" />
 </testsuite>
 <testsuite name="Open the browser and get to the website" timestamp="2018-06-01T09:19:20" hostname="localhost" time="0" errors="0" tests="0" skipped="0" disabled="0" failures="0">
 </testsuite>
 <testsuite name="Log into the website for associate list" timestamp="2018-06-01T09:19:20" hostname="localhost" time="0.197" errors="0" tests="1" skipped="0" disabled="0" failures="0">
  <testcase classname="Log into the website for associate list" name="should be able to log in" time="0.196" />
 </testsuite>
 <testsuite name="Go to associate list tab" timestamp="2018-06-01T09:19:20" hostname="localhost" time="0.264" errors="0" tests="2" skipped="0" disabled="0" failures="0">
  <testcase classname="Go to associate list tab" name="Should be able to go to associate list tab." time="0.232" />
  <testcase classname="Go to associate list tab" name="We should be on the associate tab" time="0.031" />
 </testsuite>
 <testsuite name="Lets do some stuff in the associates list tab..." timestamp="2018-06-01T09:19:20" hostname="localhost" time="2.532" errors="0" tests="8" skipped="0" disabled="0" failures="2">
  <testcase classname="Lets do some stuff in the associates list tab..." name="Test out search by name of associate" time="0.064" />
  <testcase classname="Lets do some stuff in the associates list tab..." name="Verify Entry of the associate" time="0.019">
   <failure type="toEqual" message="Expected null to equal &apos;Steven&apos;."><![CDATA[Error: Failed expectation
    at UserContext.<anonymous> (C:\my_git_repos\trackforce\NGTrackForce\e2e\associate-list\associate-list-search.js:8:94)
    at C:\Users\joeyi\AppData\Roaming\npm\node_modules\protractor\node_modules\jasminewd2\index.js:112:25
    at new ManagedPromise (C:\Users\joeyi\AppData\Roaming\npm\node_modules\protractor\node_modules\selenium-webdriver\lib\promise.js:1077:7)
    at ControlFlow.promise (C:\Users\joeyi\AppData\Roaming\npm\node_modules\protractor\node_modules\selenium-webdriver\lib\promise.js:2505:12)
    at schedulerExecute (C:\Users\joeyi\AppData\Roaming\npm\node_modules\protractor\node_modules\jasminewd2\index.js:95:18)
    at TaskQueue.execute_ (C:\Users\joeyi\AppData\Roaming\npm\node_modules\protractor\node_modules\selenium-webdriver\lib\promise.js:3084:14)
    at TaskQueue.executeNext_ (C:\Users\joeyi\AppData\Roaming\npm\node_modules\protractor\node_modules\selenium-webdriver\lib\promise.js:3067:27)
    at asyncRun (C:\Users\joeyi\AppData\Roaming\npm\node_modules\protractor\node_modules\selenium-webdriver\lib\promise.js:2974:25)
    at C:\Users\joeyi\AppData\Roaming\npm\node_modules\protractor\node_modules\selenium-webdriver\lib\promise.js:668:7]]>
   </failure>
  </testcase>
  <testcase classname="Lets do some stuff in the associates list tab..." name="Check return results of entered values, with name of associate" time="1.212" />
  <testcase classname="Lets do some stuff in the associates list tab..." name="Clear the search input box" time="0.651" />
  <testcase classname="Lets do some stuff in the associates list tab..." name="Test out search by last name" time="0.164" />
  <testcase classname="Lets do some stuff in the associates list tab..." name="Verify entry of associate by LastName" time="0.017">
   <failure type="toEqual" message="Expected null to equal &apos;Cox&apos;."><![CDATA[Error: Failed expectation
    at UserContext.<anonymous> (C:\my_git_repos\trackforce\NGTrackForce\e2e\associate-list\associate-list-search.js:26:94)
    at C:\Users\joeyi\AppData\Roaming\npm\node_modules\protractor\node_modules\jasminewd2\index.js:112:25
    at new ManagedPromise (C:\Users\joeyi\AppData\Roaming\npm\node_modules\protractor\node_modules\selenium-webdriver\lib\promise.js:1077:7)
    at ControlFlow.promise (C:\Users\joeyi\AppData\Roaming\npm\node_modules\protractor\node_modules\selenium-webdriver\lib\promise.js:2505:12)
    at schedulerExecute (C:\Users\joeyi\AppData\Roaming\npm\node_modules\protractor\node_modules\jasminewd2\index.js:95:18)
    at TaskQueue.execute_ (C:\Users\joeyi\AppData\Roaming\npm\node_modules\protractor\node_modules\selenium-webdriver\lib\promise.js:3084:14)
    at TaskQueue.executeNext_ (C:\Users\joeyi\AppData\Roaming\npm\node_modules\protractor\node_modules\selenium-webdriver\lib\promise.js:3067:27)
    at asyncRun (C:\Users\joeyi\AppData\Roaming\npm\node_modules\protractor\node_modules\selenium-webdriver\lib\promise.js:2974:25)
    at C:\Users\joeyi\AppData\Roaming\npm\node_modules\protractor\node_modules\selenium-webdriver\lib\promise.js:668:7]]>
   </failure>
  </testcase>
  <testcase classname="Lets do some stuff in the associates list tab..." name="Check results of search by associates last name" time="0.029" />
  <testcase classname="Lets do some stuff in the associates list tab..." name="Clear out search input once more" time="0.374" />
 </testsuite>
 <testsuite name="Testing associate list page further by changing search status." timestamp="2018-06-01T09:19:23" hostname="localhost" time="1.34" errors="0" tests="22" skipped="0" disabled="0" failures="11">
  <testcase classname="Testing associate list page further by changing search status." name="Select mapped: training" time="0.134" />
  <testcase classname="Testing associate list page further by changing search status." name="Verify mapped training selection" time="0.022">
   <failure type="toEqual" message="Expected null to equal &apos;MAPPED: TRAINING&apos;."><![CDATA[Error: Failed expectation
    at UserContext.<anonymous> (C:\my_git_repos\trackforce\NGTrackForce\e2e\associate-list\associate-list-status.js:7:83)
    at C:\Users\joeyi\AppData\Roaming\npm\node_modules\protractor\node_modules\jasminewd2\index.js:112:25
    at new ManagedPromise (C:\Users\joeyi\AppData\Roaming\npm\node_modules\protractor\node_modules\selenium-webdriver\lib\promise.js:1077:7)
    at ControlFlow.promise (C:\Users\joeyi\AppData\Roaming\npm\node_modules\protractor\node_modules\selenium-webdriver\lib\promise.js:2505:12)
    at schedulerExecute (C:\Users\joeyi\AppData\Roaming\npm\node_modules\protractor\node_modules\jasminewd2\index.js:95:18)
    at TaskQueue.execute_ (C:\Users\joeyi\AppData\Roaming\npm\node_modules\protractor\node_modules\selenium-webdriver\lib\promise.js:3084:14)
    at TaskQueue.executeNext_ (C:\Users\joeyi\AppData\Roaming\npm\node_modules\protractor\node_modules\selenium-webdriver\lib\promise.js:3067:27)
    at asyncRun (C:\Users\joeyi\AppData\Roaming\npm\node_modules\protractor\node_modules\selenium-webdriver\lib\promise.js:2974:25)
    at C:\Users\joeyi\AppData\Roaming\npm\node_modules\protractor\node_modules\selenium-webdriver\lib\promise.js:668:7]]>
   </failure>
  </testcase>
  <testcase classname="Testing associate list page further by changing search status." name="Select mapped: reserved" time="0.059" />
  <testcase classname="Testing associate list page further by changing search status." name="Verify mapped reserved selection" time="0.021">
   <failure type="toEqual" message="Expected null to equal &apos;MAPPED: RESERVED&apos;."><![CDATA[Error: Failed expectation
    at UserContext.<anonymous> (C:\my_git_repos\trackforce\NGTrackForce\e2e\associate-list\associate-list-status.js:16:83)
    at C:\Users\joeyi\AppData\Roaming\npm\node_modules\protractor\node_modules\jasminewd2\index.js:112:25
    at new ManagedPromise (C:\Users\joeyi\AppData\Roaming\npm\node_modules\protractor\node_modules\selenium-webdriver\lib\promise.js:1077:7)
    at ControlFlow.promise (C:\Users\joeyi\AppData\Roaming\npm\node_modules\protractor\node_modules\selenium-webdriver\lib\promise.js:2505:12)
    at schedulerExecute (C:\Users\joeyi\AppData\Roaming\npm\node_modules\protractor\node_modules\jasminewd2\index.js:95:18)
    at TaskQueue.execute_ (C:\Users\joeyi\AppData\Roaming\npm\node_modules\protractor\node_modules\selenium-webdriver\lib\promise.js:3084:14)
    at TaskQueue.executeNext_ (C:\Users\joeyi\AppData\Roaming\npm\node_modules\protractor\node_modules\selenium-webdriver\lib\promise.js:3067:27)
    at asyncRun (C:\Users\joeyi\AppData\Roaming\npm\node_modules\protractor\node_modules\selenium-webdriver\lib\promise.js:2974:25)
    at C:\Users\joeyi\AppData\Roaming\npm\node_modules\protractor\node_modules\selenium-webdriver\lib\promise.js:668:7]]>
   </failure>
  </testcase>
  <testcase classname="Testing associate list page further by changing search status." name="Select MAPPED: SELECTED" time="0.045" />
  <testcase classname="Testing associate list page further by changing search status." name="Verify MAPPED: SELECTED selection" time="0.018">
   <failure type="toEqual" message="Expected null to equal &apos;MAPPED: SELECTED&apos;."><![CDATA[Error: Failed expectation
    at UserContext.<anonymous> (C:\my_git_repos\trackforce\NGTrackForce\e2e\associate-list\associate-list-status.js:25:83)
    at C:\Users\joeyi\AppData\Roaming\npm\node_modules\protractor\node_modules\jasminewd2\index.js:112:25
    at new ManagedPromise (C:\Users\joeyi\AppData\Roaming\npm\node_modules\protractor\node_modules\selenium-webdriver\lib\promise.js:1077:7)
    at ControlFlow.promise (C:\Users\joeyi\AppData\Roaming\npm\node_modules\protractor\node_modules\selenium-webdriver\lib\promise.js:2505:12)
    at schedulerExecute (C:\Users\joeyi\AppData\Roaming\npm\node_modules\protractor\node_modules\jasminewd2\index.js:95:18)
    at TaskQueue.execute_ (C:\Users\joeyi\AppData\Roaming\npm\node_modules\protractor\node_modules\selenium-webdriver\lib\promise.js:3084:14)
    at TaskQueue.executeNext_ (C:\Users\joeyi\AppData\Roaming\npm\node_modules\protractor\node_modules\selenium-webdriver\lib\promise.js:3067:27)
    at asyncRun (C:\Users\joeyi\AppData\Roaming\npm\node_modules\protractor\node_modules\selenium-webdriver\lib\promise.js:2974:25)
    at C:\Users\joeyi\AppData\Roaming\npm\node_modules\protractor\node_modules\selenium-webdriver\lib\promise.js:668:7]]>
   </failure>
  </testcase>
  <testcase classname="Testing associate list page further by changing search status." name="Select MAPPED: CONFIRMED" time="0.061" />
  <testcase classname="Testing associate list page further by changing search status." name="Verify MAPPED: CONFIRMED selection" time="0.015">
   <failure type="toEqual" message="Expected null to equal &apos;MAPPED: CONFIRMED&apos;."><![CDATA[Error: Failed expectation
    at UserContext.<anonymous> (C:\my_git_repos\trackforce\NGTrackForce\e2e\associate-list\associate-list-status.js:33:83)
    at C:\Users\joeyi\AppData\Roaming\npm\node_modules\protractor\node_modules\jasminewd2\index.js:112:25
    at new ManagedPromise (C:\Users\joeyi\AppData\Roaming\npm\node_modules\protractor\node_modules\selenium-webdriver\lib\promise.js:1077:7)
    at ControlFlow.promise (C:\Users\joeyi\AppData\Roaming\npm\node_modules\protractor\node_modules\selenium-webdriver\lib\promise.js:2505:12)
    at schedulerExecute (C:\Users\joeyi\AppData\Roaming\npm\node_modules\protractor\node_modules\jasminewd2\index.js:95:18)
    at TaskQueue.execute_ (C:\Users\joeyi\AppData\Roaming\npm\node_modules\protractor\node_modules\selenium-webdriver\lib\promise.js:3084:14)
    at TaskQueue.executeNext_ (C:\Users\joeyi\AppData\Roaming\npm\node_modules\protractor\node_modules\selenium-webdriver\lib\promise.js:3067:27)
    at asyncRun (C:\Users\joeyi\AppData\Roaming\npm\node_modules\protractor\node_modules\selenium-webdriver\lib\promise.js:2974:25)
    at C:\Users\joeyi\AppData\Roaming\npm\node_modules\protractor\node_modules\selenium-webdriver\lib\promise.js:668:7]]>
   </failure>
  </testcase>
  <testcase classname="Testing associate list page further by changing search status." name="Select MAPPED: DEPLOYED" time="0.076" />
  <testcase classname="Testing associate list page further by changing search status." name="Verify MAPPED: DEPLOYED selection" time="0.016">
   <failure type="toEqual" message="Expected null to equal &apos;MAPPED: DEPLOYED&apos;."><![CDATA[Error: Failed expectation
    at UserContext.<anonymous> (C:\my_git_repos\trackforce\NGTrackForce\e2e\associate-list\associate-list-status.js:41:83)
    at C:\Users\joeyi\AppData\Roaming\npm\node_modules\protractor\node_modules\jasminewd2\index.js:112:25
    at new ManagedPromise (C:\Users\joeyi\AppData\Roaming\npm\node_modules\protractor\node_modules\selenium-webdriver\lib\promise.js:1077:7)
    at ControlFlow.promise (C:\Users\joeyi\AppData\Roaming\npm\node_modules\protractor\node_modules\selenium-webdriver\lib\promise.js:2505:12)
    at schedulerExecute (C:\Users\joeyi\AppData\Roaming\npm\node_modules\protractor\node_modules\jasminewd2\index.js:95:18)
    at TaskQueue.execute_ (C:\Users\joeyi\AppData\Roaming\npm\node_modules\protractor\node_modules\selenium-webdriver\lib\promise.js:3084:14)
    at TaskQueue.executeNext_ (C:\Users\joeyi\AppData\Roaming\npm\node_modules\protractor\node_modules\selenium-webdriver\lib\promise.js:3067:27)
    at asyncRun (C:\Users\joeyi\AppData\Roaming\npm\node_modules\protractor\node_modules\selenium-webdriver\lib\promise.js:2974:25)
    at C:\Users\joeyi\AppData\Roaming\npm\node_modules\protractor\node_modules\selenium-webdriver\lib\promise.js:668:7]]>
   </failure>
  </testcase>
  <testcase classname="Testing associate list page further by changing search status." name="Select UNMAPPED: TRAINING" time="0.166" />
  <testcase classname="Testing associate list page further by changing search status." name="Verify UNMAPPED: TRAINING selection" time="0.032">
   <failure type="toEqual" message="Expected null to equal &apos;UNMAPPED: TRAINING&apos;."><![CDATA[Error: Failed expectation
    at UserContext.<anonymous> (C:\my_git_repos\trackforce\NGTrackForce\e2e\associate-list\associate-list-status.js:49:83)
    at C:\Users\joeyi\AppData\Roaming\npm\node_modules\protractor\node_modules\jasminewd2\index.js:112:25
    at new ManagedPromise (C:\Users\joeyi\AppData\Roaming\npm\node_modules\protractor\node_modules\selenium-webdriver\lib\promise.js:1077:7)
    at ControlFlow.promise (C:\Users\joeyi\AppData\Roaming\npm\node_modules\protractor\node_modules\selenium-webdriver\lib\promise.js:2505:12)
    at schedulerExecute (C:\Users\joeyi\AppData\Roaming\npm\node_modules\protractor\node_modules\jasminewd2\index.js:95:18)
    at TaskQueue.execute_ (C:\Users\joeyi\AppData\Roaming\npm\node_modules\protractor\node_modules\selenium-webdriver\lib\promise.js:3084:14)
    at TaskQueue.executeNext_ (C:\Users\joeyi\AppData\Roaming\npm\node_modules\protractor\node_modules\selenium-webdriver\lib\promise.js:3067:27)
    at asyncRun (C:\Users\joeyi\AppData\Roaming\npm\node_modules\protractor\node_modules\selenium-webdriver\lib\promise.js:2974:25)
    at C:\Users\joeyi\AppData\Roaming\npm\node_modules\protractor\node_modules\selenium-webdriver\lib\promise.js:668:7]]>
   </failure>
  </testcase>
  <testcase classname="Testing associate list page further by changing search status." name="Select UNMAPPED: OPEN" time="0.084" />
  <testcase classname="Testing associate list page further by changing search status." name="Verify UNMAPPED: OPEN selection" time="0.014">
   <failure type="toEqual" message="Expected null to equal &apos;UNMAPPED: OPEN&apos;."><![CDATA[Error: Failed expectation
    at UserContext.<anonymous> (C:\my_git_repos\trackforce\NGTrackForce\e2e\associate-list\associate-list-status.js:57:83)
    at C:\Users\joeyi\AppData\Roaming\npm\node_modules\protractor\node_modules\jasminewd2\index.js:112:25
    at new ManagedPromise (C:\Users\joeyi\AppData\Roaming\npm\node_modules\protractor\node_modules\selenium-webdriver\lib\promise.js:1077:7)
    at ControlFlow.promise (C:\Users\joeyi\AppData\Roaming\npm\node_modules\protractor\node_modules\selenium-webdriver\lib\promise.js:2505:12)
    at schedulerExecute (C:\Users\joeyi\AppData\Roaming\npm\node_modules\protractor\node_modules\jasminewd2\index.js:95:18)
    at TaskQueue.execute_ (C:\Users\joeyi\AppData\Roaming\npm\node_modules\protractor\node_modules\selenium-webdriver\lib\promise.js:3084:14)
    at TaskQueue.executeNext_ (C:\Users\joeyi\AppData\Roaming\npm\node_modules\protractor\node_modules\selenium-webdriver\lib\promise.js:3067:27)
    at asyncRun (C:\Users\joeyi\AppData\Roaming\npm\node_modules\protractor\node_modules\selenium-webdriver\lib\promise.js:2974:25)
    at C:\Users\joeyi\AppData\Roaming\npm\node_modules\protractor\node_modules\selenium-webdriver\lib\promise.js:668:7]]>
   </failure>
  </testcase>
  <testcase classname="Testing associate list page further by changing search status." name="Select UNMAPPED: SELECTED" time="0.047" />
  <testcase classname="Testing associate list page further by changing search status." name="Verify UNMAPPED: SELECTED selection" time="0.017">
   <failure type="toEqual" message="Expected null to equal &apos;UNMAPPED: SELECTED&apos;."><![CDATA[Error: Failed expectation
    at UserContext.<anonymous> (C:\my_git_repos\trackforce\NGTrackForce\e2e\associate-list\associate-list-status.js:65:83)
    at C:\Users\joeyi\AppData\Roaming\npm\node_modules\protractor\node_modules\jasminewd2\index.js:112:25
    at new ManagedPromise (C:\Users\joeyi\AppData\Roaming\npm\node_modules\protractor\node_modules\selenium-webdriver\lib\promise.js:1077:7)
    at ControlFlow.promise (C:\Users\joeyi\AppData\Roaming\npm\node_modules\protractor\node_modules\selenium-webdriver\lib\promise.js:2505:12)
    at schedulerExecute (C:\Users\joeyi\AppData\Roaming\npm\node_modules\protractor\node_modules\jasminewd2\index.js:95:18)
    at TaskQueue.execute_ (C:\Users\joeyi\AppData\Roaming\npm\node_modules\protractor\node_modules\selenium-webdriver\lib\promise.js:3084:14)
    at TaskQueue.executeNext_ (C:\Users\joeyi\AppData\Roaming\npm\node_modules\protractor\node_modules\selenium-webdriver\lib\promise.js:3067:27)
    at asyncRun (C:\Users\joeyi\AppData\Roaming\npm\node_modules\protractor\node_modules\selenium-webdriver\lib\promise.js:2974:25)
    at C:\Users\joeyi\AppData\Roaming\npm\node_modules\protractor\node_modules\selenium-webdriver\lib\promise.js:668:7]]>
   </failure>
  </testcase>
  <testcase classname="Testing associate list page further by changing search status." name="Select UNMAPPED: CONFIRMED" time="0.039" />
  <testcase classname="Testing associate list page further by changing search status." name="Verify UNMAPPED: CONFIRMED selection" time="0.016">
   <failure type="toEqual" message="Expected null to equal &apos;UNMAPPED: CONFIRMED&apos;."><![CDATA[Error: Failed expectation
    at UserContext.<anonymous> (C:\my_git_repos\trackforce\NGTrackForce\e2e\associate-list\associate-list-status.js:73:83)
    at C:\Users\joeyi\AppData\Roaming\npm\node_modules\protractor\node_modules\jasminewd2\index.js:112:25
    at new ManagedPromise (C:\Users\joeyi\AppData\Roaming\npm\node_modules\protractor\node_modules\selenium-webdriver\lib\promise.js:1077:7)
    at ControlFlow.promise (C:\Users\joeyi\AppData\Roaming\npm\node_modules\protractor\node_modules\selenium-webdriver\lib\promise.js:2505:12)
    at schedulerExecute (C:\Users\joeyi\AppData\Roaming\npm\node_modules\protractor\node_modules\jasminewd2\index.js:95:18)
    at TaskQueue.execute_ (C:\Users\joeyi\AppData\Roaming\npm\node_modules\protractor\node_modules\selenium-webdriver\lib\promise.js:3084:14)
    at TaskQueue.executeNext_ (C:\Users\joeyi\AppData\Roaming\npm\node_modules\protractor\node_modules\selenium-webdriver\lib\promise.js:3067:27)
    at asyncRun (C:\Users\joeyi\AppData\Roaming\npm\node_modules\protractor\node_modules\selenium-webdriver\lib\promise.js:2974:25)
    at C:\Users\joeyi\AppData\Roaming\npm\node_modules\protractor\node_modules\selenium-webdriver\lib\promise.js:668:7]]>
   </failure>
  </testcase>
  <testcase classname="Testing associate list page further by changing search status." name="Select UNMAPPED: DEPLOYED" time="0.056" />
  <testcase classname="Testing associate list page further by changing search status." name="Verify UNMAPPED: DEPLOYED selection" time="0.02">
   <failure type="toEqual" message="Expected null to equal &apos;UNMAPPED: DEPLOYED&apos;."><![CDATA[Error: Failed expectation
    at UserContext.<anonymous> (C:\my_git_repos\trackforce\NGTrackForce\e2e\associate-list\associate-list-status.js:81:83)
    at C:\Users\joeyi\AppData\Roaming\npm\node_modules\protractor\node_modules\jasminewd2\index.js:112:25
    at new ManagedPromise (C:\Users\joeyi\AppData\Roaming\npm\node_modules\protractor\node_modules\selenium-webdriver\lib\promise.js:1077:7)
    at ControlFlow.promise (C:\Users\joeyi\AppData\Roaming\npm\node_modules\protractor\node_modules\selenium-webdriver\lib\promise.js:2505:12)
    at schedulerExecute (C:\Users\joeyi\AppData\Roaming\npm\node_modules\protractor\node_modules\jasminewd2\index.js:95:18)
    at TaskQueue.execute_ (C:\Users\joeyi\AppData\Roaming\npm\node_modules\protractor\node_modules\selenium-webdriver\lib\promise.js:3084:14)
    at TaskQueue.executeNext_ (C:\Users\joeyi\AppData\Roaming\npm\node_modules\protractor\node_modules\selenium-webdriver\lib\promise.js:3067:27)
    at asyncRun (C:\Users\joeyi\AppData\Roaming\npm\node_modules\protractor\node_modules\selenium-webdriver\lib\promise.js:2974:25)
    at C:\Users\joeyi\AppData\Roaming\npm\node_modules\protractor\node_modules\selenium-webdriver\lib\promise.js:668:7]]>
   </failure>
  </testcase>
  <testcase classname="Testing associate list page further by changing search status." name="Select default" time="0.331" />
  <testcase classname="Testing associate list page further by changing search status." name="Verify default selection" time="0.051">
   <failure type="toEqual" message="Expected null to equal &apos;&apos;."><![CDATA[Error: Failed expectation
    at UserContext.<anonymous> (C:\my_git_repos\trackforce\NGTrackForce\e2e\associate-list\associate-list-status.js:89:83)
    at C:\Users\joeyi\AppData\Roaming\npm\node_modules\protractor\node_modules\jasminewd2\index.js:112:25
    at new ManagedPromise (C:\Users\joeyi\AppData\Roaming\npm\node_modules\protractor\node_modules\selenium-webdriver\lib\promise.js:1077:7)
    at ControlFlow.promise (C:\Users\joeyi\AppData\Roaming\npm\node_modules\protractor\node_modules\selenium-webdriver\lib\promise.js:2505:12)
    at schedulerExecute (C:\Users\joeyi\AppData\Roaming\npm\node_modules\protractor\node_modules\jasminewd2\index.js:95:18)
    at TaskQueue.execute_ (C:\Users\joeyi\AppData\Roaming\npm\node_modules\protractor\node_modules\selenium-webdriver\lib\promise.js:3084:14)
    at TaskQueue.executeNext_ (C:\Users\joeyi\AppData\Roaming\npm\node_modules\protractor\node_modules\selenium-webdriver\lib\promise.js:3067:27)
    at asyncRun (C:\Users\joeyi\AppData\Roaming\npm\node_modules\protractor\node_modules\selenium-webdriver\lib\promise.js:2974:25)
    at C:\Users\joeyi\AppData\Roaming\npm\node_modules\protractor\node_modules\selenium-webdriver\lib\promise.js:668:7]]>
   </failure>
  </testcase>
 </testsuite>
 <testsuite name="Testing associate list by curriculum" timestamp="2018-06-01T09:19:24" hostname="localhost" time="1.087" errors="0" tests="9" skipped="0" disabled="0" failures="9">
  <testcase classname="Testing associate list by curriculum" name="Should select Java option" time="0.156">
   <failure type="toEqual" message="Expected null to equal &apos;Java&apos;."><![CDATA[Error: Failed expectation
    at UserContext.<anonymous> (C:\my_git_repos\trackforce\NGTrackForce\e2e\associate-list\associate-list-curriculum.js:5:100)
    at C:\Users\joeyi\AppData\Roaming\npm\node_modules\protractor\node_modules\jasminewd2\index.js:112:25
    at new ManagedPromise (C:\Users\joeyi\AppData\Roaming\npm\node_modules\protractor\node_modules\selenium-webdriver\lib\promise.js:1077:7)
    at ControlFlow.promise (C:\Users\joeyi\AppData\Roaming\npm\node_modules\protractor\node_modules\selenium-webdriver\lib\promise.js:2505:12)
    at schedulerExecute (C:\Users\joeyi\AppData\Roaming\npm\node_modules\protractor\node_modules\jasminewd2\index.js:95:18)
    at TaskQueue.execute_ (C:\Users\joeyi\AppData\Roaming\npm\node_modules\protractor\node_modules\selenium-webdriver\lib\promise.js:3084:14)
    at TaskQueue.executeNext_ (C:\Users\joeyi\AppData\Roaming\npm\node_modules\protractor\node_modules\selenium-webdriver\lib\promise.js:3067:27)
    at asyncRun (C:\Users\joeyi\AppData\Roaming\npm\node_modules\protractor\node_modules\selenium-webdriver\lib\promise.js:2974:25)
    at C:\Users\joeyi\AppData\Roaming\npm\node_modules\protractor\node_modules\selenium-webdriver\lib\promise.js:668:7]]>
   </failure>
  </testcase>
  <testcase classname="Testing associate list by curriculum" name="Should select .Net option" time="0.146">
   <failure type="toEqual" message="Expected null to equal &apos;.Net&apos;."><![CDATA[Error: Failed expectation
    at UserContext.<anonymous> (C:\my_git_repos\trackforce\NGTrackForce\e2e\associate-list\associate-list-curriculum.js:11:100)
    at C:\Users\joeyi\AppData\Roaming\npm\node_modules\protractor\node_modules\jasminewd2\index.js:112:25
    at new ManagedPromise (C:\Users\joeyi\AppData\Roaming\npm\node_modules\protractor\node_modules\selenium-webdriver\lib\promise.js:1077:7)
    at ControlFlow.promise (C:\Users\joeyi\AppData\Roaming\npm\node_modules\protractor\node_modules\selenium-webdriver\lib\promise.js:2505:12)
    at schedulerExecute (C:\Users\joeyi\AppData\Roaming\npm\node_modules\protractor\node_modules\jasminewd2\index.js:95:18)
    at TaskQueue.execute_ (C:\Users\joeyi\AppData\Roaming\npm\node_modules\protractor\node_modules\selenium-webdriver\lib\promise.js:3084:14)
    at TaskQueue.executeNext_ (C:\Users\joeyi\AppData\Roaming\npm\node_modules\protractor\node_modules\selenium-webdriver\lib\promise.js:3067:27)
    at asyncRun (C:\Users\joeyi\AppData\Roaming\npm\node_modules\protractor\node_modules\selenium-webdriver\lib\promise.js:2974:25)
    at C:\Users\joeyi\AppData\Roaming\npm\node_modules\protractor\node_modules\selenium-webdriver\lib\promise.js:668:7]]>
   </failure>
  </testcase>
  <testcase classname="Testing associate list by curriculum" name="Should select SEED option" time="0.064">
   <failure type="toEqual" message="Expected null to equal &apos;SEED&apos;."><![CDATA[Error: Failed expectation
    at UserContext.<anonymous> (C:\my_git_repos\trackforce\NGTrackForce\e2e\associate-list\associate-list-curriculum.js:17:100)
    at C:\Users\joeyi\AppData\Roaming\npm\node_modules\protractor\node_modules\jasminewd2\index.js:112:25
    at new ManagedPromise (C:\Users\joeyi\AppData\Roaming\npm\node_modules\protractor\node_modules\selenium-webdriver\lib\promise.js:1077:7)
    at ControlFlow.promise (C:\Users\joeyi\AppData\Roaming\npm\node_modules\protractor\node_modules\selenium-webdriver\lib\promise.js:2505:12)
    at schedulerExecute (C:\Users\joeyi\AppData\Roaming\npm\node_modules\protractor\node_modules\jasminewd2\index.js:95:18)
    at TaskQueue.execute_ (C:\Users\joeyi\AppData\Roaming\npm\node_modules\protractor\node_modules\selenium-webdriver\lib\promise.js:3084:14)
    at TaskQueue.executeNext_ (C:\Users\joeyi\AppData\Roaming\npm\node_modules\protractor\node_modules\selenium-webdriver\lib\promise.js:3067:27)
    at asyncRun (C:\Users\joeyi\AppData\Roaming\npm\node_modules\protractor\node_modules\selenium-webdriver\lib\promise.js:2974:25)
    at C:\Users\joeyi\AppData\Roaming\npm\node_modules\protractor\node_modules\selenium-webdriver\lib\promise.js:668:7]]>
   </failure>
  </testcase>
  <testcase classname="Testing associate list by curriculum" name="Should select Salesfoce option" time="0.073">
   <failure type="toEqual" message="Expected null to equal &apos;Salesforce&apos;."><![CDATA[Error: Failed expectation
    at UserContext.<anonymous> (C:\my_git_repos\trackforce\NGTrackForce\e2e\associate-list\associate-list-curriculum.js:23:100)
    at C:\Users\joeyi\AppData\Roaming\npm\node_modules\protractor\node_modules\jasminewd2\index.js:112:25
    at new ManagedPromise (C:\Users\joeyi\AppData\Roaming\npm\node_modules\protractor\node_modules\selenium-webdriver\lib\promise.js:1077:7)
    at ControlFlow.promise (C:\Users\joeyi\AppData\Roaming\npm\node_modules\protractor\node_modules\selenium-webdriver\lib\promise.js:2505:12)
    at schedulerExecute (C:\Users\joeyi\AppData\Roaming\npm\node_modules\protractor\node_modules\jasminewd2\index.js:95:18)
    at TaskQueue.execute_ (C:\Users\joeyi\AppData\Roaming\npm\node_modules\protractor\node_modules\selenium-webdriver\lib\promise.js:3084:14)
    at TaskQueue.executeNext_ (C:\Users\joeyi\AppData\Roaming\npm\node_modules\protractor\node_modules\selenium-webdriver\lib\promise.js:3067:27)
    at asyncRun (C:\Users\joeyi\AppData\Roaming\npm\node_modules\protractor\node_modules\selenium-webdriver\lib\promise.js:2974:25)
    at C:\Users\joeyi\AppData\Roaming\npm\node_modules\protractor\node_modules\selenium-webdriver\lib\promise.js:668:7]]>
   </failure>
  </testcase>
  <testcase classname="Testing associate list by curriculum" name="Should select JTA option" time="0.066">
   <failure type="toEqual" message="Expected null to equal &apos;JTA&apos;."><![CDATA[Error: Failed expectation
    at UserContext.<anonymous> (C:\my_git_repos\trackforce\NGTrackForce\e2e\associate-list\associate-list-curriculum.js:29:100)
    at C:\Users\joeyi\AppData\Roaming\npm\node_modules\protractor\node_modules\jasminewd2\index.js:112:25
    at new ManagedPromise (C:\Users\joeyi\AppData\Roaming\npm\node_modules\protractor\node_modules\selenium-webdriver\lib\promise.js:1077:7)
    at ControlFlow.promise (C:\Users\joeyi\AppData\Roaming\npm\node_modules\protractor\node_modules\selenium-webdriver\lib\promise.js:2505:12)
    at schedulerExecute (C:\Users\joeyi\AppData\Roaming\npm\node_modules\protractor\node_modules\jasminewd2\index.js:95:18)
    at TaskQueue.execute_ (C:\Users\joeyi\AppData\Roaming\npm\node_modules\protractor\node_modules\selenium-webdriver\lib\promise.js:3084:14)
    at TaskQueue.executeNext_ (C:\Users\joeyi\AppData\Roaming\npm\node_modules\protractor\node_modules\selenium-webdriver\lib\promise.js:3067:27)
    at asyncRun (C:\Users\joeyi\AppData\Roaming\npm\node_modules\protractor\node_modules\selenium-webdriver\lib\promise.js:2974:25)
    at C:\Users\joeyi\AppData\Roaming\npm\node_modules\protractor\node_modules\selenium-webdriver\lib\promise.js:668:7]]>
   </failure>
  </testcase>
  <testcase classname="Testing associate list by curriculum" name="Should select None option" time="0.108">
   <failure type="toEqual" message="Expected null to equal &apos;None&apos;."><![CDATA[Error: Failed expectation
    at UserContext.<anonymous> (C:\my_git_repos\trackforce\NGTrackForce\e2e\associate-list\associate-list-curriculum.js:35:100)
    at C:\Users\joeyi\AppData\Roaming\npm\node_modules\protractor\node_modules\jasminewd2\index.js:112:25
    at new ManagedPromise (C:\Users\joeyi\AppData\Roaming\npm\node_modules\protractor\node_modules\selenium-webdriver\lib\promise.js:1077:7)
    at ControlFlow.promise (C:\Users\joeyi\AppData\Roaming\npm\node_modules\protractor\node_modules\selenium-webdriver\lib\promise.js:2505:12)
    at schedulerExecute (C:\Users\joeyi\AppData\Roaming\npm\node_modules\protractor\node_modules\jasminewd2\index.js:95:18)
    at TaskQueue.execute_ (C:\Users\joeyi\AppData\Roaming\npm\node_modules\protractor\node_modules\selenium-webdriver\lib\promise.js:3084:14)
    at TaskQueue.executeNext_ (C:\Users\joeyi\AppData\Roaming\npm\node_modules\protractor\node_modules\selenium-webdriver\lib\promise.js:3067:27)
    at asyncRun (C:\Users\joeyi\AppData\Roaming\npm\node_modules\protractor\node_modules\selenium-webdriver\lib\promise.js:2974:25)
    at C:\Users\joeyi\AppData\Roaming\npm\node_modules\protractor\node_modules\selenium-webdriver\lib\promise.js:668:7]]>
   </failure>
  </testcase>
  <testcase classname="Testing associate list by curriculum" name="Should select DynamicCRM option" time="0.085">
   <failure type="toEqual" message="Expected null to equal &apos;DynamicCRM&apos;."><![CDATA[Error: Failed expectation
    at UserContext.<anonymous> (C:\my_git_repos\trackforce\NGTrackForce\e2e\associate-list\associate-list-curriculum.js:41:100)
    at C:\Users\joeyi\AppData\Roaming\npm\node_modules\protractor\node_modules\jasminewd2\index.js:112:25
    at new ManagedPromise (C:\Users\joeyi\AppData\Roaming\npm\node_modules\protractor\node_modules\selenium-webdriver\lib\promise.js:1077:7)
    at ControlFlow.promise (C:\Users\joeyi\AppData\Roaming\npm\node_modules\protractor\node_modules\selenium-webdriver\lib\promise.js:2505:12)
    at schedulerExecute (C:\Users\joeyi\AppData\Roaming\npm\node_modules\protractor\node_modules\jasminewd2\index.js:95:18)
    at TaskQueue.execute_ (C:\Users\joeyi\AppData\Roaming\npm\node_modules\protractor\node_modules\selenium-webdriver\lib\promise.js:3084:14)
    at TaskQueue.executeNext_ (C:\Users\joeyi\AppData\Roaming\npm\node_modules\protractor\node_modules\selenium-webdriver\lib\promise.js:3067:27)
    at asyncRun (C:\Users\joeyi\AppData\Roaming\npm\node_modules\protractor\node_modules\selenium-webdriver\lib\promise.js:2974:25)
    at C:\Users\joeyi\AppData\Roaming\npm\node_modules\protractor\node_modules\selenium-webdriver\lib\promise.js:668:7]]>
   </failure>
  </testcase>
  <testcase classname="Testing associate list by curriculum" name="Should select PEGA option" time="0.065">
   <failure type="toEqual" message="Expected null to equal &apos;PEGA&apos;."><![CDATA[Error: Failed expectation
    at UserContext.<anonymous> (C:\my_git_repos\trackforce\NGTrackForce\e2e\associate-list\associate-list-curriculum.js:47:100)
    at C:\Users\joeyi\AppData\Roaming\npm\node_modules\protractor\node_modules\jasminewd2\index.js:112:25
    at new ManagedPromise (C:\Users\joeyi\AppData\Roaming\npm\node_modules\protractor\node_modules\selenium-webdriver\lib\promise.js:1077:7)
    at ControlFlow.promise (C:\Users\joeyi\AppData\Roaming\npm\node_modules\protractor\node_modules\selenium-webdriver\lib\promise.js:2505:12)
    at schedulerExecute (C:\Users\joeyi\AppData\Roaming\npm\node_modules\protractor\node_modules\jasminewd2\index.js:95:18)
    at TaskQueue.execute_ (C:\Users\joeyi\AppData\Roaming\npm\node_modules\protractor\node_modules\selenium-webdriver\lib\promise.js:3084:14)
    at TaskQueue.executeNext_ (C:\Users\joeyi\AppData\Roaming\npm\node_modules\protractor\node_modules\selenium-webdriver\lib\promise.js:3067:27)
    at asyncRun (C:\Users\joeyi\AppData\Roaming\npm\node_modules\protractor\node_modules\selenium-webdriver\lib\promise.js:2974:25)
    at C:\Users\joeyi\AppData\Roaming\npm\node_modules\protractor\node_modules\selenium-webdriver\lib\promise.js:668:7]]>
   </failure>
  </testcase>
  <testcase classname="Testing associate list by curriculum" name="Should select default option" time="0.324">
   <failure type="toEqual" message="Expected null to equal &apos;&apos;."><![CDATA[Error: Failed expectation
    at UserContext.<anonymous> (C:\my_git_repos\trackforce\NGTrackForce\e2e\associate-list\associate-list-curriculum.js:53:100)
    at C:\Users\joeyi\AppData\Roaming\npm\node_modules\protractor\node_modules\jasminewd2\index.js:112:25
    at new ManagedPromise (C:\Users\joeyi\AppData\Roaming\npm\node_modules\protractor\node_modules\selenium-webdriver\lib\promise.js:1077:7)
    at ControlFlow.promise (C:\Users\joeyi\AppData\Roaming\npm\node_modules\protractor\node_modules\selenium-webdriver\lib\promise.js:2505:12)
    at schedulerExecute (C:\Users\joeyi\AppData\Roaming\npm\node_modules\protractor\node_modules\jasminewd2\index.js:95:18)
    at TaskQueue.execute_ (C:\Users\joeyi\AppData\Roaming\npm\node_modules\protractor\node_modules\selenium-webdriver\lib\promise.js:3084:14)
    at TaskQueue.executeNext_ (C:\Users\joeyi\AppData\Roaming\npm\node_modules\protractor\node_modules\selenium-webdriver\lib\promise.js:3067:27)
    at asyncRun (C:\Users\joeyi\AppData\Roaming\npm\node_modules\protractor\node_modules\selenium-webdriver\lib\promise.js:2974:25)
    at C:\Users\joeyi\AppData\Roaming\npm\node_modules\protractor\node_modules\selenium-webdriver\lib\promise.js:668:7]]>
   </failure>
  </testcase>
 </testsuite>
 <testsuite name="Testing associate list via Client Search" timestamp="2018-06-01T09:19:25" hostname="localhost" time="1.203" errors="0" tests="6" skipped="0" disabled="0" failures="4">
  <testcase classname="Testing associate list via Client Search" name="Should select None" time="0.117">
   <failure type="toEqual" message="Expected null to equal &apos;None&apos;."><![CDATA[Error: Failed expectation
    at UserContext.<anonymous> (C:\my_git_repos\trackforce\NGTrackForce\e2e\associate-list\associate-list-client.js:4:96)
    at C:\Users\joeyi\AppData\Roaming\npm\node_modules\protractor\node_modules\jasminewd2\index.js:112:25
    at new ManagedPromise (C:\Users\joeyi\AppData\Roaming\npm\node_modules\protractor\node_modules\selenium-webdriver\lib\promise.js:1077:7)
    at ControlFlow.promise (C:\Users\joeyi\AppData\Roaming\npm\node_modules\protractor\node_modules\selenium-webdriver\lib\promise.js:2505:12)
    at schedulerExecute (C:\Users\joeyi\AppData\Roaming\npm\node_modules\protractor\node_modules\jasminewd2\index.js:95:18)
    at TaskQueue.execute_ (C:\Users\joeyi\AppData\Roaming\npm\node_modules\protractor\node_modules\selenium-webdriver\lib\promise.js:3084:14)
    at TaskQueue.executeNext_ (C:\Users\joeyi\AppData\Roaming\npm\node_modules\protractor\node_modules\selenium-webdriver\lib\promise.js:3067:27)
    at asyncRun (C:\Users\joeyi\AppData\Roaming\npm\node_modules\protractor\node_modules\selenium-webdriver\lib\promise.js:2974:25)
    at C:\Users\joeyi\AppData\Roaming\npm\node_modules\protractor\node_modules\selenium-webdriver\lib\promise.js:668:7]]>
   </failure>
  </testcase>
  <testcase classname="Testing associate list via Client Search" name="Should select 22nd Century Technologies" time="0.106">
   <failure type="toEqual" message="Expected null to equal &apos;22nd Century Technologies&apos;."><![CDATA[Error: Failed expectation
    at UserContext.<anonymous> (C:\my_git_repos\trackforce\NGTrackForce\e2e\associate-list\associate-list-client.js:9:96)
    at C:\Users\joeyi\AppData\Roaming\npm\node_modules\protractor\node_modules\jasminewd2\index.js:112:25
    at new ManagedPromise (C:\Users\joeyi\AppData\Roaming\npm\node_modules\protractor\node_modules\selenium-webdriver\lib\promise.js:1077:7)
    at ControlFlow.promise (C:\Users\joeyi\AppData\Roaming\npm\node_modules\protractor\node_modules\selenium-webdriver\lib\promise.js:2505:12)
    at schedulerExecute (C:\Users\joeyi\AppData\Roaming\npm\node_modules\protractor\node_modules\jasminewd2\index.js:95:18)
    at TaskQueue.execute_ (C:\Users\joeyi\AppData\Roaming\npm\node_modules\protractor\node_modules\selenium-webdriver\lib\promise.js:3084:14)
    at TaskQueue.executeNext_ (C:\Users\joeyi\AppData\Roaming\npm\node_modules\protractor\node_modules\selenium-webdriver\lib\promise.js:3067:27)
    at asyncRun (C:\Users\joeyi\AppData\Roaming\npm\node_modules\protractor\node_modules\selenium-webdriver\lib\promise.js:2974:25)
    at C:\Users\joeyi\AppData\Roaming\npm\node_modules\protractor\node_modules\selenium-webdriver\lib\promise.js:668:7]]>
   </failure>
  </testcase>
  <testcase classname="Testing associate list via Client Search" name="Should select 3 Edge USA Group, LLC" time="0.056">
   <failure type="toEqual" message="Expected null to equal &apos;3 Edge USA Group, LLC&apos;."><![CDATA[Error: Failed expectation
    at UserContext.<anonymous> (C:\my_git_repos\trackforce\NGTrackForce\e2e\associate-list\associate-list-client.js:14:96)
    at C:\Users\joeyi\AppData\Roaming\npm\node_modules\protractor\node_modules\jasminewd2\index.js:112:25
    at new ManagedPromise (C:\Users\joeyi\AppData\Roaming\npm\node_modules\protractor\node_modules\selenium-webdriver\lib\promise.js:1077:7)
    at ControlFlow.promise (C:\Users\joeyi\AppData\Roaming\npm\node_modules\protractor\node_modules\selenium-webdriver\lib\promise.js:2505:12)
    at schedulerExecute (C:\Users\joeyi\AppData\Roaming\npm\node_modules\protractor\node_modules\jasminewd2\index.js:95:18)
    at TaskQueue.execute_ (C:\Users\joeyi\AppData\Roaming\npm\node_modules\protractor\node_modules\selenium-webdriver\lib\promise.js:3084:14)
    at TaskQueue.executeNext_ (C:\Users\joeyi\AppData\Roaming\npm\node_modules\protractor\node_modules\selenium-webdriver\lib\promise.js:3067:27)
    at asyncRun (C:\Users\joeyi\AppData\Roaming\npm\node_modules\protractor\node_modules\selenium-webdriver\lib\promise.js:2974:25)
    at C:\Users\joeyi\AppData\Roaming\npm\node_modules\protractor\node_modules\selenium-webdriver\lib\promise.js:668:7]]>
   </failure>
  </testcase>
  <testcase classname="Testing associate list via Client Search" name="Should select 3 S Business Corporation Inc (, LLC" time="0.055">
   <failure type="toEqual" message="Expected null to equal &apos;3 S Business Corporation Inc (&apos;."><![CDATA[Error: Failed expectation
    at UserContext.<anonymous> (C:\my_git_repos\trackforce\NGTrackForce\e2e\associate-list\associate-list-client.js:19:96)
    at C:\Users\joeyi\AppData\Roaming\npm\node_modules\protractor\node_modules\jasminewd2\index.js:112:25
    at new ManagedPromise (C:\Users\joeyi\AppData\Roaming\npm\node_modules\protractor\node_modules\selenium-webdriver\lib\promise.js:1077:7)
    at ControlFlow.promise (C:\Users\joeyi\AppData\Roaming\npm\node_modules\protractor\node_modules\selenium-webdriver\lib\promise.js:2505:12)
    at schedulerExecute (C:\Users\joeyi\AppData\Roaming\npm\node_modules\protractor\node_modules\jasminewd2\index.js:95:18)
    at TaskQueue.execute_ (C:\Users\joeyi\AppData\Roaming\npm\node_modules\protractor\node_modules\selenium-webdriver\lib\promise.js:3084:14)
    at TaskQueue.executeNext_ (C:\Users\joeyi\AppData\Roaming\npm\node_modules\protractor\node_modules\selenium-webdriver\lib\promise.js:3067:27)
    at asyncRun (C:\Users\joeyi\AppData\Roaming\npm\node_modules\protractor\node_modules\selenium-webdriver\lib\promise.js:2974:25)
    at C:\Users\joeyi\AppData\Roaming\npm\node_modules\protractor\node_modules\selenium-webdriver\lib\promise.js:668:7]]>
   </failure>
  </testcase>
  <testcase classname="Testing associate list via Client Search" name="Should select the rest" time="0.695" />
  <testcase classname="Testing associate list via Client Search" name="should log out" time="0.173" />
 </testsuite>
 <testsuite name="Batch List Tab Protractor Test (Open site from cmd): Go to site, login, click batch list tab" timestamp="2018-06-01T09:19:26" hostname="localhost" time="0.021" errors="0" tests="1" skipped="0" disabled="0" failures="0">
  <testcase classname="Batch List Tab Protractor Test (Open site from cmd): Go to site, login, click batch list tab" name="Should go to login page" time="0.021" />
 </testsuite>
 <testsuite name="Batch List Tab Protractor Test (Login)" timestamp="2018-06-01T09:19:26" hostname="localhost" time="0.174" errors="0" tests="1" skipped="0" disabled="0" failures="0">
  <testcase classname="Batch List Tab Protractor Test (Login)" name="Should login" time="0.174" />
 </testsuite>
 <testsuite name="Batch List Tab Protractor Test (Click Batch List Tab)" timestamp="2018-06-01T09:19:26" hostname="localhost" time="6.166" errors="0" tests="2" skipped="0" disabled="0" failures="0">
  <testcase classname="Batch List Tab Protractor Test (Click Batch List Tab)" name="Should be able to switch to Batch List Tab" time="6.083" />
  <testcase classname="Batch List Tab Protractor Test (Click Batch List Tab)" name="should log out" time="0.083" />
 </testsuite>
 <testsuite name="Open the browser and get to the website" timestamp="2018-06-01T09:19:33" hostname="localhost" time="0" errors="0" tests="0" skipped="0" disabled="0" failures="0">
 </testsuite>
 <testsuite name="Log into the website for associate list" timestamp="2018-06-01T09:19:33" hostname="localhost" time="0.172" errors="0" tests="1" skipped="0" disabled="0" failures="0">
  <testcase classname="Log into the website for associate list" name="should be able to log in" time="0.172" />
 </testsuite>
 <testsuite name="Head over to the My interviews page and do something" timestamp="2018-06-01T09:19:33" hostname="localhost" time="100.678" errors="0" tests="7" skipped="0" disabled="0" failures="5">
  <testcase classname="Head over to the My interviews page and do something" name="should click the Myvinterviews button" time="0.239" />
  <testcase classname="Head over to the My interviews page and do something" name="should toggle the create new form button" time="0.046" />
  <testcase classname="Head over to the My interviews page and do something" name="should select first client in list and verify" time="0.077">
   <failure type="toEqual" message="Expected null to equal &apos;None&apos;."><![CDATA[Error: Failed expectation
    at UserContext.<anonymous> (C:\my_git_repos\trackforce\NGTrackForce\e2e\test-associate\homepage-spec.js:32:157)
    at C:\Users\joeyi\AppData\Roaming\npm\node_modules\protractor\node_modules\jasminewd2\index.js:112:25
    at new ManagedPromise (C:\Users\joeyi\AppData\Roaming\npm\node_modules\protractor\node_modules\selenium-webdriver\lib\promise.js:1077:7)
    at ControlFlow.promise (C:\Users\joeyi\AppData\Roaming\npm\node_modules\protractor\node_modules\selenium-webdriver\lib\promise.js:2505:12)
    at schedulerExecute (C:\Users\joeyi\AppData\Roaming\npm\node_modules\protractor\node_modules\jasminewd2\index.js:95:18)
    at TaskQueue.execute_ (C:\Users\joeyi\AppData\Roaming\npm\node_modules\protractor\node_modules\selenium-webdriver\lib\promise.js:3084:14)
    at TaskQueue.executeNext_ (C:\Users\joeyi\AppData\Roaming\npm\node_modules\protractor\node_modules\selenium-webdriver\lib\promise.js:3067:27)
    at asyncRun (C:\Users\joeyi\AppData\Roaming\npm\node_modules\protractor\node_modules\selenium-webdriver\lib\promise.js:2974:25)
    at C:\Users\joeyi\AppData\Roaming\npm\node_modules\protractor\node_modules\selenium-webdriver\lib\promise.js:668:7]]>
   </failure>
  </testcase>
  <testcase classname="Head over to the My interviews page and do something" name="should select interview type, phone,  and verify" time="50.084">
   <failure type="exception" message="Error: Timeout - Async callback was not invoked within timeout specified by jasmine.DEFAULT_TIMEOUT_INTERVAL."><![CDATA[Error: Timeout - Async callback was not invoked within timeout specified by jasmine.DEFAULT_TIMEOUT_INTERVAL.
    at Timeout._onTimeout (C:\Users\joeyi\AppData\Roaming\npm\node_modules\protractor\node_modules\jasmine-core\lib\jasmine-core\jasmine.js:4281:23)
    at ontimeout (timers.js:482:11)
    at tryOnTimeout (timers.js:317:5)
    at Timer.listOnTimeout (timers.js:277:5)]]>
   </failure>
   <failure type="exception" message="Failed: no such element: Unable to locate element: {&quot;method&quot;:&quot;xpath&quot;,&quot;selector&quot;:&quot;/html/body/app/app-myinterview-view/div/div/div/div/div/form/div[3]/div/select/option[1]&quot;}
  (Session info: chrome=66.0.3359.181)
  (Driver info: chromedriver=2.38.552522 (437e6fbedfa8762dec75e2c5b3ddb86763dc9dcb),platform=Windows NT 10.0.17134 x86_64)"><![CDATA[NoSuchElementError: no such element: Unable to locate element: {"method":"xpath","selector":"/html/body/app/app-myinterview-view/div/div/div/div/div/form/div[3]/div/select/option[1]"}
  (Session info: chrome=66.0.3359.181)
  (Driver info: chromedriver=2.38.552522 (437e6fbedfa8762dec75e2c5b3ddb86763dc9dcb),platform=Windows NT 10.0.17134 x86_64)
    at Object.checkLegacyResponse (C:\Users\joeyi\AppData\Roaming\npm\node_modules\protractor\node_modules\selenium-webdriver\lib\error.js:546:15)
    at parseHttpResponse (C:\Users\joeyi\AppData\Roaming\npm\node_modules\protractor\node_modules\selenium-webdriver\lib\http.js:509:13)
    at doSend.then.response (C:\Users\joeyi\AppData\Roaming\npm\node_modules\protractor\node_modules\selenium-webdriver\lib\http.js:441:30)
    at <anonymous>
    at process._tickCallback (internal/process/next_tick.js:188:7)
From: Task: WebDriver.findElement(By(xpath, /html/body/app/app-myinterview-view/div/div/div/div/div/form/div[3]/div/select/option[1]))
    at Driver.schedule (C:\Users\joeyi\AppData\Roaming\npm\node_modules\protractor\node_modules\selenium-webdriver\lib\webdriver.js:807:17)
    at Driver.findElement (C:\Users\joeyi\AppData\Roaming\npm\node_modules\protractor\node_modules\selenium-webdriver\lib\webdriver.js:1014:17)
    at UserContext.<anonymous> (C:\my_git_repos\trackforce\NGTrackForce\e2e\test-associate\homepage-spec.js:36:12)
    at C:\Users\joeyi\AppData\Roaming\npm\node_modules\protractor\node_modules\jasminewd2\index.js:112:25
    at new ManagedPromise (C:\Users\joeyi\AppData\Roaming\npm\node_modules\protractor\node_modules\selenium-webdriver\lib\promise.js:1077:7)
    at ControlFlow.promise (C:\Users\joeyi\AppData\Roaming\npm\node_modules\protractor\node_modules\selenium-webdriver\lib\promise.js:2505:12)
    at schedulerExecute (C:\Users\joeyi\AppData\Roaming\npm\node_modules\protractor\node_modules\jasminewd2\index.js:95:18)
    at TaskQueue.execute_ (C:\Users\joeyi\AppData\Roaming\npm\node_modules\protractor\node_modules\selenium-webdriver\lib\promise.js:3084:14)
    at TaskQueue.executeNext_ (C:\Users\joeyi\AppData\Roaming\npm\node_modules\protractor\node_modules\selenium-webdriver\lib\promise.js:3067:27)
    at asyncRun (C:\Users\joeyi\AppData\Roaming\npm\node_modules\protractor\node_modules\selenium-webdriver\lib\promise.js:2974:25)
From: Task: WebElement.click()
    at Driver.schedule (C:\Users\joeyi\AppData\Roaming\npm\node_modules\protractor\node_modules\selenium-webdriver\lib\webdriver.js:807:17)
    at WebElementPromise.schedule_ (C:\Users\joeyi\AppData\Roaming\npm\node_modules\protractor\node_modules\selenium-webdriver\lib\webdriver.js:2010:25)
    at WebElementPromise.click (C:\Users\joeyi\AppData\Roaming\npm\node_modules\protractor\node_modules\selenium-webdriver\lib\webdriver.js:2092:17)
    at UserContext.<anonymous> (C:\my_git_repos\trackforce\NGTrackForce\e2e\test-associate\homepage-spec.js:36:126)
    at C:\Users\joeyi\AppData\Roaming\npm\node_modules\protractor\node_modules\jasminewd2\index.js:112:25
    at new ManagedPromise (C:\Users\joeyi\AppData\Roaming\npm\node_modules\protractor\node_modules\selenium-webdriver\lib\promise.js:1077:7)
    at ControlFlow.promise (C:\Users\joeyi\AppData\Roaming\npm\node_modules\protractor\node_modules\selenium-webdriver\lib\promise.js:2505:12)
    at schedulerExecute (C:\Users\joeyi\AppData\Roaming\npm\node_modules\protractor\node_modules\jasminewd2\index.js:95:18)
    at TaskQueue.execute_ (C:\Users\joeyi\AppData\Roaming\npm\node_modules\protractor\node_modules\selenium-webdriver\lib\promise.js:3084:14)
    at TaskQueue.executeNext_ (C:\Users\joeyi\AppData\Roaming\npm\node_modules\protractor\node_modules\selenium-webdriver\lib\promise.js:3067:27)
From: Task: Run it("should select interview type, phone,  and verify") in control flow
    at UserContext.<anonymous> (C:\Users\joeyi\AppData\Roaming\npm\node_modules\protractor\node_modules\jasminewd2\index.js:94:19)
    at attempt (C:\Users\joeyi\AppData\Roaming\npm\node_modules\protractor\node_modules\jasmine-core\lib\jasmine-core\jasmine.js:4297:26)
    at QueueRunner.run (C:\Users\joeyi\AppData\Roaming\npm\node_modules\protractor\node_modules\jasmine-core\lib\jasmine-core\jasmine.js:4217:20)
    at QueueRunner.execute (C:\Users\joeyi\AppData\Roaming\npm\node_modules\protractor\node_modules\jasmine-core\lib\jasmine-core\jasmine.js:4199:10)
    at Spec.queueRunnerFactory (C:\Users\joeyi\AppData\Roaming\npm\node_modules\protractor\node_modules\jasmine-core\lib\jasmine-core\jasmine.js:909:35)
    at Spec.execute (C:\Users\joeyi\AppData\Roaming\npm\node_modules\protractor\node_modules\jasmine-core\lib\jasmine-core\jasmine.js:526:10)
    at UserContext.fn (C:\Users\joeyi\AppData\Roaming\npm\node_modules\protractor\node_modules\jasmine-core\lib\jasmine-core\jasmine.js:5340:37)
    at attempt (C:\Users\joeyi\AppData\Roaming\npm\node_modules\protractor\node_modules\jasmine-core\lib\jasmine-core\jasmine.js:4297:26)
    at QueueRunner.run (C:\Users\joeyi\AppData\Roaming\npm\node_modules\protractor\node_modules\jasmine-core\lib\jasmine-core\jasmine.js:4217:20)
    at runNext (C:\Users\joeyi\AppData\Roaming\npm\node_modules\protractor\node_modules\jasmine-core\lib\jasmine-core\jasmine.js:4257:20)
From asynchronous test: 
Error
    at Suite.<anonymous> (C:\my_git_repos\trackforce\NGTrackForce\e2e\test-associate\homepage-spec.js:35:5)
    at addSpecsToSuite (C:\Users\joeyi\AppData\Roaming\npm\node_modules\protractor\node_modules\jasmine-core\lib\jasmine-core\jasmine.js:1107:25)
    at Env.describe (C:\Users\joeyi\AppData\Roaming\npm\node_modules\protractor\node_modules\jasmine-core\lib\jasmine-core\jasmine.js:1074:7)
    at describe (C:\Users\joeyi\AppData\Roaming\npm\node_modules\protractor\node_modules\jasmine-core\lib\jasmine-core\jasmine.js:4399:18)
    at Object.<anonymous> (C:\my_git_repos\trackforce\NGTrackForce\e2e\test-associate\homepage-spec.js:19:1)
    at Module._compile (module.js:652:30)
    at Object.Module._extensions..js (module.js:663:10)
    at Module.load (module.js:565:32)
    at tryModuleLoad (module.js:505:12)]]>
   </failure>
  </testcase>
  <testcase classname="Head over to the My interviews page and do something" name="should enter something in feedback" time="50.083">
   <failure type="exception" message="Error: Timeout - Async callback was not invoked within timeout specified by jasmine.DEFAULT_TIMEOUT_INTERVAL."><![CDATA[Error: Timeout - Async callback was not invoked within timeout specified by jasmine.DEFAULT_TIMEOUT_INTERVAL.
    at Timeout._onTimeout (C:\Users\joeyi\AppData\Roaming\npm\node_modules\protractor\node_modules\jasmine-core\lib\jasmine-core\jasmine.js:4281:23)
    at ontimeout (timers.js:482:11)
    at tryOnTimeout (timers.js:317:5)
    at Timer.listOnTimeout (timers.js:277:5)]]>
   </failure>
   <failure type="exception" message="Failed: no such element: Unable to locate element: {&quot;method&quot;:&quot;xpath&quot;,&quot;selector&quot;:&quot;/html/body/app/app-myinterview-view/div/div/div/div/div/form/div[4]/div/textarea&quot;}
  (Session info: chrome=66.0.3359.181)
  (Driver info: chromedriver=2.38.552522 (437e6fbedfa8762dec75e2c5b3ddb86763dc9dcb),platform=Windows NT 10.0.17134 x86_64)"><![CDATA[NoSuchElementError: no such element: Unable to locate element: {"method":"xpath","selector":"/html/body/app/app-myinterview-view/div/div/div/div/div/form/div[4]/div/textarea"}
  (Session info: chrome=66.0.3359.181)
  (Driver info: chromedriver=2.38.552522 (437e6fbedfa8762dec75e2c5b3ddb86763dc9dcb),platform=Windows NT 10.0.17134 x86_64)
    at Object.checkLegacyResponse (C:\Users\joeyi\AppData\Roaming\npm\node_modules\protractor\node_modules\selenium-webdriver\lib\error.js:546:15)
    at parseHttpResponse (C:\Users\joeyi\AppData\Roaming\npm\node_modules\protractor\node_modules\selenium-webdriver\lib\http.js:509:13)
    at doSend.then.response (C:\Users\joeyi\AppData\Roaming\npm\node_modules\protractor\node_modules\selenium-webdriver\lib\http.js:441:30)
    at <anonymous>
    at process._tickCallback (internal/process/next_tick.js:188:7)
From: Task: WebDriver.findElement(By(xpath, /html/body/app/app-myinterview-view/div/div/div/div/div/form/div[4]/div/textarea))
    at Driver.schedule (C:\Users\joeyi\AppData\Roaming\npm\node_modules\protractor\node_modules\selenium-webdriver\lib\webdriver.js:807:17)
    at Driver.findElement (C:\Users\joeyi\AppData\Roaming\npm\node_modules\protractor\node_modules\selenium-webdriver\lib\webdriver.js:1014:17)
    at UserContext.<anonymous> (C:\my_git_repos\trackforce\NGTrackForce\e2e\test-associate\homepage-spec.js:42:12)
    at C:\Users\joeyi\AppData\Roaming\npm\node_modules\protractor\node_modules\jasminewd2\index.js:112:25
    at new ManagedPromise (C:\Users\joeyi\AppData\Roaming\npm\node_modules\protractor\node_modules\selenium-webdriver\lib\promise.js:1077:7)
    at ControlFlow.promise (C:\Users\joeyi\AppData\Roaming\npm\node_modules\protractor\node_modules\selenium-webdriver\lib\promise.js:2505:12)
    at schedulerExecute (C:\Users\joeyi\AppData\Roaming\npm\node_modules\protractor\node_modules\jasminewd2\index.js:95:18)
    at TaskQueue.execute_ (C:\Users\joeyi\AppData\Roaming\npm\node_modules\protractor\node_modules\selenium-webdriver\lib\promise.js:3084:14)
    at TaskQueue.executeNext_ (C:\Users\joeyi\AppData\Roaming\npm\node_modules\protractor\node_modules\selenium-webdriver\lib\promise.js:3067:27)
    at asyncRun (C:\Users\joeyi\AppData\Roaming\npm\node_modules\protractor\node_modules\selenium-webdriver\lib\promise.js:2974:25)
From: Task: WebElement.sendKeys()
    at Driver.schedule (C:\Users\joeyi\AppData\Roaming\npm\node_modules\protractor\node_modules\selenium-webdriver\lib\webdriver.js:807:17)
    at WebElementPromise.schedule_ (C:\Users\joeyi\AppData\Roaming\npm\node_modules\protractor\node_modules\selenium-webdriver\lib\webdriver.js:2010:25)
    at WebElementPromise.sendKeys (C:\Users\joeyi\AppData\Roaming\npm\node_modules\protractor\node_modules\selenium-webdriver\lib\webdriver.js:2174:19)
    at UserContext.<anonymous> (C:\my_git_repos\trackforce\NGTrackForce\e2e\test-associate\homepage-spec.js:42:118)
    at C:\Users\joeyi\AppData\Roaming\npm\node_modules\protractor\node_modules\jasminewd2\index.js:112:25
    at new ManagedPromise (C:\Users\joeyi\AppData\Roaming\npm\node_modules\protractor\node_modules\selenium-webdriver\lib\promise.js:1077:7)
    at ControlFlow.promise (C:\Users\joeyi\AppData\Roaming\npm\node_modules\protractor\node_modules\selenium-webdriver\lib\promise.js:2505:12)
    at schedulerExecute (C:\Users\joeyi\AppData\Roaming\npm\node_modules\protractor\node_modules\jasminewd2\index.js:95:18)
    at TaskQueue.execute_ (C:\Users\joeyi\AppData\Roaming\npm\node_modules\protractor\node_modules\selenium-webdriver\lib\promise.js:3084:14)
    at TaskQueue.executeNext_ (C:\Users\joeyi\AppData\Roaming\npm\node_modules\protractor\node_modules\selenium-webdriver\lib\promise.js:3067:27)
From: Task: Run it("should enter something in feedback") in control flow
    at UserContext.<anonymous> (C:\Users\joeyi\AppData\Roaming\npm\node_modules\protractor\node_modules\jasminewd2\index.js:94:19)
    at attempt (C:\Users\joeyi\AppData\Roaming\npm\node_modules\protractor\node_modules\jasmine-core\lib\jasmine-core\jasmine.js:4297:26)
    at QueueRunner.run (C:\Users\joeyi\AppData\Roaming\npm\node_modules\protractor\node_modules\jasmine-core\lib\jasmine-core\jasmine.js:4217:20)
    at QueueRunner.execute (C:\Users\joeyi\AppData\Roaming\npm\node_modules\protractor\node_modules\jasmine-core\lib\jasmine-core\jasmine.js:4199:10)
    at Spec.queueRunnerFactory (C:\Users\joeyi\AppData\Roaming\npm\node_modules\protractor\node_modules\jasmine-core\lib\jasmine-core\jasmine.js:909:35)
    at Spec.execute (C:\Users\joeyi\AppData\Roaming\npm\node_modules\protractor\node_modules\jasmine-core\lib\jasmine-core\jasmine.js:526:10)
    at UserContext.fn (C:\Users\joeyi\AppData\Roaming\npm\node_modules\protractor\node_modules\jasmine-core\lib\jasmine-core\jasmine.js:5340:37)
    at attempt (C:\Users\joeyi\AppData\Roaming\npm\node_modules\protractor\node_modules\jasmine-core\lib\jasmine-core\jasmine.js:4297:26)
    at QueueRunner.run (C:\Users\joeyi\AppData\Roaming\npm\node_modules\protractor\node_modules\jasmine-core\lib\jasmine-core\jasmine.js:4217:20)
    at runNext (C:\Users\joeyi\AppData\Roaming\npm\node_modules\protractor\node_modules\jasmine-core\lib\jasmine-core\jasmine.js:4257:20)
From asynchronous test: 
Error
    at Suite.<anonymous> (C:\my_git_repos\trackforce\NGTrackForce\e2e\test-associate\homepage-spec.js:40:5)
    at addSpecsToSuite (C:\Users\joeyi\AppData\Roaming\npm\node_modules\protractor\node_modules\jasmine-core\lib\jasmine-core\jasmine.js:1107:25)
    at Env.describe (C:\Users\joeyi\AppData\Roaming\npm\node_modules\protractor\node_modules\jasmine-core\lib\jasmine-core\jasmine.js:1074:7)
    at describe (C:\Users\joeyi\AppData\Roaming\npm\node_modules\protractor\node_modules\jasmine-core\lib\jasmine-core\jasmine.js:4399:18)
    at Object.<anonymous> (C:\my_git_repos\trackforce\NGTrackForce\e2e\test-associate\homepage-spec.js:19:1)
    at Module._compile (module.js:652:30)
    at Object.Module._extensions..js (module.js:663:10)
    at Module.load (module.js:565:32)
    at tryModuleLoad (module.js:505:12)]]>
   </failure>
  </testcase>
  <testcase classname="Head over to the My interviews page and do something" name="should toggle the form button again to close it" time="0.071" />
  <testcase classname="Head over to the My interviews page and do something" name="should log out" time="0.078" />
 </testsuite>
</testsuites>