<?xml version="1.0" encoding="UTF-8" ?>
<testsuites disabled="0" errors="0" failures="1" tests="17" time="153.108">
 <testsuite name="A new user should able to register" timestamp="2019-07-25T16:02:39" hostname="localhost" time="50.954" errors="0" tests="9" skipped="0" disabled="0" failures="1">
  <testcase classname="A new user should able to register" name="should navigate to the login page" time="4.811" />
  <testcase classname="A new user should able to register" name="allow user to click the register button" time="20.217" />
  <testcase classname="A new user should able to register" name="allow associate to enter a username" time="0.494" />
  <testcase classname="A new user should able to register" name="allow associate to enter a valid password" time="0.262" />
  <testcase classname="A new user should able to register" name="allow associate to re-enter a valid password" time="0.297" />
  <testcase classname="A new user should able to register" name="should allow associate to enter first name" time="0.3" />
  <testcase classname="A new user should able to register" name="should allow associate to enter last name" time="0.234" />
  <testcase classname="A new user should able to register" name="show allow associate to pick a role" time="0.302" />
  <testcase classname="A new user should able to register" name="should allow the user to register as an associate" time="20.365">
   <failure type="exception" message="Failed: script timeout: result was not received in 20 seconds
  (Session info: chrome=75.0.3770.142)
Build info: version: &apos;3.141.59&apos;, revision: &apos;e82be7d358&apos;, time: &apos;2018-11-14T08:25:53&apos;
System info: host: &apos;DESKTOP-C97TA8O&apos;, ip: &apos;10.1.10.162&apos;, os.name: &apos;Windows 10&apos;, os.arch: &apos;amd64&apos;, os.version: &apos;10.0&apos;, java.version: &apos;1.8.0_211&apos;
Driver info: driver.version: unknown"><![CDATA[ScriptTimeoutError: script timeout: result was not received in 20 seconds
  (Session info: chrome=75.0.3770.142)
Build info: version: '3.141.59', revision: 'e82be7d358', time: '2018-11-14T08:25:53'
System info: host: 'DESKTOP-C97TA8O', ip: '10.1.10.162', os.name: 'Windows 10', os.arch: 'amd64', os.version: '10.0', java.version: '1.8.0_211'
Driver info: driver.version: unknown
    at Object.checkLegacyResponse (D:\Vajira\Revature\Projects\Project 03\trackforce\NGTrackForce\node_modules\selenium-webdriver\lib\error.js:546:15)
    at parseHttpResponse (D:\Vajira\Revature\Projects\Project 03\trackforce\NGTrackForce\node_modules\selenium-webdriver\lib\http.js:509:13)
    at doSend.then.response (D:\Vajira\Revature\Projects\Project 03\trackforce\NGTrackForce\node_modules\selenium-webdriver\lib\http.js:441:30)
    at process._tickCallback (internal/process/next_tick.js:68:7)
From: Task: Protractor.waitForAngular() - Locator: By(xpath, //*[@id="pwd-container"]/div/section/form/div/div[1])
    at thenableWebDriverProxy.schedule (D:\Vajira\Revature\Projects\Project 03\trackforce\NGTrackForce\node_modules\selenium-webdriver\lib\webdriver.js:807:17)
    at ProtractorBrowser.executeAsyncScript_ (D:\Vajira\Revature\Projects\Project 03\trackforce\NGTrackForce\node_modules\protractor\built\browser.js:425:28)
    at angularAppRoot.then (D:\Vajira\Revature\Projects\Project 03\trackforce\NGTrackForce\node_modules\protractor\built\browser.js:456:33)
    at ManagedPromise.invokeCallback_ (D:\Vajira\Revature\Projects\Project 03\trackforce\NGTrackForce\node_modules\selenium-webdriver\lib\promise.js:1376:14)
    at TaskQueue.execute_ (D:\Vajira\Revature\Projects\Project 03\trackforce\NGTrackForce\node_modules\selenium-webdriver\lib\promise.js:3084:14)
    at TaskQueue.executeNext_ (D:\Vajira\Revature\Projects\Project 03\trackforce\NGTrackForce\node_modules\selenium-webdriver\lib\promise.js:3067:27)
    at asyncRun (D:\Vajira\Revature\Projects\Project 03\trackforce\NGTrackForce\node_modules\selenium-webdriver\lib\promise.js:2927:27)
    at D:\Vajira\Revature\Projects\Project 03\trackforce\NGTrackForce\node_modules\selenium-webdriver\lib\promise.js:668:7
    at process._tickCallback (internal/process/next_tick.js:68:7)
From: Task: WebElement.getText()
    at thenableWebDriverProxy.schedule (D:\Vajira\Revature\Projects\Project 03\trackforce\NGTrackForce\node_modules\selenium-webdriver\lib\webdriver.js:807:17)
    at WebElementPromise.schedule_ (D:\Vajira\Revature\Projects\Project 03\trackforce\NGTrackForce\node_modules\selenium-webdriver\lib\webdriver.js:2010:25)
    at WebElementPromise.getText (D:\Vajira\Revature\Projects\Project 03\trackforce\NGTrackForce\node_modules\selenium-webdriver\lib\webdriver.js:2277:17)
    at UserContext.<anonymous> (D:\Vajira\Revature\Projects\Project 03\trackforce\NGTrackForce\e2e\register-associate\register-associate.e2e-spec.ts:75:52)
    at D:\Vajira\Revature\Projects\Project 03\trackforce\NGTrackForce\node_modules\jasminewd2\index.js:112:25
    at new ManagedPromise (D:\Vajira\Revature\Projects\Project 03\trackforce\NGTrackForce\node_modules\selenium-webdriver\lib\promise.js:1077:7)
    at ControlFlow.promise (D:\Vajira\Revature\Projects\Project 03\trackforce\NGTrackForce\node_modules\selenium-webdriver\lib\promise.js:2505:12)
    at schedulerExecute (D:\Vajira\Revature\Projects\Project 03\trackforce\NGTrackForce\node_modules\jasminewd2\index.js:95:18)
    at TaskQueue.execute_ (D:\Vajira\Revature\Projects\Project 03\trackforce\NGTrackForce\node_modules\selenium-webdriver\lib\promise.js:3084:14)
    at TaskQueue.executeNext_ (D:\Vajira\Revature\Projects\Project 03\trackforce\NGTrackForce\node_modules\selenium-webdriver\lib\promise.js:3067:27)
From: Task: Run it("should allow the user to register as an associate") in control flow
    at UserContext.<anonymous> (D:\Vajira\Revature\Projects\Project 03\trackforce\NGTrackForce\node_modules\jasminewd2\index.js:94:19)
    at attempt (D:\Vajira\Revature\Projects\Project 03\trackforce\NGTrackForce\node_modules\jasmine\node_modules\jasmine-core\lib\jasmine-core\jasmine.js:4297:26)
    at QueueRunner.run (D:\Vajira\Revature\Projects\Project 03\trackforce\NGTrackForce\node_modules\jasmine\node_modules\jasmine-core\lib\jasmine-core\jasmine.js:4217:20)
    at QueueRunner.execute (D:\Vajira\Revature\Projects\Project 03\trackforce\NGTrackForce\node_modules\jasmine\node_modules\jasmine-core\lib\jasmine-core\jasmine.js:4199:10)
    at Spec.queueRunnerFactory (D:\Vajira\Revature\Projects\Project 03\trackforce\NGTrackForce\node_modules\jasmine\node_modules\jasmine-core\lib\jasmine-core\jasmine.js:909:35)
    at Spec.execute (D:\Vajira\Revature\Projects\Project 03\trackforce\NGTrackForce\node_modules\jasmine\node_modules\jasmine-core\lib\jasmine-core\jasmine.js:526:10)
    at UserContext.fn (D:\Vajira\Revature\Projects\Project 03\trackforce\NGTrackForce\node_modules\jasmine\node_modules\jasmine-core\lib\jasmine-core\jasmine.js:5340:37)
    at attempt (D:\Vajira\Revature\Projects\Project 03\trackforce\NGTrackForce\node_modules\jasmine\node_modules\jasmine-core\lib\jasmine-core\jasmine.js:4297:26)
    at QueueRunner.run (D:\Vajira\Revature\Projects\Project 03\trackforce\NGTrackForce\node_modules\jasmine\node_modules\jasmine-core\lib\jasmine-core\jasmine.js:4217:20)
    at runNext (D:\Vajira\Revature\Projects\Project 03\trackforce\NGTrackForce\node_modules\jasmine\node_modules\jasmine-core\lib\jasmine-core\jasmine.js:4257:20)
From asynchronous test: 
Error
    at Suite.<anonymous> (D:\Vajira\Revature\Projects\Project 03\trackforce\NGTrackForce\e2e\register-associate\register-associate.e2e-spec.ts:73:5)
    at addSpecsToSuite (D:\Vajira\Revature\Projects\Project 03\trackforce\NGTrackForce\node_modules\jasmine\node_modules\jasmine-core\lib\jasmine-core\jasmine.js:1107:25)
    at Env.describe (D:\Vajira\Revature\Projects\Project 03\trackforce\NGTrackForce\node_modules\jasmine\node_modules\jasmine-core\lib\jasmine-core\jasmine.js:1074:7)
    at describe (D:\Vajira\Revature\Projects\Project 03\trackforce\NGTrackForce\node_modules\jasmine\node_modules\jasmine-core\lib\jasmine-core\jasmine.js:4399:18)
    at Object.<anonymous> (D:\Vajira\Revature\Projects\Project 03\trackforce\NGTrackForce\e2e\register-associate\register-associate.e2e-spec.ts:8:1)
    at Module._compile (internal/modules/cjs/loader.js:776:30)
    at Module.m._compile (D:\Vajira\Revature\Projects\Project 03\trackforce\NGTrackForce\node_modules\ts-node\src\index.ts:414:23)
    at Module._extensions..js (internal/modules/cjs/loader.js:787:10)
    at Object.require.extensions.(anonymous function) [as .ts] (D:\Vajira\Revature\Projects\Project 03\trackforce\NGTrackForce\node_modules\ts-node\src\index.ts:417:12)]]>
   </failure>
  </testcase>
 </testsuite>
 <testsuite name="A new user should not be able to register with a short username" timestamp="2019-07-25T16:03:30" hostname="localhost" time="25.452" errors="0" tests="2" skipped="0" disabled="0" failures="0">
  <testcase classname="A new user should not be able to register with a short username" name="allow associate to enter an invalid username" time="0.233" />
  <testcase classname="A new user should not be able to register with a short username" name="should not allow the user to register with an invalid username" time="0.362" />
 </testsuite>
 <testsuite name="A new user should not be able to register with a weak password" timestamp="2019-07-25T16:03:55" hostname="localhost" time="26.633" errors="0" tests="3" skipped="0" disabled="0" failures="0">
  <testcase classname="A new user should not be able to register with a weak password" name="allow associate to enter an invalid password" time="0.284" />
  <testcase classname="A new user should not be able to register with a weak password" name="allow associate to re-enter an invalid password" time="0.271" />
  <testcase classname="A new user should not be able to register with a weak password" name="should not allow the user to register with an invalid password" time="0.349" />
 </testsuite>
 <testsuite name="A new user should not be able to register with a mismatched paswords" timestamp="2019-07-25T16:04:22" hostname="localhost" time="25.993" errors="0" tests="2" skipped="0" disabled="0" failures="0">
  <testcase classname="A new user should not be able to register with a mismatched paswords" name="allow associate to enter an different password" time="0.338" />
  <testcase classname="A new user should not be able to register with a mismatched paswords" name="should not allow the user to register with an invalid username" time="0.287" />
 </testsuite>
 <testsuite name="A new user should not be able to register with a mismatched paswords" timestamp="2019-07-25T16:04:48" hostname="localhost" time="24.076" errors="0" tests="1" skipped="0" disabled="0" failures="0">
  <testcase classname="A new user should not be able to register with a mismatched paswords" name="should not allow the user to register without selecting a role " time="0.243" />
 </testsuite>
</testsuites>