<?xml version="1.0" encoding="UTF-8" ?>
<testsuites disabled="0" errors="0" failures="3" tests="33" time="18.79">
 <testsuite name="When an admin navigates to the client-list page it" timestamp="2018-09-05T15:11:53" hostname="localhost" time="6.975" errors="0" tests="11" skipped="2" disabled="0" failures="1">
  <testcase classname="When an admin navigates to the client-list page it" name="should navigate to the client-list page" time="2.106" />
  <testcase classname="When an admin navigates to the client-list page it" name="should accept username input" time="0.095" />
  <testcase classname="When an admin navigates to the client-list page it" name="should yield match for search input in one exists" time="0.032" />
  <testcase classname="When an admin navigates to the client-list page it" name="should yield a match for a search regardless of case" time="0.109" />
  <testcase classname="When an admin navigates to the client-list page it" name="should be able to click a searched for client" time="0.295" />
  <testcase classname="When an admin navigates to the client-list page it" name="should be able to click View Data for all Clients" time="1.314" />
  <testcase classname="When an admin navigates to the client-list page it" name="should yield a match for a search string with spaces" time="0">
   <skipped message="Temporarily disabled with xit" />
  </testcase>
  <testcase classname="When an admin navigates to the client-list page it" name="should trim the spaces between words in a search string" time="0">
   <skipped message="Temporarily disabled with xit" />
  </testcase>
  <testcase classname="When an admin navigates to the client-list page it" name="should yield a match for search input if many results exist" time="0.922">
   <failure type="toBeGreaterThan" message="Expected 1 to be greater than 1."><![CDATA[Error: Failed expectation
    at /Users/jacobgolding/Desktop/project_3/trackforce/NGTrackForce/e2e/client-list/client-list-spec.ts:94:27
    at ManagedPromise.invokeCallback_ (/usr/local/lib/node_modules/protractor/node_modules/selenium-webdriver/lib/promise.js:1376:14)
    at TaskQueue.execute_ (/usr/local/lib/node_modules/protractor/node_modules/selenium-webdriver/lib/promise.js:3084:14)
    at TaskQueue.executeNext_ (/usr/local/lib/node_modules/protractor/node_modules/selenium-webdriver/lib/promise.js:3067:27)
    at asyncRun (/usr/local/lib/node_modules/protractor/node_modules/selenium-webdriver/lib/promise.js:2927:27)
    at /usr/local/lib/node_modules/protractor/node_modules/selenium-webdriver/lib/promise.js:668:7
    at process._tickCallback (internal/process/next_tick.js:68:7)]]>
   </failure>
  </testcase>
  <testcase classname="When an admin navigates to the client-list page it" name="should yield no matches if none exist" time="0.108" />
  <testcase classname="When an admin navigates to the client-list page it" name="should logout" time="0.061" />
 </testsuite>
 <testsuite name="When an Staging Manager navigates to the client-list page it" timestamp="2018-09-05T15:11:59" hostname="localhost" time="5.848" errors="0" tests="11" skipped="2" disabled="0" failures="1">
  <testcase classname="When an Staging Manager navigates to the client-list page it" name="should navigate to the client-list page" time="1.481" />
  <testcase classname="When an Staging Manager navigates to the client-list page it" name="should accept username input" time="0.081" />
  <testcase classname="When an Staging Manager navigates to the client-list page it" name="should yield match for search input in one exists" time="0.025" />
  <testcase classname="When an Staging Manager navigates to the client-list page it" name="should yield a match for a search regardless of case" time="0.105" />
  <testcase classname="When an Staging Manager navigates to the client-list page it" name="should be able to click a searched for client" time="0.291" />
  <testcase classname="When an Staging Manager navigates to the client-list page it" name="should be able to click View Data for all Clients" time="1.297" />
  <testcase classname="When an Staging Manager navigates to the client-list page it" name="should yield a match for a search string with spaces" time="0">
   <skipped message="Temporarily disabled with xit" />
  </testcase>
  <testcase classname="When an Staging Manager navigates to the client-list page it" name="should trim the spaces between words in a search string" time="0.002">
   <skipped message="Temporarily disabled with xit" />
  </testcase>
  <testcase classname="When an Staging Manager navigates to the client-list page it" name="should yield a match for search input if many results exist" time="0.908">
   <failure type="toBeGreaterThan" message="Expected 1 to be greater than 1."><![CDATA[Error: Failed expectation
    at /Users/jacobgolding/Desktop/project_3/trackforce/NGTrackForce/e2e/client-list/client-list-spec.ts:202:27
    at ManagedPromise.invokeCallback_ (/usr/local/lib/node_modules/protractor/node_modules/selenium-webdriver/lib/promise.js:1376:14)
    at TaskQueue.execute_ (/usr/local/lib/node_modules/protractor/node_modules/selenium-webdriver/lib/promise.js:3084:14)
    at TaskQueue.executeNext_ (/usr/local/lib/node_modules/protractor/node_modules/selenium-webdriver/lib/promise.js:3067:27)
    at asyncRun (/usr/local/lib/node_modules/protractor/node_modules/selenium-webdriver/lib/promise.js:2927:27)
    at /usr/local/lib/node_modules/protractor/node_modules/selenium-webdriver/lib/promise.js:668:7
    at process._tickCallback (internal/process/next_tick.js:68:7)]]>
   </failure>
  </testcase>
  <testcase classname="When an Staging Manager navigates to the client-list page it" name="should yield no matches if none exist" time="0.107" />
  <testcase classname="When an Staging Manager navigates to the client-list page it" name="should logout" time="0.06" />
 </testsuite>
 <testsuite name="When an Delivery/Sales navigates to the client-list page it" timestamp="2018-09-05T15:12:05" hostname="localhost" time="5.967" errors="0" tests="11" skipped="2" disabled="0" failures="1">
  <testcase classname="When an Delivery/Sales navigates to the client-list page it" name="should navigate to the client-list page" time="1.563" />
  <testcase classname="When an Delivery/Sales navigates to the client-list page it" name="should accept username input" time="0.089" />
  <testcase classname="When an Delivery/Sales navigates to the client-list page it" name="should yield match for search input in one exists" time="0.028" />
  <testcase classname="When an Delivery/Sales navigates to the client-list page it" name="should yield a match for a search regardless of case" time="0.1" />
  <testcase classname="When an Delivery/Sales navigates to the client-list page it" name="should be able to click a searched for client" time="0.384" />
  <testcase classname="When an Delivery/Sales navigates to the client-list page it" name="should be able to click View Data for all Clients" time="1.113" />
  <testcase classname="When an Delivery/Sales navigates to the client-list page it" name="should yield a match for a search string with spaces" time="0">
   <skipped message="Temporarily disabled with xit" />
  </testcase>
  <testcase classname="When an Delivery/Sales navigates to the client-list page it" name="should trim the spaces between words in a search string" time="0">
   <skipped message="Temporarily disabled with xit" />
  </testcase>
  <testcase classname="When an Delivery/Sales navigates to the client-list page it" name="should yield a match for search input if many results exist" time="1.015">
   <failure type="toBeGreaterThan" message="Expected 1 to be greater than 1."><![CDATA[Error: Failed expectation
    at /Users/jacobgolding/Desktop/project_3/trackforce/NGTrackForce/e2e/client-list/client-list-spec.ts:310:27
    at ManagedPromise.invokeCallback_ (/usr/local/lib/node_modules/protractor/node_modules/selenium-webdriver/lib/promise.js:1376:14)
    at TaskQueue.execute_ (/usr/local/lib/node_modules/protractor/node_modules/selenium-webdriver/lib/promise.js:3084:14)
    at TaskQueue.executeNext_ (/usr/local/lib/node_modules/protractor/node_modules/selenium-webdriver/lib/promise.js:3067:27)
    at asyncRun (/usr/local/lib/node_modules/protractor/node_modules/selenium-webdriver/lib/promise.js:2927:27)
    at /usr/local/lib/node_modules/protractor/node_modules/selenium-webdriver/lib/promise.js:668:7
    at process._tickCallback (internal/process/next_tick.js:68:7)]]>
   </failure>
  </testcase>
  <testcase classname="When an Delivery/Sales navigates to the client-list page it" name="should yield no matches if none exist" time="0.108" />
  <testcase classname="When an Delivery/Sales navigates to the client-list page it" name="should logout" time="0.067" />
 </testsuite>
</testsuites>