<?xml version="1.0" encoding="UTF-8" ?>
<testsuites disabled="3" errors="0" failures="5" tests="129" time="156.255">
 <testsuite name="A new user should able to register" timestamp="2018-10-29T12:36:22" hostname="localhost" time="5.767" errors="0" tests="9" skipped="0" disabled="0" failures="1">
  <testcase classname="A new user should able to register" name="should navigate to the login page" time="3.084" />
  <testcase classname="A new user should able to register" name="allow user to click the register button" time="0.162" />
  <testcase classname="A new user should able to register" name="allow associate to enter a username" time="0.136" />
  <testcase classname="A new user should able to register" name="allow associate to enter a valid password" time="0.144" />
  <testcase classname="A new user should able to register" name="allow associate to re-enter a valid password" time="0.208" />
  <testcase classname="A new user should able to register" name="should allow associate to enter first name" time="0.22" />
  <testcase classname="A new user should able to register" name="should allow associate to enter last name" time="0.241" />
  <testcase classname="A new user should able to register" name="show allow associate to pick a role" time="0.154" />
  <testcase classname="A new user should able to register" name="should allow the user to register as an associate" time="0.458">
   <failure type="toContain" message="Expected &apos;Error: New Associate is not created!&apos; to contain &apos;Associate account creation successful.&apos;."><![CDATA[Error: Failed expectation
    at UserContext.<anonymous> (C:\Users\kakas\Desktop\Revature_Training\Projects\ProjectThree_Trackforce\trackforce\NGTrackForce\e2e\register-associate\register-associate.e2e-spec.ts:69:63)
    at C:\Users\kakas\AppData\Roaming\npm\node_modules\protractor\node_modules\jasminewd2\index.js:112:25
    at new ManagedPromise (C:\Users\kakas\AppData\Roaming\npm\node_modules\protractor\node_modules\selenium-webdriver\lib\promise.js:1077:7)
    at ControlFlow.promise (C:\Users\kakas\AppData\Roaming\npm\node_modules\protractor\node_modules\selenium-webdriver\lib\promise.js:2505:12)
    at schedulerExecute (C:\Users\kakas\AppData\Roaming\npm\node_modules\protractor\node_modules\jasminewd2\index.js:95:18)
    at TaskQueue.execute_ (C:\Users\kakas\AppData\Roaming\npm\node_modules\protractor\node_modules\selenium-webdriver\lib\promise.js:3084:14)
    at TaskQueue.executeNext_ (C:\Users\kakas\AppData\Roaming\npm\node_modules\protractor\node_modules\selenium-webdriver\lib\promise.js:3067:27)
    at asyncRun (C:\Users\kakas\AppData\Roaming\npm\node_modules\protractor\node_modules\selenium-webdriver\lib\promise.js:2974:25)
    at C:\Users\kakas\AppData\Roaming\npm\node_modules\protractor\node_modules\selenium-webdriver\lib\promise.js:668:7]]>
   </failure>
  </testcase>
 </testsuite>
 <testsuite name="A new user should not be able to register with a short username" timestamp="2018-10-29T12:36:28" hostname="localhost" time="2.164" errors="0" tests="2" skipped="0" disabled="0" failures="0">
  <testcase classname="A new user should not be able to register with a short username" name="allow associate to enter an invalid username" time="0.235" />
  <testcase classname="A new user should not be able to register with a short username" name="should not allow the user to register with an invalid username" time="0.248" />
 </testsuite>
 <testsuite name="A new user should not be able to register with a weak password" timestamp="2018-10-29T12:36:30" hostname="localhost" time="1.922" errors="0" tests="3" skipped="0" disabled="0" failures="0">
  <testcase classname="A new user should not be able to register with a weak password" name="allow associate to enter an invalid password" time="0.204" />
  <testcase classname="A new user should not be able to register with a weak password" name="allow associate to re-enter an invalid password" time="0.204" />
  <testcase classname="A new user should not be able to register with a weak password" name="should not allow the user to register with an invalid password" time="0.232" />
 </testsuite>
 <testsuite name="A new user should not be able to register with a mismatched paswords" timestamp="2018-10-29T12:36:32" hostname="localhost" time="2.143" errors="0" tests="2" skipped="0" disabled="0" failures="0">
  <testcase classname="A new user should not be able to register with a mismatched paswords" name="allow associate to enter an different password" time="0.18" />
  <testcase classname="A new user should not be able to register with a mismatched paswords" name="should not allow the user to register with an invalid username" time="0.334" />
 </testsuite>
 <testsuite name="A new user should not be able to register with a mismatched paswords" timestamp="2018-10-29T12:36:34" hostname="localhost" time="1.461" errors="0" tests="1" skipped="0" disabled="0" failures="0">
  <testcase classname="A new user should not be able to register with a mismatched paswords" name="should not allow the user to register without selecting a role " time="0.111" />
 </testsuite>
 <testsuite name="login page element existences" timestamp="2018-10-29T12:36:36" hostname="localhost" time="0.778" errors="0" tests="6" skipped="0" disabled="0" failures="0">
  <testcase classname="login page element existences" name="should have a username input box" time="0.016" />
  <testcase classname="login page element existences" name="should have a password input box" time="0.012" />
  <testcase classname="login page element existences" name="should have a login button" time="0.004" />
  <testcase classname="login page element existences" name="should display proper placeholder: Username" time="0.104" />
  <testcase classname="login page element existences" name="should display proper placeholder: Password" time="0.102" />
  <testcase classname="login page element existences" name="should display proper value for button" time="0.179" />
 </testsuite>
 <testsuite name="Confirm login failures" timestamp="2018-10-29T12:36:36" hostname="localhost" time="1.351" errors="0" tests="2" skipped="0" disabled="0" failures="1">
  <testcase classname="Confirm login failures" name="should fail to log in when nothing is entered" time="0.196" />
  <testcase classname="Confirm login failures" name="should fail to login when incorrect credentials are entered" time="0.832">
   <failure type="toContain" message="Expected &apos;Username or Password invalid&apos; to contain &apos;Invalid username and/or password&apos;."><![CDATA[Error: Failed expectation
    at UserContext.<anonymous> (C:\Users\kakas\Desktop\Revature_Training\Projects\ProjectThree_Trackforce\trackforce\NGTrackForce\e2e\login\login.e2e-spec.ts:70:43)
    at C:\Users\kakas\AppData\Roaming\npm\node_modules\protractor\node_modules\jasminewd2\index.js:112:25
    at new ManagedPromise (C:\Users\kakas\AppData\Roaming\npm\node_modules\protractor\node_modules\selenium-webdriver\lib\promise.js:1077:7)
    at ControlFlow.promise (C:\Users\kakas\AppData\Roaming\npm\node_modules\protractor\node_modules\selenium-webdriver\lib\promise.js:2505:12)
    at schedulerExecute (C:\Users\kakas\AppData\Roaming\npm\node_modules\protractor\node_modules\jasminewd2\index.js:95:18)
    at TaskQueue.execute_ (C:\Users\kakas\AppData\Roaming\npm\node_modules\protractor\node_modules\selenium-webdriver\lib\promise.js:3084:14)
    at TaskQueue.executeNext_ (C:\Users\kakas\AppData\Roaming\npm\node_modules\protractor\node_modules\selenium-webdriver\lib\promise.js:3067:27)
    at asyncRun (C:\Users\kakas\AppData\Roaming\npm\node_modules\protractor\node_modules\selenium-webdriver\lib\promise.js:2974:25)
    at C:\Users\kakas\AppData\Roaming\npm\node_modules\protractor\node_modules\selenium-webdriver\lib\promise.js:668:7]]>
   </failure>
  </testcase>
 </testsuite>
 <testsuite name="Login in with proper credentials" timestamp="2018-10-29T12:36:38" hostname="localhost" time="16.684" errors="0" tests="5" skipped="1" disabled="0" failures="0">
  <testcase classname="Login in with proper credentials" name="should be able to login in with admin credentials and reach the admin page" time="3.758" />
  <testcase classname="Login in with proper credentials" name="should be able to login in with associate credentials and reach the associate page" time="0">
   <skipped message="Temporarily disabled with xit" />
  </testcase>
  <testcase classname="Login in with proper credentials" name="should be able to login in with Manager credentials and reach the Admin page" time="3.354" />
  <testcase classname="Login in with proper credentials" name="should be able to login in with Trainer credentials and reach the Trainer page" time="4.925" />
  <testcase classname="Login in with proper credentials" name="should be able to login in with Sales Team credentials and reach the Admin page" time="3.864" />
 </testsuite>
 <testsuite name="The admin navbar is functional" timestamp="2018-10-29T12:36:54" hostname="localhost" time="11.15" errors="0" tests="8" skipped="0" disabled="0" failures="0">
  <testcase classname="The admin navbar is functional" name="should navigate to home page" time="2.67" />
  <testcase classname="The admin navbar is functional" name="should navigate to client list page" time="1.794" />
  <testcase classname="The admin navbar is functional" name="should navigate to batch list page" time="1.007" />
  <testcase classname="The admin navbar is functional" name="should navigate to associate lising" time="1.838" />
  <testcase classname="The admin navbar is functional" name="should navigate to predictions" time="1.794" />
  <testcase classname="The admin navbar is functional" name="should navigate to create user" time="0.444" />
  <testcase classname="The admin navbar is functional" name="should navigate to salesforce" time="0.399" />
  <testcase classname="The admin navbar is functional" name="should be able to logout" time="0.526" />
 </testsuite>
 <testsuite name="The Asscoiate navbar is functional" timestamp="2018-10-29T12:37:05" hostname="localhost" time="0.012" errors="0" tests="3" skipped="0" disabled="3" failures="0">
  <testcase classname="The Asscoiate navbar is functional" name="should navigate to home page" time="0.004">
   <skipped />
  </testcase>
  <testcase classname="The Asscoiate navbar is functional" name="should navigate to My Interviews" time="0">
   <skipped />
  </testcase>
  <testcase classname="The Asscoiate navbar is functional" name="should be able to logout" time="0.004">
   <skipped />
  </testcase>
 </testsuite>
 <testsuite name="The Staging Manager navbar is functional" timestamp="2018-10-29T12:37:05" hostname="localhost" time="10.39" errors="0" tests="7" skipped="0" disabled="0" failures="0">
  <testcase classname="The Staging Manager navbar is functional" name="should navigate to home page" time="2.702" />
  <testcase classname="The Staging Manager navbar is functional" name="should navigate to client list page" time="1.555" />
  <testcase classname="The Staging Manager navbar is functional" name="should navigate to batch list page" time="0.904" />
  <testcase classname="The Staging Manager navbar is functional" name="should navigate to associate lising" time="1.816" />
  <testcase classname="The Staging Manager navbar is functional" name="should navigate to predictions" time="1.39" />
  <testcase classname="The Staging Manager navbar is functional" name="should navigate to create user" time="0.438" />
  <testcase classname="The Staging Manager navbar is functional" name="should be able to logout" time="0.578" />
 </testsuite>
 <testsuite name="The Trainer navbar is functional" timestamp="2018-10-29T12:37:16" hostname="localhost" time="6.268" errors="0" tests="4" skipped="0" disabled="0" failures="0">
  <testcase classname="The Trainer navbar is functional" name="should navigate to home page" time="2.656" />
  <testcase classname="The Trainer navbar is functional" name="should navigate to batch list page" time="0.694" />
  <testcase classname="The Trainer navbar is functional" name="should navigate to associate lising" time="1.679" />
  <testcase classname="The Trainer navbar is functional" name="should be able to logout" time="0.403" />
 </testsuite>
 <testsuite name="The Delivery/Sales navbar is functional" timestamp="2018-10-29T12:37:22" hostname="localhost" time="9.297" errors="0" tests="7" skipped="0" disabled="0" failures="0">
  <testcase classname="The Delivery/Sales navbar is functional" name="should navigate to home page" time="2.725" />
  <testcase classname="The Delivery/Sales navbar is functional" name="should navigate to client list page" time="1.378" />
  <testcase classname="The Delivery/Sales navbar is functional" name="should navigate to batch list page" time="0.84" />
  <testcase classname="The Delivery/Sales navbar is functional" name="should navigate to associate lising" time="1.565" />
  <testcase classname="The Delivery/Sales navbar is functional" name="should navigate to predictions" time="1.251" />
  <testcase classname="The Delivery/Sales navbar is functional" name="should navigate to create user" time="0.332" />
  <testcase classname="The Delivery/Sales navbar is functional" name="should be able to logout" time="0.333" />
 </testsuite>
 <testsuite name="The create-user page " timestamp="2018-10-29T12:37:31" hostname="localhost" time="5.717" errors="0" tests="8" skipped="0" disabled="0" failures="0">
  <testcase classname="The create-user page " name="should accept username input" time="0.123" />
  <testcase classname="The create-user page " name="should accept password input" time="0.255" />
  <testcase classname="The create-user page " name="should accept password confirmation input" time="0.271" />
  <testcase classname="The create-user page " name="should select admin radio button" time="0.235" />
  <testcase classname="The create-user page " name="should select trainer radio button" time="0.177" />
  <testcase classname="The create-user page " name="should select associate radio button" time="0.272" />
  <testcase classname="The create-user page " name="should select staging manager radio button" time="0.409" />
  <testcase classname="The create-user page " name="should select delivery radio button" time="0.367" />
 </testsuite>
 <testsuite name="An Admin" timestamp="2018-10-29T12:37:37" hostname="localhost" time="5.316" errors="0" tests="5" skipped="4" disabled="0" failures="1">
  <testcase classname="An Admin" name="should be able to create an admin" time="0">
   <skipped message="Temporarily disabled with xit" />
  </testcase>
  <testcase classname="An Admin" name="should be able to create a trainer" time="3.802">
   <failure type="toContain" message="Expected &apos;Error: new user not created!&apos; to contain &apos;User created successfully&apos;."><![CDATA[Error: Failed expectation
    at UserContext.<anonymous> (C:\Users\kakas\Desktop\Revature_Training\Projects\ProjectThree_Trackforce\trackforce\NGTrackForce\e2e\create-user\create-user.e2e-spec.ts:103:49)
    at C:\Users\kakas\AppData\Roaming\npm\node_modules\protractor\node_modules\jasminewd2\index.js:112:25
    at new ManagedPromise (C:\Users\kakas\AppData\Roaming\npm\node_modules\protractor\node_modules\selenium-webdriver\lib\promise.js:1077:7)
    at ControlFlow.promise (C:\Users\kakas\AppData\Roaming\npm\node_modules\protractor\node_modules\selenium-webdriver\lib\promise.js:2505:12)
    at schedulerExecute (C:\Users\kakas\AppData\Roaming\npm\node_modules\protractor\node_modules\jasminewd2\index.js:95:18)
    at TaskQueue.execute_ (C:\Users\kakas\AppData\Roaming\npm\node_modules\protractor\node_modules\selenium-webdriver\lib\promise.js:3084:14)
    at TaskQueue.executeNext_ (C:\Users\kakas\AppData\Roaming\npm\node_modules\protractor\node_modules\selenium-webdriver\lib\promise.js:3067:27)
    at asyncRun (C:\Users\kakas\AppData\Roaming\npm\node_modules\protractor\node_modules\selenium-webdriver\lib\promise.js:2974:25)
    at C:\Users\kakas\AppData\Roaming\npm\node_modules\protractor\node_modules\selenium-webdriver\lib\promise.js:668:7]]>
   </failure>
  </testcase>
  <testcase classname="An Admin" name="should be able to create a associate" time="0">
   <skipped message="Temporarily disabled with xit" />
  </testcase>
  <testcase classname="An Admin" name="should be able to create a staging manager" time="0">
   <skipped message="Temporarily disabled with xit" />
  </testcase>
  <testcase classname="An Admin" name="should be able to create a delivery " time="0">
   <skipped message="Temporarily disabled with xit" />
  </testcase>
 </testsuite>
 <testsuite name="A Staging Manager" timestamp="2018-10-29T12:37:42" hostname="localhost" time="5.105" errors="0" tests="4" skipped="3" disabled="0" failures="1">
  <testcase classname="A Staging Manager" name="should be able to create a trainer" time="3.603">
   <failure type="toContain" message="Expected &apos;Error: new user not created!&apos; to contain &apos;User created successfully&apos;."><![CDATA[Error: Failed expectation
    at UserContext.<anonymous> (C:\Users\kakas\Desktop\Revature_Training\Projects\ProjectThree_Trackforce\trackforce\NGTrackForce\e2e\create-user\create-user.e2e-spec.ts:153:49)
    at C:\Users\kakas\AppData\Roaming\npm\node_modules\protractor\node_modules\jasminewd2\index.js:112:25
    at new ManagedPromise (C:\Users\kakas\AppData\Roaming\npm\node_modules\protractor\node_modules\selenium-webdriver\lib\promise.js:1077:7)
    at ControlFlow.promise (C:\Users\kakas\AppData\Roaming\npm\node_modules\protractor\node_modules\selenium-webdriver\lib\promise.js:2505:12)
    at schedulerExecute (C:\Users\kakas\AppData\Roaming\npm\node_modules\protractor\node_modules\jasminewd2\index.js:95:18)
    at TaskQueue.execute_ (C:\Users\kakas\AppData\Roaming\npm\node_modules\protractor\node_modules\selenium-webdriver\lib\promise.js:3084:14)
    at TaskQueue.executeNext_ (C:\Users\kakas\AppData\Roaming\npm\node_modules\protractor\node_modules\selenium-webdriver\lib\promise.js:3067:27)
    at asyncRun (C:\Users\kakas\AppData\Roaming\npm\node_modules\protractor\node_modules\selenium-webdriver\lib\promise.js:2974:25)
    at C:\Users\kakas\AppData\Roaming\npm\node_modules\protractor\node_modules\selenium-webdriver\lib\promise.js:668:7]]>
   </failure>
  </testcase>
  <testcase classname="A Staging Manager" name="should be able to create a associate" time="0.002">
   <skipped message="Temporarily disabled with xit" />
  </testcase>
  <testcase classname="A Staging Manager" name="should be able to create a staging manager" time="0.002">
   <skipped message="Temporarily disabled with xit" />
  </testcase>
  <testcase classname="A Staging Manager" name="should be able to create a delivery " time="0">
   <skipped message="Temporarily disabled with xit" />
  </testcase>
 </testsuite>
 <testsuite name="A Sales Manager" timestamp="2018-10-29T12:37:48" hostname="localhost" time="4.987" errors="0" tests="4" skipped="3" disabled="0" failures="1">
  <testcase classname="A Sales Manager" name="should be able to create a trainer" time="3.59">
   <failure type="exception" message="Failed: No element found using locator: By(css selector, body &gt; app-component &gt; div &gt; app-create-user &gt; form &gt; fieldset:nth-child(2) &gt; div)"><![CDATA[NoSuchElementError: No element found using locator: By(css selector, body > app-component > div > app-create-user > form > fieldset:nth-child(2) > div)
    at elementArrayFinder.getWebElements.then (C:\Users\kakas\AppData\Roaming\npm\node_modules\protractor\built\element.js:814:27)
    at ManagedPromise.invokeCallback_ (C:\Users\kakas\AppData\Roaming\npm\node_modules\protractor\node_modules\selenium-webdriver\lib\promise.js:1376:14)
    at TaskQueue.execute_ (C:\Users\kakas\AppData\Roaming\npm\node_modules\protractor\node_modules\selenium-webdriver\lib\promise.js:3084:14)
    at TaskQueue.executeNext_ (C:\Users\kakas\AppData\Roaming\npm\node_modules\protractor\node_modules\selenium-webdriver\lib\promise.js:3067:27)
    at asyncRun (C:\Users\kakas\AppData\Roaming\npm\node_modules\protractor\node_modules\selenium-webdriver\lib\promise.js:2927:27)
    at C:\Users\kakas\AppData\Roaming\npm\node_modules\protractor\node_modules\selenium-webdriver\lib\promise.js:668:7
    at <anonymous>
    at process._tickCallback (internal/process/next_tick.js:189:7)Error
    at ElementArrayFinder.applyAction_ (C:\Users\kakas\AppData\Roaming\npm\node_modules\protractor\built\element.js:459:27)
    at ElementArrayFinder.(anonymous function).args [as getText] (C:\Users\kakas\AppData\Roaming\npm\node_modules\protractor\built\element.js:91:29)
    at ElementFinder.(anonymous function).args [as getText] (C:\Users\kakas\AppData\Roaming\npm\node_modules\protractor\built\element.js:831:22)
    at UserContext.<anonymous> (C:\Users\kakas\Desktop\Revature_Training\Projects\ProjectThree_Trackforce\trackforce\NGTrackForce\e2e\create-user\create-user.e2e-spec.ts:203:38)
    at C:\Users\kakas\AppData\Roaming\npm\node_modules\protractor\node_modules\jasminewd2\index.js:112:25
    at new ManagedPromise (C:\Users\kakas\AppData\Roaming\npm\node_modules\protractor\node_modules\selenium-webdriver\lib\promise.js:1077:7)
    at ControlFlow.promise (C:\Users\kakas\AppData\Roaming\npm\node_modules\protractor\node_modules\selenium-webdriver\lib\promise.js:2505:12)
    at schedulerExecute (C:\Users\kakas\AppData\Roaming\npm\node_modules\protractor\node_modules\jasminewd2\index.js:95:18)
    at TaskQueue.execute_ (C:\Users\kakas\AppData\Roaming\npm\node_modules\protractor\node_modules\selenium-webdriver\lib\promise.js:3084:14)
    at TaskQueue.executeNext_ (C:\Users\kakas\AppData\Roaming\npm\node_modules\protractor\node_modules\selenium-webdriver\lib\promise.js:3067:27)
From: Task: Run it("should be able to create a trainer") in control flow
    at UserContext.<anonymous> (C:\Users\kakas\AppData\Roaming\npm\node_modules\protractor\node_modules\jasminewd2\index.js:94:19)
    at attempt (C:\Users\kakas\AppData\Roaming\npm\node_modules\protractor\node_modules\jasmine-core\lib\jasmine-core\jasmine.js:4297:26)
    at QueueRunner.run (C:\Users\kakas\AppData\Roaming\npm\node_modules\protractor\node_modules\jasmine-core\lib\jasmine-core\jasmine.js:4217:20)
    at runNext (C:\Users\kakas\AppData\Roaming\npm\node_modules\protractor\node_modules\jasmine-core\lib\jasmine-core\jasmine.js:4257:20)
    at C:\Users\kakas\AppData\Roaming\npm\node_modules\protractor\node_modules\jasmine-core\lib\jasmine-core\jasmine.js:4264:13
    at C:\Users\kakas\AppData\Roaming\npm\node_modules\protractor\node_modules\jasmine-core\lib\jasmine-core\jasmine.js:4172:9
    at C:\Users\kakas\AppData\Roaming\npm\node_modules\protractor\node_modules\jasminewd2\index.js:64:48
    at ControlFlow.emit (C:\Users\kakas\AppData\Roaming\npm\node_modules\protractor\node_modules\selenium-webdriver\lib\events.js:62:21)
    at ControlFlow.shutdown_ (C:\Users\kakas\AppData\Roaming\npm\node_modules\protractor\node_modules\selenium-webdriver\lib\promise.js:2674:10)
    at shutdownTask_.MicroTask (C:\Users\kakas\AppData\Roaming\npm\node_modules\protractor\node_modules\selenium-webdriver\lib\promise.js:2599:53)
From asynchronous test: 
Error
    at Suite.<anonymous> (C:\Users\kakas\Desktop\Revature_Training\Projects\ProjectThree_Trackforce\trackforce\NGTrackForce\e2e\create-user\create-user.e2e-spec.ts:200:5)
    at addSpecsToSuite (C:\Users\kakas\AppData\Roaming\npm\node_modules\protractor\node_modules\jasmine-core\lib\jasmine-core\jasmine.js:1107:25)
    at Env.describe (C:\Users\kakas\AppData\Roaming\npm\node_modules\protractor\node_modules\jasmine-core\lib\jasmine-core\jasmine.js:1074:7)
    at describe (C:\Users\kakas\AppData\Roaming\npm\node_modules\protractor\node_modules\jasmine-core\lib\jasmine-core\jasmine.js:4399:18)
    at Object.<anonymous> (C:\Users\kakas\Desktop\Revature_Training\Projects\ProjectThree_Trackforce\trackforce\NGTrackForce\e2e\create-user\create-user.e2e-spec.ts:179:1)
    at Module._compile (module.js:653:30)
    at Module.m._compile (C:\Users\kakas\Desktop\Revature_Training\Projects\ProjectThree_Trackforce\trackforce\NGTrackForce\node_modules\ts-node\src\index.ts:422:23)
    at Module._extensions..js (module.js:664:10)
    at Object.require.extensions.(anonymous function) [as .ts] (C:\Users\kakas\Desktop\Revature_Training\Projects\ProjectThree_Trackforce\trackforce\NGTrackForce\node_modules\ts-node\src\index.ts:425:12)]]>
   </failure>
  </testcase>
  <testcase classname="A Sales Manager" name="should be able to create a associate" time="0.004">
   <skipped message="Temporarily disabled with xit" />
  </testcase>
  <testcase classname="A Sales Manager" name="should be able to create a staging manager" time="0">
   <skipped message="Temporarily disabled with xit" />
  </testcase>
  <testcase classname="A Sales Manager" name="should be able to create a delivery " time="0">
   <skipped message="Temporarily disabled with xit" />
  </testcase>
 </testsuite>
 <testsuite name="A user" timestamp="2018-10-29T12:37:53" hostname="localhost" time="7.161" errors="0" tests="3" skipped="0" disabled="0" failures="0">
  <testcase classname="A user" name="should get an error if they use a sympol in their username" time="2.765" />
  <testcase classname="A user" name="should get an error if they enter in an invalid password in the first password box" time="1.564" />
  <testcase classname="A user" name="should get an error if they enter two different passwords" time="1.606" />
 </testsuite>
 <testsuite name="When an admin navigates to the client-list page it" timestamp="2018-10-29T12:38:00" hostname="localhost" time="9.185" errors="0" tests="9" skipped="0" disabled="0" failures="0">
  <testcase classname="When an admin navigates to the client-list page it" name="should navigate to the client-list page" time="4.071" />
  <testcase classname="When an admin navigates to the client-list page it" name="should accept username input" time="0.35" />
  <testcase classname="When an admin navigates to the client-list page it" name="should yield match for search input in one exists" time="0.038" />
  <testcase classname="When an admin navigates to the client-list page it" name="should yield a match for a search regardless of case" time="0.197" />
  <testcase classname="When an admin navigates to the client-list page it" name="should be able to click a searched for client" time="0.274" />
  <testcase classname="When an admin navigates to the client-list page it" name="should be able to click View Data for all Clients" time="2.273" />
  <testcase classname="When an admin navigates to the client-list page it" name="should yield a match for a search string with spaces" time="0.374" />
  <testcase classname="When an admin navigates to the client-list page it" name="should yield a match for search input if many results exist" time="0.232" />
  <testcase classname="When an admin navigates to the client-list page it" name="should yield no matches if none exist" time="0.175" />
 </testsuite>
 <testsuite name="When an Staging Manager navigates to the client-list page it" timestamp="2018-10-29T12:38:09" hostname="localhost" time="9.349" errors="0" tests="9" skipped="0" disabled="0" failures="0">
  <testcase classname="When an Staging Manager navigates to the client-list page it" name="should navigate to the client-list page" time="4.097" />
  <testcase classname="When an Staging Manager navigates to the client-list page it" name="should accept username input" time="0.325" />
  <testcase classname="When an Staging Manager navigates to the client-list page it" name="should yield match for search input if one exists" time="0.032" />
  <testcase classname="When an Staging Manager navigates to the client-list page it" name="should yield a match for a search regardless of case" time="0.209" />
  <testcase classname="When an Staging Manager navigates to the client-list page it" name="should be able to click a searched for client" time="0.363" />
  <testcase classname="When an Staging Manager navigates to the client-list page it" name="should be able to click View Data for all Clients" time="1.177" />
  <testcase classname="When an Staging Manager navigates to the client-list page it" name="should yield a match for a search string with spaces" time="1.369" />
  <testcase classname="When an Staging Manager navigates to the client-list page it" name="should yield a match for search input if many results exist" time="0.356" />
  <testcase classname="When an Staging Manager navigates to the client-list page it" name="should yield no matches if none exist" time="0.277" />
 </testsuite>
 <testsuite name="When an Delivery/Sales navigates to the client-list page it" timestamp="2018-10-29T12:38:18" hostname="localhost" time="9.266" errors="0" tests="9" skipped="0" disabled="0" failures="0">
  <testcase classname="When an Delivery/Sales navigates to the client-list page it" name="should navigate to the client-list page" time="3.972" />
  <testcase classname="When an Delivery/Sales navigates to the client-list page it" name="should accept username input" time="0.398" />
  <testcase classname="When an Delivery/Sales navigates to the client-list page it" name="should yield match for search input in one exists" time="0.125" />
  <testcase classname="When an Delivery/Sales navigates to the client-list page it" name="should yield a match for a search regardless of case" time="0.411" />
  <testcase classname="When an Delivery/Sales navigates to the client-list page it" name="should be able to click a searched for client" time="0.327" />
  <testcase classname="When an Delivery/Sales navigates to the client-list page it" name="should be able to click View Data for all Clients" time="1.17" />
  <testcase classname="When an Delivery/Sales navigates to the client-list page it" name="should yield a match for a search string with spaces" time="1.297" />
  <testcase classname="When an Delivery/Sales navigates to the client-list page it" name="should yield a match for search input if many results exist" time="0.231" />
  <testcase classname="When an Delivery/Sales navigates to the client-list page it" name="should yield no matches if none exist" time="0.397" />
 </testsuite>
 <testsuite name="the bactch-list tab" timestamp="2018-10-29T12:38:28" hostname="localhost" time="5.743" errors="0" tests="4" skipped="0" disabled="0" failures="0">
  <testcase classname="the bactch-list tab" name="should have a batch list table" time="0.464" />
  <testcase classname="the bactch-list tab" name="should have a start date input" time="0.937" />
  <testcase classname="the bactch-list tab" name="should have a end date input" time="0.084" />
  <testcase classname="the bactch-list tab" name="should have a pie cart" time="0.104" />
 </testsuite>
 <testsuite name="The All Batches table" timestamp="2018-10-29T12:38:33" hostname="localhost" time="6.821" errors="0" tests="3" skipped="0" disabled="0" failures="0">
  <testcase classname="The All Batches table" name="should direct you to a batch page" time="1.963" />
  <testcase classname="The All Batches table" name="should direct you to a batch page with a chart " time="0.971" />
  <testcase classname="The All Batches table" name="should direct you to a batch page with a table " time="0.101" />
 </testsuite>
 <testsuite name="When entering valid data into predictions filter it" timestamp="2018-10-29T12:38:40" hostname="localhost" time="6.028" errors="0" tests="5" skipped="0" disabled="0" failures="0">
  <testcase classname="When entering valid data into predictions filter it" name="should navigate to the predictions page" time="4.599" />
  <testcase classname="When entering valid data into predictions filter it" name="should allow user to input valid data" time="1.07" />
  <testcase classname="When entering valid data into predictions filter it" name="should provide a table with predictions" time="0.008" />
  <testcase classname="When entering valid data into predictions filter it" name="should provide the same number of rows entered into the filter" time="0.351" />
  <testcase classname="When entering valid data into predictions filter it" name="should provide details when prediction row is clicked" time="0" />
 </testsuite>
 <testsuite name="When entering valid data using all filters it" timestamp="2018-10-29T12:38:46" hostname="localhost" time="8.401" errors="0" tests="5" skipped="0" disabled="0" failures="0">
  <testcase classname="When entering valid data using all filters it" name="should navigate to the predictions page" time="2.946" />
  <testcase classname="When entering valid data using all filters it" name="should allow a user to input valid data and use all filters" time="5.122" />
  <testcase classname="When entering valid data using all filters it" name="should provide a table with predictions" time="0.008" />
  <testcase classname="When entering valid data using all filters it" name="should provide the same number of rows entered into the filter" time="0.299" />
  <testcase classname="When entering valid data using all filters it" name="should provide details when prediction row is clicked" time="0" />
 </testsuite>
 <testsuite name="When I enter a start date that is more current than the end date it" timestamp="2018-10-29T12:38:55" hostname="localhost" time="3.789" errors="0" tests="2" skipped="0" disabled="0" failures="0">
  <testcase classname="When I enter a start date that is more current than the end date it" name="should navigate to the predictions page" time="2.704" />
  <testcase classname="When I enter a start date that is more current than the end date it" name="should allow user to input a start date that is more current than the end date" time="1.081" />
 </testsuite>
</testsuites>