<?xml version="1.0" encoding="UTF-8" ?>
<testsuites disabled="0" errors="0" failures="0" tests="49" time="69.102">
 <testsuite name="Registering as a new associate" timestamp="2018-06-01T15:57:21" hostname="localhost" time="9.325" errors="0" tests="7" skipped="0" disabled="0" failures="0">
  <testcase classname="Registering as a new associate" name="should navigate to the login page" time="5.468" />
  <testcase classname="Registering as a new associate" name="allow user to click the register button" time="0.179" />
  <testcase classname="Registering as a new associate" name="allow associate to enter info into input fields" time="0.686" />
  <testcase classname="Registering as a new associate" name="should allow associate to click the next page button" time="0.198" />
  <testcase classname="Registering as a new associate" name="should allow associate to enter first and last name" time="0.318" />
  <testcase classname="Registering as a new associate" name="should allow associate to register as an associate by clicking register button" time="0.182" />
  <testcase classname="Registering as a new associate" name="exit browser" time="2.288" />
 </testsuite>
 <testsuite name="login page element existences" timestamp="2018-06-01T15:57:30" hostname="localhost" time="2.328" errors="0" tests="6" skipped="0" disabled="0" failures="0">
  <testcase classname="login page element existences" name="should have a username input box" time="0.011" />
  <testcase classname="login page element existences" name="should have a password input box" time="0.014" />
  <testcase classname="login page element existences" name="should have a login button" time="0.003" />
  <testcase classname="login page element existences" name="should display proper placeholder: Username" time="0.101" />
  <testcase classname="login page element existences" name="should display proper placeholder: Password" time="0.095" />
  <testcase classname="login page element existences" name="should display proper value for button" time="0.126" />
 </testsuite>
 <testsuite name="Confirm login failures" timestamp="2018-06-01T15:57:32" hostname="localhost" time="3.254" errors="0" tests="2" skipped="0" disabled="0" failures="0">
  <testcase classname="Confirm login failures" name="should fail to log in when nothing is entered" time="0.389" />
  <testcase classname="Confirm login failures" name="should fail to login when incorrect credentials are entered" time="0.777" />
 </testsuite>
 <testsuite name="confirm login navigation" timestamp="2018-06-01T15:57:36" hostname="localhost" time="3.291" errors="0" tests="1" skipped="0" disabled="0" failures="0">
  <testcase classname="confirm login navigation" name="should reach the index page" time="1.343" />
 </testsuite>
 <testsuite name="create-user page input and button fields" timestamp="2018-06-01T15:57:39" hostname="localhost" time="3.913" errors="0" tests="9" skipped="0" disabled="0" failures="0">
  <testcase classname="create-user page input and button fields" name="should navigate to the create-user page" time="2.132" />
  <testcase classname="create-user page input and button fields" name="should accept username input" time="0.273" />
  <testcase classname="create-user page input and button fields" name="should accept password input" time="0.238" />
  <testcase classname="create-user page input and button fields" name="should accept password confirmation input" time="0.261" />
  <testcase classname="create-user page input and button fields" name="should select admin radio button" time="0.217" />
  <testcase classname="create-user page input and button fields" name="should select trainer radio button" time="0.211" />
  <testcase classname="create-user page input and button fields" name="should select associate radio button" time="0.205" />
  <testcase classname="create-user page input and button fields" name="should select staging manager radio button" time="0.213" />
  <testcase classname="create-user page input and button fields" name="should select delivery radio button" time="0.16" />
 </testsuite>
 <testsuite name="When entering valid data into predictions filter it" timestamp="2018-06-01T15:57:43" hostname="localhost" time="6.346" errors="0" tests="5" skipped="0" disabled="0" failures="0">
  <testcase classname="When entering valid data into predictions filter it" name="should navigate to the predictions page" time="4.771" />
  <testcase classname="When entering valid data into predictions filter it" name="should allow user to input valid data" time="1.29" />
  <testcase classname="When entering valid data into predictions filter it" name="should provide a table with predictions" time="0.001" />
  <testcase classname="When entering valid data into predictions filter it" name="should provide the same number of rows entered into the filter" time="0.171" />
  <testcase classname="When entering valid data into predictions filter it" name="should provide details when the details button is pressed" time="0.111" />
 </testsuite>
 <testsuite name="When entering valid data using all filters it" timestamp="2018-06-01T15:57:49" hostname="localhost" time="3.662" errors="0" tests="4" skipped="0" disabled="0" failures="0">
  <testcase classname="When entering valid data using all filters it" name="should navigate to the predictions page" time="1.672" />
  <testcase classname="When entering valid data using all filters it" name="should allow a user to input valid data and use all filters" time="1.741" />
  <testcase classname="When entering valid data using all filters it" name="should provide the same number of rows entered into the filter" time="0.138" />
  <testcase classname="When entering valid data using all filters it" name="should provide details when the details button is pressed" time="0.109" />
 </testsuite>
 <testsuite name="When I enter a start date that is more current than the end date it" timestamp="2018-06-01T15:57:53" hostname="localhost" time="2.834" errors="0" tests="4" skipped="0" disabled="0" failures="0">
  <testcase classname="When I enter a start date that is more current than the end date it" name="should navigate to the predictions page" time="1.669" />
  <testcase classname="When I enter a start date that is more current than the end date it" name="should allow user to input a start date that is more current than the end date" time="0.908" />
  <testcase classname="When I enter a start date that is more current than the end date it" name="should yield 0 associates" time="0.189" />
  <testcase classname="When I enter a start date that is more current than the end date it" name="should have a negative amount in Difference" time="0.066" />
 </testsuite>
 <testsuite name="When I enter a very large numeric input it" timestamp="2018-06-01T15:57:56" hostname="localhost" time="2.996" errors="0" tests="4" skipped="0" disabled="0" failures="0">
  <testcase classname="When I enter a very large numeric input it" name="should navigate to the predictions page" time="1.391" />
  <testcase classname="When I enter a very large numeric input it" name="should allow user to input a very large number" time="1.377" />
  <testcase classname="When I enter a very large numeric input it" name="should yield some associates" time="0.159" />
  <testcase classname="When I enter a very large numeric input it" name="should have a negative amount in Difference" time="0.068" />
 </testsuite>
 <testsuite name="When navigating to the client-list page it" timestamp="2018-06-01T15:57:59" hostname="localhost" time="31.153" errors="0" tests="7" skipped="0" disabled="0" failures="0">
  <testcase classname="When navigating to the client-list page it" name="should navigate to the client-list page" time="3.255" />
  <testcase classname="When navigating to the client-list page it" name="should accept username input" time="0.395" />
  <testcase classname="When navigating to the client-list page it" name="should yield match for search input in one exists" time="6.614" />
  <testcase classname="When navigating to the client-list page it" name="should yield a match for a search regardless of case" time="3.786" />
  <testcase classname="When navigating to the client-list page it" name="should yield a match for search input if many results exist" time="7.018" />
  <testcase classname="When navigating to the client-list page it" name="should yield no matches if none exist" time="9.898" />
  <testcase classname="When navigating to the client-list page it" name="should logout" time="0.186" />
 </testsuite>
</testsuites>