<?xml version="1.0" encoding="UTF-8" ?>
<testsuites disabled="3" errors="0" failures="14" tests="129" time="174.935">
 <testsuite name="A new user should able to register" timestamp="2018-10-29T14:51:03" hostname="localhost" time="4.302" errors="0" tests="9" skipped="0" disabled="0" failures="1">
  <testcase classname="A new user should able to register" name="should navigate to the login page" time="1.312" />
  <testcase classname="A new user should able to register" name="allow user to click the register button" time="0.187" />
  <testcase classname="A new user should able to register" name="allow associate to enter a username" time="0.243" />
  <testcase classname="A new user should able to register" name="allow associate to enter a valid password" time="0.233" />
  <testcase classname="A new user should able to register" name="allow associate to re-enter a valid password" time="0.224" />
  <testcase classname="A new user should able to register" name="should allow associate to enter first name" time="0.209" />
  <testcase classname="A new user should able to register" name="should allow associate to enter last name" time="0.181" />
  <testcase classname="A new user should able to register" name="show allow associate to pick a role" time="0.155" />
  <testcase classname="A new user should able to register" name="should allow the user to register as an associate" time="0.355">
   <failure type="toContain" message="Expected &apos;Error: New Associate is not created!&apos; to contain &apos;Associate account creation successful.&apos;."><![CDATA[Error: Failed expectation
    at UserContext.<anonymous> (C:\Users\brianrembecky\Documents\Project3\dev1808\trackforce\NGTrackForce\e2e\register-associate\register-associate.e2e-spec.ts:69:63)
    at C:\Users\brianrembecky\AppData\Roaming\npm\node_modules\protractor\node_modules\jasminewd2\index.js:112:25
    at new ManagedPromise (C:\Users\brianrembecky\AppData\Roaming\npm\node_modules\protractor\node_modules\selenium-webdriver\lib\promise.js:1077:7)
    at ControlFlow.promise (C:\Users\brianrembecky\AppData\Roaming\npm\node_modules\protractor\node_modules\selenium-webdriver\lib\promise.js:2505:12)
    at schedulerExecute (C:\Users\brianrembecky\AppData\Roaming\npm\node_modules\protractor\node_modules\jasminewd2\index.js:95:18)
    at TaskQueue.execute_ (C:\Users\brianrembecky\AppData\Roaming\npm\node_modules\protractor\node_modules\selenium-webdriver\lib\promise.js:3084:14)
    at TaskQueue.executeNext_ (C:\Users\brianrembecky\AppData\Roaming\npm\node_modules\protractor\node_modules\selenium-webdriver\lib\promise.js:3067:27)
    at asyncRun (C:\Users\brianrembecky\AppData\Roaming\npm\node_modules\protractor\node_modules\selenium-webdriver\lib\promise.js:2974:25)
    at C:\Users\brianrembecky\AppData\Roaming\npm\node_modules\protractor\node_modules\selenium-webdriver\lib\promise.js:668:7]]>
   </failure>
  </testcase>
 </testsuite>
 <testsuite name="A new user should not be able to register with a short username" timestamp="2018-10-29T14:51:08" hostname="localhost" time="1.801" errors="0" tests="2" skipped="0" disabled="0" failures="0">
  <testcase classname="A new user should not be able to register with a short username" name="allow associate to enter an invalid username" time="0.158" />
  <testcase classname="A new user should not be able to register with a short username" name="should not allow the user to register with an invalid username" time="0.194" />
 </testsuite>
 <testsuite name="A new user should not be able to register with a weak password" timestamp="2018-10-29T14:51:09" hostname="localhost" time="1.886" errors="0" tests="3" skipped="0" disabled="0" failures="0">
  <testcase classname="A new user should not be able to register with a weak password" name="allow associate to enter an invalid password" time="0.19" />
  <testcase classname="A new user should not be able to register with a weak password" name="allow associate to re-enter an invalid password" time="0.199" />
  <testcase classname="A new user should not be able to register with a weak password" name="should not allow the user to register with an invalid password" time="0.203" />
 </testsuite>
 <testsuite name="A new user should not be able to register with a mismatched paswords" timestamp="2018-10-29T14:51:11" hostname="localhost" time="1.8" errors="0" tests="2" skipped="0" disabled="0" failures="0">
  <testcase classname="A new user should not be able to register with a mismatched paswords" name="allow associate to enter an different password" time="0.199" />
  <testcase classname="A new user should not be able to register with a mismatched paswords" name="should not allow the user to register with an invalid username" time="0.174" />
 </testsuite>
 <testsuite name="A new user should not be able to register with a mismatched paswords" timestamp="2018-10-29T14:51:13" hostname="localhost" time="1.688" errors="0" tests="1" skipped="0" disabled="0" failures="0">
  <testcase classname="A new user should not be able to register with a mismatched paswords" name="should not allow the user to register without selecting a role " time="0.201" />
 </testsuite>
 <testsuite name="login page element existences" timestamp="2018-10-29T14:51:15" hostname="localhost" time="0.627" errors="0" tests="6" skipped="0" disabled="0" failures="0">
  <testcase classname="login page element existences" name="should have a username input box" time="0.021" />
  <testcase classname="login page element existences" name="should have a password input box" time="0.008" />
  <testcase classname="login page element existences" name="should have a login button" time="0.002" />
  <testcase classname="login page element existences" name="should display proper placeholder: Username" time="0.065" />
  <testcase classname="login page element existences" name="should display proper placeholder: Password" time="0.059" />
  <testcase classname="login page element existences" name="should display proper value for button" time="0.194" />
 </testsuite>
 <testsuite name="Confirm login failures" timestamp="2018-10-29T14:51:15" hostname="localhost" time="1.446" errors="0" tests="2" skipped="0" disabled="0" failures="0">
  <testcase classname="Confirm login failures" name="should fail to log in when nothing is entered" time="0.209" />
  <testcase classname="Confirm login failures" name="should fail to login when incorrect credentials are entered" time="0.869" />
 </testsuite>
 <testsuite name="Login in with proper credentials" timestamp="2018-10-29T14:51:17" hostname="localhost" time="16.666" errors="0" tests="5" skipped="0" disabled="0" failures="0">
  <testcase classname="Login in with proper credentials" name="should be able to login in with admin credentials and reach the admin page" time="3.372" />
  <testcase classname="Login in with proper credentials" name="should be able to login in with associate credentials and reach the associate page" time="3.178" />
  <testcase classname="Login in with proper credentials" name="should be able to login in with Manager credentials and reach the Admin page" time="3.241" />
  <testcase classname="Login in with proper credentials" name="should be able to login in with Trainer credentials and reach the Trainer page" time="3.342" />
  <testcase classname="Login in with proper credentials" name="should be able to login in with Sales Team credentials and reach the Admin page" time="3.264" />
 </testsuite>
 <testsuite name="The admin navbar is functional" timestamp="2018-10-29T14:51:34" hostname="localhost" time="10.34" errors="0" tests="8" skipped="0" disabled="0" failures="0">
  <testcase classname="The admin navbar is functional" name="should navigate to home page" time="2.433" />
  <testcase classname="The admin navbar is functional" name="should navigate to client list page" time="1.793" />
  <testcase classname="The admin navbar is functional" name="should navigate to batch list page" time="0.708" />
  <testcase classname="The admin navbar is functional" name="should navigate to associate lising" time="1.76" />
  <testcase classname="The admin navbar is functional" name="should navigate to predictions" time="1.608" />
  <testcase classname="The admin navbar is functional" name="should navigate to create user" time="0.377" />
  <testcase classname="The admin navbar is functional" name="should navigate to salesforce" time="0.368" />
  <testcase classname="The admin navbar is functional" name="should be able to logout" time="0.517" />
 </testsuite>
 <testsuite name="The Asscoiate navbar is functional" timestamp="2018-10-29T14:51:44" hostname="localhost" time="0.004" errors="0" tests="3" skipped="0" disabled="3" failures="0">
  <testcase classname="The Asscoiate navbar is functional" name="should navigate to home page" time="0">
   <skipped />
  </testcase>
  <testcase classname="The Asscoiate navbar is functional" name="should navigate to My Interviews" time="0">
   <skipped />
  </testcase>
  <testcase classname="The Asscoiate navbar is functional" name="should be able to logout" time="0.002">
   <skipped />
  </testcase>
 </testsuite>
 <testsuite name="The Staging Manager navbar is functional" timestamp="2018-10-29T14:51:44" hostname="localhost" time="9.592" errors="0" tests="7" skipped="0" disabled="0" failures="0">
  <testcase classname="The Staging Manager navbar is functional" name="should navigate to home page" time="2.494" />
  <testcase classname="The Staging Manager navbar is functional" name="should navigate to client list page" time="1.59" />
  <testcase classname="The Staging Manager navbar is functional" name="should navigate to batch list page" time="0.564" />
  <testcase classname="The Staging Manager navbar is functional" name="should navigate to associate lising" time="1.783" />
  <testcase classname="The Staging Manager navbar is functional" name="should navigate to predictions" time="1.531" />
  <testcase classname="The Staging Manager navbar is functional" name="should navigate to create user" time="0.372" />
  <testcase classname="The Staging Manager navbar is functional" name="should be able to logout" time="0.473" />
 </testsuite>
 <testsuite name="The Trainer navbar is functional" timestamp="2018-10-29T14:51:53" hostname="localhost" time="6.337" errors="0" tests="4" skipped="0" disabled="0" failures="0">
  <testcase classname="The Trainer navbar is functional" name="should navigate to home page" time="2.468" />
  <testcase classname="The Trainer navbar is functional" name="should navigate to batch list page" time="0.56" />
  <testcase classname="The Trainer navbar is functional" name="should navigate to associate lising" time="1.703" />
  <testcase classname="The Trainer navbar is functional" name="should be able to logout" time="0.882" />
 </testsuite>
 <testsuite name="The Delivery/Sales navbar is functional" timestamp="2018-10-29T14:52:00" hostname="localhost" time="9.399" errors="0" tests="7" skipped="0" disabled="0" failures="0">
  <testcase classname="The Delivery/Sales navbar is functional" name="should navigate to home page" time="2.437" />
  <testcase classname="The Delivery/Sales navbar is functional" name="should navigate to client list page" time="1.55" />
  <testcase classname="The Delivery/Sales navbar is functional" name="should navigate to batch list page" time="0.579" />
  <testcase classname="The Delivery/Sales navbar is functional" name="should navigate to associate lising" time="1.882" />
  <testcase classname="The Delivery/Sales navbar is functional" name="should navigate to predictions" time="1.445" />
  <testcase classname="The Delivery/Sales navbar is functional" name="should navigate to create user" time="0.306" />
  <testcase classname="The Delivery/Sales navbar is functional" name="should be able to logout" time="0.494" />
 </testsuite>
 <testsuite name="The create-user page " timestamp="2018-10-29T14:52:09" hostname="localhost" time="5.572" errors="0" tests="8" skipped="0" disabled="0" failures="0">
  <testcase classname="The create-user page " name="should accept username input" time="0.249" />
  <testcase classname="The create-user page " name="should accept password input" time="0.204" />
  <testcase classname="The create-user page " name="should accept password confirmation input" time="0.192" />
  <testcase classname="The create-user page " name="should select admin radio button" time="0.181" />
  <testcase classname="The create-user page " name="should select trainer radio button" time="0.208" />
  <testcase classname="The create-user page " name="should select associate radio button" time="0.236" />
  <testcase classname="The create-user page " name="should select staging manager radio button" time="0.254" />
  <testcase classname="The create-user page " name="should select delivery radio button" time="0.235" />
 </testsuite>
 <testsuite name="An Admin" timestamp="2018-10-29T14:52:15" hostname="localhost" time="16.121" errors="0" tests="5" skipped="0" disabled="0" failures="5">
  <testcase classname="An Admin" name="should be able to create an admin" time="3.61">
   <failure type="toContain" message="Expected &apos;Error: new user not created!&apos; to contain &apos;User created successfully&apos;."><![CDATA[Error: Failed expectation
    at UserContext.<anonymous> (C:\Users\brianrembecky\Documents\Project3\dev1808\trackforce\NGTrackForce\e2e\create-user\create-user.e2e-spec.ts:100:48)
    at C:\Users\brianrembecky\AppData\Roaming\npm\node_modules\protractor\node_modules\jasminewd2\index.js:112:25
    at new ManagedPromise (C:\Users\brianrembecky\AppData\Roaming\npm\node_modules\protractor\node_modules\selenium-webdriver\lib\promise.js:1077:7)
    at ControlFlow.promise (C:\Users\brianrembecky\AppData\Roaming\npm\node_modules\protractor\node_modules\selenium-webdriver\lib\promise.js:2505:12)
    at schedulerExecute (C:\Users\brianrembecky\AppData\Roaming\npm\node_modules\protractor\node_modules\jasminewd2\index.js:95:18)
    at TaskQueue.execute_ (C:\Users\brianrembecky\AppData\Roaming\npm\node_modules\protractor\node_modules\selenium-webdriver\lib\promise.js:3084:14)
    at TaskQueue.executeNext_ (C:\Users\brianrembecky\AppData\Roaming\npm\node_modules\protractor\node_modules\selenium-webdriver\lib\promise.js:3067:27)
    at asyncRun (C:\Users\brianrembecky\AppData\Roaming\npm\node_modules\protractor\node_modules\selenium-webdriver\lib\promise.js:2974:25)
    at C:\Users\brianrembecky\AppData\Roaming\npm\node_modules\protractor\node_modules\selenium-webdriver\lib\promise.js:668:7]]>
   </failure>
  </testcase>
  <testcase classname="An Admin" name="should be able to create a trainer" time="3.296">
   <failure type="toContain" message="Expected &apos;Error: new user not created!&apos; to contain &apos;User created successfully&apos;."><![CDATA[Error: Failed expectation
    at UserContext.<anonymous> (C:\Users\brianrembecky\Documents\Project3\dev1808\trackforce\NGTrackForce\e2e\create-user\create-user.e2e-spec.ts:108:49)
    at C:\Users\brianrembecky\AppData\Roaming\npm\node_modules\protractor\node_modules\jasminewd2\index.js:112:25
    at new ManagedPromise (C:\Users\brianrembecky\AppData\Roaming\npm\node_modules\protractor\node_modules\selenium-webdriver\lib\promise.js:1077:7)
    at ControlFlow.promise (C:\Users\brianrembecky\AppData\Roaming\npm\node_modules\protractor\node_modules\selenium-webdriver\lib\promise.js:2505:12)
    at schedulerExecute (C:\Users\brianrembecky\AppData\Roaming\npm\node_modules\protractor\node_modules\jasminewd2\index.js:95:18)
    at TaskQueue.execute_ (C:\Users\brianrembecky\AppData\Roaming\npm\node_modules\protractor\node_modules\selenium-webdriver\lib\promise.js:3084:14)
    at TaskQueue.executeNext_ (C:\Users\brianrembecky\AppData\Roaming\npm\node_modules\protractor\node_modules\selenium-webdriver\lib\promise.js:3067:27)
    at asyncRun (C:\Users\brianrembecky\AppData\Roaming\npm\node_modules\protractor\node_modules\selenium-webdriver\lib\promise.js:2974:25)
    at C:\Users\brianrembecky\AppData\Roaming\npm\node_modules\protractor\node_modules\selenium-webdriver\lib\promise.js:668:7]]>
   </failure>
  </testcase>
  <testcase classname="An Admin" name="should be able to create a associate" time="2.446">
   <failure type="toContain" message="Expected &apos;Error: new user not created!&apos; to contain &apos;User created successfully&apos;."><![CDATA[Error: Failed expectation
    at UserContext.<anonymous> (C:\Users\brianrembecky\Documents\Project3\dev1808\trackforce\NGTrackForce\e2e\create-user\create-user.e2e-spec.ts:116:49)
    at C:\Users\brianrembecky\AppData\Roaming\npm\node_modules\protractor\node_modules\jasminewd2\index.js:112:25
    at new ManagedPromise (C:\Users\brianrembecky\AppData\Roaming\npm\node_modules\protractor\node_modules\selenium-webdriver\lib\promise.js:1077:7)
    at ControlFlow.promise (C:\Users\brianrembecky\AppData\Roaming\npm\node_modules\protractor\node_modules\selenium-webdriver\lib\promise.js:2505:12)
    at schedulerExecute (C:\Users\brianrembecky\AppData\Roaming\npm\node_modules\protractor\node_modules\jasminewd2\index.js:95:18)
    at TaskQueue.execute_ (C:\Users\brianrembecky\AppData\Roaming\npm\node_modules\protractor\node_modules\selenium-webdriver\lib\promise.js:3084:14)
    at TaskQueue.executeNext_ (C:\Users\brianrembecky\AppData\Roaming\npm\node_modules\protractor\node_modules\selenium-webdriver\lib\promise.js:3067:27)
    at asyncRun (C:\Users\brianrembecky\AppData\Roaming\npm\node_modules\protractor\node_modules\selenium-webdriver\lib\promise.js:2974:25)
    at C:\Users\brianrembecky\AppData\Roaming\npm\node_modules\protractor\node_modules\selenium-webdriver\lib\promise.js:668:7]]>
   </failure>
  </testcase>
  <testcase classname="An Admin" name="should be able to create a staging manager" time="2.634">
   <failure type="toContain" message="Expected &apos;Error: new user not created!&apos; to contain &apos;User created successfully&apos;."><![CDATA[Error: Failed expectation
    at UserContext.<anonymous> (C:\Users\brianrembecky\Documents\Project3\dev1808\trackforce\NGTrackForce\e2e\create-user\create-user.e2e-spec.ts:124:49)
    at C:\Users\brianrembecky\AppData\Roaming\npm\node_modules\protractor\node_modules\jasminewd2\index.js:112:25
    at new ManagedPromise (C:\Users\brianrembecky\AppData\Roaming\npm\node_modules\protractor\node_modules\selenium-webdriver\lib\promise.js:1077:7)
    at ControlFlow.promise (C:\Users\brianrembecky\AppData\Roaming\npm\node_modules\protractor\node_modules\selenium-webdriver\lib\promise.js:2505:12)
    at schedulerExecute (C:\Users\brianrembecky\AppData\Roaming\npm\node_modules\protractor\node_modules\jasminewd2\index.js:95:18)
    at TaskQueue.execute_ (C:\Users\brianrembecky\AppData\Roaming\npm\node_modules\protractor\node_modules\selenium-webdriver\lib\promise.js:3084:14)
    at TaskQueue.executeNext_ (C:\Users\brianrembecky\AppData\Roaming\npm\node_modules\protractor\node_modules\selenium-webdriver\lib\promise.js:3067:27)
    at asyncRun (C:\Users\brianrembecky\AppData\Roaming\npm\node_modules\protractor\node_modules\selenium-webdriver\lib\promise.js:2974:25)
    at C:\Users\brianrembecky\AppData\Roaming\npm\node_modules\protractor\node_modules\selenium-webdriver\lib\promise.js:668:7]]>
   </failure>
  </testcase>
  <testcase classname="An Admin" name="should be able to create a delivery " time="2.619">
   <failure type="toContain" message="Expected &apos;Error: new user not created!&apos; to contain &apos;User created successfully&apos;."><![CDATA[Error: Failed expectation
    at UserContext.<anonymous> (C:\Users\brianrembecky\Documents\Project3\dev1808\trackforce\NGTrackForce\e2e\create-user\create-user.e2e-spec.ts:132:49)
    at C:\Users\brianrembecky\AppData\Roaming\npm\node_modules\protractor\node_modules\jasminewd2\index.js:112:25
    at new ManagedPromise (C:\Users\brianrembecky\AppData\Roaming\npm\node_modules\protractor\node_modules\selenium-webdriver\lib\promise.js:1077:7)
    at ControlFlow.promise (C:\Users\brianrembecky\AppData\Roaming\npm\node_modules\protractor\node_modules\selenium-webdriver\lib\promise.js:2505:12)
    at schedulerExecute (C:\Users\brianrembecky\AppData\Roaming\npm\node_modules\protractor\node_modules\jasminewd2\index.js:95:18)
    at TaskQueue.execute_ (C:\Users\brianrembecky\AppData\Roaming\npm\node_modules\protractor\node_modules\selenium-webdriver\lib\promise.js:3084:14)
    at TaskQueue.executeNext_ (C:\Users\brianrembecky\AppData\Roaming\npm\node_modules\protractor\node_modules\selenium-webdriver\lib\promise.js:3067:27)
    at asyncRun (C:\Users\brianrembecky\AppData\Roaming\npm\node_modules\protractor\node_modules\selenium-webdriver\lib\promise.js:2974:25)
    at C:\Users\brianrembecky\AppData\Roaming\npm\node_modules\protractor\node_modules\selenium-webdriver\lib\promise.js:668:7]]>
   </failure>
  </testcase>
 </testsuite>
 <testsuite name="A Staging Manager" timestamp="2018-10-29T14:52:31" hostname="localhost" time="12.502" errors="0" tests="4" skipped="0" disabled="0" failures="4">
  <testcase classname="A Staging Manager" name="should be able to create a trainer" time="3.528">
   <failure type="toContain" message="Expected &apos;Error: new user not created!&apos; to contain &apos;User created successfully&apos;."><![CDATA[Error: Failed expectation
    at UserContext.<anonymous> (C:\Users\brianrembecky\Documents\Project3\dev1808\trackforce\NGTrackForce\e2e\create-user\create-user.e2e-spec.ts:166:49)
    at C:\Users\brianrembecky\AppData\Roaming\npm\node_modules\protractor\node_modules\jasminewd2\index.js:112:25
    at new ManagedPromise (C:\Users\brianrembecky\AppData\Roaming\npm\node_modules\protractor\node_modules\selenium-webdriver\lib\promise.js:1077:7)
    at ControlFlow.promise (C:\Users\brianrembecky\AppData\Roaming\npm\node_modules\protractor\node_modules\selenium-webdriver\lib\promise.js:2505:12)
    at schedulerExecute (C:\Users\brianrembecky\AppData\Roaming\npm\node_modules\protractor\node_modules\jasminewd2\index.js:95:18)
    at TaskQueue.execute_ (C:\Users\brianrembecky\AppData\Roaming\npm\node_modules\protractor\node_modules\selenium-webdriver\lib\promise.js:3084:14)
    at TaskQueue.executeNext_ (C:\Users\brianrembecky\AppData\Roaming\npm\node_modules\protractor\node_modules\selenium-webdriver\lib\promise.js:3067:27)
    at asyncRun (C:\Users\brianrembecky\AppData\Roaming\npm\node_modules\protractor\node_modules\selenium-webdriver\lib\promise.js:2974:25)
    at C:\Users\brianrembecky\AppData\Roaming\npm\node_modules\protractor\node_modules\selenium-webdriver\lib\promise.js:668:7]]>
   </failure>
  </testcase>
  <testcase classname="A Staging Manager" name="should be able to create a associate" time="2.493">
   <failure type="toContain" message="Expected &apos;Error: new user not created!&apos; to contain &apos;User created successfully&apos;."><![CDATA[Error: Failed expectation
    at UserContext.<anonymous> (C:\Users\brianrembecky\Documents\Project3\dev1808\trackforce\NGTrackForce\e2e\create-user\create-user.e2e-spec.ts:174:49)
    at C:\Users\brianrembecky\AppData\Roaming\npm\node_modules\protractor\node_modules\jasminewd2\index.js:112:25
    at new ManagedPromise (C:\Users\brianrembecky\AppData\Roaming\npm\node_modules\protractor\node_modules\selenium-webdriver\lib\promise.js:1077:7)
    at ControlFlow.promise (C:\Users\brianrembecky\AppData\Roaming\npm\node_modules\protractor\node_modules\selenium-webdriver\lib\promise.js:2505:12)
    at schedulerExecute (C:\Users\brianrembecky\AppData\Roaming\npm\node_modules\protractor\node_modules\jasminewd2\index.js:95:18)
    at TaskQueue.execute_ (C:\Users\brianrembecky\AppData\Roaming\npm\node_modules\protractor\node_modules\selenium-webdriver\lib\promise.js:3084:14)
    at TaskQueue.executeNext_ (C:\Users\brianrembecky\AppData\Roaming\npm\node_modules\protractor\node_modules\selenium-webdriver\lib\promise.js:3067:27)
    at asyncRun (C:\Users\brianrembecky\AppData\Roaming\npm\node_modules\protractor\node_modules\selenium-webdriver\lib\promise.js:2974:25)
    at C:\Users\brianrembecky\AppData\Roaming\npm\node_modules\protractor\node_modules\selenium-webdriver\lib\promise.js:668:7]]>
   </failure>
  </testcase>
  <testcase classname="A Staging Manager" name="should be able to create a staging manager" time="2.486">
   <failure type="toContain" message="Expected &apos;Error: new user not created!&apos; to contain &apos;User created successfully&apos;."><![CDATA[Error: Failed expectation
    at UserContext.<anonymous> (C:\Users\brianrembecky\Documents\Project3\dev1808\trackforce\NGTrackForce\e2e\create-user\create-user.e2e-spec.ts:182:49)
    at C:\Users\brianrembecky\AppData\Roaming\npm\node_modules\protractor\node_modules\jasminewd2\index.js:112:25
    at new ManagedPromise (C:\Users\brianrembecky\AppData\Roaming\npm\node_modules\protractor\node_modules\selenium-webdriver\lib\promise.js:1077:7)
    at ControlFlow.promise (C:\Users\brianrembecky\AppData\Roaming\npm\node_modules\protractor\node_modules\selenium-webdriver\lib\promise.js:2505:12)
    at schedulerExecute (C:\Users\brianrembecky\AppData\Roaming\npm\node_modules\protractor\node_modules\jasminewd2\index.js:95:18)
    at TaskQueue.execute_ (C:\Users\brianrembecky\AppData\Roaming\npm\node_modules\protractor\node_modules\selenium-webdriver\lib\promise.js:3084:14)
    at TaskQueue.executeNext_ (C:\Users\brianrembecky\AppData\Roaming\npm\node_modules\protractor\node_modules\selenium-webdriver\lib\promise.js:3067:27)
    at asyncRun (C:\Users\brianrembecky\AppData\Roaming\npm\node_modules\protractor\node_modules\selenium-webdriver\lib\promise.js:2974:25)
    at C:\Users\brianrembecky\AppData\Roaming\npm\node_modules\protractor\node_modules\selenium-webdriver\lib\promise.js:668:7]]>
   </failure>
  </testcase>
  <testcase classname="A Staging Manager" name="should be able to create a delivery " time="2.401">
   <failure type="toContain" message="Expected &apos;Error: new user not created!&apos; to contain &apos;User created successfully&apos;."><![CDATA[Error: Failed expectation
    at UserContext.<anonymous> (C:\Users\brianrembecky\Documents\Project3\dev1808\trackforce\NGTrackForce\e2e\create-user\create-user.e2e-spec.ts:190:49)
    at C:\Users\brianrembecky\AppData\Roaming\npm\node_modules\protractor\node_modules\jasminewd2\index.js:112:25
    at new ManagedPromise (C:\Users\brianrembecky\AppData\Roaming\npm\node_modules\protractor\node_modules\selenium-webdriver\lib\promise.js:1077:7)
    at ControlFlow.promise (C:\Users\brianrembecky\AppData\Roaming\npm\node_modules\protractor\node_modules\selenium-webdriver\lib\promise.js:2505:12)
    at schedulerExecute (C:\Users\brianrembecky\AppData\Roaming\npm\node_modules\protractor\node_modules\jasminewd2\index.js:95:18)
    at TaskQueue.execute_ (C:\Users\brianrembecky\AppData\Roaming\npm\node_modules\protractor\node_modules\selenium-webdriver\lib\promise.js:3084:14)
    at TaskQueue.executeNext_ (C:\Users\brianrembecky\AppData\Roaming\npm\node_modules\protractor\node_modules\selenium-webdriver\lib\promise.js:3067:27)
    at asyncRun (C:\Users\brianrembecky\AppData\Roaming\npm\node_modules\protractor\node_modules\selenium-webdriver\lib\promise.js:2974:25)
    at C:\Users\brianrembecky\AppData\Roaming\npm\node_modules\protractor\node_modules\selenium-webdriver\lib\promise.js:668:7]]>
   </failure>
  </testcase>
 </testsuite>
 <testsuite name="A Sales Manager" timestamp="2018-10-29T14:52:43" hostname="localhost" time="12.662" errors="0" tests="4" skipped="0" disabled="0" failures="4">
  <testcase classname="A Sales Manager" name="should be able to create a trainer" time="3.559">
   <failure type="toContain" message="Expected &apos;Error: new user not created!&apos; to contain &apos;User created successfully&apos;."><![CDATA[Error: Failed expectation
    at UserContext.<anonymous> (C:\Users\brianrembecky\Documents\Project3\dev1808\trackforce\NGTrackForce\e2e\create-user\create-user.e2e-spec.ts:224:49)
    at C:\Users\brianrembecky\AppData\Roaming\npm\node_modules\protractor\node_modules\jasminewd2\index.js:112:25
    at new ManagedPromise (C:\Users\brianrembecky\AppData\Roaming\npm\node_modules\protractor\node_modules\selenium-webdriver\lib\promise.js:1077:7)
    at ControlFlow.promise (C:\Users\brianrembecky\AppData\Roaming\npm\node_modules\protractor\node_modules\selenium-webdriver\lib\promise.js:2505:12)
    at schedulerExecute (C:\Users\brianrembecky\AppData\Roaming\npm\node_modules\protractor\node_modules\jasminewd2\index.js:95:18)
    at TaskQueue.execute_ (C:\Users\brianrembecky\AppData\Roaming\npm\node_modules\protractor\node_modules\selenium-webdriver\lib\promise.js:3084:14)
    at TaskQueue.executeNext_ (C:\Users\brianrembecky\AppData\Roaming\npm\node_modules\protractor\node_modules\selenium-webdriver\lib\promise.js:3067:27)
    at asyncRun (C:\Users\brianrembecky\AppData\Roaming\npm\node_modules\protractor\node_modules\selenium-webdriver\lib\promise.js:2974:25)
    at C:\Users\brianrembecky\AppData\Roaming\npm\node_modules\protractor\node_modules\selenium-webdriver\lib\promise.js:668:7]]>
   </failure>
  </testcase>
  <testcase classname="A Sales Manager" name="should be able to create a associate" time="2.634">
   <failure type="toContain" message="Expected &apos;Error: new user not created!&apos; to contain &apos;User created successfully&apos;."><![CDATA[Error: Failed expectation
    at UserContext.<anonymous> (C:\Users\brianrembecky\Documents\Project3\dev1808\trackforce\NGTrackForce\e2e\create-user\create-user.e2e-spec.ts:232:49)
    at C:\Users\brianrembecky\AppData\Roaming\npm\node_modules\protractor\node_modules\jasminewd2\index.js:112:25
    at new ManagedPromise (C:\Users\brianrembecky\AppData\Roaming\npm\node_modules\protractor\node_modules\selenium-webdriver\lib\promise.js:1077:7)
    at ControlFlow.promise (C:\Users\brianrembecky\AppData\Roaming\npm\node_modules\protractor\node_modules\selenium-webdriver\lib\promise.js:2505:12)
    at schedulerExecute (C:\Users\brianrembecky\AppData\Roaming\npm\node_modules\protractor\node_modules\jasminewd2\index.js:95:18)
    at TaskQueue.execute_ (C:\Users\brianrembecky\AppData\Roaming\npm\node_modules\protractor\node_modules\selenium-webdriver\lib\promise.js:3084:14)
    at TaskQueue.executeNext_ (C:\Users\brianrembecky\AppData\Roaming\npm\node_modules\protractor\node_modules\selenium-webdriver\lib\promise.js:3067:27)
    at asyncRun (C:\Users\brianrembecky\AppData\Roaming\npm\node_modules\protractor\node_modules\selenium-webdriver\lib\promise.js:2974:25)
    at C:\Users\brianrembecky\AppData\Roaming\npm\node_modules\protractor\node_modules\selenium-webdriver\lib\promise.js:668:7]]>
   </failure>
  </testcase>
  <testcase classname="A Sales Manager" name="should be able to create a staging manager" time="2.424">
   <failure type="exception" message="Failed: No element found using locator: By(css selector, body &gt; app-component &gt; div &gt; app-create-user &gt; form &gt; fieldset:nth-child(2) &gt; div)"><![CDATA[NoSuchElementError: No element found using locator: By(css selector, body > app-component > div > app-create-user > form > fieldset:nth-child(2) > div)
    at elementArrayFinder.getWebElements.then (C:\Users\brianrembecky\AppData\Roaming\npm\node_modules\protractor\built\element.js:814:27)
    at ManagedPromise.invokeCallback_ (C:\Users\brianrembecky\AppData\Roaming\npm\node_modules\protractor\node_modules\selenium-webdriver\lib\promise.js:1376:14)
    at TaskQueue.execute_ (C:\Users\brianrembecky\AppData\Roaming\npm\node_modules\protractor\node_modules\selenium-webdriver\lib\promise.js:3084:14)
    at TaskQueue.executeNext_ (C:\Users\brianrembecky\AppData\Roaming\npm\node_modules\protractor\node_modules\selenium-webdriver\lib\promise.js:3067:27)
    at asyncRun (C:\Users\brianrembecky\AppData\Roaming\npm\node_modules\protractor\node_modules\selenium-webdriver\lib\promise.js:2927:27)
    at C:\Users\brianrembecky\AppData\Roaming\npm\node_modules\protractor\node_modules\selenium-webdriver\lib\promise.js:668:7
    at <anonymous>
    at process._tickCallback (internal/process/next_tick.js:189:7)Error
    at ElementArrayFinder.applyAction_ (C:\Users\brianrembecky\AppData\Roaming\npm\node_modules\protractor\built\element.js:459:27)
    at ElementArrayFinder.(anonymous function).args [as getText] (C:\Users\brianrembecky\AppData\Roaming\npm\node_modules\protractor\built\element.js:91:29)
    at ElementFinder.(anonymous function).args [as getText] (C:\Users\brianrembecky\AppData\Roaming\npm\node_modules\protractor\built\element.js:831:22)
    at UserContext.<anonymous> (C:\Users\brianrembecky\Documents\Project3\dev1808\trackforce\NGTrackForce\e2e\create-user\create-user.e2e-spec.ts:240:38)
    at C:\Users\brianrembecky\AppData\Roaming\npm\node_modules\protractor\node_modules\jasminewd2\index.js:112:25
    at new ManagedPromise (C:\Users\brianrembecky\AppData\Roaming\npm\node_modules\protractor\node_modules\selenium-webdriver\lib\promise.js:1077:7)
    at ControlFlow.promise (C:\Users\brianrembecky\AppData\Roaming\npm\node_modules\protractor\node_modules\selenium-webdriver\lib\promise.js:2505:12)
    at schedulerExecute (C:\Users\brianrembecky\AppData\Roaming\npm\node_modules\protractor\node_modules\jasminewd2\index.js:95:18)
    at TaskQueue.execute_ (C:\Users\brianrembecky\AppData\Roaming\npm\node_modules\protractor\node_modules\selenium-webdriver\lib\promise.js:3084:14)
    at TaskQueue.executeNext_ (C:\Users\brianrembecky\AppData\Roaming\npm\node_modules\protractor\node_modules\selenium-webdriver\lib\promise.js:3067:27)
From: Task: Run it("should be able to create a staging manager") in control flow
    at UserContext.<anonymous> (C:\Users\brianrembecky\AppData\Roaming\npm\node_modules\protractor\node_modules\jasminewd2\index.js:94:19)
    at attempt (C:\Users\brianrembecky\AppData\Roaming\npm\node_modules\protractor\node_modules\jasmine-core\lib\jasmine-core\jasmine.js:4297:26)
    at QueueRunner.run (C:\Users\brianrembecky\AppData\Roaming\npm\node_modules\protractor\node_modules\jasmine-core\lib\jasmine-core\jasmine.js:4217:20)
    at runNext (C:\Users\brianrembecky\AppData\Roaming\npm\node_modules\protractor\node_modules\jasmine-core\lib\jasmine-core\jasmine.js:4257:20)
    at C:\Users\brianrembecky\AppData\Roaming\npm\node_modules\protractor\node_modules\jasmine-core\lib\jasmine-core\jasmine.js:4264:13
    at C:\Users\brianrembecky\AppData\Roaming\npm\node_modules\protractor\node_modules\jasmine-core\lib\jasmine-core\jasmine.js:4172:9
    at C:\Users\brianrembecky\AppData\Roaming\npm\node_modules\protractor\node_modules\jasminewd2\index.js:64:48
    at ControlFlow.emit (C:\Users\brianrembecky\AppData\Roaming\npm\node_modules\protractor\node_modules\selenium-webdriver\lib\events.js:62:21)
    at ControlFlow.shutdown_ (C:\Users\brianrembecky\AppData\Roaming\npm\node_modules\protractor\node_modules\selenium-webdriver\lib\promise.js:2674:10)
    at shutdownTask_.MicroTask (C:\Users\brianrembecky\AppData\Roaming\npm\node_modules\protractor\node_modules\selenium-webdriver\lib\promise.js:2599:53)
From asynchronous test: 
Error
    at Suite.<anonymous> (C:\Users\brianrembecky\Documents\Project3\dev1808\trackforce\NGTrackForce\e2e\create-user\create-user.e2e-spec.ts:237:5)
    at addSpecsToSuite (C:\Users\brianrembecky\AppData\Roaming\npm\node_modules\protractor\node_modules\jasmine-core\lib\jasmine-core\jasmine.js:1107:25)
    at Env.describe (C:\Users\brianrembecky\AppData\Roaming\npm\node_modules\protractor\node_modules\jasmine-core\lib\jasmine-core\jasmine.js:1074:7)
    at describe (C:\Users\brianrembecky\AppData\Roaming\npm\node_modules\protractor\node_modules\jasmine-core\lib\jasmine-core\jasmine.js:4399:18)
    at Object.<anonymous> (C:\Users\brianrembecky\Documents\Project3\dev1808\trackforce\NGTrackForce\e2e\create-user\create-user.e2e-spec.ts:198:1)
    at Module._compile (module.js:653:30)
    at Module.m._compile (C:\Users\brianrembecky\Documents\Project3\dev1808\trackforce\NGTrackForce\node_modules\ts-node\src\index.ts:422:23)
    at Module._extensions..js (module.js:664:10)
    at Object.require.extensions.(anonymous function) [as .ts] (C:\Users\brianrembecky\Documents\Project3\dev1808\trackforce\NGTrackForce\node_modules\ts-node\src\index.ts:425:12)]]>
   </failure>
  </testcase>
  <testcase classname="A Sales Manager" name="should be able to create a delivery " time="2.554">
   <failure type="toContain" message="Expected &apos;Error: new user not created!&apos; to contain &apos;User created successfully&apos;."><![CDATA[Error: Failed expectation
    at UserContext.<anonymous> (C:\Users\brianrembecky\Documents\Project3\dev1808\trackforce\NGTrackForce\e2e\create-user\create-user.e2e-spec.ts:248:49)
    at C:\Users\brianrembecky\AppData\Roaming\npm\node_modules\protractor\node_modules\jasminewd2\index.js:112:25
    at new ManagedPromise (C:\Users\brianrembecky\AppData\Roaming\npm\node_modules\protractor\node_modules\selenium-webdriver\lib\promise.js:1077:7)
    at ControlFlow.promise (C:\Users\brianrembecky\AppData\Roaming\npm\node_modules\protractor\node_modules\selenium-webdriver\lib\promise.js:2505:12)
    at schedulerExecute (C:\Users\brianrembecky\AppData\Roaming\npm\node_modules\protractor\node_modules\jasminewd2\index.js:95:18)
    at TaskQueue.execute_ (C:\Users\brianrembecky\AppData\Roaming\npm\node_modules\protractor\node_modules\selenium-webdriver\lib\promise.js:3084:14)
    at TaskQueue.executeNext_ (C:\Users\brianrembecky\AppData\Roaming\npm\node_modules\protractor\node_modules\selenium-webdriver\lib\promise.js:3067:27)
    at asyncRun (C:\Users\brianrembecky\AppData\Roaming\npm\node_modules\protractor\node_modules\selenium-webdriver\lib\promise.js:2974:25)
    at C:\Users\brianrembecky\AppData\Roaming\npm\node_modules\protractor\node_modules\selenium-webdriver\lib\promise.js:668:7]]>
   </failure>
  </testcase>
 </testsuite>
 <testsuite name="A user" timestamp="2018-10-29T14:52:56" hostname="localhost" time="7.594" errors="0" tests="3" skipped="0" disabled="0" failures="0">
  <testcase classname="A user" name="should get an error if they use a sympol in their username" time="3.088" />
  <testcase classname="A user" name="should get an error if they enter in an invalid password in the first password box" time="1.53" />
  <testcase classname="A user" name="should get an error if they enter two different passwords" time="1.709" />
 </testsuite>
 <testsuite name="When an admin navigates to the client-list page it" timestamp="2018-10-29T14:53:04" hostname="localhost" time="9.687" errors="0" tests="9" skipped="0" disabled="0" failures="0">
  <testcase classname="When an admin navigates to the client-list page it" name="should navigate to the client-list page" time="3.776" />
  <testcase classname="When an admin navigates to the client-list page it" name="should accept username input" time="0.315" />
  <testcase classname="When an admin navigates to the client-list page it" name="should yield match for search input in one exists" time="0.07" />
  <testcase classname="When an admin navigates to the client-list page it" name="should yield a match for a search regardless of case" time="0.432" />
  <testcase classname="When an admin navigates to the client-list page it" name="should be able to click a searched for client" time="0.306" />
  <testcase classname="When an admin navigates to the client-list page it" name="should be able to click View Data for all Clients" time="2.244" />
  <testcase classname="When an admin navigates to the client-list page it" name="should yield a match for a search string with spaces" time="0.419" />
  <testcase classname="When an admin navigates to the client-list page it" name="should yield a match for search input if many results exist" time="0.417" />
  <testcase classname="When an admin navigates to the client-list page it" name="should yield no matches if none exist" time="0.396" />
 </testsuite>
 <testsuite name="When an Staging Manager navigates to the client-list page it" timestamp="2018-10-29T14:53:13" hostname="localhost" time="9.546" errors="0" tests="9" skipped="0" disabled="0" failures="0">
  <testcase classname="When an Staging Manager navigates to the client-list page it" name="should navigate to the client-list page" time="3.865" />
  <testcase classname="When an Staging Manager navigates to the client-list page it" name="should accept username input" time="0.308" />
  <testcase classname="When an Staging Manager navigates to the client-list page it" name="should yield match for search input if one exists" time="0.061" />
  <testcase classname="When an Staging Manager navigates to the client-list page it" name="should yield a match for a search regardless of case" time="0.457" />
  <testcase classname="When an Staging Manager navigates to the client-list page it" name="should be able to click a searched for client" time="0.286" />
  <testcase classname="When an Staging Manager navigates to the client-list page it" name="should be able to click View Data for all Clients" time="2.171" />
  <testcase classname="When an Staging Manager navigates to the client-list page it" name="should yield a match for a search string with spaces" time="0.416" />
  <testcase classname="When an Staging Manager navigates to the client-list page it" name="should yield a match for search input if many results exist" time="0.388" />
  <testcase classname="When an Staging Manager navigates to the client-list page it" name="should yield no matches if none exist" time="0.384" />
 </testsuite>
 <testsuite name="When an Delivery/Sales navigates to the client-list page it" timestamp="2018-10-29T14:53:23" hostname="localhost" time="9.493" errors="0" tests="9" skipped="0" disabled="0" failures="0">
  <testcase classname="When an Delivery/Sales navigates to the client-list page it" name="should navigate to the client-list page" time="3.805" />
  <testcase classname="When an Delivery/Sales navigates to the client-list page it" name="should accept username input" time="0.298" />
  <testcase classname="When an Delivery/Sales navigates to the client-list page it" name="should yield match for search input in one exists" time="0.065" />
  <testcase classname="When an Delivery/Sales navigates to the client-list page it" name="should yield a match for a search regardless of case" time="0.414" />
  <testcase classname="When an Delivery/Sales navigates to the client-list page it" name="should be able to click a searched for client" time="0.285" />
  <testcase classname="When an Delivery/Sales navigates to the client-list page it" name="should be able to click View Data for all Clients" time="2.105" />
  <testcase classname="When an Delivery/Sales navigates to the client-list page it" name="should yield a match for a search string with spaces" time="0.516" />
  <testcase classname="When an Delivery/Sales navigates to the client-list page it" name="should yield a match for search input if many results exist" time="0.387" />
  <testcase classname="When an Delivery/Sales navigates to the client-list page it" name="should yield no matches if none exist" time="0.402" />
 </testsuite>
 <testsuite name="the bactch-list tab" timestamp="2018-10-29T14:53:32" hostname="localhost" time="5.075" errors="0" tests="4" skipped="0" disabled="0" failures="0">
  <testcase classname="the bactch-list tab" name="should have a batch list table" time="0.391" />
  <testcase classname="the bactch-list tab" name="should have a start date input" time="0.903" />
  <testcase classname="the bactch-list tab" name="should have a end date input" time="0.059" />
  <testcase classname="the bactch-list tab" name="should have a pie cart" time="0.06" />
 </testsuite>
 <testsuite name="The All Batches table" timestamp="2018-10-29T14:53:37" hostname="localhost" time="6.353" errors="0" tests="3" skipped="0" disabled="0" failures="0">
  <testcase classname="The All Batches table" name="should direct you to a batch page" time="2.583" />
  <testcase classname="The All Batches table" name="should direct you to a batch page with a chart " time="0.059" />
  <testcase classname="The All Batches table" name="should direct you to a batch page with a table " time="0.058" />
 </testsuite>
 <testsuite name="When entering valid data into predictions filter it" timestamp="2018-10-29T14:53:44" hostname="localhost" time="4.886" errors="0" tests="5" skipped="0" disabled="0" failures="0">
  <testcase classname="When entering valid data into predictions filter it" name="should navigate to the predictions page" time="3.896" />
  <testcase classname="When entering valid data into predictions filter it" name="should allow user to input valid data" time="0.815" />
  <testcase classname="When entering valid data into predictions filter it" name="should provide a table with predictions" time="0.003" />
  <testcase classname="When entering valid data into predictions filter it" name="should provide the same number of rows entered into the filter" time="0.168" />
  <testcase classname="When entering valid data into predictions filter it" name="should provide details when prediction row is clicked" time="0.003" />
 </testsuite>
 <testsuite name="When entering valid data using all filters it" timestamp="2018-10-29T14:53:49" hostname="localhost" time="6.682" errors="0" tests="5" skipped="0" disabled="0" failures="0">
  <testcase classname="When entering valid data using all filters it" name="should navigate to the predictions page" time="2.249" />
  <testcase classname="When entering valid data using all filters it" name="should allow a user to input valid data and use all filters" time="4.198" />
  <testcase classname="When entering valid data using all filters it" name="should provide a table with predictions" time="0.004" />
  <testcase classname="When entering valid data using all filters it" name="should provide the same number of rows entered into the filter" time="0.208" />
  <testcase classname="When entering valid data using all filters it" name="should provide details when prediction row is clicked" time="0.002" />
 </testsuite>
 <testsuite name="When I enter a start date that is more current than the end date it" timestamp="2018-10-29T14:53:55" hostname="localhost" time="2.874" errors="0" tests="2" skipped="0" disabled="0" failures="0">
  <testcase classname="When I enter a start date that is more current than the end date it" name="should navigate to the predictions page" time="2.114" />
  <testcase classname="When I enter a start date that is more current than the end date it" name="should allow user to input a start date that is more current than the end date" time="0.754" />
 </testsuite>
</testsuites>