<?xml version="1.0" encoding="UTF-8" ?>
<testsuites disabled="0" errors="0" failures="0" tests="33" time="60.305">
 <testsuite name="login page element existences" timestamp="2018-05-31T16:28:46" hostname="localhost" time="7.821" errors="0" tests="6" skipped="0" disabled="0" failures="0">
  <testcase classname="login page element existences" name="should have a username input box" time="0.016" />
  <testcase classname="login page element existences" name="should have a password input box" time="0.07" />
  <testcase classname="login page element existences" name="should have a login button" time="0.002" />
  <testcase classname="login page element existences" name="should display proper placeholder: Username" time="0.108" />
  <testcase classname="login page element existences" name="should display proper placeholder: Password" time="0.091" />
  <testcase classname="login page element existences" name="should display proper value for button" time="0.16" />
 </testsuite>
 <testsuite name="Confirm login failures" timestamp="2018-05-31T16:28:54" hostname="localhost" time="5.16" errors="0" tests="2" skipped="0" disabled="0" failures="0">
  <testcase classname="Confirm login failures" name="should fail to log in when nothing is entered" time="0.509" />
  <testcase classname="Confirm login failures" name="should fail to login when incorrect credentials are entered" time="1.103" />
 </testsuite>
 <testsuite name="confirm login navigation" timestamp="2018-05-31T16:28:59" hostname="localhost" time="3.412" errors="0" tests="1" skipped="0" disabled="0" failures="0">
  <testcase classname="confirm login navigation" name="should reach the index page" time="1.223" />
 </testsuite>
 <testsuite name="When entering valid data into predictions filter it" timestamp="2018-05-31T16:29:03" hostname="localhost" time="2.95" errors="0" tests="5" skipped="0" disabled="0" failures="0">
  <testcase classname="When entering valid data into predictions filter it" name="should navigate to the predictions page" time="1.442" />
  <testcase classname="When entering valid data into predictions filter it" name="should allow user to input valid data" time="1.231" />
  <testcase classname="When entering valid data into predictions filter it" name="should provide a table with predictions" time="0.002" />
  <testcase classname="When entering valid data into predictions filter it" name="should provide the same number of rows entered into the filter" time="0.139" />
  <testcase classname="When entering valid data into predictions filter it" name="should provide details when the details button is pressed" time="0.133" />
 </testsuite>
 <testsuite name="When entering valid data using all filters it" timestamp="2018-05-31T16:29:06" hostname="localhost" time="3.491" errors="0" tests="4" skipped="0" disabled="0" failures="0">
  <testcase classname="When entering valid data using all filters it" name="should navigate to the predictions page" time="1.368" />
  <testcase classname="When entering valid data using all filters it" name="should allow a user to input valid data and use all filters" time="1.86" />
  <testcase classname="When entering valid data using all filters it" name="should provide the same number of rows entered into the filter" time="0.131" />
  <testcase classname="When entering valid data using all filters it" name="should provide details when the details button is pressed" time="0.13" />
 </testsuite>
 <testsuite name="When I enter a start date that is more current than the end date it" timestamp="2018-05-31T16:29:09" hostname="localhost" time="2.631" errors="0" tests="4" skipped="0" disabled="0" failures="0">
  <testcase classname="When I enter a start date that is more current than the end date it" name="should navigate to the predictions page" time="1.424" />
  <testcase classname="When I enter a start date that is more current than the end date it" name="should allow user to input a start date that is more current than the end date" time="0.968" />
  <testcase classname="When I enter a start date that is more current than the end date it" name="should yield 0 associates" time="0.173" />
  <testcase classname="When I enter a start date that is more current than the end date it" name="should have a negative amount in Difference" time="0.064" />
 </testsuite>
 <testsuite name="When I enter a very large numeric input it" timestamp="2018-05-31T16:29:12" hostname="localhost" time="3.316" errors="0" tests="4" skipped="0" disabled="0" failures="0">
  <testcase classname="When I enter a very large numeric input it" name="should navigate to the predictions page" time="1.683" />
  <testcase classname="When I enter a very large numeric input it" name="should allow user to input a very large number" time="1.494" />
  <testcase classname="When I enter a very large numeric input it" name="should yield some associates" time="0.082" />
  <testcase classname="When I enter a very large numeric input it" name="should have a negative amount in Difference" time="0.056" />
 </testsuite>
 <testsuite name="When navigating to the client-list page it" timestamp="2018-05-31T16:29:15" hostname="localhost" time="31.524" errors="0" tests="7" skipped="0" disabled="0" failures="0">
  <testcase classname="When navigating to the client-list page it" name="should navigate to the client-list page" time="3.137" />
  <testcase classname="When navigating to the client-list page it" name="should accept username input" time="0.359" />
  <testcase classname="When navigating to the client-list page it" name="should yield match for search input in one exists" time="6.754" />
  <testcase classname="When navigating to the client-list page it" name="should yield a match for a search regardless of case" time="3.789" />
  <testcase classname="When navigating to the client-list page it" name="should yield a match for search input if many results exist" time="7.028" />
  <testcase classname="When navigating to the client-list page it" name="should yield no matches if none exist" time="10.284" />
  <testcase classname="When navigating to the client-list page it" name="should logout" time="0.171" />
 </testsuite>
</testsuites>