<?xml version="1.0" encoding="UTF-8" ?>
<testsuites disabled="0" errors="0" failures="0" tests="28" time="58.899">
 <testsuite name="test assocation pagenation functionality" timestamp="2019-07-30T13:09:01" hostname="localhost" time="21.719" errors="0" tests="4" skipped="0" disabled="0" failures="0">
  <testcase classname="test assocation pagenation functionality" name="should log in" time="13.952" />
  <testcase classname="test assocation pagenation functionality" name="Go to associate list tab" time="4.603" />
  <testcase classname="test assocation pagenation functionality" name="Should load 60 or less associates." time="0.091" />
  <testcase classname="test assocation pagenation functionality" name="Should load more associate if page scrolls down and theres more than 60." time="3.069" />
 </testsuite>
 <testsuite name="tests searching on associates list tab..." timestamp="2019-07-30T13:09:23" hostname="localhost" time="9.194" errors="0" tests="6" skipped="0" disabled="0" failures="0">
  <testcase classname="tests searching on associates list tab..." name="should log in" time="1.878" />
  <testcase classname="tests searching on associates list tab..." name="Go to associate list tab" time="2.007" />
  <testcase classname="tests searching on associates list tab..." name="Test out search by name of associate" time="3.881" />
  <testcase classname="tests searching on associates list tab..." name="Clear the search input box" time="0.182" />
  <testcase classname="tests searching on associates list tab..." name="Test out search by last name" time="0.562" />
  <testcase classname="tests searching on associates list tab..." name="Clear out search input once more and logout" time="0.682" />
 </testsuite>
 <testsuite name="Testing associate list page further by changing search status." timestamp="2019-07-30T13:09:32" hostname="localhost" time="19.836" errors="0" tests="11" skipped="0" disabled="0" failures="0">
  <testcase classname="Testing associate list page further by changing search status." name="should log in" time="2.047" />
  <testcase classname="Testing associate list page further by changing search status." name="Go to associate list tab" time="1.982" />
  <testcase classname="Testing associate list page further by changing search status." name="Select mapped: training" time="2.145" />
  <testcase classname="Testing associate list page further by changing search status." name="Select mapped: reserved" time="3.613" />
  <testcase classname="Testing associate list page further by changing search status." name="Select MAPPED: SELECTED" time="3.316" />
  <testcase classname="Testing associate list page further by changing search status." name="Select MAPPED: CONFIRMED" time="3.201" />
  <testcase classname="Testing associate list page further by changing search status." name="Select UNMAPPED: TRAINING" time="0.596" />
  <testcase classname="Testing associate list page further by changing search status." name="Select UNMAPPED: OPEN" time="0.721" />
  <testcase classname="Testing associate list page further by changing search status." name="Select UNMAPPED: SELECTED" time="0.486" />
  <testcase classname="Testing associate list page further by changing search status." name="Select UNMAPPED: CONFIRMED" time="0.659" />
  <testcase classname="Testing associate list page further by changing search status." name="Select default" time="1.067" />
 </testsuite>
 <testsuite name="Testing associate list via Client Search" timestamp="2019-07-30T13:09:52" hostname="localhost" time="8.15" errors="0" tests="7" skipped="0" disabled="0" failures="0">
  <testcase classname="Testing associate list via Client Search" name="should log in" time="2.09" />
  <testcase classname="Testing associate list via Client Search" name="Go to associate list tab" time="2.046" />
  <testcase classname="Testing associate list via Client Search" name="Should select None" time="1.468" />
  <testcase classname="Testing associate list via Client Search" name="Should select 22nd Century Technologies" time="0.744" />
  <testcase classname="Testing associate list via Client Search" name="Should select 3 Edge USA Group, LLC" time="0.693" />
  <testcase classname="Testing associate list via Client Search" name="Should select 3 S Business Corporation Inc (, LLC" time="0.65" />
  <testcase classname="Testing associate list via Client Search" name="should log out" time="0.457" />
 </testsuite>
</testsuites>