<?xml version="1.0" encoding="UTF-8" ?>
<testsuites disabled="3" errors="0" failures="8" tests="117" time="112.274">
 <testsuite name="A new user should able to register" timestamp="2018-10-29T09:40:12" hostname="localhost" time="6.368" errors="0" tests="9" skipped="0" disabled="0" failures="1">
  <testcase classname="A new user should able to register" name="should navigate to the login page" time="3.769" />
  <testcase classname="A new user should able to register" name="allow user to click the register button" time="0.116" />
  <testcase classname="A new user should able to register" name="allow associate to enter a username" time="0.14" />
  <testcase classname="A new user should able to register" name="allow associate to enter a valid password" time="0.132" />
  <testcase classname="A new user should able to register" name="allow associate to re-enter a valid password" time="0.125" />
  <testcase classname="A new user should able to register" name="should allow associate to enter first name" time="0.114" />
  <testcase classname="A new user should able to register" name="should allow associate to enter last name" time="0.104" />
  <testcase classname="A new user should able to register" name="show allow associate to pick a role" time="0.092" />
  <testcase classname="A new user should able to register" name="should allow the user to register as an associate" time="0.258">
   <failure type="toContain" message="Expected &apos;Error: New Associate is not created!&apos; to contain &apos;Associate account creation successful.&apos;."><![CDATA[Error: Failed expectation
    at UserContext.<anonymous> (C:\Users\Segal\Desktop\Revature\project3\Updated\trackforce\NGTrackForce\e2e\register-associate\register-associate.e2e-spec.ts:69:63)
    at C:\Users\Segal\AppData\Roaming\npm\node_modules\protractor\node_modules\jasminewd2\index.js:112:25
    at new ManagedPromise (C:\Users\Segal\AppData\Roaming\npm\node_modules\protractor\node_modules\selenium-webdriver\lib\promise.js:1077:7)
    at ControlFlow.promise (C:\Users\Segal\AppData\Roaming\npm\node_modules\protractor\node_modules\selenium-webdriver\lib\promise.js:2505:12)
    at schedulerExecute (C:\Users\Segal\AppData\Roaming\npm\node_modules\protractor\node_modules\jasminewd2\index.js:95:18)
    at TaskQueue.execute_ (C:\Users\Segal\AppData\Roaming\npm\node_modules\protractor\node_modules\selenium-webdriver\lib\promise.js:3084:14)
    at TaskQueue.executeNext_ (C:\Users\Segal\AppData\Roaming\npm\node_modules\protractor\node_modules\selenium-webdriver\lib\promise.js:3067:27)
    at asyncRun (C:\Users\Segal\AppData\Roaming\npm\node_modules\protractor\node_modules\selenium-webdriver\lib\promise.js:2974:25)
    at C:\Users\Segal\AppData\Roaming\npm\node_modules\protractor\node_modules\selenium-webdriver\lib\promise.js:668:7]]>
   </failure>
  </testcase>
 </testsuite>
 <testsuite name="A new user should not be able to register with a short username" timestamp="2018-10-29T09:40:18" hostname="localhost" time="2.487" errors="0" tests="2" skipped="0" disabled="0" failures="0">
  <testcase classname="A new user should not be able to register with a short username" name="allow associate to enter an invalid username" time="0.103" />
  <testcase classname="A new user should not be able to register with a short username" name="should not allow the user to register with an invalid username" time="0.132" />
 </testsuite>
 <testsuite name="A new user should not be able to register with a weak password" timestamp="2018-10-29T09:40:21" hostname="localhost" time="2.671" errors="0" tests="3" skipped="0" disabled="0" failures="0">
  <testcase classname="A new user should not be able to register with a weak password" name="allow associate to enter an invalid password" time="0.126" />
  <testcase classname="A new user should not be able to register with a weak password" name="allow associate to re-enter an invalid password" time="0.127" />
  <testcase classname="A new user should not be able to register with a weak password" name="should not allow the user to register with an invalid password" time="0.12" />
 </testsuite>
 <testsuite name="A new user should not be able to register with a mismatched paswords" timestamp="2018-10-29T09:40:23" hostname="localhost" time="2.534" errors="0" tests="2" skipped="0" disabled="0" failures="0">
  <testcase classname="A new user should not be able to register with a mismatched paswords" name="allow associate to enter an different password" time="0.116" />
  <testcase classname="A new user should not be able to register with a mismatched paswords" name="should not allow the user to register with an invalid username" time="0.117" />
 </testsuite>
 <testsuite name="A new user should not be able to register with a mismatched paswords" timestamp="2018-10-29T09:40:26" hostname="localhost" time="2.445" errors="0" tests="1" skipped="0" disabled="0" failures="0">
  <testcase classname="A new user should not be able to register with a mismatched paswords" name="should not allow the user to register without selecting a role " time="0.128" />
 </testsuite>
 <testsuite name="login page element existences" timestamp="2018-10-29T09:40:28" hostname="localhost" time="1.028" errors="0" tests="6" skipped="0" disabled="0" failures="0">
  <testcase classname="login page element existences" name="should have a username input box" time="0.013" />
  <testcase classname="login page element existences" name="should have a password input box" time="0.002" />
  <testcase classname="login page element existences" name="should have a login button" time="0.001" />
  <testcase classname="login page element existences" name="should display proper placeholder: Username" time="0.039" />
  <testcase classname="login page element existences" name="should display proper placeholder: Password" time="0.036" />
  <testcase classname="login page element existences" name="should display proper value for button" time="0.045" />
 </testsuite>
 <testsuite name="Confirm login failures" timestamp="2018-10-29T09:40:29" hostname="localhost" time="1.483" errors="0" tests="2" skipped="0" disabled="0" failures="1">
  <testcase classname="Confirm login failures" name="should fail to log in when nothing is entered" time="0.127" />
  <testcase classname="Confirm login failures" name="should fail to login when incorrect credentials are entered" time="0.376">
   <failure type="toContain" message="Expected &apos;The login service could not be reached&apos; to contain &apos;Invalid username and/or password&apos;."><![CDATA[Error: Failed expectation
    at UserContext.<anonymous> (C:\Users\Segal\Desktop\Revature\project3\Updated\trackforce\NGTrackForce\e2e\login\login.e2e-spec.ts:70:43)
    at C:\Users\Segal\AppData\Roaming\npm\node_modules\protractor\node_modules\jasminewd2\index.js:112:25
    at new ManagedPromise (C:\Users\Segal\AppData\Roaming\npm\node_modules\protractor\node_modules\selenium-webdriver\lib\promise.js:1077:7)
    at ControlFlow.promise (C:\Users\Segal\AppData\Roaming\npm\node_modules\protractor\node_modules\selenium-webdriver\lib\promise.js:2505:12)
    at schedulerExecute (C:\Users\Segal\AppData\Roaming\npm\node_modules\protractor\node_modules\jasminewd2\index.js:95:18)
    at TaskQueue.execute_ (C:\Users\Segal\AppData\Roaming\npm\node_modules\protractor\node_modules\selenium-webdriver\lib\promise.js:3084:14)
    at TaskQueue.executeNext_ (C:\Users\Segal\AppData\Roaming\npm\node_modules\protractor\node_modules\selenium-webdriver\lib\promise.js:3067:27)
    at asyncRun (C:\Users\Segal\AppData\Roaming\npm\node_modules\protractor\node_modules\selenium-webdriver\lib\promise.js:2974:25)
    at C:\Users\Segal\AppData\Roaming\npm\node_modules\protractor\node_modules\selenium-webdriver\lib\promise.js:668:7]]>
   </failure>
  </testcase>
 </testsuite>
 <testsuite name="Login in with proper credentials" timestamp="2018-10-29T09:40:31" hostname="localhost" time="11.858" errors="0" tests="5" skipped="1" disabled="0" failures="2">
  <testcase classname="Login in with proper credentials" name="should be able to login in with admin credentials and reach the admin page" time="2.455">
   <failure type="toEqual" message="Expected &apos;http://ec2-34-227-178-103.compute-1.amazonaws.com:8090/NGTrackForce/login&apos; to equal &apos;http://ec2-34-227-178-103.compute-1.amazonaws.com:8090/NGTrackForce/app-home&apos;."><![CDATA[Error: Failed expectation
    at UserContext.<anonymous> (C:\Users\Segal\Desktop\Revature\project3\Updated\trackforce\NGTrackForce\e2e\login\login.e2e-spec.ts:91:34)
    at C:\Users\Segal\AppData\Roaming\npm\node_modules\protractor\node_modules\jasminewd2\index.js:112:25
    at new ManagedPromise (C:\Users\Segal\AppData\Roaming\npm\node_modules\protractor\node_modules\selenium-webdriver\lib\promise.js:1077:7)
    at ControlFlow.promise (C:\Users\Segal\AppData\Roaming\npm\node_modules\protractor\node_modules\selenium-webdriver\lib\promise.js:2505:12)
    at schedulerExecute (C:\Users\Segal\AppData\Roaming\npm\node_modules\protractor\node_modules\jasminewd2\index.js:95:18)
    at TaskQueue.execute_ (C:\Users\Segal\AppData\Roaming\npm\node_modules\protractor\node_modules\selenium-webdriver\lib\promise.js:3084:14)
    at TaskQueue.executeNext_ (C:\Users\Segal\AppData\Roaming\npm\node_modules\protractor\node_modules\selenium-webdriver\lib\promise.js:3067:27)
    at asyncRun (C:\Users\Segal\AppData\Roaming\npm\node_modules\protractor\node_modules\selenium-webdriver\lib\promise.js:2974:25)
    at C:\Users\Segal\AppData\Roaming\npm\node_modules\protractor\node_modules\selenium-webdriver\lib\promise.js:668:7]]>
   </failure>
  </testcase>
  <testcase classname="Login in with proper credentials" name="should be able to login in with associate credentials and reach the associate page" time="0.001">
   <skipped message="Temporarily disabled with xit" />
  </testcase>
  <testcase classname="Login in with proper credentials" name="should be able to login in with Manager credentials and reach the Admin page" time="3.041" />
  <testcase classname="Login in with proper credentials" name="should be able to login in with Trainer credentials and reach the Trainer page" time="1.6">
   <failure type="toEqual" message="Expected &apos;http://ec2-34-227-178-103.compute-1.amazonaws.com:8090/NGTrackForce/login&apos; to equal &apos;http://ec2-34-227-178-103.compute-1.amazonaws.com:8090/NGTrackForce/trainer-view&apos;."><![CDATA[Error: Failed expectation
    at UserContext.<anonymous> (C:\Users\Segal\Desktop\Revature\project3\Updated\trackforce\NGTrackForce\e2e\login\login.e2e-spec.ts:106:34)
    at C:\Users\Segal\AppData\Roaming\npm\node_modules\protractor\node_modules\jasminewd2\index.js:112:25
    at new ManagedPromise (C:\Users\Segal\AppData\Roaming\npm\node_modules\protractor\node_modules\selenium-webdriver\lib\promise.js:1077:7)
    at ControlFlow.promise (C:\Users\Segal\AppData\Roaming\npm\node_modules\protractor\node_modules\selenium-webdriver\lib\promise.js:2505:12)
    at schedulerExecute (C:\Users\Segal\AppData\Roaming\npm\node_modules\protractor\node_modules\jasminewd2\index.js:95:18)
    at TaskQueue.execute_ (C:\Users\Segal\AppData\Roaming\npm\node_modules\protractor\node_modules\selenium-webdriver\lib\promise.js:3084:14)
    at TaskQueue.executeNext_ (C:\Users\Segal\AppData\Roaming\npm\node_modules\protractor\node_modules\selenium-webdriver\lib\promise.js:3067:27)
    at asyncRun (C:\Users\Segal\AppData\Roaming\npm\node_modules\protractor\node_modules\selenium-webdriver\lib\promise.js:2974:25)
    at C:\Users\Segal\AppData\Roaming\npm\node_modules\protractor\node_modules\selenium-webdriver\lib\promise.js:668:7]]>
   </failure>
  </testcase>
  <testcase classname="Login in with proper credentials" name="should be able to login in with Sales Team credentials and reach the Admin page" time="3.098" />
 </testsuite>
 <testsuite name="The admin navbar is functional" timestamp="2018-10-29T09:40:43" hostname="localhost" time="8.329" errors="0" tests="8" skipped="0" disabled="0" failures="0">
  <testcase classname="The admin navbar is functional" name="should navigate to home page" time="1.279" />
  <testcase classname="The admin navbar is functional" name="should navigate to client list page" time="1.528" />
  <testcase classname="The admin navbar is functional" name="should navigate to batch list page" time="0.433" />
  <testcase classname="The admin navbar is functional" name="should navigate to associate lising" time="1.537" />
  <testcase classname="The admin navbar is functional" name="should navigate to predictions" time="0.805" />
  <testcase classname="The admin navbar is functional" name="should navigate to create user" time="0.224" />
  <testcase classname="The admin navbar is functional" name="should navigate to salesforce" time="0.203" />
  <testcase classname="The admin navbar is functional" name="should be able to logout" time="1.081" />
 </testsuite>
 <testsuite name="The Asscoiate navbar is functional" timestamp="2018-10-29T09:40:51" hostname="localhost" time="0.001" errors="0" tests="3" skipped="0" disabled="3" failures="0">
  <testcase classname="The Asscoiate navbar is functional" name="should navigate to home page" time="0">
   <skipped />
  </testcase>
  <testcase classname="The Asscoiate navbar is functional" name="should navigate to My Interviews" time="0">
   <skipped />
  </testcase>
  <testcase classname="The Asscoiate navbar is functional" name="should be able to logout" time="0.001">
   <skipped />
  </testcase>
 </testsuite>
 <testsuite name="The Staging Manager navbar is functional" timestamp="2018-10-29T09:40:51" hostname="localhost" time="7.588" errors="0" tests="7" skipped="0" disabled="0" failures="0">
  <testcase classname="The Staging Manager navbar is functional" name="should navigate to home page" time="1.15" />
  <testcase classname="The Staging Manager navbar is functional" name="should navigate to client list page" time="1.317" />
  <testcase classname="The Staging Manager navbar is functional" name="should navigate to batch list page" time="0.48" />
  <testcase classname="The Staging Manager navbar is functional" name="should navigate to associate lising" time="1.41" />
  <testcase classname="The Staging Manager navbar is functional" name="should navigate to predictions" time="0.777" />
  <testcase classname="The Staging Manager navbar is functional" name="should navigate to create user" time="0.176" />
  <testcase classname="The Staging Manager navbar is functional" name="should be able to logout" time="1.033" />
 </testsuite>
 <testsuite name="The Trainer navbar is functional" timestamp="2018-10-29T09:40:59" hostname="localhost" time="3.642" errors="0" tests="4" skipped="0" disabled="0" failures="1">
  <testcase classname="The Trainer navbar is functional" name="should navigate to home page" time="0.16">
   <failure type="exception" message="Failed: No element found using locator: By(css selector, *[id=&quot;home&quot;])"><![CDATA[NoSuchElementError: No element found using locator: By(css selector, *[id="home"])
    at elementArrayFinder.getWebElements.then (C:\Users\Segal\AppData\Roaming\npm\node_modules\protractor\built\element.js:814:27)
    at ManagedPromise.invokeCallback_ (C:\Users\Segal\AppData\Roaming\npm\node_modules\protractor\node_modules\selenium-webdriver\lib\promise.js:1376:14)
    at TaskQueue.execute_ (C:\Users\Segal\AppData\Roaming\npm\node_modules\protractor\node_modules\selenium-webdriver\lib\promise.js:3084:14)
    at TaskQueue.executeNext_ (C:\Users\Segal\AppData\Roaming\npm\node_modules\protractor\node_modules\selenium-webdriver\lib\promise.js:3067:27)
    at asyncRun (C:\Users\Segal\AppData\Roaming\npm\node_modules\protractor\node_modules\selenium-webdriver\lib\promise.js:2927:27)
    at C:\Users\Segal\AppData\Roaming\npm\node_modules\protractor\node_modules\selenium-webdriver\lib\promise.js:668:7
    at <anonymous>
    at process._tickCallback (internal/process/next_tick.js:189:7)Error
    at ElementArrayFinder.applyAction_ (C:\Users\Segal\AppData\Roaming\npm\node_modules\protractor\built\element.js:459:27)
    at ElementArrayFinder.(anonymous function).args [as click] (C:\Users\Segal\AppData\Roaming\npm\node_modules\protractor\built\element.js:91:29)
    at ElementFinder.(anonymous function).args [as click] (C:\Users\Segal\AppData\Roaming\npm\node_modules\protractor\built\element.js:831:22)
    at Navbar.goToTrainerHome (C:\Users\Segal\Desktop\Revature\project3\Updated\trackforce\NGTrackForce\e2e\navbar\navbar.po.ts:17:30)
    at UserContext.<anonymous> (C:\Users\Segal\Desktop\Revature\project3\Updated\trackforce\NGTrackForce\e2e\navbar\navbar.e2e-spec.ts:157:16)
    at C:\Users\Segal\AppData\Roaming\npm\node_modules\protractor\node_modules\jasminewd2\index.js:112:25
    at new ManagedPromise (C:\Users\Segal\AppData\Roaming\npm\node_modules\protractor\node_modules\selenium-webdriver\lib\promise.js:1077:7)
    at ControlFlow.promise (C:\Users\Segal\AppData\Roaming\npm\node_modules\protractor\node_modules\selenium-webdriver\lib\promise.js:2505:12)
    at schedulerExecute (C:\Users\Segal\AppData\Roaming\npm\node_modules\protractor\node_modules\jasminewd2\index.js:95:18)
    at TaskQueue.execute_ (C:\Users\Segal\AppData\Roaming\npm\node_modules\protractor\node_modules\selenium-webdriver\lib\promise.js:3084:14)
From: Task: Run it("should navigate to home page") in control flow
    at UserContext.<anonymous> (C:\Users\Segal\AppData\Roaming\npm\node_modules\protractor\node_modules\jasminewd2\index.js:94:19)
    at attempt (C:\Users\Segal\AppData\Roaming\npm\node_modules\protractor\node_modules\jasmine-core\lib\jasmine-core\jasmine.js:4297:26)
    at QueueRunner.run (C:\Users\Segal\AppData\Roaming\npm\node_modules\protractor\node_modules\jasmine-core\lib\jasmine-core\jasmine.js:4217:20)
    at QueueRunner.execute (C:\Users\Segal\AppData\Roaming\npm\node_modules\protractor\node_modules\jasmine-core\lib\jasmine-core\jasmine.js:4199:10)
    at Spec.queueRunnerFactory (C:\Users\Segal\AppData\Roaming\npm\node_modules\protractor\node_modules\jasmine-core\lib\jasmine-core\jasmine.js:909:35)
    at Spec.execute (C:\Users\Segal\AppData\Roaming\npm\node_modules\protractor\node_modules\jasmine-core\lib\jasmine-core\jasmine.js:526:10)
    at UserContext.fn (C:\Users\Segal\AppData\Roaming\npm\node_modules\protractor\node_modules\jasmine-core\lib\jasmine-core\jasmine.js:5340:37)
    at attempt (C:\Users\Segal\AppData\Roaming\npm\node_modules\protractor\node_modules\jasmine-core\lib\jasmine-core\jasmine.js:4297:26)
    at QueueRunner.run (C:\Users\Segal\AppData\Roaming\npm\node_modules\protractor\node_modules\jasmine-core\lib\jasmine-core\jasmine.js:4217:20)
    at runNext (C:\Users\Segal\AppData\Roaming\npm\node_modules\protractor\node_modules\jasmine-core\lib\jasmine-core\jasmine.js:4257:20)
From asynchronous test: 
Error
    at Suite.<anonymous> (C:\Users\Segal\Desktop\Revature\project3\Updated\trackforce\NGTrackForce\e2e\navbar\navbar.e2e-spec.ts:156:5)
    at addSpecsToSuite (C:\Users\Segal\AppData\Roaming\npm\node_modules\protractor\node_modules\jasmine-core\lib\jasmine-core\jasmine.js:1107:25)
    at Env.describe (C:\Users\Segal\AppData\Roaming\npm\node_modules\protractor\node_modules\jasmine-core\lib\jasmine-core\jasmine.js:1074:7)
    at describe (C:\Users\Segal\AppData\Roaming\npm\node_modules\protractor\node_modules\jasmine-core\lib\jasmine-core\jasmine.js:4399:18)
    at Object.<anonymous> (C:\Users\Segal\Desktop\Revature\project3\Updated\trackforce\NGTrackForce\e2e\navbar\navbar.e2e-spec.ts:145:1)
    at Module._compile (module.js:653:30)
    at Module.m._compile (C:\Users\Segal\Desktop\Revature\project3\Updated\trackforce\NGTrackForce\node_modules\ts-node\src\index.ts:422:23)
    at Module._extensions..js (module.js:664:10)
    at Object.require.extensions.(anonymous function) [as .ts] (C:\Users\Segal\Desktop\Revature\project3\Updated\trackforce\NGTrackForce\node_modules\ts-node\src\index.ts:425:12)]]>
   </failure>
  </testcase>
  <testcase classname="The Trainer navbar is functional" name="should navigate to batch list page" time="0.584" />
  <testcase classname="The Trainer navbar is functional" name="should navigate to associate lising" time="0.553" />
  <testcase classname="The Trainer navbar is functional" name="should be able to logout" time="1.103" />
 </testsuite>
 <testsuite name="The Delivery/Sales navbar is functional" timestamp="2018-10-29T09:41:02" hostname="localhost" time="7.752" errors="0" tests="7" skipped="0" disabled="0" failures="0">
  <testcase classname="The Delivery/Sales navbar is functional" name="should navigate to home page" time="1.175" />
  <testcase classname="The Delivery/Sales navbar is functional" name="should navigate to client list page" time="1.33" />
  <testcase classname="The Delivery/Sales navbar is functional" name="should navigate to batch list page" time="0.41" />
  <testcase classname="The Delivery/Sales navbar is functional" name="should navigate to associate lising" time="1.52" />
  <testcase classname="The Delivery/Sales navbar is functional" name="should navigate to predictions" time="0.776" />
  <testcase classname="The Delivery/Sales navbar is functional" name="should navigate to create user" time="0.184" />
  <testcase classname="The Delivery/Sales navbar is functional" name="should be able to logout" time="1.077" />
 </testsuite>
 <testsuite name="The create-user page " timestamp="2018-10-29T09:41:10" hostname="localhost" time="3.572" errors="0" tests="8" skipped="0" disabled="0" failures="0">
  <testcase classname="The create-user page " name="should accept username input" time="0.121" />
  <testcase classname="The create-user page " name="should accept password input" time="0.132" />
  <testcase classname="The create-user page " name="should accept password confirmation input" time="0.122" />
  <testcase classname="The create-user page " name="should select admin radio button" time="0.11" />
  <testcase classname="The create-user page " name="should select trainer radio button" time="0.125" />
  <testcase classname="The create-user page " name="should select associate radio button" time="0.135" />
  <testcase classname="The create-user page " name="should select staging manager radio button" time="0.123" />
  <testcase classname="The create-user page " name="should select delivery radio button" time="0.121" />
 </testsuite>
 <testsuite name="An Admin" timestamp="2018-10-29T09:41:14" hostname="localhost" time="4.794" errors="0" tests="5" skipped="4" disabled="0" failures="1">
  <testcase classname="An Admin" name="should be able to create an admin" time="0.001">
   <skipped message="Temporarily disabled with xit" />
  </testcase>
  <testcase classname="An Admin" name="should be able to create a trainer" time="2.354">
   <failure type="toContain" message="Expected &apos;Error: new user not created!&apos; to contain &apos;User created successfully&apos;."><![CDATA[Error: Failed expectation
    at UserContext.<anonymous> (C:\Users\Segal\Desktop\Revature\project3\Updated\trackforce\NGTrackForce\e2e\create-user\create-user.e2e-spec.ts:103:49)
    at C:\Users\Segal\AppData\Roaming\npm\node_modules\protractor\node_modules\jasminewd2\index.js:112:25
    at new ManagedPromise (C:\Users\Segal\AppData\Roaming\npm\node_modules\protractor\node_modules\selenium-webdriver\lib\promise.js:1077:7)
    at ControlFlow.promise (C:\Users\Segal\AppData\Roaming\npm\node_modules\protractor\node_modules\selenium-webdriver\lib\promise.js:2505:12)
    at schedulerExecute (C:\Users\Segal\AppData\Roaming\npm\node_modules\protractor\node_modules\jasminewd2\index.js:95:18)
    at TaskQueue.execute_ (C:\Users\Segal\AppData\Roaming\npm\node_modules\protractor\node_modules\selenium-webdriver\lib\promise.js:3084:14)
    at TaskQueue.executeNext_ (C:\Users\Segal\AppData\Roaming\npm\node_modules\protractor\node_modules\selenium-webdriver\lib\promise.js:3067:27)
    at asyncRun (C:\Users\Segal\AppData\Roaming\npm\node_modules\protractor\node_modules\selenium-webdriver\lib\promise.js:2974:25)
    at C:\Users\Segal\AppData\Roaming\npm\node_modules\protractor\node_modules\selenium-webdriver\lib\promise.js:668:7]]>
   </failure>
  </testcase>
  <testcase classname="An Admin" name="should be able to create a associate" time="0.002">
   <skipped message="Temporarily disabled with xit" />
  </testcase>
  <testcase classname="An Admin" name="should be able to create a staging manager" time="0.002">
   <skipped message="Temporarily disabled with xit" />
  </testcase>
  <testcase classname="An Admin" name="should be able to create a delivery " time="0">
   <skipped message="Temporarily disabled with xit" />
  </testcase>
 </testsuite>
 <testsuite name="A Staging Manager" timestamp="2018-10-29T09:41:18" hostname="localhost" time="4.224" errors="0" tests="4" skipped="3" disabled="0" failures="1">
  <testcase classname="A Staging Manager" name="should be able to create a trainer" time="1.789">
   <failure type="exception" message="Failed: No element found using locator: By(css selector, body &gt; app-component &gt; div &gt; app-create-user &gt; form &gt; fieldset:nth-child(2) &gt; div)"><![CDATA[NoSuchElementError: No element found using locator: By(css selector, body > app-component > div > app-create-user > form > fieldset:nth-child(2) > div)
    at elementArrayFinder.getWebElements.then (C:\Users\Segal\AppData\Roaming\npm\node_modules\protractor\built\element.js:814:27)
    at ManagedPromise.invokeCallback_ (C:\Users\Segal\AppData\Roaming\npm\node_modules\protractor\node_modules\selenium-webdriver\lib\promise.js:1376:14)
    at TaskQueue.execute_ (C:\Users\Segal\AppData\Roaming\npm\node_modules\protractor\node_modules\selenium-webdriver\lib\promise.js:3084:14)
    at TaskQueue.executeNext_ (C:\Users\Segal\AppData\Roaming\npm\node_modules\protractor\node_modules\selenium-webdriver\lib\promise.js:3067:27)
    at asyncRun (C:\Users\Segal\AppData\Roaming\npm\node_modules\protractor\node_modules\selenium-webdriver\lib\promise.js:2927:27)
    at C:\Users\Segal\AppData\Roaming\npm\node_modules\protractor\node_modules\selenium-webdriver\lib\promise.js:668:7
    at <anonymous>
    at process._tickCallback (internal/process/next_tick.js:189:7)Error
    at ElementArrayFinder.applyAction_ (C:\Users\Segal\AppData\Roaming\npm\node_modules\protractor\built\element.js:459:27)
    at ElementArrayFinder.(anonymous function).args [as getText] (C:\Users\Segal\AppData\Roaming\npm\node_modules\protractor\built\element.js:91:29)
    at ElementFinder.(anonymous function).args [as getText] (C:\Users\Segal\AppData\Roaming\npm\node_modules\protractor\built\element.js:831:22)
    at UserContext.<anonymous> (C:\Users\Segal\Desktop\Revature\project3\Updated\trackforce\NGTrackForce\e2e\create-user\create-user.e2e-spec.ts:153:38)
    at C:\Users\Segal\AppData\Roaming\npm\node_modules\protractor\node_modules\jasminewd2\index.js:112:25
    at new ManagedPromise (C:\Users\Segal\AppData\Roaming\npm\node_modules\protractor\node_modules\selenium-webdriver\lib\promise.js:1077:7)
    at ControlFlow.promise (C:\Users\Segal\AppData\Roaming\npm\node_modules\protractor\node_modules\selenium-webdriver\lib\promise.js:2505:12)
    at schedulerExecute (C:\Users\Segal\AppData\Roaming\npm\node_modules\protractor\node_modules\jasminewd2\index.js:95:18)
    at TaskQueue.execute_ (C:\Users\Segal\AppData\Roaming\npm\node_modules\protractor\node_modules\selenium-webdriver\lib\promise.js:3084:14)
    at TaskQueue.executeNext_ (C:\Users\Segal\AppData\Roaming\npm\node_modules\protractor\node_modules\selenium-webdriver\lib\promise.js:3067:27)
From: Task: Run it("should be able to create a trainer") in control flow
    at UserContext.<anonymous> (C:\Users\Segal\AppData\Roaming\npm\node_modules\protractor\node_modules\jasminewd2\index.js:94:19)
    at attempt (C:\Users\Segal\AppData\Roaming\npm\node_modules\protractor\node_modules\jasmine-core\lib\jasmine-core\jasmine.js:4297:26)
    at QueueRunner.run (C:\Users\Segal\AppData\Roaming\npm\node_modules\protractor\node_modules\jasmine-core\lib\jasmine-core\jasmine.js:4217:20)
    at runNext (C:\Users\Segal\AppData\Roaming\npm\node_modules\protractor\node_modules\jasmine-core\lib\jasmine-core\jasmine.js:4257:20)
    at C:\Users\Segal\AppData\Roaming\npm\node_modules\protractor\node_modules\jasmine-core\lib\jasmine-core\jasmine.js:4264:13
    at C:\Users\Segal\AppData\Roaming\npm\node_modules\protractor\node_modules\jasmine-core\lib\jasmine-core\jasmine.js:4172:9
    at C:\Users\Segal\AppData\Roaming\npm\node_modules\protractor\node_modules\jasminewd2\index.js:64:48
    at ControlFlow.emit (C:\Users\Segal\AppData\Roaming\npm\node_modules\protractor\node_modules\selenium-webdriver\lib\events.js:62:21)
    at ControlFlow.shutdown_ (C:\Users\Segal\AppData\Roaming\npm\node_modules\protractor\node_modules\selenium-webdriver\lib\promise.js:2674:10)
    at shutdownTask_.MicroTask (C:\Users\Segal\AppData\Roaming\npm\node_modules\protractor\node_modules\selenium-webdriver\lib\promise.js:2599:53)
From asynchronous test: 
Error
    at Suite.<anonymous> (C:\Users\Segal\Desktop\Revature\project3\Updated\trackforce\NGTrackForce\e2e\create-user\create-user.e2e-spec.ts:150:5)
    at addSpecsToSuite (C:\Users\Segal\AppData\Roaming\npm\node_modules\protractor\node_modules\jasmine-core\lib\jasmine-core\jasmine.js:1107:25)
    at Env.describe (C:\Users\Segal\AppData\Roaming\npm\node_modules\protractor\node_modules\jasmine-core\lib\jasmine-core\jasmine.js:1074:7)
    at describe (C:\Users\Segal\AppData\Roaming\npm\node_modules\protractor\node_modules\jasmine-core\lib\jasmine-core\jasmine.js:4399:18)
    at Object.<anonymous> (C:\Users\Segal\Desktop\Revature\project3\Updated\trackforce\NGTrackForce\e2e\create-user\create-user.e2e-spec.ts:129:1)
    at Module._compile (module.js:653:30)
    at Module.m._compile (C:\Users\Segal\Desktop\Revature\project3\Updated\trackforce\NGTrackForce\node_modules\ts-node\src\index.ts:422:23)
    at Module._extensions..js (module.js:664:10)
    at Object.require.extensions.(anonymous function) [as .ts] (C:\Users\Segal\Desktop\Revature\project3\Updated\trackforce\NGTrackForce\node_modules\ts-node\src\index.ts:425:12)]]>
   </failure>
  </testcase>
  <testcase classname="A Staging Manager" name="should be able to create a associate" time="0.001">
   <skipped message="Temporarily disabled with xit" />
  </testcase>
  <testcase classname="A Staging Manager" name="should be able to create a staging manager" time="0.002">
   <skipped message="Temporarily disabled with xit" />
  </testcase>
  <testcase classname="A Staging Manager" name="should be able to create a delivery " time="0">
   <skipped message="Temporarily disabled with xit" />
  </testcase>
 </testsuite>
 <testsuite name="A Staging Manager" timestamp="2018-10-29T09:41:23" hostname="localhost" time="4.333" errors="0" tests="4" skipped="3" disabled="0" failures="1">
  <testcase classname="A Staging Manager" name="should be able to create a trainer" time="1.743">
   <failure type="exception" message="Failed: No element found using locator: By(css selector, body &gt; app-component &gt; div &gt; app-create-user &gt; form &gt; fieldset:nth-child(2) &gt; div)"><![CDATA[NoSuchElementError: No element found using locator: By(css selector, body > app-component > div > app-create-user > form > fieldset:nth-child(2) > div)
    at elementArrayFinder.getWebElements.then (C:\Users\Segal\AppData\Roaming\npm\node_modules\protractor\built\element.js:814:27)
    at ManagedPromise.invokeCallback_ (C:\Users\Segal\AppData\Roaming\npm\node_modules\protractor\node_modules\selenium-webdriver\lib\promise.js:1376:14)
    at TaskQueue.execute_ (C:\Users\Segal\AppData\Roaming\npm\node_modules\protractor\node_modules\selenium-webdriver\lib\promise.js:3084:14)
    at TaskQueue.executeNext_ (C:\Users\Segal\AppData\Roaming\npm\node_modules\protractor\node_modules\selenium-webdriver\lib\promise.js:3067:27)
    at asyncRun (C:\Users\Segal\AppData\Roaming\npm\node_modules\protractor\node_modules\selenium-webdriver\lib\promise.js:2927:27)
    at C:\Users\Segal\AppData\Roaming\npm\node_modules\protractor\node_modules\selenium-webdriver\lib\promise.js:668:7
    at <anonymous>
    at process._tickCallback (internal/process/next_tick.js:189:7)Error
    at ElementArrayFinder.applyAction_ (C:\Users\Segal\AppData\Roaming\npm\node_modules\protractor\built\element.js:459:27)
    at ElementArrayFinder.(anonymous function).args [as getText] (C:\Users\Segal\AppData\Roaming\npm\node_modules\protractor\built\element.js:91:29)
    at ElementFinder.(anonymous function).args [as getText] (C:\Users\Segal\AppData\Roaming\npm\node_modules\protractor\built\element.js:831:22)
    at UserContext.<anonymous> (C:\Users\Segal\Desktop\Revature\project3\Updated\trackforce\NGTrackForce\e2e\create-user\create-user.e2e-spec.ts:203:38)
    at C:\Users\Segal\AppData\Roaming\npm\node_modules\protractor\node_modules\jasminewd2\index.js:112:25
    at new ManagedPromise (C:\Users\Segal\AppData\Roaming\npm\node_modules\protractor\node_modules\selenium-webdriver\lib\promise.js:1077:7)
    at ControlFlow.promise (C:\Users\Segal\AppData\Roaming\npm\node_modules\protractor\node_modules\selenium-webdriver\lib\promise.js:2505:12)
    at schedulerExecute (C:\Users\Segal\AppData\Roaming\npm\node_modules\protractor\node_modules\jasminewd2\index.js:95:18)
    at TaskQueue.execute_ (C:\Users\Segal\AppData\Roaming\npm\node_modules\protractor\node_modules\selenium-webdriver\lib\promise.js:3084:14)
    at TaskQueue.executeNext_ (C:\Users\Segal\AppData\Roaming\npm\node_modules\protractor\node_modules\selenium-webdriver\lib\promise.js:3067:27)
From: Task: Run it("should be able to create a trainer") in control flow
    at UserContext.<anonymous> (C:\Users\Segal\AppData\Roaming\npm\node_modules\protractor\node_modules\jasminewd2\index.js:94:19)
    at attempt (C:\Users\Segal\AppData\Roaming\npm\node_modules\protractor\node_modules\jasmine-core\lib\jasmine-core\jasmine.js:4297:26)
    at QueueRunner.run (C:\Users\Segal\AppData\Roaming\npm\node_modules\protractor\node_modules\jasmine-core\lib\jasmine-core\jasmine.js:4217:20)
    at runNext (C:\Users\Segal\AppData\Roaming\npm\node_modules\protractor\node_modules\jasmine-core\lib\jasmine-core\jasmine.js:4257:20)
    at C:\Users\Segal\AppData\Roaming\npm\node_modules\protractor\node_modules\jasmine-core\lib\jasmine-core\jasmine.js:4264:13
    at C:\Users\Segal\AppData\Roaming\npm\node_modules\protractor\node_modules\jasmine-core\lib\jasmine-core\jasmine.js:4172:9
    at C:\Users\Segal\AppData\Roaming\npm\node_modules\protractor\node_modules\jasminewd2\index.js:64:48
    at ControlFlow.emit (C:\Users\Segal\AppData\Roaming\npm\node_modules\protractor\node_modules\selenium-webdriver\lib\events.js:62:21)
    at ControlFlow.shutdown_ (C:\Users\Segal\AppData\Roaming\npm\node_modules\protractor\node_modules\selenium-webdriver\lib\promise.js:2674:10)
    at shutdownTask_.MicroTask (C:\Users\Segal\AppData\Roaming\npm\node_modules\protractor\node_modules\selenium-webdriver\lib\promise.js:2599:53)
From asynchronous test: 
Error
    at Suite.<anonymous> (C:\Users\Segal\Desktop\Revature\project3\Updated\trackforce\NGTrackForce\e2e\create-user\create-user.e2e-spec.ts:200:5)
    at addSpecsToSuite (C:\Users\Segal\AppData\Roaming\npm\node_modules\protractor\node_modules\jasmine-core\lib\jasmine-core\jasmine.js:1107:25)
    at Env.describe (C:\Users\Segal\AppData\Roaming\npm\node_modules\protractor\node_modules\jasmine-core\lib\jasmine-core\jasmine.js:1074:7)
    at describe (C:\Users\Segal\AppData\Roaming\npm\node_modules\protractor\node_modules\jasmine-core\lib\jasmine-core\jasmine.js:4399:18)
    at Object.<anonymous> (C:\Users\Segal\Desktop\Revature\project3\Updated\trackforce\NGTrackForce\e2e\create-user\create-user.e2e-spec.ts:179:1)
    at Module._compile (module.js:653:30)
    at Module.m._compile (C:\Users\Segal\Desktop\Revature\project3\Updated\trackforce\NGTrackForce\node_modules\ts-node\src\index.ts:422:23)
    at Module._extensions..js (module.js:664:10)
    at Object.require.extensions.(anonymous function) [as .ts] (C:\Users\Segal\Desktop\Revature\project3\Updated\trackforce\NGTrackForce\node_modules\ts-node\src\index.ts:425:12)]]>
   </failure>
  </testcase>
  <testcase classname="A Staging Manager" name="should be able to create a associate" time="0.001">
   <skipped message="Temporarily disabled with xit" />
  </testcase>
  <testcase classname="A Staging Manager" name="should be able to create a staging manager" time="0">
   <skipped message="Temporarily disabled with xit" />
  </testcase>
  <testcase classname="A Staging Manager" name="should be able to create a delivery " time="0">
   <skipped message="Temporarily disabled with xit" />
  </testcase>
 </testsuite>
 <testsuite name="A user" timestamp="2018-10-29T09:41:27" hostname="localhost" time="6.109" errors="0" tests="3" skipped="0" disabled="0" failures="0">
  <testcase classname="A user" name="should get an error if they use a sympol in their username" time="1.474" />
  <testcase classname="A user" name="should get an error if they enter in an invalid password in the first password box" time="1.203" />
  <testcase classname="A user" name="should get an error if they enter two different passwords" time="1.287" />
 </testsuite>
 <testsuite name="When an admin navigates to the client-list page it" timestamp="2018-10-29T09:41:33" hostname="localhost" time="7.436" errors="0" tests="9" skipped="0" disabled="0" failures="0">
  <testcase classname="When an admin navigates to the client-list page it" name="should navigate to the client-list page" time="1.684" />
  <testcase classname="When an admin navigates to the client-list page it" name="should accept username input" time="0.186" />
  <testcase classname="When an admin navigates to the client-list page it" name="should yield match for search input in one exists" time="0.046" />
  <testcase classname="When an admin navigates to the client-list page it" name="should yield a match for a search regardless of case" time="0.253" />
  <testcase classname="When an admin navigates to the client-list page it" name="should be able to click a searched for client" time="0.22" />
  <testcase classname="When an admin navigates to the client-list page it" name="should be able to click View Data for all Clients" time="2.19" />
  <testcase classname="When an admin navigates to the client-list page it" name="should yield a match for a search string with spaces" time="0.213" />
  <testcase classname="When an admin navigates to the client-list page it" name="should yield a match for search input if many results exist" time="0.232" />
  <testcase classname="When an admin navigates to the client-list page it" name="should yield no matches if none exist" time="0.229" />
 </testsuite>
 <testsuite name="When an Staging Manager navigates to the client-list page it" timestamp="2018-10-29T09:41:41" hostname="localhost" time="7.24" errors="0" tests="9" skipped="0" disabled="0" failures="0">
  <testcase classname="When an Staging Manager navigates to the client-list page it" name="should navigate to the client-list page" time="1.574" />
  <testcase classname="When an Staging Manager navigates to the client-list page it" name="should accept username input" time="0.187" />
  <testcase classname="When an Staging Manager navigates to the client-list page it" name="should yield match for search input if one exists" time="0.035" />
  <testcase classname="When an Staging Manager navigates to the client-list page it" name="should yield a match for a search regardless of case" time="0.254" />
  <testcase classname="When an Staging Manager navigates to the client-list page it" name="should be able to click a searched for client" time="0.211" />
  <testcase classname="When an Staging Manager navigates to the client-list page it" name="should be able to click View Data for all Clients" time="2.168" />
  <testcase classname="When an Staging Manager navigates to the client-list page it" name="should yield a match for a search string with spaces" time="0.229" />
  <testcase classname="When an Staging Manager navigates to the client-list page it" name="should yield a match for search input if many results exist" time="0.22" />
  <testcase classname="When an Staging Manager navigates to the client-list page it" name="should yield no matches if none exist" time="0.195" />
 </testsuite>
 <testsuite name="When an Delivery/Sales navigates to the client-list page it" timestamp="2018-10-29T09:41:48" hostname="localhost" time="7.232" errors="0" tests="9" skipped="0" disabled="0" failures="0">
  <testcase classname="When an Delivery/Sales navigates to the client-list page it" name="should navigate to the client-list page" time="1.526" />
  <testcase classname="When an Delivery/Sales navigates to the client-list page it" name="should accept username input" time="0.186" />
  <testcase classname="When an Delivery/Sales navigates to the client-list page it" name="should yield match for search input in one exists" time="0.039" />
  <testcase classname="When an Delivery/Sales navigates to the client-list page it" name="should yield a match for a search regardless of case" time="0.252" />
  <testcase classname="When an Delivery/Sales navigates to the client-list page it" name="should be able to click a searched for client" time="0.214" />
  <testcase classname="When an Delivery/Sales navigates to the client-list page it" name="should be able to click View Data for all Clients" time="2.062" />
  <testcase classname="When an Delivery/Sales navigates to the client-list page it" name="should yield a match for a search string with spaces" time="0.23" />
  <testcase classname="When an Delivery/Sales navigates to the client-list page it" name="should yield a match for search input if many results exist" time="0.219" />
  <testcase classname="When an Delivery/Sales navigates to the client-list page it" name="should yield no matches if none exist" time="0.209" />
 </testsuite>
 <testsuite name="the bactch-list tab" timestamp="2018-10-29T09:41:55" hostname="localhost" time="3.841" errors="0" tests="4" skipped="0" disabled="0" failures="0">
  <testcase classname="the bactch-list tab" name="should have a batch list table" time="0.37" />
  <testcase classname="the bactch-list tab" name="should have a start date input" time="0.868" />
  <testcase classname="the bactch-list tab" name="should have a end date input" time="0.037" />
  <testcase classname="the bactch-list tab" name="should have a pie cart" time="0.04" />
 </testsuite>
 <testsuite name="The All Batches table" timestamp="2018-10-29T09:41:59" hostname="localhost" time="5.307" errors="0" tests="3" skipped="0" disabled="0" failures="0">
  <testcase classname="The All Batches table" name="should direct you to a batch page" time="1.609" />
  <testcase classname="The All Batches table" name="should direct you to a batch page with a chart " time="1.063" />
  <testcase classname="The All Batches table" name="should direct you to a batch page with a table " time="0.043" />
 </testsuite>
</testsuites>