<?xml version="1.0" encoding="UTF-8" ?>
<testsuites disabled="0" errors="0" failures="6" tests="66" time="112.249">
 <testsuite name="Registering as a new associate" timestamp="2018-06-04T19:49:18" hostname="localhost" time="9.672" errors="0" tests="7" skipped="0" disabled="0" failures="0">
  <testcase classname="Registering as a new associate" name="should navigate to the login page" time="5.301" />
  <testcase classname="Registering as a new associate" name="allow user to click the register button" time="0.231" />
  <testcase classname="Registering as a new associate" name="allow associate to enter info into input fields" time="0.688" />
  <testcase classname="Registering as a new associate" name="should allow associate to click the next page button" time="0.211" />
  <testcase classname="Registering as a new associate" name="should allow associate to enter first and last name" time="0.445" />
  <testcase classname="Registering as a new associate" name="should allow associate to register as an associate by clicking register button" time="0.268" />
  <testcase classname="Registering as a new associate" name="exit browser" time="2.478" />
 </testsuite>
 <testsuite name="login page element existences" timestamp="2018-06-04T19:49:28" hostname="localhost" time="2.759" errors="0" tests="6" skipped="0" disabled="0" failures="0">
  <testcase classname="login page element existences" name="should have a username input box" time="0.009" />
  <testcase classname="login page element existences" name="should have a password input box" time="0.009" />
  <testcase classname="login page element existences" name="should have a login button" time="0.002" />
  <testcase classname="login page element existences" name="should display proper placeholder: Username" time="0.14" />
  <testcase classname="login page element existences" name="should display proper placeholder: Password" time="0.365" />
  <testcase classname="login page element existences" name="should display proper value for button" time="0.241" />
 </testsuite>
 <testsuite name="Confirm login failures" timestamp="2018-06-04T19:49:31" hostname="localhost" time="4.12" errors="0" tests="2" skipped="0" disabled="0" failures="1">
  <testcase classname="Confirm login failures" name="should fail to log in when nothing is entered" time="0.318" />
  <testcase classname="Confirm login failures" name="should fail to login when incorrect credentials are entered" time="0.769">
   <failure type="toEqual" message="Expected &apos;The login service could not be reached&apos; to equal &apos;Invalid username and/or password&apos;."><![CDATA[Error: Failed expectation
    at UserContext.<anonymous> (/Users/andrewmcgovern/Desktop/revature/trackforce/NGTrackForce/e2e/login/login.e2e-spec.ts:58:43)
    at /usr/local/lib/node_modules/protractor/node_modules/jasminewd2/index.js:112:25
    at new ManagedPromise (/usr/local/lib/node_modules/protractor/node_modules/selenium-webdriver/lib/promise.js:1077:7)
    at ControlFlow.promise (/usr/local/lib/node_modules/protractor/node_modules/selenium-webdriver/lib/promise.js:2505:12)
    at schedulerExecute (/usr/local/lib/node_modules/protractor/node_modules/jasminewd2/index.js:95:18)
    at TaskQueue.execute_ (/usr/local/lib/node_modules/protractor/node_modules/selenium-webdriver/lib/promise.js:3084:14)
    at TaskQueue.executeNext_ (/usr/local/lib/node_modules/protractor/node_modules/selenium-webdriver/lib/promise.js:3067:27)
    at asyncRun (/usr/local/lib/node_modules/protractor/node_modules/selenium-webdriver/lib/promise.js:2974:25)
    at /usr/local/lib/node_modules/protractor/node_modules/selenium-webdriver/lib/promise.js:668:7]]>
   </failure>
  </testcase>
 </testsuite>
 <testsuite name="confirm login navigation" timestamp="2018-06-04T19:49:35" hostname="localhost" time="4.151" errors="0" tests="1" skipped="0" disabled="0" failures="0">
  <testcase classname="confirm login navigation" name="should reach the index page" time="1.662" />
 </testsuite>
 <testsuite name="navbar functionality" timestamp="2018-06-04T19:49:39" hostname="localhost" time="5.748" errors="0" tests="6" skipped="0" disabled="0" failures="0">
  <testcase classname="navbar functionality" name="should navigate to home page" time="1.084" />
  <testcase classname="navbar functionality" name="should navigate to client list page" time="1.298" />
  <testcase classname="navbar functionality" name="should navigate to batch list page" time="0.431" />
  <testcase classname="navbar functionality" name="should navigate to associate lising" time="2.078" />
  <testcase classname="navbar functionality" name="should navigate to predictions" time="0.615" />
  <testcase classname="navbar functionality" name="should navigate to create user" time="0.24" />
 </testsuite>
 <testsuite name="create-user page input and button fields" timestamp="2018-06-04T19:49:45" hostname="localhost" time="3.739" errors="0" tests="9" skipped="0" disabled="0" failures="0">
  <testcase classname="create-user page input and button fields" name="should navigate to the create-user page" time="2.018" />
  <testcase classname="create-user page input and button fields" name="should accept username input" time="0.281" />
  <testcase classname="create-user page input and button fields" name="should accept password input" time="0.257" />
  <testcase classname="create-user page input and button fields" name="should accept password confirmation input" time="0.228" />
  <testcase classname="create-user page input and button fields" name="should select admin radio button" time="0.264" />
  <testcase classname="create-user page input and button fields" name="should select trainer radio button" time="0.194" />
  <testcase classname="create-user page input and button fields" name="should select associate radio button" time="0.158" />
  <testcase classname="create-user page input and button fields" name="should select staging manager radio button" time="0.164" />
  <testcase classname="create-user page input and button fields" name="should select delivery radio button" time="0.173" />
 </testsuite>
 <testsuite name="When entering valid data into predictions filter it" timestamp="2018-06-04T19:49:48" hostname="localhost" time="4.437" errors="0" tests="5" skipped="0" disabled="0" failures="0">
  <testcase classname="When entering valid data into predictions filter it" name="should navigate to the predictions page" time="3.008" />
  <testcase classname="When entering valid data into predictions filter it" name="should allow user to input valid data" time="1.145" />
  <testcase classname="When entering valid data into predictions filter it" name="should provide a table with predictions" time="0.003" />
  <testcase classname="When entering valid data into predictions filter it" name="should provide the same number of rows entered into the filter" time="0.144" />
  <testcase classname="When entering valid data into predictions filter it" name="should provide details when the details button is pressed" time="0.134" />
 </testsuite>
 <testsuite name="When entering valid data using all filters it" timestamp="2018-06-04T19:49:53" hostname="localhost" time="3.643" errors="0" tests="4" skipped="0" disabled="0" failures="0">
  <testcase classname="When entering valid data using all filters it" name="should navigate to the predictions page" time="1.546" />
  <testcase classname="When entering valid data using all filters it" name="should allow a user to input valid data and use all filters" time="1.843" />
  <testcase classname="When entering valid data using all filters it" name="should provide the same number of rows entered into the filter" time="0.138" />
  <testcase classname="When entering valid data using all filters it" name="should provide details when the details button is pressed" time="0.115" />
 </testsuite>
 <testsuite name="When I enter a start date that is more current than the end date it" timestamp="2018-06-04T19:49:57" hostname="localhost" time="2.646" errors="0" tests="4" skipped="0" disabled="0" failures="0">
  <testcase classname="When I enter a start date that is more current than the end date it" name="should navigate to the predictions page" time="1.487" />
  <testcase classname="When I enter a start date that is more current than the end date it" name="should allow user to input a start date that is more current than the end date" time="0.913" />
  <testcase classname="When I enter a start date that is more current than the end date it" name="should yield 0 associates" time="0.17" />
  <testcase classname="When I enter a start date that is more current than the end date it" name="should have a negative amount in Difference" time="0.07" />
 </testsuite>
 <testsuite name="When I enter a very large numeric input it" timestamp="2018-06-04T19:49:59" hostname="localhost" time="2.852" errors="0" tests="4" skipped="0" disabled="0" failures="0">
  <testcase classname="When I enter a very large numeric input it" name="should navigate to the predictions page" time="1.384" />
  <testcase classname="When I enter a very large numeric input it" name="should allow user to input a very large number" time="1.224" />
  <testcase classname="When I enter a very large numeric input it" name="should yield some associates" time="0.166" />
  <testcase classname="When I enter a very large numeric input it" name="should have a negative amount in Difference" time="0.076" />
 </testsuite>
 <testsuite name="When navigating to the client-list page it" timestamp="2018-06-04T19:50:02" hostname="localhost" time="59.449" errors="0" tests="7" skipped="0" disabled="0" failures="1">
  <testcase classname="When navigating to the client-list page it" name="should navigate to the client-list page" time="2.935" />
  <testcase classname="When navigating to the client-list page it" name="should accept username input" time="0.48" />
  <testcase classname="When navigating to the client-list page it" name="should yield match for search input in one exists" time="1.126" />
  <testcase classname="When navigating to the client-list page it" name="should yield a match for a search regardless of case" time="1.447" />
  <testcase classname="When navigating to the client-list page it" name="should yield a match for search input if many results exist" time="1.532" />
  <testcase classname="When navigating to the client-list page it" name="should yield no matches if none exist" time="51.745">
   <failure type="exception" message="Error: Timeout - Async callback was not invoked within timeout specified by jasmine.DEFAULT_TIMEOUT_INTERVAL."><![CDATA[Error: Timeout - Async callback was not invoked within timeout specified by jasmine.DEFAULT_TIMEOUT_INTERVAL.
    at Timeout._onTimeout (/usr/local/lib/node_modules/protractor/node_modules/jasmine-core/lib/jasmine-core/jasmine.js:4281:23)
    at ontimeout (timers.js:498:11)
    at tryOnTimeout (timers.js:323:5)
    at Timer.listOnTimeout (timers.js:290:5)]]>
   </failure>
  </testcase>
  <testcase classname="When navigating to the client-list page it" name="should logout" time="0.174" />
 </testsuite>
 <testsuite name="Open the browser and get to the website" timestamp="2018-06-04T19:51:01" hostname="localhost" time="0.001" errors="0" tests="0" skipped="0" disabled="0" failures="0">
 </testsuite>
 <testsuite name="Log into the website for associate list" timestamp="2018-06-04T19:51:01" hostname="localhost" time="0.572" errors="0" tests="1" skipped="0" disabled="0" failures="0">
  <testcase classname="Log into the website for associate list" name="should be able to log in" time="0.572" />
 </testsuite>
 <testsuite name="Go to associate list tab" timestamp="2018-06-04T19:51:02" hostname="localhost" time="0.675" errors="0" tests="2" skipped="0" disabled="0" failures="1">
  <testcase classname="Go to associate list tab" name="Should be able to go to associate list tab." time="0.651" />
  <testcase classname="Go to associate list tab" name="We should be on the associate tab" time="0.024">
   <failure type="exception" message="Failed: document is not defined"><![CDATA[ReferenceError: document is not defined
    at UserContext.<anonymous> (/Users/andrewmcgovern/Desktop/revature/trackforce/NGTrackForce/e2e/associate-list/associate-list.js:28:9)
    at /usr/local/lib/node_modules/protractor/node_modules/jasminewd2/index.js:112:25
    at new ManagedPromise (/usr/local/lib/node_modules/protractor/node_modules/selenium-webdriver/lib/promise.js:1077:7)
    at ControlFlow.promise (/usr/local/lib/node_modules/protractor/node_modules/selenium-webdriver/lib/promise.js:2505:12)
    at schedulerExecute (/usr/local/lib/node_modules/protractor/node_modules/jasminewd2/index.js:95:18)
    at TaskQueue.execute_ (/usr/local/lib/node_modules/protractor/node_modules/selenium-webdriver/lib/promise.js:3084:14)
    at TaskQueue.executeNext_ (/usr/local/lib/node_modules/protractor/node_modules/selenium-webdriver/lib/promise.js:3067:27)
    at asyncRun (/usr/local/lib/node_modules/protractor/node_modules/selenium-webdriver/lib/promise.js:2974:25)
    at /usr/local/lib/node_modules/protractor/node_modules/selenium-webdriver/lib/promise.js:668:7
    at <anonymous>
From: Task: Run it("We should be on the associate tab") in control flow
    at UserContext.<anonymous> (/usr/local/lib/node_modules/protractor/node_modules/jasminewd2/index.js:94:19)
    at attempt (/usr/local/lib/node_modules/protractor/node_modules/jasmine-core/lib/jasmine-core/jasmine.js:4297:26)
    at QueueRunner.run (/usr/local/lib/node_modules/protractor/node_modules/jasmine-core/lib/jasmine-core/jasmine.js:4217:20)
    at QueueRunner.execute (/usr/local/lib/node_modules/protractor/node_modules/jasmine-core/lib/jasmine-core/jasmine.js:4199:10)
    at Spec.queueRunnerFactory (/usr/local/lib/node_modules/protractor/node_modules/jasmine-core/lib/jasmine-core/jasmine.js:909:35)
    at Spec.execute (/usr/local/lib/node_modules/protractor/node_modules/jasmine-core/lib/jasmine-core/jasmine.js:526:10)
    at UserContext.fn (/usr/local/lib/node_modules/protractor/node_modules/jasmine-core/lib/jasmine-core/jasmine.js:5340:37)
    at attempt (/usr/local/lib/node_modules/protractor/node_modules/jasmine-core/lib/jasmine-core/jasmine.js:4297:26)
    at QueueRunner.run (/usr/local/lib/node_modules/protractor/node_modules/jasmine-core/lib/jasmine-core/jasmine.js:4217:20)
    at runNext (/usr/local/lib/node_modules/protractor/node_modules/jasmine-core/lib/jasmine-core/jasmine.js:4257:20)
From asynchronous test: 
Error
    at Suite.<anonymous> (/Users/andrewmcgovern/Desktop/revature/trackforce/NGTrackForce/e2e/associate-list/associate-list.js:27:5)
    at addSpecsToSuite (/usr/local/lib/node_modules/protractor/node_modules/jasmine-core/lib/jasmine-core/jasmine.js:1107:25)
    at Env.describe (/usr/local/lib/node_modules/protractor/node_modules/jasmine-core/lib/jasmine-core/jasmine.js:1074:7)
    at describe (/usr/local/lib/node_modules/protractor/node_modules/jasmine-core/lib/jasmine-core/jasmine.js:4399:18)
    at Object.<anonymous> (/Users/andrewmcgovern/Desktop/revature/trackforce/NGTrackForce/e2e/associate-list/associate-list.js:19:1)
    at Module._compile (module.js:652:30)
    at Object.Module._extensions..js (module.js:663:10)
    at Module.load (module.js:565:32)
    at tryModuleLoad (module.js:505:12)]]>
   </failure>
  </testcase>
 </testsuite>
 <testsuite name="Lets do some stuff in the associates list tab..." timestamp="2018-06-04T19:51:03" hostname="localhost" time="7.785" errors="0" tests="8" skipped="0" disabled="0" failures="3">
  <testcase classname="Lets do some stuff in the associates list tab..." name="Test out search by name of associate" time="2.177" />
  <testcase classname="Lets do some stuff in the associates list tab..." name="Verify Entry of the associate" time="0.027">
   <failure type="toEqual" message="Expected null to equal &apos;Steven&apos;."><![CDATA[Error: Failed expectation
    at UserContext.<anonymous> (/Users/andrewmcgovern/Desktop/revature/trackforce/NGTrackForce/e2e/associate-list/associate-list-search.js:8:94)
    at /usr/local/lib/node_modules/protractor/node_modules/jasminewd2/index.js:112:25
    at new ManagedPromise (/usr/local/lib/node_modules/protractor/node_modules/selenium-webdriver/lib/promise.js:1077:7)
    at ControlFlow.promise (/usr/local/lib/node_modules/protractor/node_modules/selenium-webdriver/lib/promise.js:2505:12)
    at schedulerExecute (/usr/local/lib/node_modules/protractor/node_modules/jasminewd2/index.js:95:18)
    at TaskQueue.execute_ (/usr/local/lib/node_modules/protractor/node_modules/selenium-webdriver/lib/promise.js:3084:14)
    at TaskQueue.executeNext_ (/usr/local/lib/node_modules/protractor/node_modules/selenium-webdriver/lib/promise.js:3067:27)
    at asyncRun (/usr/local/lib/node_modules/protractor/node_modules/selenium-webdriver/lib/promise.js:2974:25)
    at /usr/local/lib/node_modules/protractor/node_modules/selenium-webdriver/lib/promise.js:668:7]]>
   </failure>
  </testcase>
  <testcase classname="Lets do some stuff in the associates list tab..." name="Check return results of entered values, with name of associate" time="0.055" />
  <testcase classname="Lets do some stuff in the associates list tab..." name="Clear the search input box" time="0.142" />
  <testcase classname="Lets do some stuff in the associates list tab..." name="Test out search by last name" time="0.168" />
  <testcase classname="Lets do some stuff in the associates list tab..." name="Verify entry of associate by LastName" time="0.044">
   <failure type="toEqual" message="Expected null to equal &apos;Cox&apos;."><![CDATA[Error: Failed expectation
    at UserContext.<anonymous> (/Users/andrewmcgovern/Desktop/revature/trackforce/NGTrackForce/e2e/associate-list/associate-list-search.js:26:94)
    at /usr/local/lib/node_modules/protractor/node_modules/jasminewd2/index.js:112:25
    at new ManagedPromise (/usr/local/lib/node_modules/protractor/node_modules/selenium-webdriver/lib/promise.js:1077:7)
    at ControlFlow.promise (/usr/local/lib/node_modules/protractor/node_modules/selenium-webdriver/lib/promise.js:2505:12)
    at schedulerExecute (/usr/local/lib/node_modules/protractor/node_modules/jasminewd2/index.js:95:18)
    at TaskQueue.execute_ (/usr/local/lib/node_modules/protractor/node_modules/selenium-webdriver/lib/promise.js:3084:14)
    at TaskQueue.executeNext_ (/usr/local/lib/node_modules/protractor/node_modules/selenium-webdriver/lib/promise.js:3067:27)
    at asyncRun (/usr/local/lib/node_modules/protractor/node_modules/selenium-webdriver/lib/promise.js:2974:25)
    at /usr/local/lib/node_modules/protractor/node_modules/selenium-webdriver/lib/promise.js:668:7]]>
   </failure>
  </testcase>
  <testcase classname="Lets do some stuff in the associates list tab..." name="Check results of search by associates last name" time="5.043">
   <failure type="exception" message="Failed: no such element: Unable to locate element: {&quot;method&quot;:&quot;xpath&quot;,&quot;selector&quot;:&quot;//*[@id=&quot;info&quot;]/table/tbody/tr[1]/td[4]&quot;}
  (Session info: chrome=66.0.3359.181)
  (Driver info: chromedriver=2.39.562713 (dd642283e958a93ebf6891600db055f1f1b4f3b2),platform=Mac OS X 10.11.6 x86_64)"><![CDATA[NoSuchElementError: no such element: Unable to locate element: {"method":"xpath","selector":"//*[@id="info"]/table/tbody/tr[1]/td[4]"}
  (Session info: chrome=66.0.3359.181)
  (Driver info: chromedriver=2.39.562713 (dd642283e958a93ebf6891600db055f1f1b4f3b2),platform=Mac OS X 10.11.6 x86_64)
    at Object.checkLegacyResponse (/usr/local/lib/node_modules/protractor/node_modules/selenium-webdriver/lib/error.js:546:15)
    at parseHttpResponse (/usr/local/lib/node_modules/protractor/node_modules/selenium-webdriver/lib/http.js:509:13)
    at doSend.then.response (/usr/local/lib/node_modules/protractor/node_modules/selenium-webdriver/lib/http.js:441:30)
    at <anonymous>
    at process._tickCallback (internal/process/next_tick.js:188:7)
From: Task: WebDriver.findElement(By(xpath, //*[@id="info"]/table/tbody/tr[1]/td[4]))
    at thenableWebDriverProxy.schedule (/usr/local/lib/node_modules/protractor/node_modules/selenium-webdriver/lib/webdriver.js:807:17)
    at thenableWebDriverProxy.findElement (/usr/local/lib/node_modules/protractor/node_modules/selenium-webdriver/lib/webdriver.js:1014:17)
    at UserContext.<anonymous> (/Users/andrewmcgovern/Desktop/revature/trackforce/NGTrackForce/e2e/associate-list/associate-list-search.js:30:19)
    at /usr/local/lib/node_modules/protractor/node_modules/jasminewd2/index.js:112:25
    at new ManagedPromise (/usr/local/lib/node_modules/protractor/node_modules/selenium-webdriver/lib/promise.js:1077:7)
    at ControlFlow.promise (/usr/local/lib/node_modules/protractor/node_modules/selenium-webdriver/lib/promise.js:2505:12)
    at schedulerExecute (/usr/local/lib/node_modules/protractor/node_modules/jasminewd2/index.js:95:18)
    at TaskQueue.execute_ (/usr/local/lib/node_modules/protractor/node_modules/selenium-webdriver/lib/promise.js:3084:14)
    at TaskQueue.executeNext_ (/usr/local/lib/node_modules/protractor/node_modules/selenium-webdriver/lib/promise.js:3067:27)
    at asyncRun (/usr/local/lib/node_modules/protractor/node_modules/selenium-webdriver/lib/promise.js:2974:25)
From: Task: WebElement.getText()
    at thenableWebDriverProxy.schedule (/usr/local/lib/node_modules/protractor/node_modules/selenium-webdriver/lib/webdriver.js:807:17)
    at WebElementPromise.schedule_ (/usr/local/lib/node_modules/protractor/node_modules/selenium-webdriver/lib/webdriver.js:2010:25)
    at WebElementPromise.getText (/usr/local/lib/node_modules/protractor/node_modules/selenium-webdriver/lib/webdriver.js:2277:17)
    at UserContext.<anonymous> (/Users/andrewmcgovern/Desktop/revature/trackforce/NGTrackForce/e2e/associate-list/associate-list-search.js:30:84)
    at /usr/local/lib/node_modules/protractor/node_modules/jasminewd2/index.js:112:25
    at new ManagedPromise (/usr/local/lib/node_modules/protractor/node_modules/selenium-webdriver/lib/promise.js:1077:7)
    at ControlFlow.promise (/usr/local/lib/node_modules/protractor/node_modules/selenium-webdriver/lib/promise.js:2505:12)
    at schedulerExecute (/usr/local/lib/node_modules/protractor/node_modules/jasminewd2/index.js:95:18)
    at TaskQueue.execute_ (/usr/local/lib/node_modules/protractor/node_modules/selenium-webdriver/lib/promise.js:3084:14)
    at TaskQueue.executeNext_ (/usr/local/lib/node_modules/protractor/node_modules/selenium-webdriver/lib/promise.js:3067:27)
From: Task: Run it("Check results of search by associates last name") in control flow
    at UserContext.<anonymous> (/usr/local/lib/node_modules/protractor/node_modules/jasminewd2/index.js:94:19)
    at attempt (/usr/local/lib/node_modules/protractor/node_modules/jasmine-core/lib/jasmine-core/jasmine.js:4297:26)
    at QueueRunner.run (/usr/local/lib/node_modules/protractor/node_modules/jasmine-core/lib/jasmine-core/jasmine.js:4217:20)
    at QueueRunner.execute (/usr/local/lib/node_modules/protractor/node_modules/jasmine-core/lib/jasmine-core/jasmine.js:4199:10)
    at Spec.queueRunnerFactory (/usr/local/lib/node_modules/protractor/node_modules/jasmine-core/lib/jasmine-core/jasmine.js:909:35)
    at Spec.execute (/usr/local/lib/node_modules/protractor/node_modules/jasmine-core/lib/jasmine-core/jasmine.js:526:10)
    at UserContext.fn (/usr/local/lib/node_modules/protractor/node_modules/jasmine-core/lib/jasmine-core/jasmine.js:5340:37)
    at attempt (/usr/local/lib/node_modules/protractor/node_modules/jasmine-core/lib/jasmine-core/jasmine.js:4297:26)
    at QueueRunner.run (/usr/local/lib/node_modules/protractor/node_modules/jasmine-core/lib/jasmine-core/jasmine.js:4217:20)
    at runNext (/usr/local/lib/node_modules/protractor/node_modules/jasmine-core/lib/jasmine-core/jasmine.js:4257:20)
From asynchronous test: 
Error
    at Suite.<anonymous> (/Users/andrewmcgovern/Desktop/revature/trackforce/NGTrackForce/e2e/associate-list/associate-list-search.js:29:5)
    at addSpecsToSuite (/usr/local/lib/node_modules/protractor/node_modules/jasmine-core/lib/jasmine-core/jasmine.js:1107:25)
    at Env.describe (/usr/local/lib/node_modules/protractor/node_modules/jasmine-core/lib/jasmine-core/jasmine.js:1074:7)
    at describe (/usr/local/lib/node_modules/protractor/node_modules/jasmine-core/lib/jasmine-core/jasmine.js:4399:18)
    at Object.<anonymous> (/Users/andrewmcgovern/Desktop/revature/trackforce/NGTrackForce/e2e/associate-list/associate-list-search.js:1:63)
    at Module._compile (module.js:652:30)
    at Object.Module._extensions..js (module.js:663:10)
    at Module.load (module.js:565:32)
    at tryModuleLoad (module.js:505:12)]]>
   </failure>
  </testcase>
  <testcase classname="Lets do some stuff in the associates list tab..." name="Clear out search input once more" time="0.129" />
 </testsuite>
</testsuites>