<?xml version="1.0" encoding="UTF-8" ?>
<testsuites disabled="0" errors="0" failures="0" tests="3" time="7.548">
 <testsuite name="workspace-project App" timestamp="2019-08-03T16:48:55" hostname="localhost" time="2.998" errors="0" tests="1" skipped="0" disabled="0" failures="0">
  <testcase classname="workspace-project App" name="should display welcome message" time="2.996" />
 </testsuite>
 <testsuite name="A user can able to edit previous reports" timestamp="2019-08-03T16:48:58" hostname="localhost" time="1.573" errors="0" tests="1" skipped="0" disabled="0" failures="0">
  <testcase classname="A user can able to edit previous reports" name="should be navigate to the edit tab" time="0.461" />
 </testsuite>
 <testsuite name="A user can able to view previous reports" timestamp="2019-08-03T16:49:00" hostname="localhost" time="2.977" errors="0" tests="1" skipped="0" disabled="0" failures="0">
  <testcase classname="A user can able to view previous reports" name="should be navigate to the view tab" time="0.302" />
 </testsuite>
</testsuites>