<?xml version="1.0" encoding="UTF-8" ?>
<testsuites disabled="0" errors="0" failures="0" tests="11" time="20.236">
 <testsuite name="workspace-project App" timestamp="2019-08-05T08:47:32" hostname="localhost" time="3.095" errors="0" tests="1" skipped="0" disabled="0" failures="0">
  <testcase classname="workspace-project App" name="should display welcome message" time="3.093" />
 </testsuite>
 <testsuite name="A user is able to upload file to s3 bucket" timestamp="2019-08-05T08:47:36" hostname="localhost" time="15.546" errors="0" tests="9" skipped="0" disabled="0" failures="0">
  <testcase classname="A user is able to upload file to s3 bucket" name="should be able to naviage to upload tab" time="0.235" />
  <testcase classname="A user is able to upload file to s3 bucket" name="should be able to enter a start date" time="1.262" />
  <testcase classname="A user is able to upload file to s3 bucket" name="should be able to enter a end date" time="1.151" />
  <testcase classname="A user is able to upload file to s3 bucket" name="should be able to enter completedsp number" time="1.173" />
  <testcase classname="A user is able to upload file to s3 bucket" name="should be able to enter assignedsp number" time="1.106" />
  <testcase classname="A user is able to upload file to s3 bucket" name="should be able to select trackforce in project " time="2.292" />
  <testcase classname="A user is able to upload file to s3 bucket" name="should be able to select rideforce in project " time="2.239" />
  <testcase classname="A user is able to upload file to s3 bucket" name="should be able to select sms in project " time="2.21" />
  <testcase classname="A user is able to upload file to s3 bucket" name="should be able to select cms in project " time="2.24" />
 </testsuite>
 <testsuite name="A user can able to view previous reports" timestamp="2019-08-05T08:47:51" hostname="localhost" time="1.595" errors="0" tests="1" skipped="0" disabled="0" failures="0">
  <testcase classname="A user can able to view previous reports" name="should be navigate to the login tab" time="0.265" />
 </testsuite>
</testsuites>